Change Physical Footprint: Designator=C6 Old Footprint=CAPC1005X55X25LL05T10 New Footprint=CAPC1005X55X25LL05T10
Change Physical Footprint: Designator=C7 Old Footprint=CAPC1005X55X25LL05T10 New Footprint=CAPC1005X55X25LL05T10
Change Physical Footprint: Designator=C8 Old Footprint=CAPC1005X55X25LL05T10 New Footprint=CAPC1005X55X25LL05T10
Change Physical Footprint: Designator=C10 Old Footprint=CAPC1608X90X20LL10 New Footprint=CAPC1608X90X20LL10
Change Physical Footprint: Designator=C16 Old Footprint=CAPC1608X90X20LL10 New Footprint=CAPC1608X90X20LL10
Change Physical Footprint: Designator=C19 Old Footprint=CAPC1608X90X20LL10 New Footprint=CAPC1608X90X20LL10
Change Physical Footprint: Designator=C23 Old Footprint=CAPC1005X55X25LL05T10 New Footprint=CAPC1005X55X25LL05T10
Change Physical Footprint: Designator=C29 Old Footprint=CAPC1005X55X25ML05T10 New Footprint=CAPC1005X55X25ML05T10
Change Physical Footprint: Designator=C38A Old Footprint=CAPC1608X87X35LL15T15 New Footprint=CAPC1608X87X35LL15T15
Change Physical Footprint: Designator=C41A Old Footprint=CAPC1005X55X25LL05T10 New Footprint=CAPC1005X55X25LL05T10
Change Physical Footprint: Designator=C43A Old Footprint=CAPC1005X60X30NL05T10 New Footprint=CAPC1005X60X30NL05T10
Change Physical Footprint: Designator=C44A Old Footprint=CAPC1608X90X35LL10T15 New Footprint=CAPC1608X90X35LL10T15
Change Physical Footprint: Designator=C48A Old Footprint=CAPC1005X55X25LL05T10 New Footprint=CAPC1005X55X25LL05T10
Change Physical Footprint: Designator=C60 Old Footprint=FP-CGA6P-IPC_B New Footprint=FP-CGA6P-IPC_B
Change Physical Footprint: Designator=C61A Old Footprint=CAPC1608X90X20LL10 New Footprint=CAPC1608X90X20LL10
Change Physical Footprint: Designator=C61B Old Footprint=CAPC1608X90X20LL10 New Footprint=CAPC1608X90X20LL10
Change Physical Footprint: Designator=C62A Old Footprint=CAPC1608X90X20LL10 New Footprint=CAPC1608X90X20LL10
Change Physical Footprint: Designator=C69 Old Footprint=CAPC1005X55X25LL05T10 New Footprint=CAPC1005X55X25LL05T10
Change Physical Footprint: Designator=C71 Old Footprint=CAPC1608X90X20LL10 New Footprint=CAPC1608X90X20LL10
Change Physical Footprint: Designator=C79 Old Footprint=CAPC1608X90X20LL10 New Footprint=CAPC1608X90X20LL10
Change Physical Footprint: Designator=C85 Old Footprint=FP-CGA6P-IPC_B New Footprint=FP-CGA6P-IPC_B
Change Physical Footprint: Designator=C98 Old Footprint=CAPC1005X55X25LL05T10 New Footprint=CAPC1005X55X25LL05T10
Change Physical Footprint: Designator=C99 Old Footprint=FP-CGA6P-IPC_B New Footprint=FP-CGA6P-IPC_B
Change Physical Footprint: Designator=C101 Old Footprint=CAPC1005X55X25LL05T10 New Footprint=CAPC1005X55X25LL05T10
Change Physical Footprint: Designator=C110E Old Footprint=CAPC1005X55X25LL05T10 New Footprint=CAPC1005X55X25LL05T10
Change Physical Footprint: Designator=D1 Old Footprint=ONSC-SMA-2-403D-02_F_V New Footprint=ONSC-SMA-2-403D-02_F_V
Change Physical Footprint: Designator=D3 Old Footprint=ONSC-SMA-2-403D-02_F_V New Footprint=ONSC-SMA-2-403D-02_F_V
Change Physical Footprint: Designator=D5 Old Footprint=FP-SMB-MFG New Footprint=FP-SMB-MFG
Change Physical Footprint: Designator=D6 Old Footprint=ONSC-SMA-2-403D-02_F_V New Footprint=ONSC-SMA-2-403D-02_F_V
Change Physical Footprint: Designator=D15 Old Footprint=FP-6_541-5056_01-4-MFG New Footprint=FP-6_541-5056_01-4-MFG
Change Physical Footprint: Designator=D16 Old Footprint=FP-6_541-5056_01-4-MFG New Footprint=FP-6_541-5056_01-4-MFG
Change Physical Footprint: Designator=FB2 Old Footprint=FP-BLM18-0_15-t0_8-IPC_C New Footprint=FP-BLM18-0_15-t0_8-IPC_C
Change Physical Footprint: Designator=FB6 Old Footprint=FP-BLM18-0_15-t0_8-IPC_C New Footprint=FP-BLM18-0_15-t0_8-IPC_C
Change Physical Footprint: Designator=FL1 Old Footprint=FIL_BNX028-01L - small New Footprint=FIL_BNX028-01L - small
Change Physical Footprint: Designator=J1 Old Footprint=DIP40 New Footprint=DIP40
Change Physical Footprint: Designator=P1 Old Footprint=MOLX-53398-1071_V New Footprint=MOLX-53398-1071_V
Change Physical Footprint: Designator=P2 Old Footprint=MOLX-53398-1071_V New Footprint=MOLX-53398-1071_V
Change Physical Footprint: Designator=P6 Old Footprint=MOLX-53398-1071_V New Footprint=MOLX-53398-1071_V
Change Physical Footprint: Designator=Q2A Old Footprint=ONSC-TSOP-6-318G-02_V New Footprint=ONSC-TSOP-6-318G-02_V
Change Physical Footprint: Designator=Q2B Old Footprint=ONSC-TSOP-6-318G-02_V New Footprint=ONSC-TSOP-6-318G-02_V
Change Physical Footprint: Designator=Q3A Old Footprint=ONSC-TSOP-6-318G-02_V New Footprint=ONSC-TSOP-6-318G-02_V
Change Physical Footprint: Designator=Q3B Old Footprint=ONSC-TSOP-6-318G-02_V New Footprint=ONSC-TSOP-6-318G-02_V
Change Physical Footprint: Designator=R1 Old Footprint=RESC1005X40X25LL05T05 New Footprint=RESC1005X40X25LL05T05
Change Physical Footprint: Designator=R2 Old Footprint=RESC1005X40X25LL05T05 New Footprint=RESC1005X40X25LL05T05
Change Physical Footprint: Designator=R3 Old Footprint=RESC1005X40X25LL05T05 New Footprint=RESC1005X40X25LL05T05
Change Physical Footprint: Designator=R4 Old Footprint=RESC1005X40X25LL05T05 New Footprint=RESC1005X40X25LL05T05
Change Physical Footprint: Designator=R5 Old Footprint=RESC1005X40X25LL05T05 New Footprint=RESC1005X40X25LL05T05
Change Physical Footprint: Designator=R11 Old Footprint=RESC1005X40X25LL05T05 New Footprint=RESC1005X40X25LL05T05
Change Physical Footprint: Designator=R13 Old Footprint=RESC1005X40X25LL05T05 New Footprint=RESC1005X40X25LL05T05
Change Physical Footprint: Designator=R14 Old Footprint=RESC1005X40X25LL05T05 New Footprint=RESC1005X40X25LL05T05
Change Physical Footprint: Designator=R21 Old Footprint=RESC1005X40X25LL05T05 New Footprint=RESC1005X40X25LL05T05
Change Physical Footprint: Designator=R31 Old Footprint=RESC1005X40X25LL05T05 New Footprint=RESC1005X40X25LL05T05
Change Physical Footprint: Designator=R39 Old Footprint=RESC1005X40X25LL05T05 New Footprint=RESC1005X40X25LL05T05
Change Physical Footprint: Designator=R43 Old Footprint=RESC1005X40X25LL05T05 New Footprint=RESC1005X40X25LL05T05
Change Physical Footprint: Designator=R45 Old Footprint=RESC1005X40X25LL05T05 New Footprint=RESC1005X40X25LL05T05
Change Physical Footprint: Designator=R50 Old Footprint=RESC1005X40X25LL05T05 New Footprint=RESC1005X40X25LL05T05
Change Physical Footprint: Designator=R52 Old Footprint=RESC1005X40X25LL05T05 New Footprint=RESC1005X40X25LL05T05
Change Physical Footprint: Designator=R60 Old Footprint=RESC1608X55X25LL10T15 New Footprint=RESC1608X55X25LL10T15
Change Physical Footprint: Designator=R71 Old Footprint=RESC0402(1005)_L New Footprint=RESC0402(1005)_L
Change Physical Footprint: Designator=R72 Old Footprint=RESC0402(1005)_L New Footprint=RESC0402(1005)_L
Change Physical Footprint: Designator=R74 Old Footprint=RESC1608X55X25LL10T15 New Footprint=RESC1608X55X25LL10T15
Change Physical Footprint: Designator=R77 Old Footprint=RESC1005X40X25NL10T10 New Footprint=RESC1005X40X25NL10T10
Change Physical Footprint: Designator=R80 Old Footprint=RESC1608X55X25LL10T15 New Footprint=RESC1608X55X25LL10T15
Change Physical Footprint: Designator=R81A Old Footprint=RESC1608X55X30LL15T15 New Footprint=RESC1608X55X30LL15T15
Change Physical Footprint: Designator=R81B Old Footprint=RESC1608X55X30LL15T15 New Footprint=RESC1608X55X30LL15T15
Change Physical Footprint: Designator=R84A Old Footprint=RESC1608X55X25NL10T15 New Footprint=RESC1608X55X25NL10T15
Change Physical Footprint: Designator=R85A Old Footprint=RESC1609X55X30LL10T20 New Footprint=RESC1609X55X30LL10T20
Change Physical Footprint: Designator=R86A Old Footprint=RESC1609X55X30LL10T20 New Footprint=RESC1609X55X30LL10T20
Change Physical Footprint: Designator=R87A Old Footprint=RESC1609X55X30LL10T20 New Footprint=RESC1609X55X30LL10T20
Change Physical Footprint: Designator=R87B Old Footprint=RESC1609X55X30LL10T20 New Footprint=RESC1609X55X30LL10T20
Change Physical Footprint: Designator=R90A Old Footprint=FP-RT0603-IPC_B New Footprint=FP-RT0603-IPC_B
Change Physical Footprint: Designator=R93B Old Footprint=FP-RT0603-IPC_B New Footprint=FP-RT0603-IPC_B
Change Physical Footprint: Designator=R97B Old Footprint=RESC1609X55X30LL10T20 New Footprint=RESC1609X55X30LL10T20
Change Physical Footprint: Designator=R98B Old Footprint=RESC1609X55X30LL10T20 New Footprint=RESC1609X55X30LL10T20
Change Physical Footprint: Designator=R106 Old Footprint=RESC1005X40X25LL05T05 New Footprint=RESC1005X40X25LL05T05
Change Physical Footprint: Designator=R108 Old Footprint=RESC1005X40X25NL05T05 New Footprint=RESC1005X40X25NL05T05
Change Physical Footprint: Designator=R117 Old Footprint=RESC1005X40X25NL05T05 New Footprint=RESC1005X40X25NL05T05
Change Physical Footprint: Designator=R118 Old Footprint=RESC1005X40X25NL05T05 New Footprint=RESC1005X40X25NL05T05
Change Physical Footprint: Designator=R130 Old Footprint=RESC1005X40X25LL05T05 New Footprint=RESC1005X40X25LL05T05
Change Physical Footprint: Designator=R132 Old Footprint=RESC1005X40X25NL05T05 New Footprint=RESC1005X40X25NL05T05
Change Physical Footprint: Designator=R133A Old Footprint=RESC1005X40X25LL05T05 New Footprint=RESC1005X40X25LL05T05
Change Physical Footprint: Designator=R133B Old Footprint=RESC1005X40X25LL05T05 New Footprint=RESC1005X40X25LL05T05
Change Physical Footprint: Designator=R133C Old Footprint=RESC1005X40X25LL05T05 New Footprint=RESC1005X40X25LL05T05
Change Physical Footprint: Designator=R133D Old Footprint=RESC1005X40X25LL05T05 New Footprint=RESC1005X40X25LL05T05
Change Physical Footprint: Designator=R133F Old Footprint=RESC1005X40X25LL05T05 New Footprint=RESC1005X40X25LL05T05
Change Physical Footprint: Designator=R133G Old Footprint=RESC1005X40X25LL05T05 New Footprint=RESC1005X40X25LL05T05
Change Physical Footprint: Designator=R134A Old Footprint=RESC1005X40X25LL05T05 New Footprint=RESC1005X40X25LL05T05
Change Physical Footprint: Designator=U4 Old Footprint=DFN260P300X75-4N New Footprint=DFN260P300X75-4N
Change Physical Footprint: Designator=U8 Old Footprint=FP-511DD-MFG New Footprint=FP-511DD-MFG
Change Physical Footprint: Designator=U12A Old Footprint=DBV0005A_M New Footprint=DBV0005A_M
Change Physical Footprint: Designator=U13A Old Footprint=DGK0008A_L New Footprint=DGK0008A_L
Change Physical Footprint: Designator=U15 Old Footprint=DBV0005A_N New Footprint=DBV0005A_N
Change Physical Footprint: Designator=U16 Old Footprint=DBV0005A_N New Footprint=DBV0005A_N
Change Physical Footprint: Designator=U17 Old Footprint=DBV0005A_N New Footprint=DBV0005A_N
Change Physical Footprint: Designator=U18 Old Footprint=FP-RSE0010A-MFG New Footprint=FP-RSE0010A-MFG
Change Physical Footprint: Designator=U23 Old Footprint=ONSC-SOT23-6-527AJ_V New Footprint=ONSC-SOT23-6-527AJ_V
Change Physical Footprint: Designator=U24 Old Footprint=QFN-ML20_N New Footprint=QFN-ML20_N
Change Physical Footprint: Designator=U25 Old Footprint=D0008A_L New Footprint=D0008A_L
Change Physical Footprint: Designator=U26 Old Footprint=AD7779 New Footprint=AD7779
Change Physical Footprint: Designator=X2 Old Footprint=ABRA-ABM8G_V New Footprint=ABRA-ABM8G_V
