Change Component Comment : Designator=R102 Old Comment=0.22 O New Comment=0.22 O
Change Component Comment : Designator=R68 Old Comment=1.74 kO New Comment=1.74 kO
Change Component Comment : Designator=R111 Old Comment=1 kO New Comment=1 kO
Change Component Comment : Designator=R112 Old Comment=1 kO New Comment=1 kO
Change Component Comment : Designator=R117 Old Comment=1 kO New Comment=1 kO
Change Component Comment : Designator=R118 Old Comment=1 kO New Comment=1 kO
Change Component Comment : Designator=R108 Old Comment=2.32 kO New Comment=2.32 kO
Change Component Comment : Designator=R66 Old Comment=2 kO 0.1% New Comment=2 kO 0.1%
Change Component Comment : Designator=R75 Old Comment=2 kO 0.1% New Comment=2 kO 0.1%
Change Component Comment : Designator=R76 Old Comment=2 kO 0.1% New Comment=2 kO 0.1%
Change Component Comment : Designator=R82A Old Comment=2 kO 0.1% New Comment=2 kO 0.1%
Change Component Comment : Designator=R82B Old Comment=2 kO 0.1% New Comment=2 kO 0.1%
Change Component Comment : Designator=R133A Old Comment=3.3 KO New Comment=3.3 KO
Change Component Comment : Designator=R133B Old Comment=3.3 KO New Comment=3.3 KO
Change Component Comment : Designator=R133C Old Comment=3.3 KO New Comment=3.3 KO
Change Component Comment : Designator=R133D Old Comment=3.3 KO New Comment=3.3 KO
Change Component Comment : Designator=R133E Old Comment=3.3 KO New Comment=3.3 KO
Change Component Comment : Designator=R133F Old Comment=3.3 KO New Comment=3.3 KO
Change Component Comment : Designator=R133G Old Comment=3.3 KO New Comment=3.3 KO
Change Component Comment : Designator=R133H Old Comment=3.3 KO New Comment=3.3 KO
Change Component Comment : Designator=R134A Old Comment=3.3 KO New Comment=3.3 KO
Change Component Comment : Designator=R134B Old Comment=3.3 KO New Comment=3.3 KO
Change Component Comment : Designator=R134C Old Comment=3.3 KO New Comment=3.3 KO
Change Component Comment : Designator=R134D Old Comment=3.3 KO New Comment=3.3 KO
Change Component Comment : Designator=R134E Old Comment=3.3 KO New Comment=3.3 KO
Change Component Comment : Designator=R134F Old Comment=3.3 KO New Comment=3.3 KO
Change Component Comment : Designator=R134G Old Comment=3.3 KO New Comment=3.3 KO
Change Component Comment : Designator=R134H Old Comment=3.3 KO New Comment=3.3 KO
Change Component Comment : Designator=R89A Old Comment=4.99KO New Comment=4.99KO
Change Component Comment : Designator=R89B Old Comment=4.99KO New Comment=4.99KO
Change Component Comment : Designator=R90A Old Comment=4.99KO New Comment=4.99KO
Change Component Comment : Designator=R90B Old Comment=4.99KO New Comment=4.99KO
Change Component Comment : Designator=R91B Old Comment=4.99KO New Comment=4.99KO
Change Component Comment : Designator=R92B Old Comment=4.99KO New Comment=4.99KO
Change Component Comment : Designator=R93A Old Comment=4.99KO New Comment=4.99KO
Change Component Comment : Designator=R93B Old Comment=4.99KO New Comment=4.99KO
Change Component Comment : Designator=R94B Old Comment=4.99KO New Comment=4.99KO
Change Component Comment : Designator=R101 Old Comment=5.1 kO New Comment=5.1 kO
Change Component Comment : Designator=R88A Old Comment=10 KO 0.1% New Comment=10 KO 0.1%
Change Component Comment : Designator=R88B Old Comment=10 KO 0.1% New Comment=10 KO 0.1%
Change Component Comment : Designator=R95A Old Comment=10 KO 0.1% New Comment=10 KO 0.1%
Change Component Comment : Designator=R95B Old Comment=10 KO 0.1% New Comment=10 KO 0.1%
Change Component Comment : Designator=R29 Old Comment=22kO New Comment=22kO
Change Component Comment : Designator=R30 Old Comment=22kO New Comment=22kO
Change Component Comment : Designator=R31 Old Comment=22kO New Comment=22kO
Change Component Comment : Designator=R32 Old Comment=22kO New Comment=22kO
Change Component Comment : Designator=R33 Old Comment=22kO New Comment=22kO
Change Component Comment : Designator=R34 Old Comment=22kO New Comment=22kO
Change Component Comment : Designator=R35 Old Comment=22kO New Comment=22kO
Change Component Comment : Designator=R36 Old Comment=22kO New Comment=22kO
Change Component Comment : Designator=R37 Old Comment=22kO New Comment=22kO
Change Component Comment : Designator=R38 Old Comment=22kO New Comment=22kO
Change Component Comment : Designator=R39 Old Comment=22kO New Comment=22kO
Change Component Comment : Designator=R40 Old Comment=22kO New Comment=22kO
Change Component Comment : Designator=R41 Old Comment=22kO New Comment=22kO
Change Component Comment : Designator=R42 Old Comment=22kO New Comment=22kO
Change Component Comment : Designator=R43 Old Comment=22kO New Comment=22kO
Change Component Comment : Designator=R44 Old Comment=22kO New Comment=22kO
Change Component Comment : Designator=R45 Old Comment=22kO New Comment=22kO
Change Component Comment : Designator=R54 Old Comment=22kO New Comment=22kO
Change Component Comment : Designator=R77 Old Comment=47 kO New Comment=47 kO
Change Component Comment : Designator=R107 Old Comment=50 O New Comment=50 O
Change Component Comment : Designator=R109 Old Comment=50 O New Comment=50 O
Change Component Comment : Designator=R113 Old Comment=50 O New Comment=50 O
Change Component Comment : Designator=R114 Old Comment=50 O New Comment=50 O
Change Component Comment : Designator=R115 Old Comment=75 O New Comment=75 O
Change Component Comment : Designator=R116 Old Comment=75 O New Comment=75 O
Change Component Comment : Designator=R1 Old Comment=220 O New Comment=220 O
Change Component Comment : Designator=R2 Old Comment=220 O New Comment=220 O
Change Component Comment : Designator=R3 Old Comment=220 O New Comment=220 O
Change Component Comment : Designator=R4 Old Comment=220 O New Comment=220 O
Change Component Comment : Designator=R5 Old Comment=220 O New Comment=220 O
Change Component Comment : Designator=R6 Old Comment=220 O New Comment=220 O
Change Component Comment : Designator=R7 Old Comment=220 O New Comment=220 O
Change Component Comment : Designator=R8 Old Comment=220 O New Comment=220 O
Change Component Comment : Designator=R9 Old Comment=220 O New Comment=220 O
Change Component Comment : Designator=R10 Old Comment=220 O New Comment=220 O
Change Component Comment : Designator=R11 Old Comment=220 O New Comment=220 O
Change Component Comment : Designator=R12 Old Comment=220 O New Comment=220 O
Change Component Comment : Designator=R13 Old Comment=220 O New Comment=220 O
Change Component Comment : Designator=R14 Old Comment=220 O New Comment=220 O
Change Component Comment : Designator=R15 Old Comment=220 O New Comment=220 O
Change Component Comment : Designator=R16 Old Comment=220 O New Comment=220 O
Change Component Comment : Designator=R17 Old Comment=220 O New Comment=220 O
Change Component Comment : Designator=R18 Old Comment=220 O New Comment=220 O
Change Component Comment : Designator=R19 Old Comment=220 O New Comment=220 O
Change Component Comment : Designator=R20 Old Comment=220 O New Comment=220 O
Change Component Comment : Designator=R21 Old Comment=220 O New Comment=220 O
Change Component Comment : Designator=R22 Old Comment=220 O New Comment=220 O
Change Component Comment : Designator=R23 Old Comment=220 O New Comment=220 O
Change Component Comment : Designator=R24 Old Comment=220 O New Comment=220 O
Change Component Comment : Designator=R25 Old Comment=220 O New Comment=220 O
Change Component Comment : Designator=R26 Old Comment=220 O New Comment=220 O
Change Component Comment : Designator=R27 Old Comment=220 O New Comment=220 O
Change Component Comment : Designator=R28 Old Comment=220 O New Comment=220 O
Change Component Comment : Designator=R67 Old Comment=220 O New Comment=220 O
Change Component Comment : Designator=R103 Old Comment=220 O New Comment=220 O
Change Component Comment : Designator=R106 Old Comment=220 O New Comment=220 O
Change Component Comment : Designator=R119 Old Comment=220 O New Comment=220 O
Change Component Comment : Designator=R121 Old Comment=220 O New Comment=220 O
Change Component Comment : Designator=R122 Old Comment=220 O New Comment=220 O
Change Component Comment : Designator=R123 Old Comment=220 O New Comment=220 O
Change Component Comment : Designator=R124 Old Comment=220 O New Comment=220 O
Change Component Comment : Designator=R125 Old Comment=220 O New Comment=220 O
Change Component Comment : Designator=R126 Old Comment=220 O New Comment=220 O
Change Component Comment : Designator=R127 Old Comment=220 O New Comment=220 O
Change Component Comment : Designator=R128 Old Comment=220 O New Comment=220 O
Change Component Comment : Designator=R129 Old Comment=220 O New Comment=220 O
Change Component Comment : Designator=R85A Old Comment=249KO New Comment=249KO
Change Component Comment : Designator=R85B Old Comment=249KO New Comment=249KO
Change Component Comment : Designator=R86A Old Comment=249KO New Comment=249KO
Change Component Comment : Designator=R86B Old Comment=249KO New Comment=249KO
Change Component Comment : Designator=R87A Old Comment=249KO New Comment=249KO
Change Component Comment : Designator=R87B Old Comment=249KO New Comment=249KO
Change Component Comment : Designator=R96A Old Comment=249KO New Comment=249KO
Change Component Comment : Designator=R96B Old Comment=249KO New Comment=249KO
Change Component Comment : Designator=R97A Old Comment=249KO New Comment=249KO
Change Component Comment : Designator=R97B Old Comment=249KO New Comment=249KO
Change Component Comment : Designator=R98A Old Comment=249KO New Comment=249KO
Change Component Comment : Designator=R98B Old Comment=249KO New Comment=249KO
Change Component Designator: OldDesignator=R? NewDesignator=R104
