Removed Pin From Net: NetName=DGND Pin=C58-1
Removed Pin From Net: NetName=D3V3 Pin=C58-2
Change Component Footprint: Designator=C58 Old Footprint=CAPC1608X90X20LL10 New Footprint=FP-GRT32E-0_3-IPC_C
Change Component Comment : Designator=C58 Old Comment=10 uF New Comment=GRT32EC81C476ME13L
Change Managed Component Library Link : Designator=C58 Old VaultGUID=B7D15EC3-160A-466F-A46C-7801FE6295A7 New VaultGUID=B7D15EC3-160A-466F-A46C-7801FE6295A7 Old ItemGUID=34833BB1-BB92-4981-851C-45053F04873E New ItemGUID=ED30A33A-6EA8-41BB-9AA1-093856FAD4B3 Old RevisionGUID=D4229FAD-4DB3-44DA-BBBA-9E3C1C468F6A New RevisionGUID=FB0F5BFB-C771-4E7C-BC0A-71438CAE646E
Change component parameters: Designator = "C58" ("C58"); Footprint = "CAPC1608X90X20LL10"; UniqueID = "\XSCYCGRR\FYLAFXPT\ALDGOPUJ" ("\XSCYCGRR\FYLAFXPT\ALDGOPUJ")
Change component parameters (AddParameter): Name = "Capacitance"; Value = "47uF"; VariantName = "[No Variations]"
Change component parameters (AddParameter): Name = "Case Code (Imperial)"; Value = "1210"; VariantName = "[No Variations]"
Change component parameters (AddParameter): Name = "Case Code (Metric)"; Value = "3225"; VariantName = "[No Variations]"
Change component parameters (AddParameter): Name = "Case/Package"; Value = "1210"; VariantName = "[No Variations]"
Change component parameters (AddParameter): Name = "Length"; Value = "0.126inch"; VariantName = "[No Variations]"
Change component parameters (AddParameter): Name = "Max Operating Temperature"; Value = "105°C"; VariantName = "[No Variations]"
Change component parameters (AddParameter): Name = "Min Operating Temperature"; Value = "-55°C"; VariantName = "[No Variations]"
Change component parameters (AddParameter): Name = "Mount"; Value = "Surface Mount"; VariantName = "[No Variations]"
Change component parameters (AddParameter): Name = "Packaging"; Value = "Tape and Reel"; VariantName = "[No Variations]"
Change component parameters (AddParameter): Name = "Ratings"; Value = "AEC-Q200"; VariantName = "[No Variations]"
Change component parameters (AddParameter): Name = "Thickness"; Value = "0.106inch"; VariantName = "[No Variations]"
Change component parameters (AddParameter): Name = "Tolerance"; Value = "20%"; VariantName = "[No Variations]"
Change component parameters (AddParameter): Name = "Voltage Rating"; Value = "16V"; VariantName = "[No Variations]"
Change component parameters (AddParameter): Name = "Width"; Value = "0.098inch"; VariantName = "[No Variations]"
Added Pin To Net: NetName=D3V3 Pin=C58-1
Added Pin To Net: NetName=DGND Pin=C58-2
