Removed Parameter Manufacturer:Vishay Dale from Part R1
Removed Parameter Manufacturer:Vishay Dale from Part R2
Removed Parameter Manufacturer:Vishay Dale from Part R3
Removed Parameter Manufacturer:Vishay Dale from Part R4
Removed Parameter Manufacturer:Vishay Dale from Part R5
Removed Parameter Manufacturer:Vishay Dale from Part R6
Removed Parameter Manufacturer:Vishay Dale from Part R7
Removed Parameter Manufacturer:Vishay Dale from Part R8
Removed Parameter Manufacturer:Vishay Dale from Part R9
Removed Parameter Manufacturer:Vishay Dale from Part R10
Removed Parameter Manufacturer:Vishay Dale from Part R11
Removed Parameter Manufacturer:Vishay Dale from Part R12
Removed Parameter Manufacturer:Vishay Dale from Part R13
Removed Parameter Manufacturer:Vishay Dale from Part R14
Removed Parameter Manufacturer:Vishay Dale from Part R15
Removed Parameter Manufacturer:Vishay Dale from Part R16
Removed Parameter Manufacturer:Vishay Dale from Part R17
Removed Parameter Manufacturer:Vishay Dale from Part R18
Removed Parameter Manufacturer:Vishay Dale from Part R19
Removed Parameter Manufacturer:Vishay Dale from Part R20
Removed Parameter Manufacturer:Vishay Dale from Part R21
Removed Parameter Manufacturer:Vishay Dale from Part R22
Removed Parameter Manufacturer:Vishay Dale from Part R23
Removed Parameter Manufacturer:Vishay Dale from Part R24
Removed Parameter Manufacturer:Vishay Dale from Part R25
Removed Parameter Manufacturer:Vishay Dale from Part R26
Removed Parameter Manufacturer:Vishay Dale from Part R27
Removed Parameter Manufacturer:Vishay Dale from Part R28
Removed Parameter Part Number:CRCW040220K0FKED from Part R1
Removed Parameter Part Number:CRCW040220K0FKED from Part R2
Removed Parameter Part Number:CRCW040220K0FKED from Part R3
Removed Parameter Part Number:CRCW040220K0FKED from Part R4
Removed Parameter Part Number:CRCW040220K0FKED from Part R5
Removed Parameter Part Number:CRCW040220K0FKED from Part R6
Removed Parameter Part Number:CRCW040220K0FKED from Part R7
Removed Parameter Part Number:CRCW040220K0FKED from Part R8
Removed Parameter Part Number:CRCW040220K0FKED from Part R9
Removed Parameter Part Number:CRCW040220K0FKED from Part R10
Removed Parameter Part Number:CRCW040220K0FKED from Part R11
Removed Parameter Part Number:CRCW040220K0FKED from Part R12
Removed Parameter Part Number:CRCW040220K0FKED from Part R13
Removed Parameter Part Number:CRCW040220K0FKED from Part R14
Removed Parameter Part Number:CRCW040220K0FKED from Part R15
Removed Parameter Part Number:CRCW040220K0FKED from Part R16
Removed Parameter Part Number:CRCW040220K0FKED from Part R17
Removed Parameter Part Number:CRCW040220K0FKED from Part R18
Removed Parameter Part Number:CRCW040220K0FKED from Part R19
Removed Parameter Part Number:CRCW040220K0FKED from Part R20
Removed Parameter Part Number:CRCW040220K0FKED from Part R21
Removed Parameter Part Number:CRCW040220K0FKED from Part R22
Removed Parameter Part Number:CRCW040220K0FKED from Part R23
Removed Parameter Part Number:CRCW040220K0FKED from Part R24
Removed Parameter Part Number:CRCW040220K0FKED from Part R25
Removed Parameter Part Number:CRCW040220K0FKED from Part R26
Removed Parameter Part Number:CRCW040220K0FKED from Part R27
Removed Parameter Part Number:CRCW040220K0FKED from Part R28
Change Value of Parameter Resistance in Part R28 Old=220 O New=20kR
Change Value of Parameter Resistance in Part R27 Old=220 O New=20kR
Change Value of Parameter Resistance in Part R26 Old=220 O New=20kR
Change Value of Parameter Resistance in Part R25 Old=220 O New=20kR
Change Value of Parameter Resistance in Part R24 Old=220 O New=20kR
Change Value of Parameter Resistance in Part R23 Old=220 O New=20kR
Change Value of Parameter Resistance in Part R22 Old=220 O New=20kR
Change Value of Parameter Resistance in Part R21 Old=220 O New=20kR
Change Value of Parameter Resistance in Part R20 Old=220 O New=20kR
Change Value of Parameter Resistance in Part R19 Old=220 O New=20kR
Change Value of Parameter Resistance in Part R18 Old=220 O New=20kR
Change Value of Parameter Resistance in Part R17 Old=220 O New=20kR
Change Value of Parameter Resistance in Part R16 Old=220 O New=20kR
Change Value of Parameter Resistance in Part R15 Old=220 O New=20kR
Change Value of Parameter Resistance in Part R14 Old=220 O New=20kR
Change Value of Parameter Resistance in Part R13 Old=220 O New=20kR
Change Value of Parameter Resistance in Part R12 Old=220 O New=20kR
Change Value of Parameter Resistance in Part R11 Old=220 O New=20kR
Change Value of Parameter Resistance in Part R10 Old=220 O New=20kR
Change Value of Parameter Resistance in Part R9 Old=220 O New=20kR
Change Value of Parameter Resistance in Part R8 Old=220 O New=20kR
Change Value of Parameter Resistance in Part R7 Old=220 O New=20kR
Change Value of Parameter Resistance in Part R6 Old=220 O New=20kR
Change Value of Parameter Resistance in Part R5 Old=220 O New=20kR
Change Value of Parameter Resistance in Part R4 Old=220 O New=20kR
Change Value of Parameter Resistance in Part R3 Old=220 O New=20kR
Change Value of Parameter Resistance in Part R2 Old=220 O New=20kR
Change Value of Parameter Resistance in Part R1 Old=220 O New=20kR
Added Parameter Case/Package=0402 to Part R1
Added Parameter Case/Package=0402 to Part R2
Added Parameter Case/Package=0402 to Part R3
Added Parameter Case/Package=0402 to Part R4
Added Parameter Case/Package=0402 to Part R5
Added Parameter Case/Package=0402 to Part R6
Added Parameter Case/Package=0402 to Part R7
Added Parameter Case/Package=0402 to Part R8
Added Parameter Case/Package=0402 to Part R9
Added Parameter Case/Package=0402 to Part R10
Added Parameter Case/Package=0402 to Part R11
Added Parameter Case/Package=0402 to Part R12
Added Parameter Case/Package=0402 to Part R13
Added Parameter Case/Package=0402 to Part R14
Added Parameter Case/Package=0402 to Part R15
Added Parameter Case/Package=0402 to Part R16
Added Parameter Case/Package=0402 to Part R17
Added Parameter Case/Package=0402 to Part R18
Added Parameter Case/Package=0402 to Part R19
Added Parameter Case/Package=0402 to Part R20
Added Parameter Case/Package=0402 to Part R21
Added Parameter Case/Package=0402 to Part R22
Added Parameter Case/Package=0402 to Part R23
Added Parameter Case/Package=0402 to Part R24
Added Parameter Case/Package=0402 to Part R25
Added Parameter Case/Package=0402 to Part R26
Added Parameter Case/Package=0402 to Part R27
Added Parameter Case/Package=0402 to Part R28
Added Parameter Case Code (Imperial)=0402 to Part R1
Added Parameter Case Code (Imperial)=0402 to Part R2
Added Parameter Case Code (Imperial)=0402 to Part R3
Added Parameter Case Code (Imperial)=0402 to Part R4
Added Parameter Case Code (Imperial)=0402 to Part R5
Added Parameter Case Code (Imperial)=0402 to Part R6
Added Parameter Case Code (Imperial)=0402 to Part R7
Added Parameter Case Code (Imperial)=0402 to Part R8
Added Parameter Case Code (Imperial)=0402 to Part R9
Added Parameter Case Code (Imperial)=0402 to Part R10
Added Parameter Case Code (Imperial)=0402 to Part R11
Added Parameter Case Code (Imperial)=0402 to Part R12
Added Parameter Case Code (Imperial)=0402 to Part R13
Added Parameter Case Code (Imperial)=0402 to Part R14
Added Parameter Case Code (Imperial)=0402 to Part R15
Added Parameter Case Code (Imperial)=0402 to Part R16
Added Parameter Case Code (Imperial)=0402 to Part R17
Added Parameter Case Code (Imperial)=0402 to Part R18
Added Parameter Case Code (Imperial)=0402 to Part R19
Added Parameter Case Code (Imperial)=0402 to Part R20
Added Parameter Case Code (Imperial)=0402 to Part R21
Added Parameter Case Code (Imperial)=0402 to Part R22
Added Parameter Case Code (Imperial)=0402 to Part R23
Added Parameter Case Code (Imperial)=0402 to Part R24
Added Parameter Case Code (Imperial)=0402 to Part R25
Added Parameter Case Code (Imperial)=0402 to Part R26
Added Parameter Case Code (Imperial)=0402 to Part R27
Added Parameter Case Code (Imperial)=0402 to Part R28
Added Parameter Case Code (Metric)=1005 to Part R1
Added Parameter Case Code (Metric)=1005 to Part R2
Added Parameter Case Code (Metric)=1005 to Part R3
Added Parameter Case Code (Metric)=1005 to Part R4
Added Parameter Case Code (Metric)=1005 to Part R5
Added Parameter Case Code (Metric)=1005 to Part R6
Added Parameter Case Code (Metric)=1005 to Part R7
Added Parameter Case Code (Metric)=1005 to Part R8
Added Parameter Case Code (Metric)=1005 to Part R9
Added Parameter Case Code (Metric)=1005 to Part R10
Added Parameter Case Code (Metric)=1005 to Part R11
Added Parameter Case Code (Metric)=1005 to Part R12
Added Parameter Case Code (Metric)=1005 to Part R13
Added Parameter Case Code (Metric)=1005 to Part R14
Added Parameter Case Code (Metric)=1005 to Part R15
Added Parameter Case Code (Metric)=1005 to Part R16
Added Parameter Case Code (Metric)=1005 to Part R17
Added Parameter Case Code (Metric)=1005 to Part R18
Added Parameter Case Code (Metric)=1005 to Part R19
Added Parameter Case Code (Metric)=1005 to Part R20
Added Parameter Case Code (Metric)=1005 to Part R21
Added Parameter Case Code (Metric)=1005 to Part R22
Added Parameter Case Code (Metric)=1005 to Part R23
Added Parameter Case Code (Metric)=1005 to Part R24
Added Parameter Case Code (Metric)=1005 to Part R25
Added Parameter Case Code (Metric)=1005 to Part R26
Added Parameter Case Code (Metric)=1005 to Part R27
Added Parameter Case Code (Metric)=1005 to Part R28
Added Parameter Composition=Thick Film to Part R1
Added Parameter Composition=Thick Film to Part R2
Added Parameter Composition=Thick Film to Part R3
Added Parameter Composition=Thick Film to Part R4
Added Parameter Composition=Thick Film to Part R5
Added Parameter Composition=Thick Film to Part R6
Added Parameter Composition=Thick Film to Part R7
Added Parameter Composition=Thick Film to Part R8
Added Parameter Composition=Thick Film to Part R9
Added Parameter Composition=Thick Film to Part R10
Added Parameter Composition=Thick Film to Part R11
Added Parameter Composition=Thick Film to Part R12
Added Parameter Composition=Thick Film to Part R13
Added Parameter Composition=Thick Film to Part R14
Added Parameter Composition=Thick Film to Part R15
Added Parameter Composition=Thick Film to Part R16
Added Parameter Composition=Thick Film to Part R17
Added Parameter Composition=Thick Film to Part R18
Added Parameter Composition=Thick Film to Part R19
Added Parameter Composition=Thick Film to Part R20
Added Parameter Composition=Thick Film to Part R21
Added Parameter Composition=Thick Film to Part R22
Added Parameter Composition=Thick Film to Part R23
Added Parameter Composition=Thick Film to Part R24
Added Parameter Composition=Thick Film to Part R25
Added Parameter Composition=Thick Film to Part R26
Added Parameter Composition=Thick Film to Part R27
Added Parameter Composition=Thick Film to Part R28
Added Parameter Contact Plating=Tin to Part R1
Added Parameter Contact Plating=Tin to Part R2
Added Parameter Contact Plating=Tin to Part R3
Added Parameter Contact Plating=Tin to Part R4
Added Parameter Contact Plating=Tin to Part R5
Added Parameter Contact Plating=Tin to Part R6
Added Parameter Contact Plating=Tin to Part R7
Added Parameter Contact Plating=Tin to Part R8
Added Parameter Contact Plating=Tin to Part R9
Added Parameter Contact Plating=Tin to Part R10
Added Parameter Contact Plating=Tin to Part R11
Added Parameter Contact Plating=Tin to Part R12
Added Parameter Contact Plating=Tin to Part R13
Added Parameter Contact Plating=Tin to Part R14
Added Parameter Contact Plating=Tin to Part R15
Added Parameter Contact Plating=Tin to Part R16
Added Parameter Contact Plating=Tin to Part R17
Added Parameter Contact Plating=Tin to Part R18
Added Parameter Contact Plating=Tin to Part R19
Added Parameter Contact Plating=Tin to Part R20
Added Parameter Contact Plating=Tin to Part R21
Added Parameter Contact Plating=Tin to Part R22
Added Parameter Contact Plating=Tin to Part R23
Added Parameter Contact Plating=Tin to Part R24
Added Parameter Contact Plating=Tin to Part R25
Added Parameter Contact Plating=Tin to Part R26
Added Parameter Contact Plating=Tin to Part R27
Added Parameter Contact Plating=Tin to Part R28
Added Parameter Depth=0.5mm to Part R1
Added Parameter Depth=0.5mm to Part R2
Added Parameter Depth=0.5mm to Part R3
Added Parameter Depth=0.5mm to Part R4
Added Parameter Depth=0.5mm to Part R5
Added Parameter Depth=0.5mm to Part R6
Added Parameter Depth=0.5mm to Part R7
Added Parameter Depth=0.5mm to Part R8
Added Parameter Depth=0.5mm to Part R9
Added Parameter Depth=0.5mm to Part R10
Added Parameter Depth=0.5mm to Part R11
Added Parameter Depth=0.5mm to Part R12
Added Parameter Depth=0.5mm to Part R13
Added Parameter Depth=0.5mm to Part R14
Added Parameter Depth=0.5mm to Part R15
Added Parameter Depth=0.5mm to Part R16
Added Parameter Depth=0.5mm to Part R17
Added Parameter Depth=0.5mm to Part R18
Added Parameter Depth=0.5mm to Part R19
Added Parameter Depth=0.5mm to Part R20
Added Parameter Depth=0.5mm to Part R21
Added Parameter Depth=0.5mm to Part R22
Added Parameter Depth=0.5mm to Part R23
Added Parameter Depth=0.5mm to Part R24
Added Parameter Depth=0.5mm to Part R25
Added Parameter Depth=0.5mm to Part R26
Added Parameter Depth=0.5mm to Part R27
Added Parameter Depth=0.5mm to Part R28
Added Parameter Features=Automotive AEC-Q200 to Part R1
Added Parameter Features=Automotive AEC-Q200 to Part R2
Added Parameter Features=Automotive AEC-Q200 to Part R3
Added Parameter Features=Automotive AEC-Q200 to Part R4
Added Parameter Features=Automotive AEC-Q200 to Part R5
Added Parameter Features=Automotive AEC-Q200 to Part R6
Added Parameter Features=Automotive AEC-Q200 to Part R7
Added Parameter Features=Automotive AEC-Q200 to Part R8
Added Parameter Features=Automotive AEC-Q200 to Part R9
Added Parameter Features=Automotive AEC-Q200 to Part R10
Added Parameter Features=Automotive AEC-Q200 to Part R11
Added Parameter Features=Automotive AEC-Q200 to Part R12
Added Parameter Features=Automotive AEC-Q200 to Part R13
Added Parameter Features=Automotive AEC-Q200 to Part R14
Added Parameter Features=Automotive AEC-Q200 to Part R15
Added Parameter Features=Automotive AEC-Q200 to Part R16
Added Parameter Features=Automotive AEC-Q200 to Part R17
Added Parameter Features=Automotive AEC-Q200 to Part R18
Added Parameter Features=Automotive AEC-Q200 to Part R19
Added Parameter Features=Automotive AEC-Q200 to Part R20
Added Parameter Features=Automotive AEC-Q200 to Part R21
Added Parameter Features=Automotive AEC-Q200 to Part R22
Added Parameter Features=Automotive AEC-Q200 to Part R23
Added Parameter Features=Automotive AEC-Q200 to Part R24
Added Parameter Features=Automotive AEC-Q200 to Part R25
Added Parameter Features=Automotive AEC-Q200 to Part R26
Added Parameter Features=Automotive AEC-Q200 to Part R27
Added Parameter Features=Automotive AEC-Q200 to Part R28
Added Parameter Height=0.35mm to Part R1
Added Parameter Height=0.35mm to Part R2
Added Parameter Height=0.35mm to Part R3
Added Parameter Height=0.35mm to Part R4
Added Parameter Height=0.35mm to Part R5
Added Parameter Height=0.35mm to Part R6
Added Parameter Height=0.35mm to Part R7
Added Parameter Height=0.35mm to Part R8
Added Parameter Height=0.35mm to Part R9
Added Parameter Height=0.35mm to Part R10
Added Parameter Height=0.35mm to Part R11
Added Parameter Height=0.35mm to Part R12
Added Parameter Height=0.35mm to Part R13
Added Parameter Height=0.35mm to Part R14
Added Parameter Height=0.35mm to Part R15
Added Parameter Height=0.35mm to Part R16
Added Parameter Height=0.35mm to Part R17
Added Parameter Height=0.35mm to Part R18
Added Parameter Height=0.35mm to Part R19
Added Parameter Height=0.35mm to Part R20
Added Parameter Height=0.35mm to Part R21
Added Parameter Height=0.35mm to Part R22
Added Parameter Height=0.35mm to Part R23
Added Parameter Height=0.35mm to Part R24
Added Parameter Height=0.35mm to Part R25
Added Parameter Height=0.35mm to Part R26
Added Parameter Height=0.35mm to Part R27
Added Parameter Height=0.35mm to Part R28
Added Parameter Lead Free=Lead Free to Part R1
Added Parameter Lead Free=Lead Free to Part R2
Added Parameter Lead Free=Lead Free to Part R3
Added Parameter Lead Free=Lead Free to Part R4
Added Parameter Lead Free=Lead Free to Part R5
Added Parameter Lead Free=Lead Free to Part R6
Added Parameter Lead Free=Lead Free to Part R7
Added Parameter Lead Free=Lead Free to Part R8
Added Parameter Lead Free=Lead Free to Part R9
Added Parameter Lead Free=Lead Free to Part R10
Added Parameter Lead Free=Lead Free to Part R11
Added Parameter Lead Free=Lead Free to Part R12
Added Parameter Lead Free=Lead Free to Part R13
Added Parameter Lead Free=Lead Free to Part R14
Added Parameter Lead Free=Lead Free to Part R15
Added Parameter Lead Free=Lead Free to Part R16
Added Parameter Lead Free=Lead Free to Part R17
Added Parameter Lead Free=Lead Free to Part R18
Added Parameter Lead Free=Lead Free to Part R19
Added Parameter Lead Free=Lead Free to Part R20
Added Parameter Lead Free=Lead Free to Part R21
Added Parameter Lead Free=Lead Free to Part R22
Added Parameter Lead Free=Lead Free to Part R23
Added Parameter Lead Free=Lead Free to Part R24
Added Parameter Lead Free=Lead Free to Part R25
Added Parameter Lead Free=Lead Free to Part R26
Added Parameter Lead Free=Lead Free to Part R27
Added Parameter Lead Free=Lead Free to Part R28
Added Parameter Length=1mm to Part R1
Added Parameter Length=1mm to Part R2
Added Parameter Length=1mm to Part R3
Added Parameter Length=1mm to Part R4
Added Parameter Length=1mm to Part R5
Added Parameter Length=1mm to Part R6
Added Parameter Length=1mm to Part R7
Added Parameter Length=1mm to Part R8
Added Parameter Length=1mm to Part R9
Added Parameter Length=1mm to Part R10
Added Parameter Length=1mm to Part R11
Added Parameter Length=1mm to Part R12
Added Parameter Length=1mm to Part R13
Added Parameter Length=1mm to Part R14
Added Parameter Length=1mm to Part R15
Added Parameter Length=1mm to Part R16
Added Parameter Length=1mm to Part R17
Added Parameter Length=1mm to Part R18
Added Parameter Length=1mm to Part R19
Added Parameter Length=1mm to Part R20
Added Parameter Length=1mm to Part R21
Added Parameter Length=1mm to Part R22
Added Parameter Length=1mm to Part R23
Added Parameter Length=1mm to Part R24
Added Parameter Length=1mm to Part R25
Added Parameter Length=1mm to Part R26
Added Parameter Length=1mm to Part R27
Added Parameter Length=1mm to Part R28
Added Parameter Max Operating Temperature=155°C to Part R1
Added Parameter Max Operating Temperature=155°C to Part R2
Added Parameter Max Operating Temperature=155°C to Part R3
Added Parameter Max Operating Temperature=155°C to Part R4
Added Parameter Max Operating Temperature=155°C to Part R5
Added Parameter Max Operating Temperature=155°C to Part R6
Added Parameter Max Operating Temperature=155°C to Part R7
Added Parameter Max Operating Temperature=155°C to Part R8
Added Parameter Max Operating Temperature=155°C to Part R9
Added Parameter Max Operating Temperature=155°C to Part R10
Added Parameter Max Operating Temperature=155°C to Part R11
Added Parameter Max Operating Temperature=155°C to Part R12
Added Parameter Max Operating Temperature=155°C to Part R13
Added Parameter Max Operating Temperature=155°C to Part R14
Added Parameter Max Operating Temperature=155°C to Part R15
Added Parameter Max Operating Temperature=155°C to Part R16
Added Parameter Max Operating Temperature=155°C to Part R17
Added Parameter Max Operating Temperature=155°C to Part R18
Added Parameter Max Operating Temperature=155°C to Part R19
Added Parameter Max Operating Temperature=155°C to Part R20
Added Parameter Max Operating Temperature=155°C to Part R21
Added Parameter Max Operating Temperature=155°C to Part R22
Added Parameter Max Operating Temperature=155°C to Part R23
Added Parameter Max Operating Temperature=155°C to Part R24
Added Parameter Max Operating Temperature=155°C to Part R25
Added Parameter Max Operating Temperature=155°C to Part R26
Added Parameter Max Operating Temperature=155°C to Part R27
Added Parameter Max Operating Temperature=155°C to Part R28
Added Parameter Max Power Dissipation=63mW to Part R1
Added Parameter Max Power Dissipation=63mW to Part R2
Added Parameter Max Power Dissipation=63mW to Part R3
Added Parameter Max Power Dissipation=63mW to Part R4
Added Parameter Max Power Dissipation=63mW to Part R5
Added Parameter Max Power Dissipation=63mW to Part R6
Added Parameter Max Power Dissipation=63mW to Part R7
Added Parameter Max Power Dissipation=63mW to Part R8
Added Parameter Max Power Dissipation=63mW to Part R9
Added Parameter Max Power Dissipation=63mW to Part R10
Added Parameter Max Power Dissipation=63mW to Part R11
Added Parameter Max Power Dissipation=63mW to Part R12
Added Parameter Max Power Dissipation=63mW to Part R13
Added Parameter Max Power Dissipation=63mW to Part R14
Added Parameter Max Power Dissipation=63mW to Part R15
Added Parameter Max Power Dissipation=63mW to Part R16
Added Parameter Max Power Dissipation=63mW to Part R17
Added Parameter Max Power Dissipation=63mW to Part R18
Added Parameter Max Power Dissipation=63mW to Part R19
Added Parameter Max Power Dissipation=63mW to Part R20
Added Parameter Max Power Dissipation=63mW to Part R21
Added Parameter Max Power Dissipation=63mW to Part R22
Added Parameter Max Power Dissipation=63mW to Part R23
Added Parameter Max Power Dissipation=63mW to Part R24
Added Parameter Max Power Dissipation=63mW to Part R25
Added Parameter Max Power Dissipation=63mW to Part R26
Added Parameter Max Power Dissipation=63mW to Part R27
Added Parameter Max Power Dissipation=63mW to Part R28
Added Parameter Military Standard=Not to Part R1
Added Parameter Military Standard=Not to Part R2
Added Parameter Military Standard=Not to Part R3
Added Parameter Military Standard=Not to Part R4
Added Parameter Military Standard=Not to Part R5
Added Parameter Military Standard=Not to Part R6
Added Parameter Military Standard=Not to Part R7
Added Parameter Military Standard=Not to Part R8
Added Parameter Military Standard=Not to Part R9
Added Parameter Military Standard=Not to Part R10
Added Parameter Military Standard=Not to Part R11
Added Parameter Military Standard=Not to Part R12
Added Parameter Military Standard=Not to Part R13
Added Parameter Military Standard=Not to Part R14
Added Parameter Military Standard=Not to Part R15
Added Parameter Military Standard=Not to Part R16
Added Parameter Military Standard=Not to Part R17
Added Parameter Military Standard=Not to Part R18
Added Parameter Military Standard=Not to Part R19
Added Parameter Military Standard=Not to Part R20
Added Parameter Military Standard=Not to Part R21
Added Parameter Military Standard=Not to Part R22
Added Parameter Military Standard=Not to Part R23
Added Parameter Military Standard=Not to Part R24
Added Parameter Military Standard=Not to Part R25
Added Parameter Military Standard=Not to Part R26
Added Parameter Military Standard=Not to Part R27
Added Parameter Military Standard=Not to Part R28
Added Parameter Min Operating Temperature=-55°C to Part R1
Added Parameter Min Operating Temperature=-55°C to Part R2
Added Parameter Min Operating Temperature=-55°C to Part R3
Added Parameter Min Operating Temperature=-55°C to Part R4
Added Parameter Min Operating Temperature=-55°C to Part R5
Added Parameter Min Operating Temperature=-55°C to Part R6
Added Parameter Min Operating Temperature=-55°C to Part R7
Added Parameter Min Operating Temperature=-55°C to Part R8
Added Parameter Min Operating Temperature=-55°C to Part R9
Added Parameter Min Operating Temperature=-55°C to Part R10
Added Parameter Min Operating Temperature=-55°C to Part R11
Added Parameter Min Operating Temperature=-55°C to Part R12
Added Parameter Min Operating Temperature=-55°C to Part R13
Added Parameter Min Operating Temperature=-55°C to Part R14
Added Parameter Min Operating Temperature=-55°C to Part R15
Added Parameter Min Operating Temperature=-55°C to Part R16
Added Parameter Min Operating Temperature=-55°C to Part R17
Added Parameter Min Operating Temperature=-55°C to Part R18
Added Parameter Min Operating Temperature=-55°C to Part R19
Added Parameter Min Operating Temperature=-55°C to Part R20
Added Parameter Min Operating Temperature=-55°C to Part R21
Added Parameter Min Operating Temperature=-55°C to Part R22
Added Parameter Min Operating Temperature=-55°C to Part R23
Added Parameter Min Operating Temperature=-55°C to Part R24
Added Parameter Min Operating Temperature=-55°C to Part R25
Added Parameter Min Operating Temperature=-55°C to Part R26
Added Parameter Min Operating Temperature=-55°C to Part R27
Added Parameter Min Operating Temperature=-55°C to Part R28
Added Parameter Mount=Surface Mount to Part R1
Added Parameter Mount=Surface Mount to Part R2
Added Parameter Mount=Surface Mount to Part R3
Added Parameter Mount=Surface Mount to Part R4
Added Parameter Mount=Surface Mount to Part R5
Added Parameter Mount=Surface Mount to Part R6
Added Parameter Mount=Surface Mount to Part R7
Added Parameter Mount=Surface Mount to Part R8
Added Parameter Mount=Surface Mount to Part R9
Added Parameter Mount=Surface Mount to Part R10
Added Parameter Mount=Surface Mount to Part R11
Added Parameter Mount=Surface Mount to Part R12
Added Parameter Mount=Surface Mount to Part R13
Added Parameter Mount=Surface Mount to Part R14
Added Parameter Mount=Surface Mount to Part R15
Added Parameter Mount=Surface Mount to Part R16
Added Parameter Mount=Surface Mount to Part R17
Added Parameter Mount=Surface Mount to Part R18
Added Parameter Mount=Surface Mount to Part R19
Added Parameter Mount=Surface Mount to Part R20
Added Parameter Mount=Surface Mount to Part R21
Added Parameter Mount=Surface Mount to Part R22
Added Parameter Mount=Surface Mount to Part R23
Added Parameter Mount=Surface Mount to Part R24
Added Parameter Mount=Surface Mount to Part R25
Added Parameter Mount=Surface Mount to Part R26
Added Parameter Mount=Surface Mount to Part R27
Added Parameter Mount=Surface Mount to Part R28
Added Parameter Number of Pins=2 to Part R1
Added Parameter Number of Pins=2 to Part R2
Added Parameter Number of Pins=2 to Part R3
Added Parameter Number of Pins=2 to Part R4
Added Parameter Number of Pins=2 to Part R5
Added Parameter Number of Pins=2 to Part R6
Added Parameter Number of Pins=2 to Part R7
Added Parameter Number of Pins=2 to Part R8
Added Parameter Number of Pins=2 to Part R9
Added Parameter Number of Pins=2 to Part R10
Added Parameter Number of Pins=2 to Part R11
Added Parameter Number of Pins=2 to Part R12
Added Parameter Number of Pins=2 to Part R13
Added Parameter Number of Pins=2 to Part R14
Added Parameter Number of Pins=2 to Part R15
Added Parameter Number of Pins=2 to Part R16
Added Parameter Number of Pins=2 to Part R17
Added Parameter Number of Pins=2 to Part R18
Added Parameter Number of Pins=2 to Part R19
Added Parameter Number of Pins=2 to Part R20
Added Parameter Number of Pins=2 to Part R21
Added Parameter Number of Pins=2 to Part R22
Added Parameter Number of Pins=2 to Part R23
Added Parameter Number of Pins=2 to Part R24
Added Parameter Number of Pins=2 to Part R25
Added Parameter Number of Pins=2 to Part R26
Added Parameter Number of Pins=2 to Part R27
Added Parameter Number of Pins=2 to Part R28
Added Parameter Number of Terminations=2 to Part R1
Added Parameter Number of Terminations=2 to Part R2
Added Parameter Number of Terminations=2 to Part R3
Added Parameter Number of Terminations=2 to Part R4
Added Parameter Number of Terminations=2 to Part R5
Added Parameter Number of Terminations=2 to Part R6
Added Parameter Number of Terminations=2 to Part R7
Added Parameter Number of Terminations=2 to Part R8
Added Parameter Number of Terminations=2 to Part R9
Added Parameter Number of Terminations=2 to Part R10
Added Parameter Number of Terminations=2 to Part R11
Added Parameter Number of Terminations=2 to Part R12
Added Parameter Number of Terminations=2 to Part R13
Added Parameter Number of Terminations=2 to Part R14
Added Parameter Number of Terminations=2 to Part R15
Added Parameter Number of Terminations=2 to Part R16
Added Parameter Number of Terminations=2 to Part R17
Added Parameter Number of Terminations=2 to Part R18
Added Parameter Number of Terminations=2 to Part R19
Added Parameter Number of Terminations=2 to Part R20
Added Parameter Number of Terminations=2 to Part R21
Added Parameter Number of Terminations=2 to Part R22
Added Parameter Number of Terminations=2 to Part R23
Added Parameter Number of Terminations=2 to Part R24
Added Parameter Number of Terminations=2 to Part R25
Added Parameter Number of Terminations=2 to Part R26
Added Parameter Number of Terminations=2 to Part R27
Added Parameter Number of Terminations=2 to Part R28
Added Parameter Package Quantity=10 to Part R1
Added Parameter Package Quantity=10 to Part R2
Added Parameter Package Quantity=10 to Part R3
Added Parameter Package Quantity=10 to Part R4
Added Parameter Package Quantity=10 to Part R5
Added Parameter Package Quantity=10 to Part R6
Added Parameter Package Quantity=10 to Part R7
Added Parameter Package Quantity=10 to Part R8
Added Parameter Package Quantity=10 to Part R9
Added Parameter Package Quantity=10 to Part R10
Added Parameter Package Quantity=10 to Part R11
Added Parameter Package Quantity=10 to Part R12
Added Parameter Package Quantity=10 to Part R13
Added Parameter Package Quantity=10 to Part R14
Added Parameter Package Quantity=10 to Part R15
Added Parameter Package Quantity=10 to Part R16
Added Parameter Package Quantity=10 to Part R17
Added Parameter Package Quantity=10 to Part R18
Added Parameter Package Quantity=10 to Part R19
Added Parameter Package Quantity=10 to Part R20
Added Parameter Package Quantity=10 to Part R21
Added Parameter Package Quantity=10 to Part R22
Added Parameter Package Quantity=10 to Part R23
Added Parameter Package Quantity=10 to Part R24
Added Parameter Package Quantity=10 to Part R25
Added Parameter Package Quantity=10 to Part R26
Added Parameter Package Quantity=10 to Part R27
Added Parameter Package Quantity=10 to Part R28
Added Parameter Packaging=Tape and Reel to Part R1
Added Parameter Packaging=Tape and Reel to Part R2
Added Parameter Packaging=Tape and Reel to Part R3
Added Parameter Packaging=Tape and Reel to Part R4
Added Parameter Packaging=Tape and Reel to Part R5
Added Parameter Packaging=Tape and Reel to Part R6
Added Parameter Packaging=Tape and Reel to Part R7
Added Parameter Packaging=Tape and Reel to Part R8
Added Parameter Packaging=Tape and Reel to Part R9
Added Parameter Packaging=Tape and Reel to Part R10
Added Parameter Packaging=Tape and Reel to Part R11
Added Parameter Packaging=Tape and Reel to Part R12
Added Parameter Packaging=Tape and Reel to Part R13
Added Parameter Packaging=Tape and Reel to Part R14
Added Parameter Packaging=Tape and Reel to Part R15
Added Parameter Packaging=Tape and Reel to Part R16
Added Parameter Packaging=Tape and Reel to Part R17
Added Parameter Packaging=Tape and Reel to Part R18
Added Parameter Packaging=Tape and Reel to Part R19
Added Parameter Packaging=Tape and Reel to Part R20
Added Parameter Packaging=Tape and Reel to Part R21
Added Parameter Packaging=Tape and Reel to Part R22
Added Parameter Packaging=Tape and Reel to Part R23
Added Parameter Packaging=Tape and Reel to Part R24
Added Parameter Packaging=Tape and Reel to Part R25
Added Parameter Packaging=Tape and Reel to Part R26
Added Parameter Packaging=Tape and Reel to Part R27
Added Parameter Packaging=Tape and Reel to Part R28
Added Parameter Power Rating=63mW to Part R1
Added Parameter Power Rating=63mW to Part R2
Added Parameter Power Rating=63mW to Part R3
Added Parameter Power Rating=63mW to Part R4
Added Parameter Power Rating=63mW to Part R5
Added Parameter Power Rating=63mW to Part R6
Added Parameter Power Rating=63mW to Part R7
Added Parameter Power Rating=63mW to Part R8
Added Parameter Power Rating=63mW to Part R9
Added Parameter Power Rating=63mW to Part R10
Added Parameter Power Rating=63mW to Part R11
Added Parameter Power Rating=63mW to Part R12
Added Parameter Power Rating=63mW to Part R13
Added Parameter Power Rating=63mW to Part R14
Added Parameter Power Rating=63mW to Part R15
Added Parameter Power Rating=63mW to Part R16
Added Parameter Power Rating=63mW to Part R17
Added Parameter Power Rating=63mW to Part R18
Added Parameter Power Rating=63mW to Part R19
Added Parameter Power Rating=63mW to Part R20
Added Parameter Power Rating=63mW to Part R21
Added Parameter Power Rating=63mW to Part R22
Added Parameter Power Rating=63mW to Part R23
Added Parameter Power Rating=63mW to Part R24
Added Parameter Power Rating=63mW to Part R25
Added Parameter Power Rating=63mW to Part R26
Added Parameter Power Rating=63mW to Part R27
Added Parameter Power Rating=63mW to Part R28
Added Parameter Radiation Hardening=No to Part R1
Added Parameter Radiation Hardening=No to Part R2
Added Parameter Radiation Hardening=No to Part R3
Added Parameter Radiation Hardening=No to Part R4
Added Parameter Radiation Hardening=No to Part R5
Added Parameter Radiation Hardening=No to Part R6
Added Parameter Radiation Hardening=No to Part R7
Added Parameter Radiation Hardening=No to Part R8
Added Parameter Radiation Hardening=No to Part R9
Added Parameter Radiation Hardening=No to Part R10
Added Parameter Radiation Hardening=No to Part R11
Added Parameter Radiation Hardening=No to Part R12
Added Parameter Radiation Hardening=No to Part R13
Added Parameter Radiation Hardening=No to Part R14
Added Parameter Radiation Hardening=No to Part R15
Added Parameter Radiation Hardening=No to Part R16
Added Parameter Radiation Hardening=No to Part R17
Added Parameter Radiation Hardening=No to Part R18
Added Parameter Radiation Hardening=No to Part R19
Added Parameter Radiation Hardening=No to Part R20
Added Parameter Radiation Hardening=No to Part R21
Added Parameter Radiation Hardening=No to Part R22
Added Parameter Radiation Hardening=No to Part R23
Added Parameter Radiation Hardening=No to Part R24
Added Parameter Radiation Hardening=No to Part R25
Added Parameter Radiation Hardening=No to Part R26
Added Parameter Radiation Hardening=No to Part R27
Added Parameter Radiation Hardening=No to Part R28
Added Parameter Temperature Coefficient=100ppm/°C to Part R1
Added Parameter Temperature Coefficient=100ppm/°C to Part R2
Added Parameter Temperature Coefficient=100ppm/°C to Part R3
Added Parameter Temperature Coefficient=100ppm/°C to Part R4
Added Parameter Temperature Coefficient=100ppm/°C to Part R5
Added Parameter Temperature Coefficient=100ppm/°C to Part R6
Added Parameter Temperature Coefficient=100ppm/°C to Part R7
Added Parameter Temperature Coefficient=100ppm/°C to Part R8
Added Parameter Temperature Coefficient=100ppm/°C to Part R9
Added Parameter Temperature Coefficient=100ppm/°C to Part R10
Added Parameter Temperature Coefficient=100ppm/°C to Part R11
Added Parameter Temperature Coefficient=100ppm/°C to Part R12
Added Parameter Temperature Coefficient=100ppm/°C to Part R13
Added Parameter Temperature Coefficient=100ppm/°C to Part R14
Added Parameter Temperature Coefficient=100ppm/°C to Part R15
Added Parameter Temperature Coefficient=100ppm/°C to Part R16
Added Parameter Temperature Coefficient=100ppm/°C to Part R17
Added Parameter Temperature Coefficient=100ppm/°C to Part R18
Added Parameter Temperature Coefficient=100ppm/°C to Part R19
Added Parameter Temperature Coefficient=100ppm/°C to Part R20
Added Parameter Temperature Coefficient=100ppm/°C to Part R21
Added Parameter Temperature Coefficient=100ppm/°C to Part R22
Added Parameter Temperature Coefficient=100ppm/°C to Part R23
Added Parameter Temperature Coefficient=100ppm/°C to Part R24
Added Parameter Temperature Coefficient=100ppm/°C to Part R25
Added Parameter Temperature Coefficient=100ppm/°C to Part R26
Added Parameter Temperature Coefficient=100ppm/°C to Part R27
Added Parameter Temperature Coefficient=100ppm/°C to Part R28
Added Parameter Termination=SMD/SMT to Part R1
Added Parameter Termination=SMD/SMT to Part R2
Added Parameter Termination=SMD/SMT to Part R3
Added Parameter Termination=SMD/SMT to Part R4
Added Parameter Termination=SMD/SMT to Part R5
Added Parameter Termination=SMD/SMT to Part R6
Added Parameter Termination=SMD/SMT to Part R7
Added Parameter Termination=SMD/SMT to Part R8
Added Parameter Termination=SMD/SMT to Part R9
Added Parameter Termination=SMD/SMT to Part R10
Added Parameter Termination=SMD/SMT to Part R11
Added Parameter Termination=SMD/SMT to Part R12
Added Parameter Termination=SMD/SMT to Part R13
Added Parameter Termination=SMD/SMT to Part R14
Added Parameter Termination=SMD/SMT to Part R15
Added Parameter Termination=SMD/SMT to Part R16
Added Parameter Termination=SMD/SMT to Part R17
Added Parameter Termination=SMD/SMT to Part R18
Added Parameter Termination=SMD/SMT to Part R19
Added Parameter Termination=SMD/SMT to Part R20
Added Parameter Termination=SMD/SMT to Part R21
Added Parameter Termination=SMD/SMT to Part R22
Added Parameter Termination=SMD/SMT to Part R23
Added Parameter Termination=SMD/SMT to Part R24
Added Parameter Termination=SMD/SMT to Part R25
Added Parameter Termination=SMD/SMT to Part R26
Added Parameter Termination=SMD/SMT to Part R27
Added Parameter Termination=SMD/SMT to Part R28
Added Parameter Tolerance=1% to Part R1
Added Parameter Tolerance=1% to Part R2
Added Parameter Tolerance=1% to Part R3
Added Parameter Tolerance=1% to Part R4
Added Parameter Tolerance=1% to Part R5
Added Parameter Tolerance=1% to Part R6
Added Parameter Tolerance=1% to Part R7
Added Parameter Tolerance=1% to Part R8
Added Parameter Tolerance=1% to Part R9
Added Parameter Tolerance=1% to Part R10
Added Parameter Tolerance=1% to Part R11
Added Parameter Tolerance=1% to Part R12
Added Parameter Tolerance=1% to Part R13
Added Parameter Tolerance=1% to Part R14
Added Parameter Tolerance=1% to Part R15
Added Parameter Tolerance=1% to Part R16
Added Parameter Tolerance=1% to Part R17
Added Parameter Tolerance=1% to Part R18
Added Parameter Tolerance=1% to Part R19
Added Parameter Tolerance=1% to Part R20
Added Parameter Tolerance=1% to Part R21
Added Parameter Tolerance=1% to Part R22
Added Parameter Tolerance=1% to Part R23
Added Parameter Tolerance=1% to Part R24
Added Parameter Tolerance=1% to Part R25
Added Parameter Tolerance=1% to Part R26
Added Parameter Tolerance=1% to Part R27
Added Parameter Tolerance=1% to Part R28
Added Parameter Voltage Rating (DC)=50V to Part R1
Added Parameter Voltage Rating (DC)=50V to Part R2
Added Parameter Voltage Rating (DC)=50V to Part R3
Added Parameter Voltage Rating (DC)=50V to Part R4
Added Parameter Voltage Rating (DC)=50V to Part R5
Added Parameter Voltage Rating (DC)=50V to Part R6
Added Parameter Voltage Rating (DC)=50V to Part R7
Added Parameter Voltage Rating (DC)=50V to Part R8
Added Parameter Voltage Rating (DC)=50V to Part R9
Added Parameter Voltage Rating (DC)=50V to Part R10
Added Parameter Voltage Rating (DC)=50V to Part R11
Added Parameter Voltage Rating (DC)=50V to Part R12
Added Parameter Voltage Rating (DC)=50V to Part R13
Added Parameter Voltage Rating (DC)=50V to Part R14
Added Parameter Voltage Rating (DC)=50V to Part R15
Added Parameter Voltage Rating (DC)=50V to Part R16
Added Parameter Voltage Rating (DC)=50V to Part R17
Added Parameter Voltage Rating (DC)=50V to Part R18
Added Parameter Voltage Rating (DC)=50V to Part R19
Added Parameter Voltage Rating (DC)=50V to Part R20
Added Parameter Voltage Rating (DC)=50V to Part R21
Added Parameter Voltage Rating (DC)=50V to Part R22
Added Parameter Voltage Rating (DC)=50V to Part R23
Added Parameter Voltage Rating (DC)=50V to Part R24
Added Parameter Voltage Rating (DC)=50V to Part R25
Added Parameter Voltage Rating (DC)=50V to Part R26
Added Parameter Voltage Rating (DC)=50V to Part R27
Added Parameter Voltage Rating (DC)=50V to Part R28
Added Parameter Voltage Rating=50V to Part R1
Added Parameter Voltage Rating=50V to Part R2
Added Parameter Voltage Rating=50V to Part R3
Added Parameter Voltage Rating=50V to Part R4
Added Parameter Voltage Rating=50V to Part R5
Added Parameter Voltage Rating=50V to Part R6
Added Parameter Voltage Rating=50V to Part R7
Added Parameter Voltage Rating=50V to Part R8
Added Parameter Voltage Rating=50V to Part R9
Added Parameter Voltage Rating=50V to Part R10
Added Parameter Voltage Rating=50V to Part R11
Added Parameter Voltage Rating=50V to Part R12
Added Parameter Voltage Rating=50V to Part R13
Added Parameter Voltage Rating=50V to Part R14
Added Parameter Voltage Rating=50V to Part R15
Added Parameter Voltage Rating=50V to Part R16
Added Parameter Voltage Rating=50V to Part R17
Added Parameter Voltage Rating=50V to Part R18
Added Parameter Voltage Rating=50V to Part R19
Added Parameter Voltage Rating=50V to Part R20
Added Parameter Voltage Rating=50V to Part R21
Added Parameter Voltage Rating=50V to Part R22
Added Parameter Voltage Rating=50V to Part R23
Added Parameter Voltage Rating=50V to Part R24
Added Parameter Voltage Rating=50V to Part R25
Added Parameter Voltage Rating=50V to Part R26
Added Parameter Voltage Rating=50V to Part R27
Added Parameter Voltage Rating=50V to Part R28
Added Parameter Weight=2.3E-05oz to Part R1
Added Parameter Weight=2.3E-05oz to Part R2
Added Parameter Weight=2.3E-05oz to Part R3
Added Parameter Weight=2.3E-05oz to Part R4
Added Parameter Weight=2.3E-05oz to Part R5
Added Parameter Weight=2.3E-05oz to Part R6
Added Parameter Weight=2.3E-05oz to Part R7
Added Parameter Weight=2.3E-05oz to Part R8
Added Parameter Weight=2.3E-05oz to Part R9
Added Parameter Weight=2.3E-05oz to Part R10
Added Parameter Weight=2.3E-05oz to Part R11
Added Parameter Weight=2.3E-05oz to Part R12
Added Parameter Weight=2.3E-05oz to Part R13
Added Parameter Weight=2.3E-05oz to Part R14
Added Parameter Weight=2.3E-05oz to Part R15
Added Parameter Weight=2.3E-05oz to Part R16
Added Parameter Weight=2.3E-05oz to Part R17
Added Parameter Weight=2.3E-05oz to Part R18
Added Parameter Weight=2.3E-05oz to Part R19
Added Parameter Weight=2.3E-05oz to Part R20
Added Parameter Weight=2.3E-05oz to Part R21
Added Parameter Weight=2.3E-05oz to Part R22
Added Parameter Weight=2.3E-05oz to Part R23
Added Parameter Weight=2.3E-05oz to Part R24
Added Parameter Weight=2.3E-05oz to Part R25
Added Parameter Weight=2.3E-05oz to Part R26
Added Parameter Weight=2.3E-05oz to Part R27
Added Parameter Weight=2.3E-05oz to Part R28
Added Parameter Width=0.5mm to Part R1
Added Parameter Width=0.5mm to Part R2
Added Parameter Width=0.5mm to Part R3
Added Parameter Width=0.5mm to Part R4
Added Parameter Width=0.5mm to Part R5
Added Parameter Width=0.5mm to Part R6
Added Parameter Width=0.5mm to Part R7
Added Parameter Width=0.5mm to Part R8
Added Parameter Width=0.5mm to Part R9
Added Parameter Width=0.5mm to Part R10
Added Parameter Width=0.5mm to Part R11
Added Parameter Width=0.5mm to Part R12
Added Parameter Width=0.5mm to Part R13
Added Parameter Width=0.5mm to Part R14
Added Parameter Width=0.5mm to Part R15
Added Parameter Width=0.5mm to Part R16
Added Parameter Width=0.5mm to Part R17
Added Parameter Width=0.5mm to Part R18
Added Parameter Width=0.5mm to Part R19
Added Parameter Width=0.5mm to Part R20
Added Parameter Width=0.5mm to Part R21
Added Parameter Width=0.5mm to Part R22
Added Parameter Width=0.5mm to Part R23
Added Parameter Width=0.5mm to Part R24
Added Parameter Width=0.5mm to Part R25
Added Parameter Width=0.5mm to Part R26
Added Parameter Width=0.5mm to Part R27
Added Parameter Width=0.5mm to Part R28
Added Parameter Working Voltage=50V to Part R1
Added Parameter Working Voltage=50V to Part R2
Added Parameter Working Voltage=50V to Part R3
Added Parameter Working Voltage=50V to Part R4
Added Parameter Working Voltage=50V to Part R5
Added Parameter Working Voltage=50V to Part R6
Added Parameter Working Voltage=50V to Part R7
Added Parameter Working Voltage=50V to Part R8
Added Parameter Working Voltage=50V to Part R9
Added Parameter Working Voltage=50V to Part R10
Added Parameter Working Voltage=50V to Part R11
Added Parameter Working Voltage=50V to Part R12
Added Parameter Working Voltage=50V to Part R13
Added Parameter Working Voltage=50V to Part R14
Added Parameter Working Voltage=50V to Part R15
Added Parameter Working Voltage=50V to Part R16
Added Parameter Working Voltage=50V to Part R17
Added Parameter Working Voltage=50V to Part R18
Added Parameter Working Voltage=50V to Part R19
Added Parameter Working Voltage=50V to Part R20
Added Parameter Working Voltage=50V to Part R21
Added Parameter Working Voltage=50V to Part R22
Added Parameter Working Voltage=50V to Part R23
Added Parameter Working Voltage=50V to Part R24
Added Parameter Working Voltage=50V to Part R25
Added Parameter Working Voltage=50V to Part R26
Added Parameter Working Voltage=50V to Part R27
Added Parameter Working Voltage=50V to Part R28
Update Managed Component R1 From CMP-2002-08356-2[220 O] To CMP-2002-08356-2[CRCW040220K0FKED] in Hrafn_Top.SchDoc
Update Managed Component R2 From CMP-2002-08356-2[220 O] To CMP-2002-08356-2[CRCW040220K0FKED] in Hrafn_Top.SchDoc
Update Managed Component R3 From CMP-2002-08356-2[220 O] To CMP-2002-08356-2[CRCW040220K0FKED] in Hrafn_Top.SchDoc
Update Managed Component R4 From CMP-2002-08356-2[220 O] To CMP-2002-08356-2[CRCW040220K0FKED] in Hrafn_Top.SchDoc
Update Managed Component R5 From CMP-2002-08356-2[220 O] To CMP-2002-08356-2[CRCW040220K0FKED] in Hrafn_Top.SchDoc
Update Managed Component R6 From CMP-2002-08356-2[220 O] To CMP-2002-08356-2[CRCW040220K0FKED] in Hrafn_Top.SchDoc
Update Managed Component R7 From CMP-2002-08356-2[220 O] To CMP-2002-08356-2[CRCW040220K0FKED] in Hrafn_Top.SchDoc
Update Managed Component R8 From CMP-2002-08356-2[220 O] To CMP-2002-08356-2[CRCW040220K0FKED] in Hrafn_Top.SchDoc
Update Managed Component R9 From CMP-2002-08356-2[220 O] To CMP-2002-08356-2[CRCW040220K0FKED] in Hrafn_Top.SchDoc
Update Managed Component R10 From CMP-2002-08356-2[220 O] To CMP-2002-08356-2[CRCW040220K0FKED] in Hrafn_Top.SchDoc
Update Managed Component R11 From CMP-2002-08356-2[220 O] To CMP-2002-08356-2[CRCW040220K0FKED] in Hrafn_Top.SchDoc
Update Managed Component R12 From CMP-2002-08356-2[220 O] To CMP-2002-08356-2[CRCW040220K0FKED] in Hrafn_Top.SchDoc
Update Managed Component R13 From CMP-2002-08356-2[220 O] To CMP-2002-08356-2[CRCW040220K0FKED] in Hrafn_Top.SchDoc
Update Managed Component R14 From CMP-2002-08356-2[220 O] To CMP-2002-08356-2[CRCW040220K0FKED] in Hrafn_Top.SchDoc
Update Managed Component R15 From CMP-2002-08356-2[220 O] To CMP-2002-08356-2[CRCW040220K0FKED] in Hrafn_Top.SchDoc
Update Managed Component R16 From CMP-2002-08356-2[220 O] To CMP-2002-08356-2[CRCW040220K0FKED] in Hrafn_Top.SchDoc
Update Managed Component R17 From CMP-2002-08356-2[220 O] To CMP-2002-08356-2[CRCW040220K0FKED] in Hrafn_Top.SchDoc
Update Managed Component R18 From CMP-2002-08356-2[220 O] To CMP-2002-08356-2[CRCW040220K0FKED] in Hrafn_Top.SchDoc
Update Managed Component R19 From CMP-2002-08356-2[220 O] To CMP-2002-08356-2[CRCW040220K0FKED] in Hrafn_Top.SchDoc
Update Managed Component R20 From CMP-2002-08356-2[220 O] To CMP-2002-08356-2[CRCW040220K0FKED] in Hrafn_Top.SchDoc
Update Managed Component R21 From CMP-2002-08356-2[220 O] To CMP-2002-08356-2[CRCW040220K0FKED] in Hrafn_Top.SchDoc
Update Managed Component R22 From CMP-2002-08356-2[220 O] To CMP-2002-08356-2[CRCW040220K0FKED] in Hrafn_Top.SchDoc
Update Managed Component R23 From CMP-2002-08356-2[220 O] To CMP-2002-08356-2[CRCW040220K0FKED] in Hrafn_Top.SchDoc
Update Managed Component R24 From CMP-2002-08356-2[220 O] To CMP-2002-08356-2[CRCW040220K0FKED] in Hrafn_Top.SchDoc
Update Managed Component R25 From CMP-2002-08356-2[220 O] To CMP-2002-08356-2[CRCW040220K0FKED] in Hrafn_Top.SchDoc
Update Managed Component R26 From CMP-2002-08356-2[220 O] To CMP-2002-08356-2[CRCW040220K0FKED] in Hrafn_Top.SchDoc
Update Managed Component R27 From CMP-2002-08356-2[220 O] To CMP-2002-08356-2[CRCW040220K0FKED] in Hrafn_Top.SchDoc
Update Managed Component R28 From CMP-2002-08356-2[220 O] To CMP-2002-08356-2[CRCW040220K0FKED] in Hrafn_Top.SchDoc
