Change Component Designator: OldDesignator=C38_1 NewDesignator=C38_MC1
Change Component Designator: OldDesignator=C38_2 NewDesignator=C38_MC2
Change Component Designator: OldDesignator=C39_1 NewDesignator=C39_MC1
Change Component Designator: OldDesignator=C39_2 NewDesignator=C39_MC2
Change Component Designator: OldDesignator=C41_1 NewDesignator=C41_MC1
Change Component Designator: OldDesignator=C41_2 NewDesignator=C41_MC2
Change Component Designator: OldDesignator=C43_1 NewDesignator=C43_MC1
Change Component Designator: OldDesignator=C43_2 NewDesignator=C43_MC2
Change Component Designator: OldDesignator=C44_1 NewDesignator=C44_MC1
Change Component Designator: OldDesignator=C44_2 NewDesignator=C44_MC2
Change Component Designator: OldDesignator=C45_1 NewDesignator=C45_MC1
Change Component Designator: OldDesignator=C45_2 NewDesignator=C45_MC2
Change Component Designator: OldDesignator=C46_1 NewDesignator=C46_MC1
Change Component Designator: OldDesignator=C46_2 NewDesignator=C46_MC2
Change Component Designator: OldDesignator=C47_1 NewDesignator=C47_MC1
Change Component Designator: OldDesignator=C47_2 NewDesignator=C47_MC2
Change Component Designator: OldDesignator=C48_1 NewDesignator=C48_MC1
Change Component Designator: OldDesignator=C48_2 NewDesignator=C48_MC2
Change Component Designator: OldDesignator=C49_1 NewDesignator=C49_MC1
Change Component Designator: OldDesignator=C49_2 NewDesignator=C49_MC2
Change Component Designator: OldDesignator=C50_1 NewDesignator=C50_MC1
Change Component Designator: OldDesignator=C50_2 NewDesignator=C50_MC2
Change Component Designator: OldDesignator=C51_1 NewDesignator=C51_MC1
Change Component Designator: OldDesignator=C51_2 NewDesignator=C51_MC2
Change Component Designator: OldDesignator=C52_1 NewDesignator=C52_MC1
Change Component Designator: OldDesignator=C52_2 NewDesignator=C52_MC2
Change Component Designator: OldDesignator=C53_1 NewDesignator=C53_MC1
Change Component Designator: OldDesignator=C53_2 NewDesignator=C53_MC2
Change Component Designator: OldDesignator=C54_1 NewDesignator=C54_MC1
Change Component Designator: OldDesignator=C54_2 NewDesignator=C54_MC2
Change Component Designator: OldDesignator=C55_1 NewDesignator=C55_MC1
Change Component Designator: OldDesignator=C55_2 NewDesignator=C55_MC2
Change Component Designator: OldDesignator=C61_1 NewDesignator=C61_MC1
Change Component Designator: OldDesignator=C61_2 NewDesignator=C61_MC2
Change Component Designator: OldDesignator=C62_1 NewDesignator=C62_MC1
Change Component Designator: OldDesignator=C62_2 NewDesignator=C62_MC2
Change Component Designator: OldDesignator=C110_1 NewDesignator=C110_MF1
Change Component Designator: OldDesignator=C110_2 NewDesignator=C110_MF2
Change Component Designator: OldDesignator=C110_3 NewDesignator=C110_MF3
Change Component Designator: OldDesignator=C110_4 NewDesignator=C110_MF4
Change Component Designator: OldDesignator=C110_5 NewDesignator=C110_MF5
Change Component Designator: OldDesignator=C110_6 NewDesignator=C110_MF6
Change Component Designator: OldDesignator=C110_7 NewDesignator=C110_MF7
Change Component Designator: OldDesignator=C110_8 NewDesignator=C110_MF8
Change Component Designator: OldDesignator=C111_1 NewDesignator=C111_MF1
Change Component Designator: OldDesignator=C111_2 NewDesignator=C111_MF2
Change Component Designator: OldDesignator=C111_3 NewDesignator=C111_MF3
Change Component Designator: OldDesignator=C111_4 NewDesignator=C111_MF4
Change Component Designator: OldDesignator=C111_5 NewDesignator=C111_MF5
Change Component Designator: OldDesignator=C111_6 NewDesignator=C111_MF6
Change Component Designator: OldDesignator=C111_7 NewDesignator=C111_MF7
Change Component Designator: OldDesignator=C111_8 NewDesignator=C111_MF8
Change Component Designator: OldDesignator=C112_1 NewDesignator=C112_MF1
Change Component Designator: OldDesignator=C112_2 NewDesignator=C112_MF2
Change Component Designator: OldDesignator=C112_3 NewDesignator=C112_MF3
Change Component Designator: OldDesignator=C112_4 NewDesignator=C112_MF4
Change Component Designator: OldDesignator=C112_5 NewDesignator=C112_MF5
Change Component Designator: OldDesignator=C112_6 NewDesignator=C112_MF6
Change Component Designator: OldDesignator=C112_7 NewDesignator=C112_MF7
Change Component Designator: OldDesignator=C112_8 NewDesignator=C112_MF8
Change Component Designator: OldDesignator=C113_1 NewDesignator=C113_LCF1
Change Component Designator: OldDesignator=C113_2 NewDesignator=C113_LCF2
Change Component Designator: OldDesignator=C114_1 NewDesignator=C114_LCF1
Change Component Designator: OldDesignator=C114_2 NewDesignator=C114_LCF2
Change Component Designator: OldDesignator=C115_1 NewDesignator=C115_LCF1
Change Component Designator: OldDesignator=C115_2 NewDesignator=C115_LCF2
Change Component Designator: OldDesignator=L2_1 NewDesignator=L2_LCF1
Change Component Designator: OldDesignator=L2_2 NewDesignator=L2_LCF2
Change Component Designator: OldDesignator=P4_1 NewDesignator=P4_MC1
Change Component Designator: OldDesignator=P4_2 NewDesignator=P4_MC2
Change Component Designator: OldDesignator=Q2_1 NewDesignator=Q2_MC1
Change Component Designator: OldDesignator=Q2_2 NewDesignator=Q2_MC2
Change Component Designator: OldDesignator=Q3_1 NewDesignator=Q3_MC1
Change Component Designator: OldDesignator=Q3_2 NewDesignator=Q3_MC2
Change Component Designator: OldDesignator=R81_1 NewDesignator=R81_MC1
Change Component Designator: OldDesignator=R81_2 NewDesignator=R81_MC2
Change Component Designator: OldDesignator=R82_1 NewDesignator=R82_MC1
Change Component Designator: OldDesignator=R82_2 NewDesignator=R82_MC2
Change Component Designator: OldDesignator=R83_1 NewDesignator=R83_MC1
Change Component Designator: OldDesignator=R83_2 NewDesignator=R83_MC2
Change Component Designator: OldDesignator=R84_1 NewDesignator=R84_MC1
Change Component Designator: OldDesignator=R84_2 NewDesignator=R84_MC2
Change Component Designator: OldDesignator=R85_1 NewDesignator=R85_MC1
Change Component Designator: OldDesignator=R85_2 NewDesignator=R85_MC2
Change Component Designator: OldDesignator=R86_1 NewDesignator=R86_MC1
Change Component Designator: OldDesignator=R86_2 NewDesignator=R86_MC2
Change Component Designator: OldDesignator=R87_1 NewDesignator=R87_MC1
Change Component Designator: OldDesignator=R87_2 NewDesignator=R87_MC2
Change Component Designator: OldDesignator=R88_1 NewDesignator=R88_MC1
Change Component Designator: OldDesignator=R88_2 NewDesignator=R88_MC2
Change Component Designator: OldDesignator=R89_1 NewDesignator=R89_MC1
Change Component Designator: OldDesignator=R89_2 NewDesignator=R89_MC2
Change Component Designator: OldDesignator=R90_1 NewDesignator=R90_MC1
Change Component Designator: OldDesignator=R90_2 NewDesignator=R90_MC2
Change Component Designator: OldDesignator=R91_1 NewDesignator=R91_MC1
Change Component Designator: OldDesignator=R91_2 NewDesignator=R91_MC2
Change Component Designator: OldDesignator=R92_1 NewDesignator=R92_MC1
Change Component Designator: OldDesignator=R92_2 NewDesignator=R92_MC2
Change Component Designator: OldDesignator=R93_1 NewDesignator=R93_MC1
Change Component Designator: OldDesignator=R93_2 NewDesignator=R93_MC2
Change Component Designator: OldDesignator=R94_1 NewDesignator=R94_MC1
Change Component Designator: OldDesignator=R94_2 NewDesignator=R94_MC2
Change Component Designator: OldDesignator=R95_1 NewDesignator=R95_MC1
Change Component Designator: OldDesignator=R95_2 NewDesignator=R95_MC2
Change Component Designator: OldDesignator=R96_1 NewDesignator=R96_MC1
Change Component Designator: OldDesignator=R96_2 NewDesignator=R96_MC2
Change Component Designator: OldDesignator=R97_1 NewDesignator=R97_MC1
Change Component Designator: OldDesignator=R97_2 NewDesignator=R97_MC2
Change Component Designator: OldDesignator=R98_1 NewDesignator=R98_MC1
Change Component Designator: OldDesignator=R98_2 NewDesignator=R98_MC2
Change Component Designator: OldDesignator=R133_1 NewDesignator=R133_MF1
Change Component Designator: OldDesignator=R133_2 NewDesignator=R133_MF2
Change Component Designator: OldDesignator=R133_3 NewDesignator=R133_MF3
Change Component Designator: OldDesignator=R133_4 NewDesignator=R133_MF4
Change Component Designator: OldDesignator=R133_5 NewDesignator=R133_MF5
Change Component Designator: OldDesignator=R133_6 NewDesignator=R133_MF6
Change Component Designator: OldDesignator=R133_7 NewDesignator=R133_MF7
Change Component Designator: OldDesignator=R133_8 NewDesignator=R133_MF8
Change Component Designator: OldDesignator=R134_1 NewDesignator=R134_MF1
Change Component Designator: OldDesignator=R134_2 NewDesignator=R134_MF2
Change Component Designator: OldDesignator=R134_3 NewDesignator=R134_MF3
Change Component Designator: OldDesignator=R134_4 NewDesignator=R134_MF4
Change Component Designator: OldDesignator=R134_5 NewDesignator=R134_MF5
Change Component Designator: OldDesignator=R134_6 NewDesignator=R134_MF6
Change Component Designator: OldDesignator=R134_7 NewDesignator=R134_MF7
Change Component Designator: OldDesignator=R134_8 NewDesignator=R134_MF8
Change Component Designator: OldDesignator=R135_1 NewDesignator=R135_LCF1
Change Component Designator: OldDesignator=R135_2 NewDesignator=R135_LCF2
Change Component Designator: OldDesignator=U9_1 NewDesignator=U9_MC1
Change Component Designator: OldDesignator=U9_2 NewDesignator=U9_MC2
Change Component Designator: OldDesignator=U10_1 NewDesignator=U10_MC1
Change Component Designator: OldDesignator=U10_2 NewDesignator=U10_MC2
Change Component Designator: OldDesignator=U11_1 NewDesignator=U11_MC1
Change Component Designator: OldDesignator=U11_2 NewDesignator=U11_MC2
Change Component Designator: OldDesignator=U12_1 NewDesignator=U12_MC1
Change Component Designator: OldDesignator=U12_2 NewDesignator=U12_MC2
Change Component Designator: OldDesignator=U13_1 NewDesignator=U13_MC1
Change Component Designator: OldDesignator=U13_2 NewDesignator=U13_MC2
Change Component Designator: OldDesignator=U14_1 NewDesignator=U14_MC1
Change Component Designator: OldDesignator=U14_2 NewDesignator=U14_MC2
Change Net Name : Old Net Name=NetC44_1_1 New Net Name=NetC44_MC1_1
Change Net Name : Old Net Name=NetC44_2_1 New Net Name=NetC44_MC2_1
Change Net Name : Old Net Name=NetC47_1_1 New Net Name=NetC47_MC1_1
Change Net Name : Old Net Name=NetC47_2_1 New Net Name=NetC47_MC2_1
Change Net Name : Old Net Name=NetC48_1_1 New Net Name=NetC48_MC1_1
Change Net Name : Old Net Name=NetC48_2_1 New Net Name=NetC48_MC2_1
Change Net Name : Old Net Name=NetC49_1_1 New Net Name=NetC49_MC1_1
Change Net Name : Old Net Name=NetC49_2_1 New Net Name=NetC49_MC2_1
Change Net Name : Old Net Name=NetC52_1_2 New Net Name=NetC52_MC1_2
Change Net Name : Old Net Name=NetC52_2_2 New Net Name=NetC52_MC2_2
Change Net Name : Old Net Name=NetC53_1_2 New Net Name=NetC53_MC1_2
Change Net Name : Old Net Name=NetC53_2_2 New Net Name=NetC53_MC2_2
Change Net Name : Old Net Name=NetC54_1_2 New Net Name=NetC54_MC1_2
Change Net Name : Old Net Name=NetC54_2_2 New Net Name=NetC54_MC2_2
Change Net Name : Old Net Name=NetC55_1_2 New Net Name=NetC55_MC1_2
Change Net Name : Old Net Name=NetC55_2_2 New Net Name=NetC55_MC2_2
Change Net Name : Old Net Name=NetC110_1_1 New Net Name=NetC110_MF1_1
Change Net Name : Old Net Name=NetC110_1_2 New Net Name=NetC110_MF1_2
Change Net Name : Old Net Name=NetC110_2_1 New Net Name=NetC110_MF2_1
Change Net Name : Old Net Name=NetC110_2_2 New Net Name=NetC110_MF2_2
Change Net Name : Old Net Name=NetC110_3_1 New Net Name=NetC110_MF3_1
Change Net Name : Old Net Name=NetC110_3_2 New Net Name=NetC110_MF3_2
Change Net Name : Old Net Name=NetC110_4_1 New Net Name=NetC110_MF4_1
Change Net Name : Old Net Name=NetC110_4_2 New Net Name=NetC110_MF4_2
Change Net Name : Old Net Name=NetC110_5_1 New Net Name=NetC110_MF5_1
Change Net Name : Old Net Name=NetC110_5_2 New Net Name=NetC110_MF5_2
Change Net Name : Old Net Name=NetC110_6_1 New Net Name=NetC110_MF6_1
Change Net Name : Old Net Name=NetC110_6_2 New Net Name=NetC110_MF6_2
Change Net Name : Old Net Name=NetC110_7_1 New Net Name=NetC110_MF7_1
Change Net Name : Old Net Name=NetC110_7_2 New Net Name=NetC110_MF7_2
Change Net Name : Old Net Name=NetC110_8_1 New Net Name=NetC110_MF8_1
Change Net Name : Old Net Name=NetC110_8_2 New Net Name=NetC110_MF8_2
Change Net Name : Old Net Name=NetC113_2_1 New Net Name=NetC113_LCF2_1
Change Net Name : Old Net Name=NetC114_1_2 New Net Name=NetC114_LCF1_2
Change Net Name : Old Net Name=NetC114_2_2 New Net Name=NetC114_LCF2_2
Change Net Name : Old Net Name=NetQ3_1_1 New Net Name=NetQ3_MC1_1
Change Net Name : Old Net Name=NetQ3_2_1 New Net Name=NetQ3_MC2_1
Change Net Name : Old Net Name=NetR83_1_1 New Net Name=NetR83_MC1_1
Change Net Name : Old Net Name=NetR83_2_1 New Net Name=NetR83_MC2_1
Change Net Name : Old Net Name=NetR84_1_1 New Net Name=NetR84_MC1_1
Change Net Name : Old Net Name=NetR84_2_1 New Net Name=NetR84_MC2_1
Change Net Name : Old Net Name=OUTA_1_N New Net Name=OUTA_MC1_N
Change Net Name : Old Net Name=OUTA_1_P New Net Name=OUTA_MC1_P
Change Net Name : Old Net Name=OUTA_2_N New Net Name=OUTA_MC2_N
Change Net Name : Old Net Name=OUTA_2_P New Net Name=OUTA_MC2_P
Change Net Name : Old Net Name=OUTB_1_N New Net Name=OUTB_MC1_N
Change Net Name : Old Net Name=OUTB_1_P New Net Name=OUTB_MC1_P
Change Net Name : Old Net Name=OUTB_2_N New Net Name=OUTB_MC2_N
Change Net Name : Old Net Name=OUTB_2_P New Net Name=OUTB_MC2_P
Change Net Name : Old Net Name=OUTC_1_N New Net Name=OUTC_MC1_N
Change Net Name : Old Net Name=OUTC_1_P New Net Name=OUTC_MC1_P
Change Net Name : Old Net Name=OUTC_2_N New Net Name=OUTC_MC2_N
Change Net Name : Old Net Name=OUTC_2_P New Net Name=OUTC_MC2_P
Change Net Name : Old Net Name=RESET_1 New Net Name=RESET_MC1
Change Net Name : Old Net Name=RESET_2 New Net Name=RESET_MC2
Change Net Name : Old Net Name=SET_1 New Net Name=SET_MC1
Change Net Name : Old Net Name=SET_2 New Net Name=SET_MC2
Change Net Name : Old Net Name=VB_1 New Net Name=VB_MC1
Change Net Name : Old Net Name=VB_2 New Net Name=VB_MC2
Change Class Name : Old Net Name=1 New Net Name=LCF1
Change Class Name : Old Net Name=1 New Net Name=MC1
Change Class Name : Old Net Name=1 New Net Name=MF1
Change Class Name : Old Net Name=2 New Net Name=LCF2
Change Class Name : Old Net Name=2 New Net Name=MC2
Change Class Name : Old Net Name=2 New Net Name=MF2
Change Class Name : Old Net Name=3 New Net Name=MF3
Change Class Name : Old Net Name=4 New Net Name=MF4
Change Class Name : Old Net Name=5 New Net Name=MF5
Change Class Name : Old Net Name=6 New Net Name=MF6
Change Class Name : Old Net Name=7 New Net Name=MF7
Change Class Name : Old Net Name=8 New Net Name=MF8
Added Differential Pair: Name=OUTA_MC1
Added Differential Pair: Name=OUTA_MC2
Added Differential Pair: Name=OUTB_MC1
Added Differential Pair: Name=OUTB_MC2
Added Differential Pair: Name=OUTC_MC1
Added Differential Pair: Name=OUTC_MC2
Change Room Name: Old Name=8 New Name=MF8
Change Room Scope: Old Scope=InComponentClass('8') New Scope=InComponentClass('MF8')
Added Room: Name=LCF1
Added Room: Name=LCF2
Added Room: Name=MC1
Added Room: Name=MC2
Added Room: Name=MF1
Added Room: Name=MF2
Added Room: Name=MF3
Added Room: Name=MF4
Added Room: Name=MF5
Added Room: Name=MF6
Added Room: Name=MF7
Added Class: Name=ANALOG_DIFF
