Added Pin To Net: NetName=D5V Pin=C1-2
Added Pin To Net: NetName=D5V Pin=C3-1
Added Pin To Net: NetName=D5V Pin=C4-1
Added Pin To Net: NetName=D5V Pin=C5-1
Added Pin To Net: NetName=D5V Pin=C6-1
Added Pin To Net: NetName=D5V Pin=C7-1
Added Pin To Net: NetName=D5V Pin=C8-2
Added Pin To Net: NetName=D5V Pin=C9-2
Added Pin To Net: NetName=D5V Pin=C10-1
Added Pin To Net: NetName=D5V Pin=C11-1
Added Pin To Net: NetName=D5V Pin=C12-1
Added Pin To Net: NetName=D5V Pin=C13-1
Added Pin To Net: NetName=D5V Pin=C13-2
Added Pin To Net: NetName=D5V Pin=C14-1
Added Pin To Net: NetName=D5V Pin=C14-2
Added Pin To Net: NetName=D5V Pin=C15-1
Added Pin To Net: NetName=D5V Pin=C15-2
Added Pin To Net: NetName=D5V Pin=C16-2
Added Pin To Net: NetName=D5V Pin=C18-1
Added Pin To Net: NetName=D5V Pin=C18-2
Added Pin To Net: NetName=D5V Pin=C19-1
Added Pin To Net: NetName=D5V Pin=C20-1
Added Pin To Net: NetName=D5V Pin=C21-1
Added Pin To Net: NetName=D5V Pin=C21-2
Added Pin To Net: NetName=D5V Pin=C22-1
Added Pin To Net: NetName=D5V Pin=C22-2
Added Pin To Net: NetName=D5V Pin=C23-2
Added Pin To Net: NetName=D5V Pin=C25-2
Added Pin To Net: NetName=D5V Pin=C26-1
Added Pin To Net: NetName=D5V Pin=C27-1
Added Pin To Net: NetName=D5V Pin=C31-1
Added Pin To Net: NetName=D5V Pin=C32-2
Added Pin To Net: NetName=D5V Pin=C33-1
Added Pin To Net: NetName=D5V Pin=C34-1
Added Pin To Net: NetName=D5V Pin=C35-1
Added Pin To Net: NetName=D5V Pin=C37-2
Added Pin To Net: NetName=D5V Pin=C38-1
Added Pin To Net: NetName=D5V Pin=C39-1
Added Pin To Net: NetName=D5V Pin=C41A-1
Added Pin To Net: NetName=D5V Pin=C41B-1
Added Pin To Net: NetName=D5V Pin=C47A-1
Added Pin To Net: NetName=D5V Pin=C47B-1
Added Pin To Net: NetName=D5V Pin=C54-1
Added Pin To Net: NetName=D5V Pin=C55-1
Added Pin To Net: NetName=D5V Pin=C56-1
Added Pin To Net: NetName=D5V Pin=C57-2
Added Pin To Net: NetName=D5V Pin=C58-2
Added Pin To Net: NetName=D5V Pin=C59-1
Added Pin To Net: NetName=D5V Pin=C60-1
Added Pin To Net: NetName=D5V Pin=C61-1
Added Pin To Net: NetName=D5V Pin=C62-2
Added Pin To Net: NetName=D5V Pin=C63-1
Added Pin To Net: NetName=D5V Pin=C64-2
Added Pin To Net: NetName=D5V Pin=C65-1
Added Pin To Net: NetName=D5V Pin=C66-1
Added Pin To Net: NetName=D5V Pin=C67-1
Added Pin To Net: NetName=D5V Pin=C68-1
Added Pin To Net: NetName=D5V Pin=C69-1
Added Pin To Net: NetName=D5V Pin=C71-2
Added Pin To Net: NetName=D5V Pin=C72-1
Added Pin To Net: NetName=D5V Pin=C73-1
Added Pin To Net: NetName=D5V Pin=C74-1
Added Pin To Net: NetName=D5V Pin=C75-1
Added Pin To Net: NetName=D5V Pin=C76-1
Added Pin To Net: NetName=D5V Pin=C77-2
Added Pin To Net: NetName=D5V Pin=C78-1
Added Pin To Net: NetName=D5V Pin=C79-1
Added Pin To Net: NetName=D5V Pin=C80-1
Added Pin To Net: NetName=D5V Pin=C102-1
Added Pin To Net: NetName=D5V Pin=D3-1
Added Pin To Net: NetName=D5V Pin=D3-2
Added Pin To Net: NetName=D5V Pin=D5-2
Added Pin To Net: NetName=D5V Pin=D6-2
Added Pin To Net: NetName=D5V Pin=D7-2
Added Pin To Net: NetName=D5V Pin=D8-2
Added Pin To Net: NetName=D5V Pin=D9-2
Added Pin To Net: NetName=D5V Pin=D10-2
Added Pin To Net: NetName=D5V Pin=D11-1
Added Pin To Net: NetName=D5V Pin=D12-1
Added Pin To Net: NetName=D5V Pin=FB1-1
Added Pin To Net: NetName=D5V Pin=FB2-2
Added Pin To Net: NetName=D5V Pin=FB3-1
Added Pin To Net: NetName=D5V Pin=FL1-4
Added Pin To Net: NetName=D5V Pin=FL1-5
Added Pin To Net: NetName=D5V Pin=FL1-6
Added Pin To Net: NetName=D5V Pin=J1-6
Added Pin To Net: NetName=D5V Pin=J1-9
Added Pin To Net: NetName=D5V Pin=J1-14
Added Pin To Net: NetName=D5V Pin=J1-20
Added Pin To Net: NetName=D5V Pin=J1-25
Added Pin To Net: NetName=D5V Pin=J1-30
Added Pin To Net: NetName=D5V Pin=J1-34
Added Pin To Net: NetName=D5V Pin=J1-39
Added Pin To Net: NetName=D5V Pin=P1-10
Added Pin To Net: NetName=D5V Pin=P1-MP1
Added Pin To Net: NetName=D5V Pin=P1-MP2
Added Pin To Net: NetName=D5V Pin=P2-10
Added Pin To Net: NetName=D5V Pin=P2-MP1
Added Pin To Net: NetName=D5V Pin=P2-MP2
Added Pin To Net: NetName=D5V Pin=P3-2
Added Pin To Net: NetName=D5V Pin=P3-9
Added Pin To Net: NetName=D5V Pin=P3-10
Added Pin To Net: NetName=D5V Pin=P3-MP1
Added Pin To Net: NetName=D5V Pin=P3-MP2
Added Pin To Net: NetName=D5V Pin=P5-10
Added Pin To Net: NetName=D5V Pin=P5-MP1
Added Pin To Net: NetName=D5V Pin=P5-MP2
Added Pin To Net: NetName=D5V Pin=Q1-2
Added Pin To Net: NetName=D5V Pin=Q2A-5
Added Pin To Net: NetName=D5V Pin=Q2B-5
Added Pin To Net: NetName=D5V Pin=Q3A-5
Added Pin To Net: NetName=D5V Pin=Q3B-5
Added Pin To Net: NetName=D5V Pin=R31-1
Added Pin To Net: NetName=D5V Pin=R34-1
Added Pin To Net: NetName=D5V Pin=R39-1
Added Pin To Net: NetName=D5V Pin=R41-1
Added Pin To Net: NetName=D5V Pin=R45-1
Added Pin To Net: NetName=D5V Pin=R49-2
Added Pin To Net: NetName=D5V Pin=R51-1
Added Pin To Net: NetName=D5V Pin=R52-1
Added Pin To Net: NetName=D5V Pin=R53-1
Added Pin To Net: NetName=D5V Pin=R54-1
Added Pin To Net: NetName=D5V Pin=R57-2
Added Pin To Net: NetName=D5V Pin=R58-2
Added Pin To Net: NetName=D5V Pin=R60-1
Added Pin To Net: NetName=D5V Pin=R62-2
Added Pin To Net: NetName=D5V Pin=R63-1
Added Pin To Net: NetName=D5V Pin=R64-1
Added Pin To Net: NetName=D5V Pin=R65-1
Added Pin To Net: NetName=D5V Pin=R67-2
Added Pin To Net: NetName=D5V Pin=R68-1
Added Pin To Net: NetName=D5V Pin=R69-1
Added Pin To Net: NetName=D5V Pin=R72-1
Added Pin To Net: NetName=D5V Pin=R79-1
Added Pin To Net: NetName=D5V Pin=R80-1
Added Pin To Net: NetName=D5V Pin=R81-1
Added Pin To Net: NetName=D5V Pin=R102-1
Added Pin To Net: NetName=D5V Pin=R105-1
Added Pin To Net: NetName=D5V Pin=R131-1
Added Pin To Net: NetName=D5V Pin=R137-1
Added Pin To Net: NetName=D5V Pin=U1-6
Added Pin To Net: NetName=D5V Pin=U1-9
Added Pin To Net: NetName=D5V Pin=U1-21
Added Pin To Net: NetName=D5V Pin=U2-0
Added Pin To Net: NetName=D5V Pin=U2-3
Added Pin To Net: NetName=D5V Pin=U3-5
Added Pin To Net: NetName=D5V Pin=U3-9
Added Pin To Net: NetName=D5V Pin=U4-1
Added Pin To Net: NetName=D5V Pin=U5-1
Added Pin To Net: NetName=D5V Pin=U5-4
Added Pin To Net: NetName=D5V Pin=U6-0
Added Pin To Net: NetName=D5V Pin=U6-3
Added Pin To Net: NetName=D5V Pin=U7-2
Added Pin To Net: NetName=D5V Pin=U7-3
Added Pin To Net: NetName=D5V Pin=U9-5
Added Pin To Net: NetName=D5V Pin=U9-9
Added Pin To Net: NetName=D5V Pin=U13A-3
Added Pin To Net: NetName=D5V Pin=U13B-3
Added Pin To Net: NetName=D5V Pin=U16-2
Added Pin To Net: NetName=D5V Pin=U17-2
Added Pin To Net: NetName=D5V Pin=U18-2
Added Pin To Net: NetName=D5V Pin=U19-5
Added Pin To Net: NetName=D5V Pin=U20-7
Added Pin To Net: NetName=D5V Pin=U20-14
Added Pin To Net: NetName=D5V Pin=U20-17
Added Pin To Net: NetName=D5V Pin=U20-18
Added Pin To Net: NetName=D5V Pin=U20-26
Added Pin To Net: NetName=D5V Pin=U20-29
Added Pin To Net: NetName=D5V Pin=U22-2
Added Pin To Net: NetName=D5V Pin=U23-8
Added Pin To Net: NetName=D5V Pin=U23-21
Added Pin To Net: NetName=D5V Pin=U24-2
Added Pin To Net: NetName=D5V Pin=X1-2
Added Pin To Net: NetName=D5V Pin=X1-4
Added Pin To Net: NetName=D5V Pin=X2-2
Added Pin To Net: NetName=D5V Pin=X2-4
Added Member To Class: ClassName=U_Ethernet Member=Component C71 GRT32EC81C476ME13L
