Change Physical Footprint: Designator=C4 Old Footprint=FP-CGA6P-IPC_B New Footprint=FP-CGA6P-IPC_B
Change Physical Footprint: Designator=C5 Old Footprint=FP-CGA6P-IPC_B New Footprint=FP-CGA6P-IPC_B
Change Physical Footprint: Designator=C10 Old Footprint=CAPC1608X90X20LL10 New Footprint=CAPC1608X90X20LL10
Change Physical Footprint: Designator=C15 Old Footprint=FP-CGA6P-IPC_B New Footprint=FP-CGA6P-IPC_B
Change Physical Footprint: Designator=C16 Old Footprint=CAPC1608X90X20LL10 New Footprint=CAPC1608X90X20LL10
Change Physical Footprint: Designator=C17 Old Footprint=CAPC1005X55X25LL05T10 New Footprint=CAPC1005X55X25LL05T10
Change Physical Footprint: Designator=C19 Old Footprint=CAPC1608X90X20LL10 New Footprint=CAPC1608X90X20LL10
Change Physical Footprint: Designator=C20 Old Footprint=CAPC1005X55X25LL05T10 New Footprint=CAPC1005X55X25LL05T10
Change Physical Footprint: Designator=C25 Old Footprint=FP-CGA6P-IPC_B New Footprint=FP-CGA6P-IPC_B
Change Physical Footprint: Designator=C39A Old Footprint=FP-GRM18-0_2-MFG New Footprint=FP-GRM18-0_2-MFG
Change Physical Footprint: Designator=C39B Old Footprint=FP-GRM18-0_2-MFG New Footprint=FP-GRM18-0_2-MFG
Change Physical Footprint: Designator=C42 Old Footprint=CAPC1005X55X25LL05T10 New Footprint=CAPC1005X55X25LL05T10
Change Physical Footprint: Designator=C47A Old Footprint=CAPC1005X55X25LL05T10 New Footprint=CAPC1005X55X25LL05T10
Change Physical Footprint: Designator=C56 Old Footprint=CAPC1005X55X30LL05T10 New Footprint=CAPC1005X55X30LL05T10
Change Physical Footprint: Designator=C60 Old Footprint=FP-CGA6P-IPC_B New Footprint=FP-CGA6P-IPC_B
Change Physical Footprint: Designator=C61B Old Footprint=CAPC1608X90X20LL10 New Footprint=CAPC1608X90X20LL10
Change Physical Footprint: Designator=C62B Old Footprint=CAPC1608X90X20LL10 New Footprint=CAPC1608X90X20LL10
Change Physical Footprint: Designator=C66 Old Footprint=FP-CGA6P-IPC_B New Footprint=FP-CGA6P-IPC_B
Change Physical Footprint: Designator=C78 Old Footprint=FP-CGA6P-IPC_B New Footprint=FP-CGA6P-IPC_B
Change Physical Footprint: Designator=C79 Old Footprint=CAPC1608X90X20LL10 New Footprint=CAPC1608X90X20LL10
Change Physical Footprint: Designator=C81 Old Footprint=FP-CGA6P-MFG New Footprint=FP-CGA6P-MFG
Change Physical Footprint: Designator=C85 Old Footprint=FP-CGA6P-IPC_B New Footprint=FP-CGA6P-IPC_B
Change Physical Footprint: Designator=C96 Old Footprint=FP-CGA6P-IPC_B New Footprint=FP-CGA6P-IPC_B
Change Physical Footprint: Designator=C97 Old Footprint=CAPC1608X90X20LL10 New Footprint=CAPC1608X90X20LL10
Change Physical Footprint: Designator=C99 Old Footprint=FP-CGA6P-IPC_B New Footprint=FP-CGA6P-IPC_B
Change Physical Footprint: Designator=C103 Old Footprint=CAPC1005X60X30NL05T10 New Footprint=CAPC1005X60X30NL05T10
Change Physical Footprint: Designator=C109 Old Footprint=FP-CGA6P-IPC_B New Footprint=FP-CGA6P-IPC_B
Change Physical Footprint: Designator=C116 Old Footprint=CAPC1608X90X20LL10 New Footprint=CAPC1608X90X20LL10
Change Physical Footprint: Designator=D2 Old Footprint=FP-SMB-MFG New Footprint=FP-SMB-MFG
Change Physical Footprint: Designator=D4 Old Footprint=FP-502-01-MFG New Footprint=FP-502-01-MFG
Change Physical Footprint: Designator=D5 Old Footprint=FP-SMB-MFG New Footprint=FP-SMB-MFG
Change Physical Footprint: Designator=D15 Old Footprint=FP-6_541-5056_01-4-MFG New Footprint=FP-6_541-5056_01-4-MFG
Change Physical Footprint: Designator=D16 Old Footprint=FP-6_541-5056_01-4-MFG New Footprint=FP-6_541-5056_01-4-MFG
Change Physical Footprint: Designator=FB2 Old Footprint=FP-BLM18-0_15-t0_8-IPC_C New Footprint=FP-BLM18-0_15-t0_8-IPC_C
Change Physical Footprint: Designator=FB3 Old Footprint=FP-BLM18-0_15-t0_8-IPC_C New Footprint=FP-BLM18-0_15-t0_8-IPC_C
Change Physical Footprint: Designator=FB4 Old Footprint=FP-BLM18-0_15-t0_8-IPC_C New Footprint=FP-BLM18-0_15-t0_8-IPC_C
Change Physical Footprint: Designator=FB5 Old Footprint=FP-BLM18-0_15-t0_8-IPC_C New Footprint=FP-BLM18-0_15-t0_8-IPC_C
Change Physical Footprint: Designator=FB6 Old Footprint=FP-BLM18-0_15-t0_8-IPC_C New Footprint=FP-BLM18-0_15-t0_8-IPC_C
Change Physical Footprint: Designator=FB7 Old Footprint=FP-BLM18-0_15-t0_8-IPC_C New Footprint=FP-BLM18-0_15-t0_8-IPC_C
Change Physical Footprint: Designator=FB8 Old Footprint=FP-BLM18-0_15-t0_8-IPC_C New Footprint=FP-BLM18-0_15-t0_8-IPC_C
Change Physical Footprint: Designator=L1 Old Footprint=FP-IHLP-3232DZ-FP_2_413x5-MFG New Footprint=FP-IHLP-3232DZ-FP_2_413x5-MFG
Change Physical Footprint: Designator=P6 Old Footprint=MOLX-53398-1071_V New Footprint=MOLX-53398-1071_V
Change Physical Footprint: Designator=Q2A Old Footprint=ONSC-TSOP-6-318G-02_V New Footprint=ONSC-TSOP-6-318G-02_V
Change Physical Footprint: Designator=R6 Old Footprint=RESC1005X40X25LL05T05 New Footprint=RESC1005X40X25LL05T05
Change Physical Footprint: Designator=R14 Old Footprint=RESC1005X40X25LL05T05 New Footprint=RESC1005X40X25LL05T05
Change Physical Footprint: Designator=R20 Old Footprint=RESC1005X40X25LL05T05 New Footprint=RESC1005X40X25LL05T05
Change Physical Footprint: Designator=R21 Old Footprint=RESC1005X40X25LL05T05 New Footprint=RESC1005X40X25LL05T05
Change Physical Footprint: Designator=R28 Old Footprint=RESC1005X40X25LL05T05 New Footprint=RESC1005X40X25LL05T05
Change Physical Footprint: Designator=R29 Old Footprint=RESC1005X40X25LL05T05 New Footprint=RESC1005X40X25LL05T05
Change Physical Footprint: Designator=R32 Old Footprint=RESC1005X40X25LL05T05 New Footprint=RESC1005X40X25LL05T05
Change Physical Footprint: Designator=R33 Old Footprint=RESC1005X40X25LL05T05 New Footprint=RESC1005X40X25LL05T05
Change Physical Footprint: Designator=R34 Old Footprint=RESC1005X40X25LL05T05 New Footprint=RESC1005X40X25LL05T05
Change Physical Footprint: Designator=R40 Old Footprint=RESC1005X40X25LL05T05 New Footprint=RESC1005X40X25LL05T05
Change Physical Footprint: Designator=R41 Old Footprint=RESC1005X40X25LL05T05 New Footprint=RESC1005X40X25LL05T05
Change Physical Footprint: Designator=R42 Old Footprint=RESC1005X40X25LL05T05 New Footprint=RESC1005X40X25LL05T05
Change Physical Footprint: Designator=R45 Old Footprint=RESC1005X40X25LL05T05 New Footprint=RESC1005X40X25LL05T05
Change Physical Footprint: Designator=R46 Old Footprint=RESC1005X40X25LL05T05 New Footprint=RESC1005X40X25LL05T05
Change Physical Footprint: Designator=R49 Old Footprint=RESC1005X40X25LL05T05 New Footprint=RESC1005X40X25LL05T05
Change Physical Footprint: Designator=R51 Old Footprint=RESC1005X40X25LL05T05 New Footprint=RESC1005X40X25LL05T05
Change Physical Footprint: Designator=R53 Old Footprint=RESC1005X40X25LL05T05 New Footprint=RESC1005X40X25LL05T05
Change Physical Footprint: Designator=R56 Old Footprint=RESC1005X40X25LL05T05 New Footprint=RESC1005X40X25LL05T05
Change Physical Footprint: Designator=R57 Old Footprint=RESC0402(1005)_L New Footprint=RESC0402(1005)_L
Change Physical Footprint: Designator=R60 Old Footprint=RESC1608X55X25LL10T15 New Footprint=RESC1608X55X25LL10T15
Change Physical Footprint: Designator=R61 Old Footprint=RESC1005X40X25LL05T05 New Footprint=RESC1005X40X25LL05T05
Change Physical Footprint: Designator=R74 Old Footprint=RESC1608X55X25LL10T15 New Footprint=RESC1608X55X25LL10T15
Change Physical Footprint: Designator=R78 Old Footprint=RESC1005X40X25LL05T05 New Footprint=RESC1005X40X25LL05T05
Change Physical Footprint: Designator=R80 Old Footprint=RESC1608X55X25LL10T15 New Footprint=RESC1608X55X25LL10T15
Change Physical Footprint: Designator=R83A Old Footprint=RESC1608X55X25NL10T15 New Footprint=RESC1608X55X25NL10T15
Change Physical Footprint: Designator=R84B Old Footprint=RESC1608X55X25NL10T15 New Footprint=RESC1608X55X25NL10T15
Change Physical Footprint: Designator=R89A Old Footprint=FP-RT0603-MFG New Footprint=FP-RT0603-MFG
Change Physical Footprint: Designator=R89B Old Footprint=FP-RT0603-MFG New Footprint=FP-RT0603-MFG
Change Physical Footprint: Designator=R90A Old Footprint=FP-RT0603-IPC_B New Footprint=FP-RT0603-IPC_B
Change Physical Footprint: Designator=R90B Old Footprint=FP-RT0603-IPC_B New Footprint=FP-RT0603-IPC_B
Change Physical Footprint: Designator=R91A Old Footprint=FP-RT0603-IPC_B New Footprint=FP-RT0603-IPC_B
Change Physical Footprint: Designator=R91B Old Footprint=FP-RT0603-IPC_B New Footprint=FP-RT0603-IPC_B
Change Physical Footprint: Designator=R92A Old Footprint=FP-RT0603-IPC_B New Footprint=FP-RT0603-IPC_B
Change Physical Footprint: Designator=R92B Old Footprint=FP-RT0603-IPC_B New Footprint=FP-RT0603-IPC_B
Change Physical Footprint: Designator=R93A Old Footprint=FP-RT0603-IPC_B New Footprint=FP-RT0603-IPC_B
Change Physical Footprint: Designator=R93B Old Footprint=FP-RT0603-IPC_B New Footprint=FP-RT0603-IPC_B
Change Physical Footprint: Designator=R94A Old Footprint=FP-RT0603-IPC_B New Footprint=FP-RT0603-IPC_B
Change Physical Footprint: Designator=R94B Old Footprint=FP-RT0603-IPC_B New Footprint=FP-RT0603-IPC_B
Change Physical Footprint: Designator=R99 Old Footprint=RESC1005X40X25LL05T05 New Footprint=RESC1005X40X25LL05T05
Change Physical Footprint: Designator=R113 Old Footprint=RESC1609X50X30NL10T20 New Footprint=RESC1609X50X30NL10T20
Change Physical Footprint: Designator=R115 Old Footprint=RESC1005X40X25NL05T05 New Footprint=RESC1005X40X25NL05T05
Change Physical Footprint: Designator=R132 Old Footprint=RESC1005X40X25NL05T05 New Footprint=RESC1005X40X25NL05T05
Change Physical Footprint: Designator=U3 Old Footprint=FP-511DD-MFG New Footprint=FP-511DD-MFG
Change Physical Footprint: Designator=U6 Old Footprint=LT6105 New Footprint=LT6105
Change Physical Footprint: Designator=U8 Old Footprint=FP-511DD-MFG New Footprint=FP-511DD-MFG
Change Physical Footprint: Designator=U11B Old Footprint=2-FLATPAK New Footprint=2-FLATPAK
Change Physical Footprint: Designator=U18 Old Footprint=FP-RSE0010A-MFG New Footprint=FP-RSE0010A-MFG
Change Physical Footprint: Designator=U26 Old Footprint=AD7779 New Footprint=AD7779
Change Physical Footprint: Designator=U27 Old Footprint=FP-511DD-MFG New Footprint=FP-511DD-MFG
Change Physical Footprint: Designator=X1 Old Footprint=ABRA-ABM8G_V New Footprint=ABRA-ABM8G_V
