Change Component Designator: OldDesignator=C38_MC1 NewDesignator=C38A
Change Component Designator: OldDesignator=C38_MC2 NewDesignator=C38B
Change Component Designator: OldDesignator=C39_MC1 NewDesignator=C39A
Change Component Designator: OldDesignator=C39_MC2 NewDesignator=C39B
Change Component Designator: OldDesignator=C41_MC1 NewDesignator=C41A
Change Component Designator: OldDesignator=C41_MC2 NewDesignator=C41B
Change Component Designator: OldDesignator=C43_MC1 NewDesignator=C43A
Change Component Designator: OldDesignator=C43_MC2 NewDesignator=C43B
Change Component Designator: OldDesignator=C44_MC1 NewDesignator=C44A
Change Component Designator: OldDesignator=C44_MC2 NewDesignator=C44B
Change Component Designator: OldDesignator=C45_MC1 NewDesignator=C45A
Change Component Designator: OldDesignator=C45_MC2 NewDesignator=C45B
Change Component Designator: OldDesignator=C46_MC1 NewDesignator=C46A
Change Component Designator: OldDesignator=C46_MC2 NewDesignator=C46B
Change Component Designator: OldDesignator=C47_MC1 NewDesignator=C47A
Change Component Designator: OldDesignator=C47_MC2 NewDesignator=C47B
Change Component Designator: OldDesignator=C48_MC1 NewDesignator=C48A
Change Component Designator: OldDesignator=C48_MC2 NewDesignator=C48B
Change Component Designator: OldDesignator=C49_MC1 NewDesignator=C49A
Change Component Designator: OldDesignator=C49_MC2 NewDesignator=C49B
Change Component Designator: OldDesignator=C50_MC1 NewDesignator=C50A
Change Component Designator: OldDesignator=C50_MC2 NewDesignator=C50B
Change Component Designator: OldDesignator=C51_MC1 NewDesignator=C51A
Change Component Designator: OldDesignator=C51_MC2 NewDesignator=C51B
Change Component Designator: OldDesignator=C52_MC1 NewDesignator=C52A
Change Component Designator: OldDesignator=C52_MC2 NewDesignator=C52B
Change Component Designator: OldDesignator=C53_MC1 NewDesignator=C53A
Change Component Designator: OldDesignator=C53_MC2 NewDesignator=C53B
Change Component Designator: OldDesignator=C54_MC1 NewDesignator=C54A
Change Component Designator: OldDesignator=C54_MC2 NewDesignator=C54B
Change Component Designator: OldDesignator=C55_MC1 NewDesignator=C55A
Change Component Designator: OldDesignator=C55_MC2 NewDesignator=C55B
Change Component Designator: OldDesignator=C61_MC1 NewDesignator=C61A
Change Component Designator: OldDesignator=C61_MC2 NewDesignator=C61B
Change Component Designator: OldDesignator=C62_MC1 NewDesignator=C62A
Change Component Designator: OldDesignator=C62_MC2 NewDesignator=C62B
Change Component Designator: OldDesignator=C110_MF1 NewDesignator=C110A
Change Component Designator: OldDesignator=C110_MF2 NewDesignator=C110B
Change Component Designator: OldDesignator=C110_MF3 NewDesignator=C110C
Change Component Designator: OldDesignator=C110_MF4 NewDesignator=C110D
Change Component Designator: OldDesignator=C110_MF5 NewDesignator=C110E
Change Component Designator: OldDesignator=C110_MF6 NewDesignator=C110F
Change Component Designator: OldDesignator=C110_MF7 NewDesignator=C110G
Change Component Designator: OldDesignator=C110_MF8 NewDesignator=C110H
Change Component Designator: OldDesignator=C111_MF1 NewDesignator=C111A
Change Component Designator: OldDesignator=C111_MF2 NewDesignator=C111B
Change Component Designator: OldDesignator=C111_MF3 NewDesignator=C111C
Change Component Designator: OldDesignator=C111_MF4 NewDesignator=C111D
Change Component Designator: OldDesignator=C111_MF5 NewDesignator=C111E
Change Component Designator: OldDesignator=C111_MF6 NewDesignator=C111F
Change Component Designator: OldDesignator=C111_MF7 NewDesignator=C111G
Change Component Designator: OldDesignator=C111_MF8 NewDesignator=C111H
Change Component Designator: OldDesignator=C112_MF1 NewDesignator=C112A
Change Component Designator: OldDesignator=C112_MF2 NewDesignator=C112B
Change Component Designator: OldDesignator=C112_MF3 NewDesignator=C112C
Change Component Designator: OldDesignator=C112_MF4 NewDesignator=C112D
Change Component Designator: OldDesignator=C112_MF5 NewDesignator=C112E
Change Component Designator: OldDesignator=C112_MF6 NewDesignator=C112F
Change Component Designator: OldDesignator=C112_MF7 NewDesignator=C112G
Change Component Designator: OldDesignator=C112_MF8 NewDesignator=C112H
Change Component Designator: OldDesignator=C113_LCF1 NewDesignator=C113A
Change Component Designator: OldDesignator=C113_LCF2 NewDesignator=C113B
Change Component Designator: OldDesignator=C114_LCF1 NewDesignator=C114A
Change Component Designator: OldDesignator=C114_LCF2 NewDesignator=C114B
Change Component Designator: OldDesignator=C115_LCF1 NewDesignator=C115A
Change Component Designator: OldDesignator=C115_LCF2 NewDesignator=C115B
Change Component Designator: OldDesignator=L2_LCF1 NewDesignator=L2A
Change Component Designator: OldDesignator=L2_LCF2 NewDesignator=L2B
Change Component Designator: OldDesignator=P4_MC1 NewDesignator=P4A
Change Component Designator: OldDesignator=P4_MC2 NewDesignator=P4B
Change Component Designator: OldDesignator=Q2_MC1 NewDesignator=Q2A
Change Component Designator: OldDesignator=Q2_MC2 NewDesignator=Q2B
Change Component Designator: OldDesignator=Q3_MC1 NewDesignator=Q3A
Change Component Designator: OldDesignator=Q3_MC2 NewDesignator=Q3B
Change Component Designator: OldDesignator=R81_MC1 NewDesignator=R81A
Change Component Designator: OldDesignator=R81_MC2 NewDesignator=R81B
Change Component Designator: OldDesignator=R82_MC1 NewDesignator=R82A
Change Component Designator: OldDesignator=R82_MC2 NewDesignator=R82B
Change Component Designator: OldDesignator=R83_MC1 NewDesignator=R83A
Change Component Designator: OldDesignator=R83_MC2 NewDesignator=R83B
Change Component Designator: OldDesignator=R84_MC1 NewDesignator=R84A
Change Component Designator: OldDesignator=R84_MC2 NewDesignator=R84B
Change Component Designator: OldDesignator=R85_MC1 NewDesignator=R85A
Change Component Designator: OldDesignator=R85_MC2 NewDesignator=R85B
Change Component Designator: OldDesignator=R86_MC1 NewDesignator=R86A
Change Component Designator: OldDesignator=R86_MC2 NewDesignator=R86B
Change Component Designator: OldDesignator=R87_MC1 NewDesignator=R87A
Change Component Designator: OldDesignator=R87_MC2 NewDesignator=R87B
Change Component Designator: OldDesignator=R88_MC1 NewDesignator=R88A
Change Component Designator: OldDesignator=R88_MC2 NewDesignator=R88B
Change Component Designator: OldDesignator=R89_MC1 NewDesignator=R89A
Change Component Designator: OldDesignator=R89_MC2 NewDesignator=R89B
Change Component Designator: OldDesignator=R90_MC1 NewDesignator=R90A
Change Component Designator: OldDesignator=R90_MC2 NewDesignator=R90B
Change Component Designator: OldDesignator=R91_MC1 NewDesignator=R91A
Change Component Designator: OldDesignator=R91_MC2 NewDesignator=R91B
Change Component Designator: OldDesignator=R92_MC1 NewDesignator=R92A
Change Component Designator: OldDesignator=R92_MC2 NewDesignator=R92B
Change Component Designator: OldDesignator=R93_MC1 NewDesignator=R93A
Change Component Designator: OldDesignator=R93_MC2 NewDesignator=R93B
Change Component Designator: OldDesignator=R94_MC1 NewDesignator=R94A
Change Component Designator: OldDesignator=R94_MC2 NewDesignator=R94B
Change Component Designator: OldDesignator=R95_MC1 NewDesignator=R95A
Change Component Designator: OldDesignator=R95_MC2 NewDesignator=R95B
Change Component Designator: OldDesignator=R96_MC1 NewDesignator=R96A
Change Component Designator: OldDesignator=R96_MC2 NewDesignator=R96B
Change Component Designator: OldDesignator=R97_MC1 NewDesignator=R97A
Change Component Designator: OldDesignator=R97_MC2 NewDesignator=R97B
Change Component Designator: OldDesignator=R98_MC1 NewDesignator=R98A
Change Component Designator: OldDesignator=R98_MC2 NewDesignator=R98B
Change Component Designator: OldDesignator=R133_MF1 NewDesignator=R133A
Change Component Designator: OldDesignator=R133_MF2 NewDesignator=R133B
Change Component Designator: OldDesignator=R133_MF3 NewDesignator=R133C
Change Component Designator: OldDesignator=R133_MF4 NewDesignator=R133D
Change Component Designator: OldDesignator=R133_MF5 NewDesignator=R133E
Change Component Designator: OldDesignator=R133_MF6 NewDesignator=R133F
Change Component Designator: OldDesignator=R133_MF7 NewDesignator=R133G
Change Component Designator: OldDesignator=R133_MF8 NewDesignator=R133H
Change Component Designator: OldDesignator=R134_MF1 NewDesignator=R134A
Change Component Designator: OldDesignator=R134_MF2 NewDesignator=R134B
Change Component Designator: OldDesignator=R134_MF3 NewDesignator=R134C
Change Component Designator: OldDesignator=R134_MF4 NewDesignator=R134D
Change Component Designator: OldDesignator=R134_MF5 NewDesignator=R134E
Change Component Designator: OldDesignator=R134_MF6 NewDesignator=R134F
Change Component Designator: OldDesignator=R134_MF7 NewDesignator=R134G
Change Component Designator: OldDesignator=R134_MF8 NewDesignator=R134H
Change Component Designator: OldDesignator=R135_LCF1 NewDesignator=R135A
Change Component Designator: OldDesignator=R135_LCF2 NewDesignator=R135B
Change Component Designator: OldDesignator=U9_MC1 NewDesignator=U9A
Change Component Designator: OldDesignator=U9_MC2 NewDesignator=U9B
Change Component Designator: OldDesignator=U10_MC1 NewDesignator=U10A
Change Component Designator: OldDesignator=U10_MC2 NewDesignator=U10B
Change Component Designator: OldDesignator=U11_MC1 NewDesignator=U11A
Change Component Designator: OldDesignator=U11_MC2 NewDesignator=U11B
Change Component Designator: OldDesignator=U12_MC1 NewDesignator=U12A
Change Component Designator: OldDesignator=U12_MC2 NewDesignator=U12B
Change Component Designator: OldDesignator=U13_MC1 NewDesignator=U13A
Change Component Designator: OldDesignator=U13_MC2 NewDesignator=U13B
Change Component Designator: OldDesignator=U14_MC1 NewDesignator=U14A
Change Component Designator: OldDesignator=U14_MC2 NewDesignator=U14B
Change Net Name : Old Net Name=NetC44_MC1_1 New Net Name=NetC44A_1
Change Net Name : Old Net Name=NetC44_MC2_1 New Net Name=NetC44B_1
Change Net Name : Old Net Name=NetC47_MC1_1 New Net Name=NetC47A_1
Change Net Name : Old Net Name=NetC47_MC2_1 New Net Name=NetC47B_1
Change Net Name : Old Net Name=NetC48_MC1_1 New Net Name=NetC48A_1
Change Net Name : Old Net Name=NetC48_MC2_1 New Net Name=NetC48B_1
Change Net Name : Old Net Name=NetC49_MC1_1 New Net Name=NetC49A_1
Change Net Name : Old Net Name=NetC49_MC2_1 New Net Name=NetC49B_1
Change Net Name : Old Net Name=NetC52_MC1_2 New Net Name=NetC52A_2
Change Net Name : Old Net Name=NetC52_MC2_2 New Net Name=NetC52B_2
Change Net Name : Old Net Name=NetC53_MC1_2 New Net Name=NetC53A_2
Change Net Name : Old Net Name=NetC53_MC2_2 New Net Name=NetC53B_2
Change Net Name : Old Net Name=NetC54_MC1_2 New Net Name=NetC54A_2
Change Net Name : Old Net Name=NetC54_MC2_2 New Net Name=NetC54B_2
Change Net Name : Old Net Name=NetC55_MC1_2 New Net Name=NetC55A_2
Change Net Name : Old Net Name=NetC55_MC2_2 New Net Name=NetC55B_2
Change Net Name : Old Net Name=NetC110_MF1_1 New Net Name=NetC110A_1
Change Net Name : Old Net Name=NetC110_MF1_2 New Net Name=NetC110A_2
Change Net Name : Old Net Name=NetC110_MF2_1 New Net Name=NetC110B_1
Change Net Name : Old Net Name=NetC110_MF2_2 New Net Name=NetC110B_2
Change Net Name : Old Net Name=NetC110_MF3_1 New Net Name=NetC110C_1
Change Net Name : Old Net Name=NetC110_MF3_2 New Net Name=NetC110C_2
Change Net Name : Old Net Name=NetC110_MF4_1 New Net Name=NetC110D_1
Change Net Name : Old Net Name=NetC110_MF4_2 New Net Name=NetC110D_2
Change Net Name : Old Net Name=NetC110_MF5_1 New Net Name=NetC110E_1
Change Net Name : Old Net Name=NetC110_MF5_2 New Net Name=NetC110E_2
Change Net Name : Old Net Name=NetC110_MF6_1 New Net Name=NetC110F_1
Change Net Name : Old Net Name=NetC110_MF6_2 New Net Name=NetC110F_2
Change Net Name : Old Net Name=NetC110_MF7_1 New Net Name=NetC110G_1
Change Net Name : Old Net Name=NetC110_MF7_2 New Net Name=NetC110G_2
Change Net Name : Old Net Name=NetC110_MF8_1 New Net Name=NetC110H_1
Change Net Name : Old Net Name=NetC110_MF8_2 New Net Name=NetC110H_2
Change Net Name : Old Net Name=NetC113_LCF2_1 New Net Name=NetC113B_1
Change Net Name : Old Net Name=NetC114_LCF1_2 New Net Name=NetC114A_2
Change Net Name : Old Net Name=NetC114_LCF2_2 New Net Name=NetC114B_2
Change Net Name : Old Net Name=NetQ3_MC1_1 New Net Name=NetQ3A_1
Change Net Name : Old Net Name=NetQ3_MC2_1 New Net Name=NetQ3B_1
Change Net Name : Old Net Name=NetR83_MC1_1 New Net Name=NetR83A_1
Change Net Name : Old Net Name=NetR83_MC2_1 New Net Name=NetR83B_1
Change Net Name : Old Net Name=NetR84_MC1_1 New Net Name=NetR84A_1
Change Net Name : Old Net Name=NetR84_MC2_1 New Net Name=NetR84B_1
Change Net Name : Old Net Name=OUTA_MC1_N New Net Name=OUTAA_N
Change Net Name : Old Net Name=OUTA_MC1_P New Net Name=OUTAA_P
Change Net Name : Old Net Name=OUTA_MC2_N New Net Name=OUTAB_N
Change Net Name : Old Net Name=OUTA_MC2_P New Net Name=OUTAB_P
Change Net Name : Old Net Name=OUTB_MC1_N New Net Name=OUTBA_N
Change Net Name : Old Net Name=OUTB_MC1_P New Net Name=OUTBA_P
Change Net Name : Old Net Name=OUTB_MC2_N New Net Name=OUTBB_N
Change Net Name : Old Net Name=OUTB_MC2_P New Net Name=OUTBB_P
Change Net Name : Old Net Name=OUTC_MC1_N New Net Name=OUTCA_N
Change Net Name : Old Net Name=OUTC_MC1_P New Net Name=OUTCA_P
Change Net Name : Old Net Name=OUTC_MC2_N New Net Name=OUTCB_N
Change Net Name : Old Net Name=OUTC_MC2_P New Net Name=OUTCB_P
Change Net Name : Old Net Name=RESET_MC1 New Net Name=RESETA
Change Net Name : Old Net Name=RESET_MC2 New Net Name=RESETB
Change Net Name : Old Net Name=SET_MC1 New Net Name=SETA
Change Net Name : Old Net Name=SET_MC2 New Net Name=SETB
Change Net Name : Old Net Name=VB_MC1 New Net Name=VBA
Change Net Name : Old Net Name=VB_MC2 New Net Name=VBB
Added Differential Pair: Name=OUTAA
Added Differential Pair: Name=OUTAB
Added Differential Pair: Name=OUTBA
Added Differential Pair: Name=OUTBB
Added Differential Pair: Name=OUTCA
Added Differential Pair: Name=OUTCB
Added Class: Name=ANALOG_DIFF
