Change Component Designator: OldDesignator=C38A NewDesignator=C38B
Change Component Designator: OldDesignator=C38B NewDesignator=C38A
Change Component Designator: OldDesignator=C39A NewDesignator=C39B
Change Component Designator: OldDesignator=C39B NewDesignator=C39A
Change Component Designator: OldDesignator=C41A NewDesignator=C41B
Change Component Designator: OldDesignator=C41B NewDesignator=C41A
Change Component Designator: OldDesignator=C43A NewDesignator=C43B
Change Component Designator: OldDesignator=C43B NewDesignator=C43A
Change Component Designator: OldDesignator=C44A NewDesignator=C44B
Change Component Designator: OldDesignator=C44B NewDesignator=C44A
Change Component Designator: OldDesignator=C45A NewDesignator=C45B
Change Component Designator: OldDesignator=C45B NewDesignator=C45A
Change Component Designator: OldDesignator=C46A NewDesignator=C46B
Change Component Designator: OldDesignator=C46B NewDesignator=C46A
Change Component Designator: OldDesignator=C47A NewDesignator=C47B
Change Component Designator: OldDesignator=C47B NewDesignator=C47A
Change Component Designator: OldDesignator=C48A NewDesignator=C48B
Change Component Designator: OldDesignator=C48B NewDesignator=C48A
Change Component Designator: OldDesignator=C49A NewDesignator=C49B
Change Component Designator: OldDesignator=C49B NewDesignator=C49A
Change Component Designator: OldDesignator=C50A NewDesignator=C50B
Change Component Designator: OldDesignator=C50B NewDesignator=C50A
Change Component Designator: OldDesignator=C51A NewDesignator=C51B
Change Component Designator: OldDesignator=C51B NewDesignator=C51A
Change Component Designator: OldDesignator=C61A NewDesignator=C61B
Change Component Designator: OldDesignator=C61B NewDesignator=C61A
Change Component Designator: OldDesignator=C62A NewDesignator=C62B
Change Component Designator: OldDesignator=C62B NewDesignator=C62A
Change Component Designator: OldDesignator=P4A NewDesignator=P4B
Change Component Designator: OldDesignator=P4B NewDesignator=P4A
Change Component Designator: OldDesignator=Q2A NewDesignator=Q2B
Change Component Designator: OldDesignator=Q2B NewDesignator=Q2A
Change Component Designator: OldDesignator=Q3A NewDesignator=Q3B
Change Component Designator: OldDesignator=Q3B NewDesignator=Q3A
Change Component Designator: OldDesignator=R81A NewDesignator=R81B
Change Component Designator: OldDesignator=R81B NewDesignator=R81A
Change Component Designator: OldDesignator=R82A NewDesignator=R82B
Change Component Designator: OldDesignator=R82B NewDesignator=R82A
Change Component Designator: OldDesignator=R83A NewDesignator=R83B
Change Component Designator: OldDesignator=R83B NewDesignator=R83A
Change Component Designator: OldDesignator=R84A NewDesignator=R84B
Change Component Designator: OldDesignator=R84B NewDesignator=R84A
Change Component Designator: OldDesignator=R85A NewDesignator=R85B
Change Component Designator: OldDesignator=R85B NewDesignator=R85A
Change Component Designator: OldDesignator=R86A NewDesignator=R86B
Change Component Designator: OldDesignator=R86B NewDesignator=R86A
Change Component Designator: OldDesignator=R87A NewDesignator=R87B
Change Component Designator: OldDesignator=R87B NewDesignator=R87A
Change Component Designator: OldDesignator=R88A NewDesignator=R88B
Change Component Designator: OldDesignator=R88B NewDesignator=R88A
Change Component Designator: OldDesignator=R89A NewDesignator=R89B
Change Component Designator: OldDesignator=R89B NewDesignator=R89A
Change Component Designator: OldDesignator=R90A NewDesignator=R90B
Change Component Designator: OldDesignator=R90B NewDesignator=R90A
Change Component Designator: OldDesignator=R91A NewDesignator=R91B
Change Component Designator: OldDesignator=R91B NewDesignator=R91A
Change Component Designator: OldDesignator=R92A NewDesignator=R92B
Change Component Designator: OldDesignator=R92B NewDesignator=R92A
Change Component Designator: OldDesignator=R93A NewDesignator=R93B
Change Component Designator: OldDesignator=R93B NewDesignator=R93A
Change Component Designator: OldDesignator=R94A NewDesignator=R94B
Change Component Designator: OldDesignator=R94B NewDesignator=R94A
Change Component Designator: OldDesignator=R95A NewDesignator=R95B
Change Component Designator: OldDesignator=R95B NewDesignator=R95A
Change Component Designator: OldDesignator=R96A NewDesignator=R96B
Change Component Designator: OldDesignator=R96B NewDesignator=R96A
Change Component Designator: OldDesignator=R97A NewDesignator=R97B
Change Component Designator: OldDesignator=R97B NewDesignator=R97A
Change Component Designator: OldDesignator=R98A NewDesignator=R98B
Change Component Designator: OldDesignator=R98B NewDesignator=R98A
Change Component Designator: OldDesignator=U9A NewDesignator=U9B
Change Component Designator: OldDesignator=U9B NewDesignator=U9A
Change Component Designator: OldDesignator=U10A NewDesignator=U10B
Change Component Designator: OldDesignator=U10B NewDesignator=U10A
Change Component Designator: OldDesignator=U11A NewDesignator=U11B
Change Component Designator: OldDesignator=U11B NewDesignator=U11A
Change Component Designator: OldDesignator=U12A NewDesignator=U12B
Change Component Designator: OldDesignator=U12B NewDesignator=U12A
Change Component Designator: OldDesignator=U13A NewDesignator=U13B
Change Component Designator: OldDesignator=U13B NewDesignator=U13A
Change Component Designator: OldDesignator=U14A NewDesignator=U14B
Change Component Designator: OldDesignator=U14B NewDesignator=U14A
Change Net Name : Old Net Name=NetC44A_1 New Net Name=NetC44B_1
Change Net Name : Old Net Name=NetC44B_1 New Net Name=NetC44A_1
Change Net Name : Old Net Name=NetC47A_1 New Net Name=NetC47B_1
Change Net Name : Old Net Name=NetC47B_1 New Net Name=NetC47A_1
Change Net Name : Old Net Name=NetC48A_1 New Net Name=NetC48B_1
Change Net Name : Old Net Name=NetC48B_1 New Net Name=NetC48A_1
Change Net Name : Old Net Name=NetC49A_1 New Net Name=NetC49B_1
Change Net Name : Old Net Name=NetC49B_1 New Net Name=NetC49A_1
Change Net Name : Old Net Name=NetQ3A_1 New Net Name=NetQ3B_1
Change Net Name : Old Net Name=NetQ3B_1 New Net Name=NetQ3A_1
Change Net Name : Old Net Name=NetR83A_1 New Net Name=NetR83B_1
Change Net Name : Old Net Name=NetR83B_1 New Net Name=NetR83A_1
Change Net Name : Old Net Name=NetR84A_1 New Net Name=NetR84B_1
Change Net Name : Old Net Name=NetR84B_1 New Net Name=NetR84A_1
Change Net Name : Old Net Name=NetR88A_1 New Net Name=NetR88B_1
Change Net Name : Old Net Name=NetR88B_1 New Net Name=NetR88A_1
Change Net Name : Old Net Name=NetR92A_2 New Net Name=NetR92B_2
Change Net Name : Old Net Name=NetR92B_2 New Net Name=NetR92A_2
Change Net Name : Old Net Name=NetR93A_2 New Net Name=NetR93B_2
Change Net Name : Old Net Name=NetR93B_2 New Net Name=NetR93A_2
Change Net Name : Old Net Name=NetR94A_2 New Net Name=NetR94B_2
Change Net Name : Old Net Name=NetR94B_2 New Net Name=NetR94A_2
Change Net Name : Old Net Name=OUTAA_N New Net Name=OUTAB_N
Change Net Name : Old Net Name=OUTAA_P New Net Name=OUTAB_P
Change Net Name : Old Net Name=OUTAB_N New Net Name=OUTAA_N
Change Net Name : Old Net Name=OUTAB_P New Net Name=OUTAA_P
Change Net Name : Old Net Name=OUTBA_N New Net Name=OUTBB_N
Change Net Name : Old Net Name=OUTBA_P New Net Name=OUTBB_P
Change Net Name : Old Net Name=OUTBB_N New Net Name=OUTBA_N
Change Net Name : Old Net Name=OUTBB_P New Net Name=OUTBA_P
Change Net Name : Old Net Name=OUTCA_N New Net Name=OUTCB_N
Change Net Name : Old Net Name=OUTCA_P New Net Name=OUTCB_P
Change Net Name : Old Net Name=OUTCB_N New Net Name=OUTCA_N
Change Net Name : Old Net Name=OUTCB_P New Net Name=OUTCA_P
Change Net Name : Old Net Name=RESETA New Net Name=RESETB
Change Net Name : Old Net Name=RESETB New Net Name=RESETA
Change Net Name : Old Net Name=SETA New Net Name=SETB
Change Net Name : Old Net Name=SETB New Net Name=SETA
Change Net Name : Old Net Name=VBA New Net Name=VBB
Change Net Name : Old Net Name=VBB New Net Name=VBA
Change Net Name : Old Net Name=VsrA New Net Name=VsrB
Change Net Name : Old Net Name=VsrB New Net Name=VsrA
