Removed Pin From Net: NetName=DGND Pin=C43A-1
Removed Pin From Net: NetName=DGND Pin=C43B-1
Change Component Footprint: Designator=R85A Old Footprint=RESC1609X55X30NL10T20 New Footprint=RESC1609X55X30LL10T20
Change Component Footprint: Designator=R85B Old Footprint=RESC1609X55X30NL10T20 New Footprint=RESC1609X55X30LL10T20
Change Component Footprint: Designator=R86A Old Footprint=RESC1609X55X30NL10T20 New Footprint=RESC1609X55X30LL10T20
Change Component Footprint: Designator=R86B Old Footprint=RESC1609X55X30NL10T20 New Footprint=RESC1609X55X30LL10T20
Change Component Footprint: Designator=R87A Old Footprint=RESC1609X55X30NL10T20 New Footprint=RESC1609X55X30LL10T20
Change Component Footprint: Designator=R87B Old Footprint=RESC1609X55X30NL10T20 New Footprint=RESC1609X55X30LL10T20
Change Component Footprint: Designator=R96A Old Footprint=RESC1609X55X30NL10T20 New Footprint=RESC1609X55X30LL10T20
Change Component Footprint: Designator=R96B Old Footprint=RESC1609X55X30NL10T20 New Footprint=RESC1609X55X30LL10T20
Change Component Footprint: Designator=R97A Old Footprint=RESC1609X55X30NL10T20 New Footprint=RESC1609X55X30LL10T20
Change Component Footprint: Designator=R97B Old Footprint=RESC1609X55X30NL10T20 New Footprint=RESC1609X55X30LL10T20
Change Component Footprint: Designator=R98A Old Footprint=RESC1609X55X30NL10T20 New Footprint=RESC1609X55X30LL10T20
Change Component Footprint: Designator=R98B Old Footprint=RESC1609X55X30NL10T20 New Footprint=RESC1609X55X30LL10T20
Added Component: Designator=J5(GECK10-dup)
Add component (AddParameter): Name = "Category"; Value = "Headers and Wire Housings"; VariantName = "[No Variations]"
Add component (AddParameter): Name = "Color"; Value = "Green"; VariantName = "[No Variations]"
Add component (AddParameter): Name = "ComponentLink1Description"; Value = "http://www.mouser.com/ds/2/181/C125XX_G125_Gecko_Connectors-1131202.pdf?src-supplier=Mouser"; VariantName = "[No Variations]"
Add component (AddParameter): Name = "ComponentLink1URL"; Value = "http://www.mouser.com/ds/2/181/C125XX_G125_Gecko_Connectors-1131202.pdf?src-supplier=Mouser"; VariantName = "[No Variations]"
Add component (AddParameter): Name = "ComponentLink2Description"; Value = "https://cdn.harwin.com/pdfs/G125-MVXXX05LXP.pdf?src-supplier=Digi-Key"; VariantName = "[No Variations]"
Add component (AddParameter): Name = "ComponentLink2URL"; Value = "https://cdn.harwin.com/pdfs/G125-MVXXX05LXP.pdf?src-supplier=Digi-Key"; VariantName = "[No Variations]"
Add component (AddParameter): Name = "Connector Type"; Value = "Pin,Male Pin"; VariantName = "[No Variations]"
Add component (AddParameter): Name = "Contact Material"; Value = "Bronze"; VariantName = "[No Variations]"
Add component (AddParameter): Name = "Contact Plating"; Value = "Gold"; VariantName = "[No Variations]"
Add component (AddParameter): Name = "Current Rating"; Value = "2A"; VariantName = "[No Variations]"
Add component (AddParameter): Name = "Fastening Type"; Value = "Latch"; VariantName = "[No Variations]"
Add component (AddParameter): Name = "Flammability Rating"; Value = "UL94 V-0"; VariantName = "[No Variations]"
Add component (AddParameter): Name = "Housing Material"; Value = "Polyamide"; VariantName = "[No Variations]"
Add component (AddParameter): Name = "Insulation Resistance"; Value = "10GR"; VariantName = "[No Variations]"
Add component (AddParameter): Name = "Manufacturer 1"; Value = "Harwin"; VariantName = "[No Variations]"
Add component (AddParameter): Name = "Manufacturer Part Number 1"; Value = "G125-MV11005L1P"; VariantName = "[No Variations]"
Add component (AddParameter): Name = "Max Operating Temperature"; Value = "150°C"; VariantName = "[No Variations]"
Add component (AddParameter): Name = "Min Operating Temperature"; Value = "-65°C"; VariantName = "[No Variations]"
Add component (AddParameter): Name = "Mount"; Value = "Through Hole"; VariantName = "[No Variations]"
Add component (AddParameter): Name = "Number of Positions"; Value = "10"; VariantName = "[No Variations]"
Add component (AddParameter): Name = "Number of Rows"; Value = "2"; VariantName = "[No Variations]"
Add component (AddParameter): Name = "Package Quantity"; Value = "1"; VariantName = "[No Variations]"
Add component (AddParameter): Name = "Packaging"; Value = "Cut Strip"; VariantName = "[No Variations]"
Add component (AddParameter): Name = "Pitch"; Value = "0.049inch"; VariantName = "[No Variations]"
Add component (AddParameter): Name = "Pricing 1"; Value = "1=4.73000, 10=4.53800, 100=3.78200, 500=3.21470, 1000=2.74195, 5000=2.45830 (USD)"; VariantName = "[No Variations]"
Add component (AddParameter): Name = "RoHS"; Value = "Yes"; VariantName = "[No Variations]"
Add component (AddParameter): Name = "Row Spacing"; Value = "0.049inch"; VariantName = "[No Variations]"
Add component (AddParameter): Name = "Stock 1"; Value = "486"; VariantName = "[No Variations]"
Add component (AddParameter): Name = "Supplier 1"; Value = "Digi-Key"; VariantName = "[No Variations]"
Add component (AddParameter): Name = "Supplier Part Number 1"; Value = "952-2809-ND"; VariantName = "[No Variations]"
Add component (AddParameter): Name = "Termination"; Value = "Solder"; VariantName = "[No Variations]"
Add component (AddParameter): Name = "Voltage Rating"; Value = "450V"; VariantName = "[No Variations]"
Add component (AddParameter): Name = "Weight"; Value = "0.010864oz"; VariantName = "[No Variations]"
Added Component: Designator=U2(LT6105)
Add component (AddParameter): Name = "ComponentLink1Description"; Value = "Datasheet"; VariantName = "[No Variations]"
Add component (AddParameter): Name = "ComponentLink1URL"; Value = "https://www.analog.com/media/en/technical-documentation/data-sheets/6105fa.pdf"; VariantName = "[No Variations]"
Added Component: Designator=U3(FP-511DD-MFG)
Add component (AddParameter): Name = "Ambient Temperature Range High"; Value = "+85°C"; VariantName = "[No Variations]"
Add component (AddParameter): Name = "Ambient Temperature Range Low"; Value = "-40°C"; VariantName = "[No Variations]"
Add component (AddParameter): Name = "Automotive"; Value = "No"; VariantName = "[No Variations]"
Add component (AddParameter): Name = "Category"; Value = "IC"; VariantName = "[No Variations]"
Add component (AddParameter): Name = "ComponentLink2Description"; Value = "Datasheet"; VariantName = "[No Variations]"
Add component (AddParameter): Name = "ComponentLink2URL"; Value = "https://www.onsemi.com/pub/Collateral/FPF2702-D.pdf"; VariantName = "[No Variations]"
Add component (AddParameter): Name = "Device Class L1"; Value = "Integrated Circuits (ICs)"; VariantName = "[No Variations]"
Add component (AddParameter): Name = "Device Class L2"; Value = "Power Management ICs"; VariantName = "[No Variations]"
Add component (AddParameter): Name = "Device Class L3"; Value = "Gate Drivers"; VariantName = "[No Variations]"
Add component (AddParameter): Name = "Digikey Description"; Value = "IC LOAD SWITCH 0.4-2A OCP 8MLP"; VariantName = "[No Variations]"
Add component (AddParameter): Name = "Fall Time"; Value = "1.5ms"; VariantName = "[No Variations]"
Add component (AddParameter): Name = "Footprint Url"; Value = "https://www.onsemi.com/pub/Collateral/511DD.PDF"; VariantName = "[No Variations]"
Add component (AddParameter): Name = "Height"; Value = "0.8mm"; VariantName = "[No Variations]"
Add component (AddParameter): Name = "Ipc Land Pattern Name"; Value = "DFN300X300X80-8"; VariantName = "[No Variations]"
Add component (AddParameter): Name = "Lead Free"; Value = "Yes"; VariantName = "[No Variations]"
Add component (AddParameter): Name = "Manufacturer"; Value = "ON Semiconductor"; VariantName = "[No Variations]"
Add component (AddParameter): Name = "Manufacturer Part Number"; Value = "FPF2701MPX"; VariantName = "[No Variations]"
Add component (AddParameter): Name = "Max Junction Temp"; Value = "+125°C"; VariantName = "[No Variations]"
Add component (AddParameter): Name = "Max Power Dissipation"; Value = "1.25W"; VariantName = "[No Variations]"
Add component (AddParameter): Name = "Max Supply Voltage"; Value = "36V"; VariantName = "[No Variations]"
Add component (AddParameter): Name = "Min Supply Voltage"; Value = "2.8V"; VariantName = "[No Variations]"
Add component (AddParameter): Name = "Mouser Description"; Value = "Power Switch ICs - Power Distribution AccuPower Advanced Load Mngmnt Products"; VariantName = "[No Variations]"
Add component (AddParameter): Name = "Nominal Supply Current"; Value = "92uA"; VariantName = "[No Variations]"
Add component (AddParameter): Name = "Number Of Outputs"; Value = "1"; VariantName = "[No Variations]"
Add component (AddParameter): Name = "Octopart"; Value = "https://octopart.com/fpf2701mpx-on+semiconductor-84327806"; VariantName = "[No Variations]"
Add component (AddParameter): Name = "Output Current"; Value = "0.4-2A"; VariantName = "[No Variations]"
Add component (AddParameter): Name = "Package"; Value = "511DD"; VariantName = "[No Variations]"
Add component (AddParameter): Name = "Rise Time"; Value = "7.5ms"; VariantName = "[No Variations]"
Add component (AddParameter): Name = "RoHS"; Value = "TRUE"; VariantName = "[No Variations]"
Add component (AddParameter): Name = "Standoff Height"; Value = "0mm"; VariantName = "[No Variations]"
Add component (AddParameter): Name = "Temperature"; Value = "-40°C to +125°C"; VariantName = "[No Variations]"
Add component (AddParameter): Name = "Temperature Range High"; Value = "+125°C"; VariantName = "[No Variations]"
Add component (AddParameter): Name = "Temperature Range Low"; Value = "-40°C"; VariantName = "[No Variations]"
Add component (AddParameter): Name = "Turn Off Delay Time"; Value = "0.1ms"; VariantName = "[No Variations]"
Add component (AddParameter): Name = "Turn On Delay Time"; Value = "2.7ms"; VariantName = "[No Variations]"
Added Component: Designator=U6(LT6105)
Add component (AddParameter): Name = "ComponentLink1Description"; Value = "Datasheet"; VariantName = "[No Variations]"
Add component (AddParameter): Name = "ComponentLink1URL"; Value = "https://www.analog.com/media/en/technical-documentation/data-sheets/6105fa.pdf"; VariantName = "[No Variations]"
Added Component: Designator=U8(FP-511DD-MFG)
Add component (AddParameter): Name = "Ambient Temperature Range High"; Value = "+85°C"; VariantName = "[No Variations]"
Add component (AddParameter): Name = "Ambient Temperature Range Low"; Value = "-40°C"; VariantName = "[No Variations]"
Add component (AddParameter): Name = "Automotive"; Value = "No"; VariantName = "[No Variations]"
Add component (AddParameter): Name = "Category"; Value = "IC"; VariantName = "[No Variations]"
Add component (AddParameter): Name = "ComponentLink2Description"; Value = "Datasheet"; VariantName = "[No Variations]"
Add component (AddParameter): Name = "ComponentLink2URL"; Value = "https://www.onsemi.com/pub/Collateral/FPF2702-D.pdf"; VariantName = "[No Variations]"
Add component (AddParameter): Name = "Device Class L1"; Value = "Integrated Circuits (ICs)"; VariantName = "[No Variations]"
Add component (AddParameter): Name = "Device Class L2"; Value = "Power Management ICs"; VariantName = "[No Variations]"
Add component (AddParameter): Name = "Device Class L3"; Value = "Gate Drivers"; VariantName = "[No Variations]"
Add component (AddParameter): Name = "Digikey Description"; Value = "IC LOAD SWITCH 0.4-2A OCP 8MLP"; VariantName = "[No Variations]"
Add component (AddParameter): Name = "Fall Time"; Value = "1.5ms"; VariantName = "[No Variations]"
Add component (AddParameter): Name = "Footprint Url"; Value = "https://www.onsemi.com/pub/Collateral/511DD.PDF"; VariantName = "[No Variations]"
Add component (AddParameter): Name = "Height"; Value = "0.8mm"; VariantName = "[No Variations]"
Add component (AddParameter): Name = "Ipc Land Pattern Name"; Value = "DFN300X300X80-8"; VariantName = "[No Variations]"
Add component (AddParameter): Name = "Lead Free"; Value = "Yes"; VariantName = "[No Variations]"
Add component (AddParameter): Name = "Manufacturer"; Value = "ON Semiconductor"; VariantName = "[No Variations]"
Add component (AddParameter): Name = "Manufacturer Part Number"; Value = "FPF2701MPX"; VariantName = "[No Variations]"
Add component (AddParameter): Name = "Max Junction Temp"; Value = "+125°C"; VariantName = "[No Variations]"
Add component (AddParameter): Name = "Max Power Dissipation"; Value = "1.25W"; VariantName = "[No Variations]"
Add component (AddParameter): Name = "Max Supply Voltage"; Value = "36V"; VariantName = "[No Variations]"
Add component (AddParameter): Name = "Min Supply Voltage"; Value = "2.8V"; VariantName = "[No Variations]"
Add component (AddParameter): Name = "Mouser Description"; Value = "Power Switch ICs - Power Distribution AccuPower Advanced Load Mngmnt Products"; VariantName = "[No Variations]"
Add component (AddParameter): Name = "Nominal Supply Current"; Value = "92uA"; VariantName = "[No Variations]"
Add component (AddParameter): Name = "Number Of Outputs"; Value = "1"; VariantName = "[No Variations]"
Add component (AddParameter): Name = "Octopart"; Value = "https://octopart.com/fpf2701mpx-on+semiconductor-84327806"; VariantName = "[No Variations]"
Add component (AddParameter): Name = "Output Current"; Value = "0.4-2A"; VariantName = "[No Variations]"
Add component (AddParameter): Name = "Package"; Value = "511DD"; VariantName = "[No Variations]"
Add component (AddParameter): Name = "Rise Time"; Value = "7.5ms"; VariantName = "[No Variations]"
Add component (AddParameter): Name = "RoHS"; Value = "TRUE"; VariantName = "[No Variations]"
Add component (AddParameter): Name = "Standoff Height"; Value = "0mm"; VariantName = "[No Variations]"
Add component (AddParameter): Name = "Temperature"; Value = "-40°C to +125°C"; VariantName = "[No Variations]"
Add component (AddParameter): Name = "Temperature Range High"; Value = "+125°C"; VariantName = "[No Variations]"
Add component (AddParameter): Name = "Temperature Range Low"; Value = "-40°C"; VariantName = "[No Variations]"
Add component (AddParameter): Name = "Turn Off Delay Time"; Value = "0.1ms"; VariantName = "[No Variations]"
Add component (AddParameter): Name = "Turn On Delay Time"; Value = "2.7ms"; VariantName = "[No Variations]"
Added Component: Designator=U27(FP-511DD-MFG)
Add component (AddParameter): Name = "Ambient Temperature Range High"; Value = "+85°C"; VariantName = "[No Variations]"
Add component (AddParameter): Name = "Ambient Temperature Range Low"; Value = "-40°C"; VariantName = "[No Variations]"
Add component (AddParameter): Name = "Automotive"; Value = "No"; VariantName = "[No Variations]"
Add component (AddParameter): Name = "Category"; Value = "IC"; VariantName = "[No Variations]"
Add component (AddParameter): Name = "ComponentLink2Description"; Value = "Datasheet"; VariantName = "[No Variations]"
Add component (AddParameter): Name = "ComponentLink2URL"; Value = "https://www.onsemi.com/pub/Collateral/FPF2702-D.pdf"; VariantName = "[No Variations]"
Add component (AddParameter): Name = "Device Class L1"; Value = "Integrated Circuits (ICs)"; VariantName = "[No Variations]"
Add component (AddParameter): Name = "Device Class L2"; Value = "Power Management ICs"; VariantName = "[No Variations]"
Add component (AddParameter): Name = "Device Class L3"; Value = "Gate Drivers"; VariantName = "[No Variations]"
Add component (AddParameter): Name = "Digikey Description"; Value = "IC LOAD SWITCH 0.4-2A OCP 8MLP"; VariantName = "[No Variations]"
Add component (AddParameter): Name = "Fall Time"; Value = "1.5ms"; VariantName = "[No Variations]"
Add component (AddParameter): Name = "Footprint Url"; Value = "https://www.onsemi.com/pub/Collateral/511DD.PDF"; VariantName = "[No Variations]"
Add component (AddParameter): Name = "Height"; Value = "0.8mm"; VariantName = "[No Variations]"
Add component (AddParameter): Name = "Ipc Land Pattern Name"; Value = "DFN300X300X80-8"; VariantName = "[No Variations]"
Add component (AddParameter): Name = "Lead Free"; Value = "Yes"; VariantName = "[No Variations]"
Add component (AddParameter): Name = "Manufacturer"; Value = "ON Semiconductor"; VariantName = "[No Variations]"
Add component (AddParameter): Name = "Manufacturer Part Number"; Value = "FPF2701MPX"; VariantName = "[No Variations]"
Add component (AddParameter): Name = "Max Junction Temp"; Value = "+125°C"; VariantName = "[No Variations]"
Add component (AddParameter): Name = "Max Power Dissipation"; Value = "1.25W"; VariantName = "[No Variations]"
Add component (AddParameter): Name = "Max Supply Voltage"; Value = "36V"; VariantName = "[No Variations]"
Add component (AddParameter): Name = "Min Supply Voltage"; Value = "2.8V"; VariantName = "[No Variations]"
Add component (AddParameter): Name = "Mouser Description"; Value = "Power Switch ICs - Power Distribution AccuPower Advanced Load Mngmnt Products"; VariantName = "[No Variations]"
Add component (AddParameter): Name = "Nominal Supply Current"; Value = "92uA"; VariantName = "[No Variations]"
Add component (AddParameter): Name = "Number Of Outputs"; Value = "1"; VariantName = "[No Variations]"
Add component (AddParameter): Name = "Octopart"; Value = "https://octopart.com/fpf2701mpx-on+semiconductor-84327806"; VariantName = "[No Variations]"
Add component (AddParameter): Name = "Output Current"; Value = "0.4-2A"; VariantName = "[No Variations]"
Add component (AddParameter): Name = "Package"; Value = "511DD"; VariantName = "[No Variations]"
Add component (AddParameter): Name = "Rise Time"; Value = "7.5ms"; VariantName = "[No Variations]"
Add component (AddParameter): Name = "RoHS"; Value = "TRUE"; VariantName = "[No Variations]"
Add component (AddParameter): Name = "Standoff Height"; Value = "0mm"; VariantName = "[No Variations]"
Add component (AddParameter): Name = "Temperature"; Value = "-40°C to +125°C"; VariantName = "[No Variations]"
Add component (AddParameter): Name = "Temperature Range High"; Value = "+125°C"; VariantName = "[No Variations]"
Add component (AddParameter): Name = "Temperature Range Low"; Value = "-40°C"; VariantName = "[No Variations]"
Add component (AddParameter): Name = "Turn Off Delay Time"; Value = "0.1ms"; VariantName = "[No Variations]"
Add component (AddParameter): Name = "Turn On Delay Time"; Value = "2.7ms"; VariantName = "[No Variations]"
Added Pin To Net: NetName=AGND Pin=C43A-1
Added Pin To Net: NetName=AGND Pin=C43B-1
Added Pin To Net: NetName=A_N Pin=J5-1
Added Pin To Net: NetName=A_P Pin=J5-2
Added Pin To Net: NetName=SGND Pin=J5-3
Added Pin To Net: NetName=B_N Pin=J5-6
Added Pin To Net: NetName=B_P Pin=J5-7
Added Pin To Net: NetName=SGND Pin=J5-8
Added Pin To Net: NetName=DGND Pin=U2-0
Added Pin To Net: NetName=NetR58_2 Pin=U2-1
Added Pin To Net: NetName=D3V3 Pin=U2-2
Added Pin To Net: NetName=DGND Pin=U2-3
Added Pin To Net: NetName=NetR55_1 Pin=U2-4
Added Pin To Net: NetName=NetR57_2 Pin=U2-6
Added Pin To Net: NetName=5V_RAW Pin=U3-1
Added Pin To Net: NetName=PGOOD_5V Pin=U3-2
Added Pin To Net: NetName=NetR62_2 Pin=U3-3
Added Pin To Net: NetName=NetR61_2 Pin=U3-4
Added Pin To Net: NetName=DGND Pin=U3-5
Added Pin To Net: NetName=FLAGB_5V Pin=U3-7
Added Pin To Net: NetName=DGND Pin=U3-9
Added Pin To Net: NetName=DGND Pin=U6-0
Added Pin To Net: NetName=NetR72_2 Pin=U6-1
Added Pin To Net: NetName=D3V3 Pin=U6-2
Added Pin To Net: NetName=DGND Pin=U6-3
Added Pin To Net: NetName=NetR64_1 Pin=U6-4
Added Pin To Net: NetName=NetR71_2 Pin=U6-6
Added Pin To Net: NetName=3V3_RAW Pin=U8-1
Added Pin To Net: NetName=NetR79_2 Pin=U8-3
Added Pin To Net: NetName=NetR78_2 Pin=U8-4
Added Pin To Net: NetName=DGND Pin=U8-5
Added Pin To Net: NetName=FLAGB_3V3 Pin=U8-7
Added Pin To Net: NetName=NetR71_1 Pin=U8-8
Added Pin To Net: NetName=DGND Pin=U8-9
Added Pin To Net: NetName=A5V Pin=U27-1
Added Pin To Net: NetName=MAG_PGOOD Pin=U27-2
Added Pin To Net: NetName=NetR132_2 Pin=U27-3
Added Pin To Net: NetName=MAG_ONb Pin=U27-4
Added Pin To Net: NetName=AGND Pin=U27-5
Added Pin To Net: NetName=FLAGB_MAG Pin=U27-7
Added Pin To Net: NetName=MAG_5V Pin=U27-8
Added Pin To Net: NetName=AGND Pin=U27-9
Added Pin To Net: NetName=NetR60_1 Pin=R60-1
Added Pin To Net: NetName=NetR60_1 Pin=U3-8
Added Net: Name=NetR60_1
Added Pin To Net: NetName=NetR73_1 Pin=R73-1
Added Pin To Net: NetName=NetR73_1 Pin=U8-2
Added Net: Name=NetR73_1
Added Member To Class: ClassName=U_Ethernet Member=Component J5 Gecko_10
Added Member To Class: ClassName=U_Power_HK Member=Component U2 LT6105
Added Member To Class: ClassName=U_Power_HK Member=Component U3 FPF2701MPX
Added Member To Class: ClassName=U_Power_HK Member=Component U6 LT6105
Added Member To Class: ClassName=U_Power_HK Member=Component U8 FPF2701MPX
Added Member To Class: ClassName=U_Magnetometers Member=Component U27 FPF2701MPX
