Change Component Comment : Designator=R129A Old Comment=3.3 KO New Comment=CRCW04023K30JNED
Change Component Comment : Designator=R129B Old Comment=3.3 KO New Comment=CRCW04023K30JNED
Change Component Comment : Designator=R129C Old Comment=3.3 KO New Comment=CRCW04023K30JNED
Change Component Comment : Designator=R129D Old Comment=3.3 KO New Comment=CRCW04023K30JNED
Change Component Comment : Designator=R129E Old Comment=3.3 KO New Comment=CRCW04023K30JNED
Change Component Comment : Designator=R129F Old Comment=3.3 KO New Comment=CRCW04023K30JNED
Change Component Comment : Designator=R129G Old Comment=3.3 KO New Comment=CRCW04023K30JNED
Change Component Comment : Designator=R129H Old Comment=3.3 KO New Comment=CRCW04023K30JNED
Change Component Comment : Designator=R130A Old Comment=3.3 KO New Comment=CRCW04023K30JNED
Change Component Comment : Designator=R130B Old Comment=3.3 KO New Comment=CRCW04023K30JNED
Change Component Comment : Designator=R130C Old Comment=3.3 KO New Comment=CRCW04023K30JNED
Change Component Comment : Designator=R130D Old Comment=3.3 KO New Comment=CRCW04023K30JNED
Change Component Comment : Designator=R130E Old Comment=3.3 KO New Comment=CRCW04023K30JNED
Change Component Comment : Designator=R130F Old Comment=3.3 KO New Comment=CRCW04023K30JNED
Change Component Comment : Designator=R130G Old Comment=3.3 KO New Comment=CRCW04023K30JNED
Change Component Comment : Designator=R130H Old Comment=3.3 KO New Comment=CRCW04023K30JNED
Change Managed Component Library Link : Designator=R129A Old VaultGUID=B7D15EC3-160A-466F-A46C-7801FE6295A7 New VaultGUID=B7D15EC3-160A-466F-A46C-7801FE6295A7 Old ItemGUID=7EE7AC5B-4C14-4771-AC96-A67BE5607115 New ItemGUID=98E68639-AD5A-46EA-A7EC-6E14A1E2DAAB Old RevisionGUID=F6F92E8A-3866-4A79-9EA2-69E04ADEE171 New RevisionGUID=75FD0A4F-44C5-4DD2-B041-861621BC9C23
Change Managed Component Library Link : Designator=R129B Old VaultGUID=B7D15EC3-160A-466F-A46C-7801FE6295A7 New VaultGUID=B7D15EC3-160A-466F-A46C-7801FE6295A7 Old ItemGUID=7EE7AC5B-4C14-4771-AC96-A67BE5607115 New ItemGUID=98E68639-AD5A-46EA-A7EC-6E14A1E2DAAB Old RevisionGUID=F6F92E8A-3866-4A79-9EA2-69E04ADEE171 New RevisionGUID=75FD0A4F-44C5-4DD2-B041-861621BC9C23
Change Managed Component Library Link : Designator=R129C Old VaultGUID=B7D15EC3-160A-466F-A46C-7801FE6295A7 New VaultGUID=B7D15EC3-160A-466F-A46C-7801FE6295A7 Old ItemGUID=7EE7AC5B-4C14-4771-AC96-A67BE5607115 New ItemGUID=98E68639-AD5A-46EA-A7EC-6E14A1E2DAAB Old RevisionGUID=F6F92E8A-3866-4A79-9EA2-69E04ADEE171 New RevisionGUID=75FD0A4F-44C5-4DD2-B041-861621BC9C23
Change Managed Component Library Link : Designator=R129D Old VaultGUID=B7D15EC3-160A-466F-A46C-7801FE6295A7 New VaultGUID=B7D15EC3-160A-466F-A46C-7801FE6295A7 Old ItemGUID=7EE7AC5B-4C14-4771-AC96-A67BE5607115 New ItemGUID=98E68639-AD5A-46EA-A7EC-6E14A1E2DAAB Old RevisionGUID=F6F92E8A-3866-4A79-9EA2-69E04ADEE171 New RevisionGUID=75FD0A4F-44C5-4DD2-B041-861621BC9C23
Change Managed Component Library Link : Designator=R129E Old VaultGUID=B7D15EC3-160A-466F-A46C-7801FE6295A7 New VaultGUID=B7D15EC3-160A-466F-A46C-7801FE6295A7 Old ItemGUID=7EE7AC5B-4C14-4771-AC96-A67BE5607115 New ItemGUID=98E68639-AD5A-46EA-A7EC-6E14A1E2DAAB Old RevisionGUID=F6F92E8A-3866-4A79-9EA2-69E04ADEE171 New RevisionGUID=75FD0A4F-44C5-4DD2-B041-861621BC9C23
Change Managed Component Library Link : Designator=R129F Old VaultGUID=B7D15EC3-160A-466F-A46C-7801FE6295A7 New VaultGUID=B7D15EC3-160A-466F-A46C-7801FE6295A7 Old ItemGUID=7EE7AC5B-4C14-4771-AC96-A67BE5607115 New ItemGUID=98E68639-AD5A-46EA-A7EC-6E14A1E2DAAB Old RevisionGUID=F6F92E8A-3866-4A79-9EA2-69E04ADEE171 New RevisionGUID=75FD0A4F-44C5-4DD2-B041-861621BC9C23
Change Managed Component Library Link : Designator=R129G Old VaultGUID=B7D15EC3-160A-466F-A46C-7801FE6295A7 New VaultGUID=B7D15EC3-160A-466F-A46C-7801FE6295A7 Old ItemGUID=7EE7AC5B-4C14-4771-AC96-A67BE5607115 New ItemGUID=98E68639-AD5A-46EA-A7EC-6E14A1E2DAAB Old RevisionGUID=F6F92E8A-3866-4A79-9EA2-69E04ADEE171 New RevisionGUID=75FD0A4F-44C5-4DD2-B041-861621BC9C23
Change Managed Component Library Link : Designator=R129H Old VaultGUID=B7D15EC3-160A-466F-A46C-7801FE6295A7 New VaultGUID=B7D15EC3-160A-466F-A46C-7801FE6295A7 Old ItemGUID=7EE7AC5B-4C14-4771-AC96-A67BE5607115 New ItemGUID=98E68639-AD5A-46EA-A7EC-6E14A1E2DAAB Old RevisionGUID=F6F92E8A-3866-4A79-9EA2-69E04ADEE171 New RevisionGUID=75FD0A4F-44C5-4DD2-B041-861621BC9C23
Change Managed Component Library Link : Designator=R130A Old VaultGUID=B7D15EC3-160A-466F-A46C-7801FE6295A7 New VaultGUID=B7D15EC3-160A-466F-A46C-7801FE6295A7 Old ItemGUID=7EE7AC5B-4C14-4771-AC96-A67BE5607115 New ItemGUID=98E68639-AD5A-46EA-A7EC-6E14A1E2DAAB Old RevisionGUID=F6F92E8A-3866-4A79-9EA2-69E04ADEE171 New RevisionGUID=75FD0A4F-44C5-4DD2-B041-861621BC9C23
Change Managed Component Library Link : Designator=R130B Old VaultGUID=B7D15EC3-160A-466F-A46C-7801FE6295A7 New VaultGUID=B7D15EC3-160A-466F-A46C-7801FE6295A7 Old ItemGUID=7EE7AC5B-4C14-4771-AC96-A67BE5607115 New ItemGUID=98E68639-AD5A-46EA-A7EC-6E14A1E2DAAB Old RevisionGUID=F6F92E8A-3866-4A79-9EA2-69E04ADEE171 New RevisionGUID=75FD0A4F-44C5-4DD2-B041-861621BC9C23
Change Managed Component Library Link : Designator=R130C Old VaultGUID=B7D15EC3-160A-466F-A46C-7801FE6295A7 New VaultGUID=B7D15EC3-160A-466F-A46C-7801FE6295A7 Old ItemGUID=7EE7AC5B-4C14-4771-AC96-A67BE5607115 New ItemGUID=98E68639-AD5A-46EA-A7EC-6E14A1E2DAAB Old RevisionGUID=F6F92E8A-3866-4A79-9EA2-69E04ADEE171 New RevisionGUID=75FD0A4F-44C5-4DD2-B041-861621BC9C23
Change Managed Component Library Link : Designator=R130D Old VaultGUID=B7D15EC3-160A-466F-A46C-7801FE6295A7 New VaultGUID=B7D15EC3-160A-466F-A46C-7801FE6295A7 Old ItemGUID=7EE7AC5B-4C14-4771-AC96-A67BE5607115 New ItemGUID=98E68639-AD5A-46EA-A7EC-6E14A1E2DAAB Old RevisionGUID=F6F92E8A-3866-4A79-9EA2-69E04ADEE171 New RevisionGUID=75FD0A4F-44C5-4DD2-B041-861621BC9C23
Change Managed Component Library Link : Designator=R130E Old VaultGUID=B7D15EC3-160A-466F-A46C-7801FE6295A7 New VaultGUID=B7D15EC3-160A-466F-A46C-7801FE6295A7 Old ItemGUID=7EE7AC5B-4C14-4771-AC96-A67BE5607115 New ItemGUID=98E68639-AD5A-46EA-A7EC-6E14A1E2DAAB Old RevisionGUID=F6F92E8A-3866-4A79-9EA2-69E04ADEE171 New RevisionGUID=75FD0A4F-44C5-4DD2-B041-861621BC9C23
Change Managed Component Library Link : Designator=R130F Old VaultGUID=B7D15EC3-160A-466F-A46C-7801FE6295A7 New VaultGUID=B7D15EC3-160A-466F-A46C-7801FE6295A7 Old ItemGUID=7EE7AC5B-4C14-4771-AC96-A67BE5607115 New ItemGUID=98E68639-AD5A-46EA-A7EC-6E14A1E2DAAB Old RevisionGUID=F6F92E8A-3866-4A79-9EA2-69E04ADEE171 New RevisionGUID=75FD0A4F-44C5-4DD2-B041-861621BC9C23
Change Managed Component Library Link : Designator=R130G Old VaultGUID=B7D15EC3-160A-466F-A46C-7801FE6295A7 New VaultGUID=B7D15EC3-160A-466F-A46C-7801FE6295A7 Old ItemGUID=7EE7AC5B-4C14-4771-AC96-A67BE5607115 New ItemGUID=98E68639-AD5A-46EA-A7EC-6E14A1E2DAAB Old RevisionGUID=F6F92E8A-3866-4A79-9EA2-69E04ADEE171 New RevisionGUID=75FD0A4F-44C5-4DD2-B041-861621BC9C23
Change Managed Component Library Link : Designator=R130H Old VaultGUID=B7D15EC3-160A-466F-A46C-7801FE6295A7 New VaultGUID=B7D15EC3-160A-466F-A46C-7801FE6295A7 Old ItemGUID=7EE7AC5B-4C14-4771-AC96-A67BE5607115 New ItemGUID=98E68639-AD5A-46EA-A7EC-6E14A1E2DAAB Old RevisionGUID=F6F92E8A-3866-4A79-9EA2-69E04ADEE171 New RevisionGUID=75FD0A4F-44C5-4DD2-B041-861621BC9C23
Change component parameters: Designator = "R129A" ("R129"); Footprint = "RESC1005X40X25LL05T05"; UniqueID = "\XSCYCGRR\TELXTRJF\QVKKDKBC\OGFVPJVJ" ("\XSCYCGRR\TELXTRJF\QVKKDKBC\OGFVPJVJ")
Change component parameters (AddParameter): Name = "Manufacturer"; Value = "Vishay Dale"; VariantName = "[No Variations]"
Change component parameters (AddParameter): Name = "Part Number"; Value = "CRCW04023K30JNED"; VariantName = "[No Variations]"
Change component parameters (AddParameter): Name = "Resistance"; Value = "3.3k"; VariantName = "[No Variations]"
Change component parameters: Designator = "R129B" ("R129"); Footprint = "RESC1005X40X25LL05T05"; UniqueID = "\XSCYCGRR\TELXTRJF\HSJQTPUK\OGFVPJVJ" ("\XSCYCGRR\TELXTRJF\HSJQTPUK\OGFVPJVJ")
Change component parameters (AddParameter): Name = "Manufacturer"; Value = "Vishay Dale"; VariantName = "[No Variations]"
Change component parameters (AddParameter): Name = "Part Number"; Value = "CRCW04023K30JNED"; VariantName = "[No Variations]"
Change component parameters (AddParameter): Name = "Resistance"; Value = "3.3k"; VariantName = "[No Variations]"
Change component parameters: Designator = "R129C" ("R129"); Footprint = "RESC1005X40X25LL05T05"; UniqueID = "\XSCYCGRR\TELXTRJF\HIIWDTZD\OGFVPJVJ" ("\XSCYCGRR\TELXTRJF\HIIWDTZD\OGFVPJVJ")
Change component parameters (AddParameter): Name = "Manufacturer"; Value = "Vishay Dale"; VariantName = "[No Variations]"
Change component parameters (AddParameter): Name = "Part Number"; Value = "CRCW04023K30JNED"; VariantName = "[No Variations]"
Change component parameters (AddParameter): Name = "Resistance"; Value = "3.3k"; VariantName = "[No Variations]"
Change component parameters: Designator = "R129D" ("R129"); Footprint = "RESC1005X40X25LL05T05"; UniqueID = "\XSCYCGRR\TELXTRJF\JJEIZHWS\OGFVPJVJ" ("\XSCYCGRR\TELXTRJF\JJEIZHWS\OGFVPJVJ")
Change component parameters (AddParameter): Name = "Manufacturer"; Value = "Vishay Dale"; VariantName = "[No Variations]"
Change component parameters (AddParameter): Name = "Part Number"; Value = "CRCW04023K30JNED"; VariantName = "[No Variations]"
Change component parameters (AddParameter): Name = "Resistance"; Value = "3.3k"; VariantName = "[No Variations]"
Change component parameters: Designator = "R129E" ("R129"); Footprint = "RESC1005X40X25LL05T05"; UniqueID = "\XSCYCGRR\TELXTRJF\RGPNWDJX\OGFVPJVJ" ("\XSCYCGRR\TELXTRJF\RGPNWDJX\OGFVPJVJ")
Change component parameters (AddParameter): Name = "Manufacturer"; Value = "Vishay Dale"; VariantName = "[No Variations]"
Change component parameters (AddParameter): Name = "Part Number"; Value = "CRCW04023K30JNED"; VariantName = "[No Variations]"
Change component parameters (AddParameter): Name = "Resistance"; Value = "3.3k"; VariantName = "[No Variations]"
Change component parameters: Designator = "R129F" ("R129"); Footprint = "RESC1005X40X25LL05T05"; UniqueID = "\XSCYCGRR\TELXTRJF\GXJTTUSS\OGFVPJVJ" ("\XSCYCGRR\TELXTRJF\GXJTTUSS\OGFVPJVJ")
Change component parameters (AddParameter): Name = "Manufacturer"; Value = "Vishay Dale"; VariantName = "[No Variations]"
Change component parameters (AddParameter): Name = "Part Number"; Value = "CRCW04023K30JNED"; VariantName = "[No Variations]"
Change component parameters (AddParameter): Name = "Resistance"; Value = "3.3k"; VariantName = "[No Variations]"
Change component parameters: Designator = "R129G" ("R129"); Footprint = "RESC1005X40X25LL05T05"; UniqueID = "\XSCYCGRR\TELXTRJF\VPFZLPNE\OGFVPJVJ" ("\XSCYCGRR\TELXTRJF\VPFZLPNE\OGFVPJVJ")
Change component parameters (AddParameter): Name = "Manufacturer"; Value = "Vishay Dale"; VariantName = "[No Variations]"
Change component parameters (AddParameter): Name = "Part Number"; Value = "CRCW04023K30JNED"; VariantName = "[No Variations]"
Change component parameters (AddParameter): Name = "Resistance"; Value = "3.3k"; VariantName = "[No Variations]"
Change component parameters: Designator = "R129H" ("R129"); Footprint = "RESC1005X40X25LL05T05"; UniqueID = "\XSCYCGRR\TELXTRJF\NOPSYHZR\OGFVPJVJ" ("\XSCYCGRR\TELXTRJF\NOPSYHZR\OGFVPJVJ")
Change component parameters (AddParameter): Name = "Manufacturer"; Value = "Vishay Dale"; VariantName = "[No Variations]"
Change component parameters (AddParameter): Name = "Part Number"; Value = "CRCW04023K30JNED"; VariantName = "[No Variations]"
Change component parameters (AddParameter): Name = "Resistance"; Value = "3.3k"; VariantName = "[No Variations]"
Change component parameters: Designator = "R130A" ("R130"); Footprint = "RESC1005X40X25LL05T05"; UniqueID = "\XSCYCGRR\TELXTRJF\QVKKDKBC\GXXIDOUN" ("\XSCYCGRR\TELXTRJF\QVKKDKBC\GXXIDOUN")
Change component parameters (AddParameter): Name = "Manufacturer"; Value = "Vishay Dale"; VariantName = "[No Variations]"
Change component parameters (AddParameter): Name = "Part Number"; Value = "CRCW04023K30JNED"; VariantName = "[No Variations]"
Change component parameters (AddParameter): Name = "Resistance"; Value = "3.3k"; VariantName = "[No Variations]"
Change component parameters: Designator = "R130B" ("R130"); Footprint = "RESC1005X40X25LL05T05"; UniqueID = "\XSCYCGRR\TELXTRJF\HSJQTPUK\GXXIDOUN" ("\XSCYCGRR\TELXTRJF\HSJQTPUK\GXXIDOUN")
Change component parameters (AddParameter): Name = "Manufacturer"; Value = "Vishay Dale"; VariantName = "[No Variations]"
Change component parameters (AddParameter): Name = "Part Number"; Value = "CRCW04023K30JNED"; VariantName = "[No Variations]"
Change component parameters (AddParameter): Name = "Resistance"; Value = "3.3k"; VariantName = "[No Variations]"
Change component parameters: Designator = "R130C" ("R130"); Footprint = "RESC1005X40X25LL05T05"; UniqueID = "\XSCYCGRR\TELXTRJF\HIIWDTZD\GXXIDOUN" ("\XSCYCGRR\TELXTRJF\HIIWDTZD\GXXIDOUN")
Change component parameters (AddParameter): Name = "Manufacturer"; Value = "Vishay Dale"; VariantName = "[No Variations]"
Change component parameters (AddParameter): Name = "Part Number"; Value = "CRCW04023K30JNED"; VariantName = "[No Variations]"
Change component parameters (AddParameter): Name = "Resistance"; Value = "3.3k"; VariantName = "[No Variations]"
Change component parameters: Designator = "R130D" ("R130"); Footprint = "RESC1005X40X25LL05T05"; UniqueID = "\XSCYCGRR\TELXTRJF\JJEIZHWS\GXXIDOUN" ("\XSCYCGRR\TELXTRJF\JJEIZHWS\GXXIDOUN")
Change component parameters (AddParameter): Name = "Manufacturer"; Value = "Vishay Dale"; VariantName = "[No Variations]"
Change component parameters (AddParameter): Name = "Part Number"; Value = "CRCW04023K30JNED"; VariantName = "[No Variations]"
Change component parameters (AddParameter): Name = "Resistance"; Value = "3.3k"; VariantName = "[No Variations]"
Change component parameters: Designator = "R130E" ("R130"); Footprint = "RESC1005X40X25LL05T05"; UniqueID = "\XSCYCGRR\TELXTRJF\RGPNWDJX\GXXIDOUN" ("\XSCYCGRR\TELXTRJF\RGPNWDJX\GXXIDOUN")
Change component parameters (AddParameter): Name = "Manufacturer"; Value = "Vishay Dale"; VariantName = "[No Variations]"
Change component parameters (AddParameter): Name = "Part Number"; Value = "CRCW04023K30JNED"; VariantName = "[No Variations]"
Change component parameters (AddParameter): Name = "Resistance"; Value = "3.3k"; VariantName = "[No Variations]"
Change component parameters: Designator = "R130F" ("R130"); Footprint = "RESC1005X40X25LL05T05"; UniqueID = "\XSCYCGRR\TELXTRJF\GXJTTUSS\GXXIDOUN" ("\XSCYCGRR\TELXTRJF\GXJTTUSS\GXXIDOUN")
Change component parameters (AddParameter): Name = "Manufacturer"; Value = "Vishay Dale"; VariantName = "[No Variations]"
Change component parameters (AddParameter): Name = "Part Number"; Value = "CRCW04023K30JNED"; VariantName = "[No Variations]"
Change component parameters (AddParameter): Name = "Resistance"; Value = "3.3k"; VariantName = "[No Variations]"
Change component parameters: Designator = "R130G" ("R130"); Footprint = "RESC1005X40X25LL05T05"; UniqueID = "\XSCYCGRR\TELXTRJF\VPFZLPNE\GXXIDOUN" ("\XSCYCGRR\TELXTRJF\VPFZLPNE\GXXIDOUN")
Change component parameters (AddParameter): Name = "Manufacturer"; Value = "Vishay Dale"; VariantName = "[No Variations]"
Change component parameters (AddParameter): Name = "Part Number"; Value = "CRCW04023K30JNED"; VariantName = "[No Variations]"
Change component parameters (AddParameter): Name = "Resistance"; Value = "3.3k"; VariantName = "[No Variations]"
Change component parameters: Designator = "R130H" ("R130"); Footprint = "RESC1005X40X25LL05T05"; UniqueID = "\XSCYCGRR\TELXTRJF\NOPSYHZR\GXXIDOUN" ("\XSCYCGRR\TELXTRJF\NOPSYHZR\GXXIDOUN")
Change component parameters (AddParameter): Name = "Manufacturer"; Value = "Vishay Dale"; VariantName = "[No Variations]"
Change component parameters (AddParameter): Name = "Part Number"; Value = "CRCW04023K30JNED"; VariantName = "[No Variations]"
Change component parameters (AddParameter): Name = "Resistance"; Value = "3.3k"; VariantName = "[No Variations]"
