Removed Pin From Net: NetName=D3V3 Pin=C63-1
Removed Pin From Net: NetName=DGND Pin=C63-2
Removed Pin From Net: NetName=D3V3 Pin=C64-1
Removed Pin From Net: NetName=DGND Pin=C64-2
Removed Pin From Net: NetName=DGND Pin=C65-2
Removed Pin From Net: NetName=D3V3 Pin=C66-1
Removed Pin From Net: NetName=DGND Pin=C66-2
Removed Pin From Net: NetName=DGND Pin=C67-1
Removed Pin From Net: NetName=D3V3 Pin=C67-2
Removed Pin From Net: NetName=DGND Pin=D11-2
Removed Pin From Net: NetName=DGND Pin=D12-2
Removed Pin From Net: NetName=DGND Pin=D13-2
Removed Pin From Net: NetName=DGND Pin=D14-2
Removed Pin From Net: NetName=D3V3 Pin=P5-1
Removed Pin From Net: NetName=DGND Pin=P5-2
Removed Pin From Net: NetName=D3V3 Pin=R102-2
Removed Pin From Net: NetName=D3V3 Pin=R103-2
Removed Pin From Net: NetName=D3V3 Pin=R104-2
Removed Pin From Net: NetName=D3V3 Pin=R105-2
Removed Pin From Net: NetName=D3V3 Pin=U19-4
Removed Pin From Net: NetName=CLK Pin=U19-5
Removed Pin From Net: NetName=DGND Pin=U19-11
Removed Pin From Net: NetName=D3V3 Pin=U19-12
Removed Pin From Net: NetName=DGND Pin=U19-21
Removed Pin From Net: NetName=DGND Pin=U19-26
Removed Pin From Net: NetName=D3V3 Pin=U19-27
Removed Pin From Net: NetName=DGND Pin=U19-33
Removed Pin From Net: NetName=D3V3 Pin=U20-1
Removed Pin From Net: NetName=DGND Pin=U20-2
Removed Pin From Net: NetName=D3V3 Pin=U20-3
Removed Member From Class: ClassName=U_Clock Member=C63
Removed Member From Class: ClassName=U_Clock Member=C64
Removed Member From Class: ClassName=U_Clock Member=C65
Removed Member From Class: ClassName=U_Clock Member=C66
Removed Member From Class: ClassName=U_Clock Member=C67
Removed Member From Class: ClassName=U_Clock Member=D11
Removed Member From Class: ClassName=U_Clock Member=D12
Removed Member From Class: ClassName=U_Clock Member=D13
Removed Member From Class: ClassName=U_Clock Member=D14
Removed Member From Class: ClassName=U_Clock Member=P5
Removed Member From Class: ClassName=U_Clock Member=R102
Removed Member From Class: ClassName=U_Clock Member=R103
Removed Member From Class: ClassName=U_Clock Member=R104
Removed Member From Class: ClassName=U_Clock Member=R105
Removed Member From Class: ClassName=U_Clock Member=U19
Removed Member From Class: ClassName=U_Clock Member=U20
