Removed Pin From Net: NetName=NetC99A_1 Pin=C99A-1
Removed Pin From Net: NetName=NetC99A_2 Pin=C99A-2
Removed Pin From Net: NetName=NetC99B_1 Pin=C99B-1
Removed Pin From Net: NetName=NetC99B_2 Pin=C99B-2
Removed Pin From Net: NetName=NetC99C_1 Pin=C99C-1
Removed Pin From Net: NetName=NetC99C_2 Pin=C99C-2
Removed Pin From Net: NetName=NetC99D_1 Pin=C99D-1
Removed Pin From Net: NetName=NetC99D_2 Pin=C99D-2
Removed Pin From Net: NetName=NetC99E_1 Pin=C99E-1
Removed Pin From Net: NetName=NetC99E_2 Pin=C99E-2
Removed Pin From Net: NetName=NetC99F_1 Pin=C99F-1
Removed Pin From Net: NetName=NetC99F_2 Pin=C99F-2
Removed Pin From Net: NetName=NetC99G_1 Pin=C99G-1
Removed Pin From Net: NetName=NetC99G_2 Pin=C99G-2
Removed Pin From Net: NetName=NetC99H_1 Pin=C99H-1
Removed Pin From Net: NetName=NetC99H_2 Pin=C99H-2
Added Pin To Net: NetName=NetC99A_2 Pin=C99A-1
Added Pin To Net: NetName=NetC99A_1 Pin=C99A-2
Added Pin To Net: NetName=NetC99B_2 Pin=C99B-1
Added Pin To Net: NetName=NetC99B_1 Pin=C99B-2
Added Pin To Net: NetName=NetC99C_2 Pin=C99C-1
Added Pin To Net: NetName=NetC99C_1 Pin=C99C-2
Added Pin To Net: NetName=NetC99D_2 Pin=C99D-1
Added Pin To Net: NetName=NetC99D_1 Pin=C99D-2
Added Pin To Net: NetName=NetC99E_2 Pin=C99E-1
Added Pin To Net: NetName=NetC99E_1 Pin=C99E-2
Added Pin To Net: NetName=NetC99F_2 Pin=C99F-1
Added Pin To Net: NetName=NetC99F_1 Pin=C99F-2
Added Pin To Net: NetName=NetC99G_2 Pin=C99G-1
Added Pin To Net: NetName=NetC99G_1 Pin=C99G-2
Added Pin To Net: NetName=NetC99H_2 Pin=C99H-1
Added Pin To Net: NetName=NetC99H_1 Pin=C99H-2
Change Net Name : Old Net Name=NetC99A_1 New Net Name=NetC99A_2
Change Net Name : Old Net Name=NetC99A_2 New Net Name=NetC99A_1
Change Net Name : Old Net Name=NetC99B_1 New Net Name=NetC99B_2
Change Net Name : Old Net Name=NetC99B_2 New Net Name=NetC99B_1
Change Net Name : Old Net Name=NetC99C_1 New Net Name=NetC99C_2
Change Net Name : Old Net Name=NetC99C_2 New Net Name=NetC99C_1
Change Net Name : Old Net Name=NetC99D_1 New Net Name=NetC99D_2
Change Net Name : Old Net Name=NetC99D_2 New Net Name=NetC99D_1
Change Net Name : Old Net Name=NetC99E_1 New Net Name=NetC99E_2
Change Net Name : Old Net Name=NetC99E_2 New Net Name=NetC99E_1
Change Net Name : Old Net Name=NetC99F_1 New Net Name=NetC99F_2
Change Net Name : Old Net Name=NetC99F_2 New Net Name=NetC99F_1
Change Net Name : Old Net Name=NetC99G_1 New Net Name=NetC99G_2
Change Net Name : Old Net Name=NetC99G_2 New Net Name=NetC99G_1
Change Net Name : Old Net Name=NetC99H_1 New Net Name=NetC99H_2
Change Net Name : Old Net Name=NetC99H_2 New Net Name=NetC99H_1
