Change Component Footprint: Designator=C42A Old Footprint=CAPC1608X90X20LL10 New Footprint=FP-GRT188-0_2-MFG
Change Component Footprint: Designator=C42B Old Footprint=CAPC1608X90X20LL10 New Footprint=FP-GRT188-0_2-MFG
Change Component Footprint: Designator=C53A Old Footprint=CAPC1608X90X20LL10 New Footprint=FP-GRT188-0_2-MFG
Change Component Footprint: Designator=C53B Old Footprint=CAPC1608X90X20LL10 New Footprint=FP-GRT188-0_2-MFG
Change Component Footprint: Designator=C59 Old Footprint=CAPC1608X90X20LL10 New Footprint=FP-GRT188-0_2-MFG
Change Component Footprint: Designator=C64 Old Footprint=CAPC1608X90X20LL10 New Footprint=FP-GRT188-0_2-MFG
Change Component Comment : Designator=C42A Old Comment=10 uF New Comment=GRT188R61E106ME13D
Change Component Comment : Designator=C42B Old Comment=10 uF New Comment=GRT188R61E106ME13D
Change Component Comment : Designator=C53A Old Comment=10 uF New Comment=GRT188R61E106ME13D
Change Component Comment : Designator=C53B Old Comment=10 uF New Comment=GRT188R61E106ME13D
Change Component Comment : Designator=C59 Old Comment=10 uF New Comment=GRT188R61E106ME13D
Change Component Comment : Designator=C64 Old Comment=10 uF New Comment=GRT188R61E106ME13D
Change Managed Component Library Link : Designator=C42A Old VaultGUID=B7D15EC3-160A-466F-A46C-7801FE6295A7 New VaultGUID=B7D15EC3-160A-466F-A46C-7801FE6295A7 Old ItemGUID=34833BB1-BB92-4981-851C-45053F04873E New ItemGUID=0C359808-31B9-4D68-8CF8-D139364A4161 Old RevisionGUID=D4229FAD-4DB3-44DA-BBBA-9E3C1C468F6A New RevisionGUID=03CDB279-7A00-462B-9436-475BAAE028AF
Change Managed Component Library Link : Designator=C42B Old VaultGUID=B7D15EC3-160A-466F-A46C-7801FE6295A7 New VaultGUID=B7D15EC3-160A-466F-A46C-7801FE6295A7 Old ItemGUID=34833BB1-BB92-4981-851C-45053F04873E New ItemGUID=0C359808-31B9-4D68-8CF8-D139364A4161 Old RevisionGUID=D4229FAD-4DB3-44DA-BBBA-9E3C1C468F6A New RevisionGUID=03CDB279-7A00-462B-9436-475BAAE028AF
Change Managed Component Library Link : Designator=C53A Old VaultGUID=B7D15EC3-160A-466F-A46C-7801FE6295A7 New VaultGUID=B7D15EC3-160A-466F-A46C-7801FE6295A7 Old ItemGUID=34833BB1-BB92-4981-851C-45053F04873E New ItemGUID=0C359808-31B9-4D68-8CF8-D139364A4161 Old RevisionGUID=D4229FAD-4DB3-44DA-BBBA-9E3C1C468F6A New RevisionGUID=03CDB279-7A00-462B-9436-475BAAE028AF
Change Managed Component Library Link : Designator=C53B Old VaultGUID=B7D15EC3-160A-466F-A46C-7801FE6295A7 New VaultGUID=B7D15EC3-160A-466F-A46C-7801FE6295A7 Old ItemGUID=34833BB1-BB92-4981-851C-45053F04873E New ItemGUID=0C359808-31B9-4D68-8CF8-D139364A4161 Old RevisionGUID=D4229FAD-4DB3-44DA-BBBA-9E3C1C468F6A New RevisionGUID=03CDB279-7A00-462B-9436-475BAAE028AF
Change Managed Component Library Link : Designator=C59 Old VaultGUID=B7D15EC3-160A-466F-A46C-7801FE6295A7 New VaultGUID=B7D15EC3-160A-466F-A46C-7801FE6295A7 Old ItemGUID=34833BB1-BB92-4981-851C-45053F04873E New ItemGUID=0C359808-31B9-4D68-8CF8-D139364A4161 Old RevisionGUID=D4229FAD-4DB3-44DA-BBBA-9E3C1C468F6A New RevisionGUID=03CDB279-7A00-462B-9436-475BAAE028AF
Change Managed Component Library Link : Designator=C64 Old VaultGUID=B7D15EC3-160A-466F-A46C-7801FE6295A7 New VaultGUID=B7D15EC3-160A-466F-A46C-7801FE6295A7 Old ItemGUID=34833BB1-BB92-4981-851C-45053F04873E New ItemGUID=0C359808-31B9-4D68-8CF8-D139364A4161 Old RevisionGUID=D4229FAD-4DB3-44DA-BBBA-9E3C1C468F6A New RevisionGUID=03CDB279-7A00-462B-9436-475BAAE028AF
Change component parameters: Designator = "C42A" ("C42"); Footprint = "CAPC1608X90X20LL10"; UniqueID = "\XSCYCGRR\TELXTRJF\NQTNIQME\SLFBFLDW" ("\XSCYCGRR\TELXTRJF\NQTNIQME\SLFBFLDW")
Change component parameters (AddParameter): Name = "Capacitance"; Value = "10uF"; VariantName = "[No Variations]"
Change component parameters (AddParameter): Name = "Case Code (Imperial)"; Value = "0603"; VariantName = "[No Variations]"
Change component parameters (AddParameter): Name = "Case Code (Metric)"; Value = "1608"; VariantName = "[No Variations]"
Change component parameters (AddParameter): Name = "Case/Package"; Value = "0603"; VariantName = "[No Variations]"
Change component parameters (AddParameter): Name = "Length"; Value = "0.063inch"; VariantName = "[No Variations]"
Change component parameters (AddParameter): Name = "Max Operating Temperature"; Value = "85°C"; VariantName = "[No Variations]"
Change component parameters (AddParameter): Name = "Min Operating Temperature"; Value = "-55°C"; VariantName = "[No Variations]"
Change component parameters (AddParameter): Name = "Mount"; Value = "Surface Mount"; VariantName = "[No Variations]"
Change component parameters (AddParameter): Name = "Packaging"; Value = "Tape and Reel"; VariantName = "[No Variations]"
Change component parameters (AddParameter): Name = "Ratings"; Value = "AEC-Q200"; VariantName = "[No Variations]"
Change component parameters (AddParameter): Name = "Thickness"; Value = "0.035inch"; VariantName = "[No Variations]"
Change component parameters (AddParameter): Name = "Tolerance"; Value = "20%"; VariantName = "[No Variations]"
Change component parameters (AddParameter): Name = "Voltage Rating"; Value = "25V"; VariantName = "[No Variations]"
Change component parameters (AddParameter): Name = "Width"; Value = "0.031inch"; VariantName = "[No Variations]"
Change component parameters: Designator = "C42B" ("C42"); Footprint = "CAPC1608X90X20LL10"; UniqueID = "\XSCYCGRR\TELXTRJF\ZUEZTKKS\SLFBFLDW" ("\XSCYCGRR\TELXTRJF\ZUEZTKKS\SLFBFLDW")
Change component parameters (AddParameter): Name = "Capacitance"; Value = "10uF"; VariantName = "[No Variations]"
Change component parameters (AddParameter): Name = "Case Code (Imperial)"; Value = "0603"; VariantName = "[No Variations]"
Change component parameters (AddParameter): Name = "Case Code (Metric)"; Value = "1608"; VariantName = "[No Variations]"
Change component parameters (AddParameter): Name = "Case/Package"; Value = "0603"; VariantName = "[No Variations]"
Change component parameters (AddParameter): Name = "Length"; Value = "0.063inch"; VariantName = "[No Variations]"
Change component parameters (AddParameter): Name = "Max Operating Temperature"; Value = "85°C"; VariantName = "[No Variations]"
Change component parameters (AddParameter): Name = "Min Operating Temperature"; Value = "-55°C"; VariantName = "[No Variations]"
Change component parameters (AddParameter): Name = "Mount"; Value = "Surface Mount"; VariantName = "[No Variations]"
Change component parameters (AddParameter): Name = "Packaging"; Value = "Tape and Reel"; VariantName = "[No Variations]"
Change component parameters (AddParameter): Name = "Ratings"; Value = "AEC-Q200"; VariantName = "[No Variations]"
Change component parameters (AddParameter): Name = "Thickness"; Value = "0.035inch"; VariantName = "[No Variations]"
Change component parameters (AddParameter): Name = "Tolerance"; Value = "20%"; VariantName = "[No Variations]"
Change component parameters (AddParameter): Name = "Voltage Rating"; Value = "25V"; VariantName = "[No Variations]"
Change component parameters (AddParameter): Name = "Width"; Value = "0.031inch"; VariantName = "[No Variations]"
Change component parameters: Designator = "C53A" ("C53"); Footprint = "CAPC1608X90X20LL10"; UniqueID = "\XSCYCGRR\TELXTRJF\NQTNIQME\MRYWTEWI" ("\XSCYCGRR\TELXTRJF\NQTNIQME\MRYWTEWI")
Change component parameters (AddParameter): Name = "Capacitance"; Value = "10uF"; VariantName = "[No Variations]"
Change component parameters (AddParameter): Name = "Case Code (Imperial)"; Value = "0603"; VariantName = "[No Variations]"
Change component parameters (AddParameter): Name = "Case Code (Metric)"; Value = "1608"; VariantName = "[No Variations]"
Change component parameters (AddParameter): Name = "Case/Package"; Value = "0603"; VariantName = "[No Variations]"
Change component parameters (AddParameter): Name = "Length"; Value = "0.063inch"; VariantName = "[No Variations]"
Change component parameters (AddParameter): Name = "Max Operating Temperature"; Value = "85°C"; VariantName = "[No Variations]"
Change component parameters (AddParameter): Name = "Min Operating Temperature"; Value = "-55°C"; VariantName = "[No Variations]"
Change component parameters (AddParameter): Name = "Mount"; Value = "Surface Mount"; VariantName = "[No Variations]"
Change component parameters (AddParameter): Name = "Packaging"; Value = "Tape and Reel"; VariantName = "[No Variations]"
Change component parameters (AddParameter): Name = "Ratings"; Value = "AEC-Q200"; VariantName = "[No Variations]"
Change component parameters (AddParameter): Name = "Thickness"; Value = "0.035inch"; VariantName = "[No Variations]"
Change component parameters (AddParameter): Name = "Tolerance"; Value = "20%"; VariantName = "[No Variations]"
Change component parameters (AddParameter): Name = "Voltage Rating"; Value = "25V"; VariantName = "[No Variations]"
Change component parameters (AddParameter): Name = "Width"; Value = "0.031inch"; VariantName = "[No Variations]"
Change component parameters: Designator = "C53B" ("C53"); Footprint = "CAPC1608X90X20LL10"; UniqueID = "\XSCYCGRR\TELXTRJF\ZUEZTKKS\MRYWTEWI" ("\XSCYCGRR\TELXTRJF\ZUEZTKKS\MRYWTEWI")
Change component parameters (AddParameter): Name = "Capacitance"; Value = "10uF"; VariantName = "[No Variations]"
Change component parameters (AddParameter): Name = "Case Code (Imperial)"; Value = "0603"; VariantName = "[No Variations]"
Change component parameters (AddParameter): Name = "Case Code (Metric)"; Value = "1608"; VariantName = "[No Variations]"
Change component parameters (AddParameter): Name = "Case/Package"; Value = "0603"; VariantName = "[No Variations]"
Change component parameters (AddParameter): Name = "Length"; Value = "0.063inch"; VariantName = "[No Variations]"
Change component parameters (AddParameter): Name = "Max Operating Temperature"; Value = "85°C"; VariantName = "[No Variations]"
Change component parameters (AddParameter): Name = "Min Operating Temperature"; Value = "-55°C"; VariantName = "[No Variations]"
Change component parameters (AddParameter): Name = "Mount"; Value = "Surface Mount"; VariantName = "[No Variations]"
Change component parameters (AddParameter): Name = "Packaging"; Value = "Tape and Reel"; VariantName = "[No Variations]"
Change component parameters (AddParameter): Name = "Ratings"; Value = "AEC-Q200"; VariantName = "[No Variations]"
Change component parameters (AddParameter): Name = "Thickness"; Value = "0.035inch"; VariantName = "[No Variations]"
Change component parameters (AddParameter): Name = "Tolerance"; Value = "20%"; VariantName = "[No Variations]"
Change component parameters (AddParameter): Name = "Voltage Rating"; Value = "25V"; VariantName = "[No Variations]"
Change component parameters (AddParameter): Name = "Width"; Value = "0.031inch"; VariantName = "[No Variations]"
Change component parameters: Designator = "C59" ("C59"); Footprint = "CAPC1608X90X20LL10"; UniqueID = "\XSCYCGRR\FYLAFXPT\VZVQNTVQ" ("\XSCYCGRR\FYLAFXPT\VZVQNTVQ")
Change component parameters (AddParameter): Name = "Capacitance"; Value = "10uF"; VariantName = "[No Variations]"
Change component parameters (AddParameter): Name = "Case Code (Imperial)"; Value = "0603"; VariantName = "[No Variations]"
Change component parameters (AddParameter): Name = "Case Code (Metric)"; Value = "1608"; VariantName = "[No Variations]"
Change component parameters (AddParameter): Name = "Case/Package"; Value = "0603"; VariantName = "[No Variations]"
Change component parameters (AddParameter): Name = "Length"; Value = "0.063inch"; VariantName = "[No Variations]"
Change component parameters (AddParameter): Name = "Max Operating Temperature"; Value = "85°C"; VariantName = "[No Variations]"
Change component parameters (AddParameter): Name = "Min Operating Temperature"; Value = "-55°C"; VariantName = "[No Variations]"
Change component parameters (AddParameter): Name = "Mount"; Value = "Surface Mount"; VariantName = "[No Variations]"
Change component parameters (AddParameter): Name = "Packaging"; Value = "Tape and Reel"; VariantName = "[No Variations]"
Change component parameters (AddParameter): Name = "Ratings"; Value = "AEC-Q200"; VariantName = "[No Variations]"
Change component parameters (AddParameter): Name = "Thickness"; Value = "0.035inch"; VariantName = "[No Variations]"
Change component parameters (AddParameter): Name = "Tolerance"; Value = "20%"; VariantName = "[No Variations]"
Change component parameters (AddParameter): Name = "Voltage Rating"; Value = "25V"; VariantName = "[No Variations]"
Change component parameters (AddParameter): Name = "Width"; Value = "0.031inch"; VariantName = "[No Variations]"
Change component parameters: Designator = "C64" ("C64"); Footprint = "CAPC1608X90X20LL10"; UniqueID = "\XSCYCGRR\SAZKBMBE\LTCCDOSR" ("\XSCYCGRR\SAZKBMBE\LTCCDOSR")
Change component parameters (AddParameter): Name = "Capacitance"; Value = "10uF"; VariantName = "[No Variations]"
Change component parameters (AddParameter): Name = "Case Code (Imperial)"; Value = "0603"; VariantName = "[No Variations]"
Change component parameters (AddParameter): Name = "Case Code (Metric)"; Value = "1608"; VariantName = "[No Variations]"
Change component parameters (AddParameter): Name = "Case/Package"; Value = "0603"; VariantName = "[No Variations]"
Change component parameters (AddParameter): Name = "Length"; Value = "0.063inch"; VariantName = "[No Variations]"
Change component parameters (AddParameter): Name = "Max Operating Temperature"; Value = "85°C"; VariantName = "[No Variations]"
Change component parameters (AddParameter): Name = "Min Operating Temperature"; Value = "-55°C"; VariantName = "[No Variations]"
Change component parameters (AddParameter): Name = "Mount"; Value = "Surface Mount"; VariantName = "[No Variations]"
Change component parameters (AddParameter): Name = "Packaging"; Value = "Tape and Reel"; VariantName = "[No Variations]"
Change component parameters (AddParameter): Name = "Ratings"; Value = "AEC-Q200"; VariantName = "[No Variations]"
Change component parameters (AddParameter): Name = "Thickness"; Value = "0.035inch"; VariantName = "[No Variations]"
Change component parameters (AddParameter): Name = "Tolerance"; Value = "20%"; VariantName = "[No Variations]"
Change component parameters (AddParameter): Name = "Voltage Rating"; Value = "25V"; VariantName = "[No Variations]"
Change component parameters (AddParameter): Name = "Width"; Value = "0.031inch"; VariantName = "[No Variations]"
