Removed Member From Class: ClassName=MC1 Member=C38B
Removed Member From Class: ClassName=MC1 Member=C39B
Removed Member From Class: ClassName=U_Power_HK Member=C40
Removed Member From Class: ClassName=MC2 Member=C41A
Removed Member From Class: ClassName=U_Power_HK Member=C42
Removed Member From Class: ClassName=MC1 Member=C43B
Removed Member From Class: ClassName=MC1 Member=C44B
Removed Member From Class: ClassName=MC1 Member=C45B
Removed Member From Class: ClassName=MC1 Member=C46B
Removed Member From Class: ClassName=MC1 Member=C47B
Removed Member From Class: ClassName=MC1 Member=C48B
Removed Member From Class: ClassName=MC1 Member=C49B
Removed Member From Class: ClassName=MC1 Member=C50B
Removed Member From Class: ClassName=MC1 Member=C51B
Removed Member From Class: ClassName=U_Power_HK Member=C60
Removed Member From Class: ClassName=MC1 Member=C61B
Removed Member From Class: ClassName=MC1 Member=C62B
Removed Member From Class: ClassName=MC2 Member=P4A
Removed Member From Class: ClassName=MC2 Member=Q2A
Removed Member From Class: ClassName=MC2 Member=Q3A
Removed Member From Class: ClassName=U_Power_HK Member=R80
Removed Member From Class: ClassName=MC2 Member=R81A
Removed Member From Class: ClassName=MC2 Member=R82A
Removed Member From Class: ClassName=MC2 Member=R83A
Removed Member From Class: ClassName=MC2 Member=R84A
Removed Member From Class: ClassName=MC2 Member=R85A
Removed Member From Class: ClassName=MC2 Member=R86A
Removed Member From Class: ClassName=MC2 Member=R87A
Removed Member From Class: ClassName=MC2 Member=R88A
Removed Member From Class: ClassName=MC2 Member=R89A
Removed Member From Class: ClassName=MC2 Member=R90A
Removed Member From Class: ClassName=MC2 Member=R91A
Removed Member From Class: ClassName=MC2 Member=R92A
Removed Member From Class: ClassName=MC2 Member=R93A
Removed Member From Class: ClassName=MC2 Member=R94A
Removed Member From Class: ClassName=MC2 Member=R95A
Removed Member From Class: ClassName=MC2 Member=R96A
Removed Member From Class: ClassName=MC2 Member=R97A
Removed Member From Class: ClassName=MC2 Member=R98A
Removed Member From Class: ClassName=MC2 Member=U9A
Removed Member From Class: ClassName=MC2 Member=U10A
Removed Member From Class: ClassName=MC2 Member=U11A
Removed Member From Class: ClassName=MC2 Member=U12A
Removed Member From Class: ClassName=MC2 Member=U13A
Removed Member From Class: ClassName=MC2 Member=U14A
Removed Member From Class: ClassName=U_Power_HK Member=U28
Change Component Designator: OldDesignator=C4 NewDesignator=C2
Change Component Designator: OldDesignator=C5 NewDesignator=C1
Change Component Designator: OldDesignator=C6 NewDesignator=C3
Change Component Designator: OldDesignator=C7 NewDesignator=C4
Change Component Designator: OldDesignator=C8 NewDesignator=C5
Change Component Designator: OldDesignator=C9 NewDesignator=C6
Change Component Designator: OldDesignator=C10 NewDesignator=C7
Change Component Designator: OldDesignator=C11 NewDesignator=C8
Change Component Designator: OldDesignator=C12 NewDesignator=C9
Change Component Designator: OldDesignator=C13 NewDesignator=C11
Change Component Designator: OldDesignator=C14 NewDesignator=C12
Change Component Designator: OldDesignator=C15 NewDesignator=C13
Change Component Designator: OldDesignator=C16 NewDesignator=C14
Change Component Designator: OldDesignator=C17 NewDesignator=C15
Change Component Designator: OldDesignator=C19 NewDesignator=C16
Change Component Designator: OldDesignator=C20 NewDesignator=C17
Change Component Designator: OldDesignator=C21 NewDesignator=C18
Change Component Designator: OldDesignator=C22 NewDesignator=C19
Change Component Designator: OldDesignator=C26 NewDesignator=C30
Change Component Designator: OldDesignator=C27 NewDesignator=C32
Change Component Designator: OldDesignator=C28 NewDesignator=C33
Change Component Designator: OldDesignator=C29 NewDesignator=C34
Change Component Designator: OldDesignator=C30 NewDesignator=C35
Change Component Designator: OldDesignator=C31 NewDesignator=C36
Change Component Designator: OldDesignator=C32 NewDesignator=C26
Change Component Designator: OldDesignator=C33 NewDesignator=C38
Change Component Designator: OldDesignator=C34 NewDesignator=C39
Change Component Designator: OldDesignator=C36 NewDesignator=C27
Change Component Designator: OldDesignator=C37 NewDesignator=C28
Change Component Designator: OldDesignator=C38A NewDesignator=C40A
Change Component Designator: OldDesignator=C38B NewDesignator=C40B
Change Component Designator: OldDesignator=C39A NewDesignator=C41A
Change Component Designator: OldDesignator=C39B NewDesignator=C41B
Change Component Designator: OldDesignator=C40 NewDesignator=C29
Change Component Designator: OldDesignator=C41A NewDesignator=C43A
Change Component Designator: OldDesignator=C41B NewDesignator=C43B
Change Component Designator: OldDesignator=C42 NewDesignator=C31
Change Component Designator: OldDesignator=C43A NewDesignator=C44A
Change Component Designator: OldDesignator=C43B NewDesignator=C44B
Change Component Designator: OldDesignator=C44A NewDesignator=C45A
Change Component Designator: OldDesignator=C44B NewDesignator=C45B
Change Component Designator: OldDesignator=C45A NewDesignator=C46A
Change Component Designator: OldDesignator=C45B NewDesignator=C46B
Change Component Designator: OldDesignator=C46A NewDesignator=C47A
Change Component Designator: OldDesignator=C46B NewDesignator=C47B
Change Component Designator: OldDesignator=C47A NewDesignator=C48A
Change Component Designator: OldDesignator=C47B NewDesignator=C48B
Change Component Designator: OldDesignator=C48A NewDesignator=C49A
Change Component Designator: OldDesignator=C48B NewDesignator=C49B
Change Component Designator: OldDesignator=C49A NewDesignator=C50A
Change Component Designator: OldDesignator=C49B NewDesignator=C50B
Change Component Designator: OldDesignator=C50A NewDesignator=C51A
Change Component Designator: OldDesignator=C50B NewDesignator=C51B
Change Component Designator: OldDesignator=C51A NewDesignator=C52A
Change Component Designator: OldDesignator=C51B NewDesignator=C52B
Change Component Designator: OldDesignator=C56 NewDesignator=C54
Change Component Designator: OldDesignator=C57 NewDesignator=C55
Change Component Designator: OldDesignator=C58 NewDesignator=C56
Change Component Designator: OldDesignator=C59 NewDesignator=C57
Change Component Designator: OldDesignator=C60 NewDesignator=C37
Change Component Designator: OldDesignator=C61A NewDesignator=C42A
Change Component Designator: OldDesignator=C61B NewDesignator=C42B
Change Component Designator: OldDesignator=C62A NewDesignator=C53A
Change Component Designator: OldDesignator=C62B NewDesignator=C53B
Change Component Designator: OldDesignator=C63 NewDesignator=C102
Change Component Designator: OldDesignator=C64 NewDesignator=C103
Change Component Designator: OldDesignator=C65 NewDesignator=C104
Change Component Designator: OldDesignator=C66 NewDesignator=C21
Change Component Designator: OldDesignator=C67 NewDesignator=C22
Change Component Designator: OldDesignator=C68 NewDesignator=C61
Change Component Designator: OldDesignator=C69 NewDesignator=C62
Change Component Designator: OldDesignator=C70 NewDesignator=C63
Change Component Designator: OldDesignator=C71 NewDesignator=C64
Change Component Designator: OldDesignator=C72 NewDesignator=C65
Change Component Designator: OldDesignator=C73 NewDesignator=C66
Change Component Designator: OldDesignator=C75 NewDesignator=C67
Change Component Designator: OldDesignator=C76 NewDesignator=C68
Change Component Designator: OldDesignator=C77 NewDesignator=C69
Change Component Designator: OldDesignator=C78 NewDesignator=C58
Change Component Designator: OldDesignator=C79 NewDesignator=C59
Change Component Designator: OldDesignator=C80 NewDesignator=C60
Change Component Designator: OldDesignator=C81 NewDesignator=C70
Change Component Designator: OldDesignator=C82 NewDesignator=C74
Change Component Designator: OldDesignator=C83 NewDesignator=C75
Change Component Designator: OldDesignator=C84 NewDesignator=C76
Change Component Designator: OldDesignator=C85 NewDesignator=C71
Change Component Designator: OldDesignator=C86 NewDesignator=C72
Change Component Designator: OldDesignator=C87 NewDesignator=C73
Change Component Designator: OldDesignator=C88 NewDesignator=C80
Change Component Designator: OldDesignator=C89 NewDesignator=C81
Change Component Designator: OldDesignator=C90 NewDesignator=C82
Change Component Designator: OldDesignator=C91 NewDesignator=C83
Change Component Designator: OldDesignator=C92 NewDesignator=C84
Change Component Designator: OldDesignator=C93 NewDesignator=C85
Change Component Designator: OldDesignator=C94 NewDesignator=C86
Change Component Designator: OldDesignator=C95 NewDesignator=C87
Change Component Designator: OldDesignator=C96 NewDesignator=C77
Change Component Designator: OldDesignator=C97 NewDesignator=C78
Change Component Designator: OldDesignator=C98 NewDesignator=C79
Change Component Designator: OldDesignator=C99 NewDesignator=C88
Change Component Designator: OldDesignator=C100 NewDesignator=C89
Change Component Designator: OldDesignator=C101 NewDesignator=C90
Change Component Designator: OldDesignator=C102 NewDesignator=C91
Change Component Designator: OldDesignator=C103 NewDesignator=C92
Change Component Designator: OldDesignator=C104 NewDesignator=C93
Change Component Designator: OldDesignator=C105 NewDesignator=C94
Change Component Designator: OldDesignator=C106 NewDesignator=C95
Change Component Designator: OldDesignator=C107 NewDesignator=C10
Change Component Designator: OldDesignator=C108 NewDesignator=C20
Change Component Designator: OldDesignator=C109 NewDesignator=C96
Change Component Designator: OldDesignator=C110A NewDesignator=C99A
Change Component Designator: OldDesignator=C110B NewDesignator=C99B
Change Component Designator: OldDesignator=C110C NewDesignator=C99C
Change Component Designator: OldDesignator=C110D NewDesignator=C99D
Change Component Designator: OldDesignator=C110E NewDesignator=C99E
Change Component Designator: OldDesignator=C110F NewDesignator=C99F
Change Component Designator: OldDesignator=C110G NewDesignator=C99G
Change Component Designator: OldDesignator=C110H NewDesignator=C99H
Change Component Designator: OldDesignator=C111A NewDesignator=C100A
Change Component Designator: OldDesignator=C111B NewDesignator=C100B
Change Component Designator: OldDesignator=C111C NewDesignator=C100C
Change Component Designator: OldDesignator=C111D NewDesignator=C100D
Change Component Designator: OldDesignator=C111E NewDesignator=C100E
Change Component Designator: OldDesignator=C111F NewDesignator=C100F
Change Component Designator: OldDesignator=C111G NewDesignator=C100G
Change Component Designator: OldDesignator=C111H NewDesignator=C100H
Change Component Designator: OldDesignator=C112A NewDesignator=C101A
Change Component Designator: OldDesignator=C112B NewDesignator=C101B
Change Component Designator: OldDesignator=C112C NewDesignator=C101C
Change Component Designator: OldDesignator=C112D NewDesignator=C101D
Change Component Designator: OldDesignator=C112E NewDesignator=C101E
Change Component Designator: OldDesignator=C112F NewDesignator=C101F
Change Component Designator: OldDesignator=C112G NewDesignator=C101G
Change Component Designator: OldDesignator=C112H NewDesignator=C101H
Change Component Designator: OldDesignator=C116 NewDesignator=C97
Change Component Designator: OldDesignator=C117 NewDesignator=C98
Change Component Designator: OldDesignator=D15 NewDesignator=D11
Change Component Designator: OldDesignator=D16 NewDesignator=D12
Change Component Designator: OldDesignator=FB2 NewDesignator=FB1
Change Component Designator: OldDesignator=FB3 NewDesignator=FB2
Change Component Designator: OldDesignator=FB4 NewDesignator=FB3
Change Component Designator: OldDesignator=FB5 NewDesignator=FB4
Change Component Designator: OldDesignator=FB6 NewDesignator=FB5
Change Component Designator: OldDesignator=FB7 NewDesignator=FB6
Change Component Designator: OldDesignator=FB8 NewDesignator=FB7
Change Component Designator: OldDesignator=P6 NewDesignator=P5
Change Component Designator: OldDesignator=R46 NewDesignator=R47
Change Component Designator: OldDesignator=R47 NewDesignator=R48
Change Component Designator: OldDesignator=R48 NewDesignator=R49
Change Component Designator: OldDesignator=R49 NewDesignator=R50
Change Component Designator: OldDesignator=R50 NewDesignator=R51
Change Component Designator: OldDesignator=R51 NewDesignator=R52
Change Component Designator: OldDesignator=R52 NewDesignator=R53
Change Component Designator: OldDesignator=R53 NewDesignator=R54
Change Component Designator: OldDesignator=R54 NewDesignator=R55
Change Component Designator: OldDesignator=R55 NewDesignator=R56
Change Component Designator: OldDesignator=R56 NewDesignator=R57
Change Component Designator: OldDesignator=R57 NewDesignator=R59
Change Component Designator: OldDesignator=R58 NewDesignator=R60
Change Component Designator: OldDesignator=R59 NewDesignator=R61
Change Component Designator: OldDesignator=R60 NewDesignator=R62
Change Component Designator: OldDesignator=R61 NewDesignator=R63
Change Component Designator: OldDesignator=R62 NewDesignator=R65
Change Component Designator: OldDesignator=R63 NewDesignator=R64
Change Component Designator: OldDesignator=R64 NewDesignator=R66
Change Component Designator: OldDesignator=R65 NewDesignator=R67
Change Component Designator: OldDesignator=R66 NewDesignator=R68
Change Component Designator: OldDesignator=R67 NewDesignator=R69
Change Component Designator: OldDesignator=R68 NewDesignator=R70
Change Component Designator: OldDesignator=R69 NewDesignator=R71
Change Component Designator: OldDesignator=R70 NewDesignator=R72
Change Component Designator: OldDesignator=R71 NewDesignator=R73
Change Component Designator: OldDesignator=R72 NewDesignator=R74
Change Component Designator: OldDesignator=R73 NewDesignator=R75
Change Component Designator: OldDesignator=R74 NewDesignator=R76
Change Component Designator: OldDesignator=R75 NewDesignator=R77
Change Component Designator: OldDesignator=R76 NewDesignator=R78
Change Component Designator: OldDesignator=R77 NewDesignator=R79
Change Component Designator: OldDesignator=R78 NewDesignator=R80
Change Component Designator: OldDesignator=R79 NewDesignator=R81
Change Component Designator: OldDesignator=R80 NewDesignator=R58
Change Component Designator: OldDesignator=R81A NewDesignator=R82A
Change Component Designator: OldDesignator=R81B NewDesignator=R82B
Change Component Designator: OldDesignator=R82A NewDesignator=R83A
Change Component Designator: OldDesignator=R82B NewDesignator=R83B
Change Component Designator: OldDesignator=R83A NewDesignator=R84A
Change Component Designator: OldDesignator=R83B NewDesignator=R84B
Change Component Designator: OldDesignator=R84A NewDesignator=R85A
Change Component Designator: OldDesignator=R84B NewDesignator=R85B
Change Component Designator: OldDesignator=R85A NewDesignator=R86A
Change Component Designator: OldDesignator=R85B NewDesignator=R86B
Change Component Designator: OldDesignator=R86A NewDesignator=R87A
Change Component Designator: OldDesignator=R86B NewDesignator=R87B
Change Component Designator: OldDesignator=R87A NewDesignator=R88A
Change Component Designator: OldDesignator=R87B NewDesignator=R88B
Change Component Designator: OldDesignator=R88A NewDesignator=R89A
Change Component Designator: OldDesignator=R88B NewDesignator=R89B
Change Component Designator: OldDesignator=R89A NewDesignator=R90A
Change Component Designator: OldDesignator=R89B NewDesignator=R90B
Change Component Designator: OldDesignator=R90A NewDesignator=R91A
Change Component Designator: OldDesignator=R90B NewDesignator=R91B
Change Component Designator: OldDesignator=R91A NewDesignator=R92A
Change Component Designator: OldDesignator=R91B NewDesignator=R92B
Change Component Designator: OldDesignator=R92A NewDesignator=R93A
Change Component Designator: OldDesignator=R92B NewDesignator=R93B
Change Component Designator: OldDesignator=R93A NewDesignator=R94A
Change Component Designator: OldDesignator=R93B NewDesignator=R94B
Change Component Designator: OldDesignator=R94A NewDesignator=R95A
Change Component Designator: OldDesignator=R94B NewDesignator=R95B
Change Component Designator: OldDesignator=R95A NewDesignator=R96A
Change Component Designator: OldDesignator=R95B NewDesignator=R96B
Change Component Designator: OldDesignator=R96A NewDesignator=R97A
Change Component Designator: OldDesignator=R96B NewDesignator=R97B
Change Component Designator: OldDesignator=R97A NewDesignator=R98A
Change Component Designator: OldDesignator=R97B NewDesignator=R98B
Change Component Designator: OldDesignator=R98A NewDesignator=R99A
Change Component Designator: OldDesignator=R98B NewDesignator=R99B
Change Component Designator: OldDesignator=R99 NewDesignator=R100
Change Component Designator: OldDesignator=R100 NewDesignator=R101
Change Component Designator: OldDesignator=R101 NewDesignator=R102
Change Component Designator: OldDesignator=R102 NewDesignator=R131
Change Component Designator: OldDesignator=R103 NewDesignator=R113
Change Component Designator: OldDesignator=R104 NewDesignator=R46
Change Component Designator: OldDesignator=R106 NewDesignator=R103
Change Component Designator: OldDesignator=R107 NewDesignator=R104
Change Component Designator: OldDesignator=R108 NewDesignator=R105
Change Component Designator: OldDesignator=R109 NewDesignator=R106
Change Component Designator: OldDesignator=R111 NewDesignator=R107
Change Component Designator: OldDesignator=R112 NewDesignator=R108
Change Component Designator: OldDesignator=R113 NewDesignator=R109
Change Component Designator: OldDesignator=R114 NewDesignator=R110
Change Component Designator: OldDesignator=R115 NewDesignator=R111
Change Component Designator: OldDesignator=R116 NewDesignator=R112
Change Component Designator: OldDesignator=R117 NewDesignator=R114
Change Component Designator: OldDesignator=R118 NewDesignator=R115
Change Component Designator: OldDesignator=R119 NewDesignator=R116
Change Component Designator: OldDesignator=R121 NewDesignator=R117
Change Component Designator: OldDesignator=R122 NewDesignator=R118
Change Component Designator: OldDesignator=R123 NewDesignator=R119
Change Component Designator: OldDesignator=R124 NewDesignator=R120
Change Component Designator: OldDesignator=R125 NewDesignator=R121
Change Component Designator: OldDesignator=R126 NewDesignator=R122
Change Component Designator: OldDesignator=R127 NewDesignator=R123
Change Component Designator: OldDesignator=R128 NewDesignator=R124
Change Component Designator: OldDesignator=R129 NewDesignator=R125
Change Component Designator: OldDesignator=R130 NewDesignator=R126
Change Component Designator: OldDesignator=R131 NewDesignator=R127
Change Component Designator: OldDesignator=R132 NewDesignator=R128
Change Component Designator: OldDesignator=R133A NewDesignator=R129A
Change Component Designator: OldDesignator=R133B NewDesignator=R129B
Change Component Designator: OldDesignator=R133C NewDesignator=R129C
Change Component Designator: OldDesignator=R133D NewDesignator=R129D
Change Component Designator: OldDesignator=R133E NewDesignator=R129E
Change Component Designator: OldDesignator=R133F NewDesignator=R129F
Change Component Designator: OldDesignator=R133G NewDesignator=R129G
Change Component Designator: OldDesignator=R133H NewDesignator=R129H
Change Component Designator: OldDesignator=R134A NewDesignator=R130A
Change Component Designator: OldDesignator=R134B NewDesignator=R130B
Change Component Designator: OldDesignator=R134C NewDesignator=R130C
Change Component Designator: OldDesignator=R134D NewDesignator=R130D
Change Component Designator: OldDesignator=R134E NewDesignator=R130E
Change Component Designator: OldDesignator=R134F NewDesignator=R130F
Change Component Designator: OldDesignator=R134G NewDesignator=R130G
Change Component Designator: OldDesignator=R134H NewDesignator=R130H
Change Component Designator: OldDesignator=U7 NewDesignator=U8
Change Component Designator: OldDesignator=U8 NewDesignator=U9
Change Component Designator: OldDesignator=U9A NewDesignator=U10A
Change Component Designator: OldDesignator=U9B NewDesignator=U10B
Change Component Designator: OldDesignator=U10A NewDesignator=U11A
Change Component Designator: OldDesignator=U10B NewDesignator=U11B
Change Component Designator: OldDesignator=U11A NewDesignator=U12A
Change Component Designator: OldDesignator=U11B NewDesignator=U12B
Change Component Designator: OldDesignator=U12A NewDesignator=U13A
Change Component Designator: OldDesignator=U12B NewDesignator=U13B
Change Component Designator: OldDesignator=U13A NewDesignator=U14A
Change Component Designator: OldDesignator=U13B NewDesignator=U14B
Change Component Designator: OldDesignator=U14A NewDesignator=U15A
Change Component Designator: OldDesignator=U14B NewDesignator=U15B
Change Component Designator: OldDesignator=U15 NewDesignator=U16
Change Component Designator: OldDesignator=U16 NewDesignator=U17
Change Component Designator: OldDesignator=U17 NewDesignator=U18
Change Component Designator: OldDesignator=U18 NewDesignator=U19
Change Component Designator: OldDesignator=U21 NewDesignator=U20
Change Component Designator: OldDesignator=U22 NewDesignator=U21
Change Component Designator: OldDesignator=U23 NewDesignator=U22
Change Component Designator: OldDesignator=U24 NewDesignator=U23
Change Component Designator: OldDesignator=U25 NewDesignator=U24
Change Component Designator: OldDesignator=U26 NewDesignator=U25
Change Component Designator: OldDesignator=U27 NewDesignator=U26
Change Component Designator: OldDesignator=U28 NewDesignator=U7
Change Net Name : Old Net Name=NetC4_1 New Net Name=NetC2_1
Change Net Name : Old Net Name=NetC10_2 New Net Name=NetC7_2
Change Net Name : Old Net Name=NetC11_1 New Net Name=NetC8_1
Change Net Name : Old Net Name=NetC19_1 New Net Name=NetC16_1
Change Net Name : Old Net Name=NetC29_2 New Net Name=NetC34_2
Change Net Name : Old Net Name=NetC30_2 New Net Name=NetC35_2
Change Net Name : Old Net Name=NetC31_1 New Net Name=NetC36_1
Change Net Name : Old Net Name=NetC31_2 New Net Name=NetC36_2
Change Net Name : Old Net Name=NetC32_2 New Net Name=NetC26_2
Change Net Name : Old Net Name=NetC42_2 New Net Name=NetC31_2
Change Net Name : Old Net Name=NetC44A_1 New Net Name=NetC45A_1
Change Net Name : Old Net Name=NetC44B_1 New Net Name=NetC45B_1
Change Net Name : Old Net Name=NetC47A_1 New Net Name=NetC48A_1
Change Net Name : Old Net Name=NetC47B_1 New Net Name=NetC48B_1
Change Net Name : Old Net Name=NetC48A_1 New Net Name=NetC49A_1
Change Net Name : Old Net Name=NetC48B_1 New Net Name=NetC49B_1
Change Net Name : Old Net Name=NetC49A_1 New Net Name=NetC50A_1
Change Net Name : Old Net Name=NetC49B_1 New Net Name=NetC50B_1
Change Net Name : Old Net Name=NetC64_2 New Net Name=NetC103_2
Change Net Name : Old Net Name=NetC68_2 New Net Name=NetC61_2
Change Net Name : Old Net Name=NetC69_1 New Net Name=NetC62_1
Change Net Name : Old Net Name=NetC70_2 New Net Name=NetC63_2
Change Net Name : Old Net Name=NetC71_1 New Net Name=NetC64_1
Change Net Name : Old Net Name=NetC72_2 New Net Name=NetC65_2
Change Net Name : Old Net Name=NetC77_2 New Net Name=NetC69_2
Change Net Name : Old Net Name=NetC81_1 New Net Name=NetC70_1
Change Net Name : Old Net Name=NetC82_1 New Net Name=NetC74_1
Change Net Name : Old Net Name=NetC83_2 New Net Name=NetC75_2
Change Net Name : Old Net Name=NetC88_2 New Net Name=NetC80_2
Change Net Name : Old Net Name=NetC102_2 New Net Name=NetC91_2
Change Net Name : Old Net Name=NetC103_2 New Net Name=NetC92_2
Change Net Name : Old Net Name=NetC104_2 New Net Name=NetC93_2
Change Net Name : Old Net Name=NetC105_2 New Net Name=NetC94_2
Change Net Name : Old Net Name=NetC110A_1 New Net Name=NetC99A_1
Change Net Name : Old Net Name=NetC110A_2 New Net Name=NetC99A_2
Change Net Name : Old Net Name=NetC110B_1 New Net Name=NetC99B_1
Change Net Name : Old Net Name=NetC110B_2 New Net Name=NetC99B_2
Change Net Name : Old Net Name=NetC110C_1 New Net Name=NetC99C_1
Change Net Name : Old Net Name=NetC110C_2 New Net Name=NetC99C_2
Change Net Name : Old Net Name=NetC110D_1 New Net Name=NetC99D_1
Change Net Name : Old Net Name=NetC110D_2 New Net Name=NetC99D_2
Change Net Name : Old Net Name=NetC110E_1 New Net Name=NetC99E_1
Change Net Name : Old Net Name=NetC110E_2 New Net Name=NetC99E_2
Change Net Name : Old Net Name=NetC110F_1 New Net Name=NetC99F_1
Change Net Name : Old Net Name=NetC110F_2 New Net Name=NetC99F_2
Change Net Name : Old Net Name=NetC110G_1 New Net Name=NetC99G_1
Change Net Name : Old Net Name=NetC110G_2 New Net Name=NetC99G_2
Change Net Name : Old Net Name=NetC110H_1 New Net Name=NetC99H_1
Change Net Name : Old Net Name=NetC110H_2 New Net Name=NetC99H_2
Change Net Name : Old Net Name=NetD15_2 New Net Name=NetD11_2
Change Net Name : Old Net Name=NetD16_2 New Net Name=NetD12_2
Change Net Name : Old Net Name=NetFB2_2 New Net Name=NetFB1_2
Change Net Name : Old Net Name=NetR54_1 New Net Name=NetR55_1
Change Net Name : Old Net Name=NetR55_1 New Net Name=NetR56_1
Change Net Name : Old Net Name=NetR57_1 New Net Name=NetR59_1
Change Net Name : Old Net Name=NetR57_2 New Net Name=NetR59_2
Change Net Name : Old Net Name=NetR58_2 New Net Name=NetR60_2
Change Net Name : Old Net Name=NetR61_2 New Net Name=NetR63_2
Change Net Name : Old Net Name=NetR62_2 New Net Name=NetR65_2
Change Net Name : Old Net Name=NetR64_1 New Net Name=NetR66_1
Change Net Name : Old Net Name=NetR67_2 New Net Name=NetR69_2
Change Net Name : Old Net Name=NetR68_1 New Net Name=NetR70_1
Change Net Name : Old Net Name=NetR71_1 New Net Name=NetR73_1
Change Net Name : Old Net Name=NetR71_2 New Net Name=NetR73_2
Change Net Name : Old Net Name=NetR72_2 New Net Name=NetR74_2
Change Net Name : Old Net Name=NetR73_1 New Net Name=NetR75_1
Change Net Name : Old Net Name=NetR78_2 New Net Name=NetR80_2
Change Net Name : Old Net Name=NetR79_2 New Net Name=NetR81_2
Change Net Name : Old Net Name=NetR83A_1 New Net Name=NetR84A_1
Change Net Name : Old Net Name=NetR83B_1 New Net Name=NetR84B_1
Change Net Name : Old Net Name=NetR84A_1 New Net Name=NetR85A_1
Change Net Name : Old Net Name=NetR84B_1 New Net Name=NetR85B_1
Change Net Name : Old Net Name=NetR88A_1 New Net Name=NetR89A_1
Change Net Name : Old Net Name=NetR88B_1 New Net Name=NetR89B_1
Change Net Name : Old Net Name=NetR92A_2 New Net Name=NetR93A_2
Change Net Name : Old Net Name=NetR92B_2 New Net Name=NetR93B_2
Change Net Name : Old Net Name=NetR93A_2 New Net Name=NetR94A_2
Change Net Name : Old Net Name=NetR93B_2 New Net Name=NetR94B_2
Change Net Name : Old Net Name=NetR94A_2 New Net Name=NetR95A_2
Change Net Name : Old Net Name=NetR94B_2 New Net Name=NetR95B_2
Change Net Name : Old Net Name=NetR101_1 New Net Name=NetR102_1
Change Net Name : Old Net Name=NetR103_2 New Net Name=NetR113_2
Change Net Name : Old Net Name=NetR106_2 New Net Name=NetR103_2
Change Net Name : Old Net Name=NetR108_2 New Net Name=NetR105_2
Change Net Name : Old Net Name=NetR111_1 New Net Name=NetR107_1
Change Net Name : Old Net Name=NetR112_1 New Net Name=NetR108_1
Change Net Name : Old Net Name=NetR115_2 New Net Name=NetR111_2
Change Net Name : Old Net Name=NetR116_2 New Net Name=NetR112_2
Change Net Name : Old Net Name=NetR117_1 New Net Name=NetR114_1
Change Net Name : Old Net Name=NetR119_2 New Net Name=NetR116_2
Change Net Name : Old Net Name=NetR121_1 New Net Name=NetR117_1
Change Net Name : Old Net Name=NetR122_1 New Net Name=NetR118_1
Change Net Name : Old Net Name=NetR123_1 New Net Name=NetR119_1
Change Net Name : Old Net Name=NetR124_1 New Net Name=NetR120_1
Change Net Name : Old Net Name=NetR125_1 New Net Name=NetR121_1
Change Net Name : Old Net Name=NetR126_1 New Net Name=NetR122_1
Change Net Name : Old Net Name=NetR127_1 New Net Name=NetR123_1
Change Net Name : Old Net Name=NetR128_1 New Net Name=NetR124_1
Change Net Name : Old Net Name=NetR128_2 New Net Name=NetR124_2
Change Net Name : Old Net Name=NetR129_2 New Net Name=NetR125_2
Change Net Name : Old Net Name=NetR132_2 New Net Name=NetR128_2
Added Member To Class: ClassName=U_Power_HK Member=Component C35 3.3 nF
Added Member To Class: ClassName=U_Power_HK Member=Component C38 10 uF
Added Member To Class: ClassName=U_Power_HK Member=Component C39 0.1 uF
Added Member To Class: ClassName=MC1 Member=Component C40A (C40) 0.1 uF
Added Member To Class: ClassName=MC1 Member=Component C42A (C42) 10 uF
Added Member To Class: ClassName=MC1 Member=Component C43A (C43) 0.1 uF
Added Member To Class: ClassName=MC1 Member=Component C44A (C44) 1 uF
Added Member To Class: ClassName=MC1 Member=Component C45A (C45) 4.7uF
Added Member To Class: ClassName=MC1 Member=Component C46A (C46) 1 uF
Added Member To Class: ClassName=MC1 Member=Component C47A (C47) 0.1 uF
Added Member To Class: ClassName=MC1 Member=Component C48A (C48) 470 pF
Added Member To Class: ClassName=MC1 Member=Component C49A (C49) 470 pF
Added Member To Class: ClassName=MC1 Member=Component C50A (C50) 470 pF
Added Member To Class: ClassName=MC1 Member=Component C51A (C51) 0.1 uF
Added Member To Class: ClassName=MC1 Member=Component C52A (C52) 0.1 uF
Added Member To Class: ClassName=MC2 Member=Component C52B (C52) 0.1 uF
Added Member To Class: ClassName=MC1 Member=Component C53A (C53) 10 uF
Added Member To Class: ClassName=MC2 Member=Component P4B (P4) 53398-1071
Added Member To Class: ClassName=MC2 Member=Component Q2B (Q2A) NTGD4167CT1G
Added Member To Class: ClassName=MC2 Member=Component Q3B (Q3A) NTGD4167CT1G
Added Member To Class: ClassName=U_Power_HK Member=Component R81 274k
Added Member To Class: ClassName=MC2 Member=Component R82B (R82) 120
Added Member To Class: ClassName=MC2 Member=Component R83B (R83) 2 kO 0.1%
Added Member To Class: ClassName=MC2 Member=Component R84B (R84) 0
Added Member To Class: ClassName=MC2 Member=Component R85B (R85) 0
Added Member To Class: ClassName=MC2 Member=Component R86B (R86) 249KO
Added Member To Class: ClassName=MC2 Member=Component R87B (R87) 249KO
Added Member To Class: ClassName=MC2 Member=Component R88B (R88) 249KO
Added Member To Class: ClassName=MC2 Member=Component R89B (R89) 10 KO 0.1%
Added Member To Class: ClassName=MC2 Member=Component R90B (R90) 4.99KO
Added Member To Class: ClassName=MC2 Member=Component R91B (R91) 4.99KO
Added Member To Class: ClassName=MC2 Member=Component R92B (R92) 4.99KO
Added Member To Class: ClassName=MC2 Member=Component R93B (R93) 4.99KO
Added Member To Class: ClassName=MC2 Member=Component R94B (R94) 4.99KO
Added Member To Class: ClassName=MC2 Member=Component R95B (R95) 4.99KO
Added Member To Class: ClassName=MC2 Member=Component R96B (R96) 10 KO 0.1%
Added Member To Class: ClassName=MC2 Member=Component R97B (R97) 249KO
Added Member To Class: ClassName=MC2 Member=Component R98B (R98) 249KO
Added Member To Class: ClassName=MC2 Member=Component R99B (R99) 249KO
Added Member To Class: ClassName=U_Power_HK Member=Component U9 FPF2701MPX
Added Member To Class: ClassName=MC2 Member=Component U10B (U10) REF3040AIDBZT
Added Member To Class: ClassName=MC2 Member=Component U11B (U11) HMC1053
Added Member To Class: ClassName=MC2 Member=Component U12B (U12) AD590L/M
Added Member To Class: ClassName=MC2 Member=Component U13B (U13A) SN74AHC1G04DBVR
Added Member To Class: ClassName=MC2 Member=Component U14B (U14A) LMP2022MM/NOPB
Added Member To Class: ClassName=MC2 Member=Component U15B (U15A) LMP2022MM/NOPB
