Removed Pin From Net: NetName=3V3_Pi Pin=P1-1
Removed Pin From Net: NetName=D3V3 Pin=R110-1
Removed Member From Class: ClassName=U_Ethernet Member=R110
Added Component: Designator=R104(RESC1005X40X25LL05T05)
Add component (AddParameter): Name = "Manufacturer"; Value = "Panasonic"; VariantName = "[No Variations]"
Add component (AddParameter): Name = "Part Number"; Value = "ERJ-2GEJ223X"; VariantName = "[No Variations]"
Add component (AddParameter): Name = "Resistance"; Value = "22kO"; VariantName = "[No Variations]"
Added Component: Designator=U27(FP-511DD-MFG)
Add component (AddParameter): Name = "Ambient Temperature Range High"; Value = "+85°C"; VariantName = "[No Variations]"
Add component (AddParameter): Name = "Ambient Temperature Range Low"; Value = "-40°C"; VariantName = "[No Variations]"
Add component (AddParameter): Name = "Automotive"; Value = "No"; VariantName = "[No Variations]"
Add component (AddParameter): Name = "Category"; Value = "IC"; VariantName = "[No Variations]"
Add component (AddParameter): Name = "ComponentLink2Description"; Value = "Datasheet"; VariantName = "[No Variations]"
Add component (AddParameter): Name = "ComponentLink2URL"; Value = "https://www.onsemi.com/pub/Collateral/FPF2702-D.pdf"; VariantName = "[No Variations]"
Add component (AddParameter): Name = "Device Class L1"; Value = "Integrated Circuits (ICs)"; VariantName = "[No Variations]"
Add component (AddParameter): Name = "Device Class L2"; Value = "Power Management ICs"; VariantName = "[No Variations]"
Add component (AddParameter): Name = "Device Class L3"; Value = "Gate Drivers"; VariantName = "[No Variations]"
Add component (AddParameter): Name = "Digikey Description"; Value = "IC LOAD SWITCH 0.4-2A OCP 8MLP"; VariantName = "[No Variations]"
Add component (AddParameter): Name = "Fall Time"; Value = "1.5ms"; VariantName = "[No Variations]"
Add component (AddParameter): Name = "Footprint Url"; Value = "https://www.onsemi.com/pub/Collateral/511DD.PDF"; VariantName = "[No Variations]"
Add component (AddParameter): Name = "Height"; Value = "0.8mm"; VariantName = "[No Variations]"
Add component (AddParameter): Name = "Ipc Land Pattern Name"; Value = "DFN300X300X80-8"; VariantName = "[No Variations]"
Add component (AddParameter): Name = "Lead Free"; Value = "Yes"; VariantName = "[No Variations]"
Add component (AddParameter): Name = "Manufacturer"; Value = "ON Semiconductor"; VariantName = "[No Variations]"
Add component (AddParameter): Name = "Manufacturer Part Number"; Value = "FPF2701MPX"; VariantName = "[No Variations]"
Add component (AddParameter): Name = "Max Junction Temp"; Value = "+125°C"; VariantName = "[No Variations]"
Add component (AddParameter): Name = "Max Power Dissipation"; Value = "1.25W"; VariantName = "[No Variations]"
Add component (AddParameter): Name = "Max Supply Voltage"; Value = "36V"; VariantName = "[No Variations]"
Add component (AddParameter): Name = "Min Supply Voltage"; Value = "2.8V"; VariantName = "[No Variations]"
Add component (AddParameter): Name = "Mouser Description"; Value = "Power Switch ICs - Power Distribution AccuPower Advanced Load Mngmnt Products"; VariantName = "[No Variations]"
Add component (AddParameter): Name = "Nominal Supply Current"; Value = "92uA"; VariantName = "[No Variations]"
Add component (AddParameter): Name = "Number Of Outputs"; Value = "1"; VariantName = "[No Variations]"
Add component (AddParameter): Name = "Octopart"; Value = "https://octopart.com/fpf2701mpx-on+semiconductor-84327806"; VariantName = "[No Variations]"
Add component (AddParameter): Name = "Output Current"; Value = "0.4-2A"; VariantName = "[No Variations]"
Add component (AddParameter): Name = "Package"; Value = "511DD"; VariantName = "[No Variations]"
Add component (AddParameter): Name = "Rise Time"; Value = "7.5ms"; VariantName = "[No Variations]"
Add component (AddParameter): Name = "RoHS"; Value = "TRUE"; VariantName = "[No Variations]"
Add component (AddParameter): Name = "Standoff Height"; Value = "0mm"; VariantName = "[No Variations]"
Add component (AddParameter): Name = "Temperature"; Value = "-40°C to +125°C"; VariantName = "[No Variations]"
Add component (AddParameter): Name = "Temperature Range High"; Value = "+125°C"; VariantName = "[No Variations]"
Add component (AddParameter): Name = "Temperature Range Low"; Value = "-40°C"; VariantName = "[No Variations]"
Add component (AddParameter): Name = "Turn Off Delay Time"; Value = "0.1ms"; VariantName = "[No Variations]"
Add component (AddParameter): Name = "Turn On Delay Time"; Value = "2.7ms"; VariantName = "[No Variations]"
Added Pin To Net: NetName=D3V3 Pin=R104-2
Added Pin To Net: NetName=A5V Pin=U27-1
Added Pin To Net: NetName=MAG_PGOOD Pin=U27-2
Added Pin To Net: NetName=NetR132_2 Pin=U27-3
Added Pin To Net: NetName=MAG_ONb Pin=U27-4
Added Pin To Net: NetName=AGND Pin=U27-5
Added Pin To Net: NetName=FLAGB_MAG Pin=U27-7
Added Pin To Net: NetName=MAG_5V Pin=U27-8
Added Pin To Net: NetName=AGND Pin=U27-9
Added Pin To Net: NetName=ETH_RESETb Pin=P1-1
Added Pin To Net: NetName=ETH_RESETb Pin=R21-1
Added Pin To Net: NetName=ETH_RESETb Pin=R104-1
Added Pin To Net: NetName=ETH_RESETb Pin=U21-6
Added Net: Name=ETH_RESETb
Added Member To Class: ClassName=U_Hrafn_Top Member=Component R104 22kO
Added Member To Class: ClassName=U_Magnetometers Member=Component U27 FPF2701MPX
