Change Physical Footprint: Designator=C4 Old Footprint=FP-CGA6P-IPC_B New Footprint=FP-CGA6P-IPC_B
Change Physical Footprint: Designator=C5 Old Footprint=FP-CGA6P-IPC_B New Footprint=FP-CGA6P-IPC_B
Change Physical Footprint: Designator=C6 Old Footprint=CAPC1005X55X25LL05T10 New Footprint=CAPC1005X55X25LL05T10
Change Physical Footprint: Designator=C7 Old Footprint=CAPC1005X55X25LL05T10 New Footprint=CAPC1005X55X25LL05T10
Change Physical Footprint: Designator=C8 Old Footprint=CAPC1005X55X25LL05T10 New Footprint=CAPC1005X55X25LL05T10
Change Physical Footprint: Designator=C9 Old Footprint=CAPC1005X55X25LL05T10 New Footprint=CAPC1005X55X25LL05T10
Change Physical Footprint: Designator=C10 Old Footprint=CAPC1608X90X20LL10 New Footprint=CAPC1608X90X20LL10
Change Physical Footprint: Designator=C11 Old Footprint=CAPC1005X60X30NL05T10 New Footprint=CAPC1005X60X30NL05T10
Change Physical Footprint: Designator=C12 Old Footprint=CAPC1005X55X25LL05T10 New Footprint=CAPC1005X55X25LL05T10
Change Physical Footprint: Designator=C13 Old Footprint=CAPC1005X55X25LL05T10 New Footprint=CAPC1005X55X25LL05T10
Change Physical Footprint: Designator=C14 Old Footprint=CAPC1005X55X25LL05T10 New Footprint=CAPC1005X55X25LL05T10
Change Physical Footprint: Designator=C15 Old Footprint=FP-CGA6P-IPC_B New Footprint=FP-CGA6P-IPC_B
Change Physical Footprint: Designator=C16 Old Footprint=CAPC1608X90X20LL10 New Footprint=CAPC1608X90X20LL10
Change Physical Footprint: Designator=C17 Old Footprint=CAPC1005X55X25LL05T10 New Footprint=CAPC1005X55X25LL05T10
Change Physical Footprint: Designator=C19 Old Footprint=CAPC1608X90X20LL10 New Footprint=CAPC1608X90X20LL10
Change Physical Footprint: Designator=C20 Old Footprint=CAPC1005X55X25LL05T10 New Footprint=CAPC1005X55X25LL05T10
Change Physical Footprint: Designator=C21 Old Footprint=CAPC1005X56X25NL10T15 New Footprint=CAPC1005X56X25NL10T15
Change Physical Footprint: Designator=C22 Old Footprint=CAPC1005X56X25NL10T15 New Footprint=CAPC1005X56X25NL10T15
Change Physical Footprint: Designator=C23 Old Footprint=CAPC1005X55X25LL05T10 New Footprint=CAPC1005X55X25LL05T10
Change Physical Footprint: Designator=C24 Old Footprint=CAPC1005X55X25LL05T10 New Footprint=CAPC1005X55X25LL05T10
Change Physical Footprint: Designator=C25 Old Footprint=FP-CGA6P-IPC_B New Footprint=FP-CGA6P-IPC_B
Change Physical Footprint: Designator=C26 Old Footprint=CAPC1005X56X25NL10T15 New Footprint=CAPC1005X56X25NL10T15
Change Physical Footprint: Designator=C27 Old Footprint=CAPC1005X55X25LL05T10 New Footprint=CAPC1005X55X25LL05T10
Change Physical Footprint: Designator=C28 Old Footprint=CAPC1005X56X25NL10T15 New Footprint=CAPC1005X56X25NL10T15
Change Physical Footprint: Designator=C29 Old Footprint=CAPC1005X55X25ML05T10 New Footprint=CAPC1005X55X25ML05T10
Change Physical Footprint: Designator=C30 Old Footprint=CAPC1005X56X25ML10T15 New Footprint=CAPC1005X56X25ML10T15
Change Physical Footprint: Designator=C31 Old Footprint=CAPC1005X55X25NL05T10 New Footprint=CAPC1005X55X25NL05T10
Change Physical Footprint: Designator=C32 Old Footprint=CAPC1608X90X20LL10 New Footprint=CAPC1608X90X20LL10
Change Physical Footprint: Designator=C33 Old Footprint=CAPC1608X90X20LL10 New Footprint=CAPC1608X90X20LL10
Change Physical Footprint: Designator=C34 Old Footprint=CAPC1005X55X25LL05T10 New Footprint=CAPC1005X55X25LL05T10
Change Physical Footprint: Designator=C36 Old Footprint=CAPC1005X55X25LL05T10 New Footprint=CAPC1005X55X25LL05T10
Change Physical Footprint: Designator=C37 Old Footprint=CAPC1608X90X20LL10 New Footprint=CAPC1608X90X20LL10
Change Physical Footprint: Designator=C38A Old Footprint=CAPC1608X87X35LL15T15 New Footprint=CAPC1608X87X35LL15T15
Change Physical Footprint: Designator=C38B Old Footprint=CAPC1608X87X35LL15T15 New Footprint=CAPC1608X87X35LL15T15
Change Physical Footprint: Designator=C39A Old Footprint=FP-GRM18-0_2-MFG New Footprint=FP-GRM18-0_2-MFG
Change Physical Footprint: Designator=C39B Old Footprint=FP-GRM18-0_2-MFG New Footprint=FP-GRM18-0_2-MFG
Change Physical Footprint: Designator=C40 Old Footprint=CAPC1005X55X25LL05T10 New Footprint=CAPC1005X55X25LL05T10
Change Physical Footprint: Designator=C41A Old Footprint=CAPC1005X55X25LL05T10 New Footprint=CAPC1005X55X25LL05T10
Change Physical Footprint: Designator=C41B Old Footprint=CAPC1005X55X25LL05T10 New Footprint=CAPC1005X55X25LL05T10
Change Physical Footprint: Designator=C42 Old Footprint=CAPC1005X55X25LL05T10 New Footprint=CAPC1005X55X25LL05T10
Change Physical Footprint: Designator=C43A Old Footprint=CAPC1005X60X30NL05T10 New Footprint=CAPC1005X60X30NL05T10
Change Physical Footprint: Designator=C43B Old Footprint=CAPC1005X60X30NL05T10 New Footprint=CAPC1005X60X30NL05T10
Change Physical Footprint: Designator=C44A Old Footprint=CAPC1608X90X35LL10T15 New Footprint=CAPC1608X90X35LL10T15
Change Physical Footprint: Designator=C44B Old Footprint=CAPC1608X90X35LL10T15 New Footprint=CAPC1608X90X35LL10T15
Change Physical Footprint: Designator=C45A Old Footprint=CAPC1005X60X30NL05T10 New Footprint=CAPC1005X60X30NL05T10
Change Physical Footprint: Designator=C45B Old Footprint=CAPC1005X60X30NL05T10 New Footprint=CAPC1005X60X30NL05T10
Change Physical Footprint: Designator=C46A Old Footprint=CAPC0402(1005)60_L New Footprint=CAPC0402(1005)60_L
Change Physical Footprint: Designator=C46B Old Footprint=CAPC0402(1005)60_L New Footprint=CAPC0402(1005)60_L
Change Physical Footprint: Designator=C47A Old Footprint=CAPC1005X55X25LL05T10 New Footprint=CAPC1005X55X25LL05T10
Change Physical Footprint: Designator=C47B Old Footprint=CAPC1005X55X25LL05T10 New Footprint=CAPC1005X55X25LL05T10
Change Physical Footprint: Designator=C48A Old Footprint=CAPC1005X55X25LL05T10 New Footprint=CAPC1005X55X25LL05T10
Change Physical Footprint: Designator=C48B Old Footprint=CAPC1005X55X25LL05T10 New Footprint=CAPC1005X55X25LL05T10
Change Physical Footprint: Designator=C49A Old Footprint=CAPC1005X55X25LL05T10 New Footprint=CAPC1005X55X25LL05T10
Change Physical Footprint: Designator=C49B Old Footprint=CAPC1005X55X25LL05T10 New Footprint=CAPC1005X55X25LL05T10
Change Physical Footprint: Designator=C50A Old Footprint=CAPC0402(1005)60_L New Footprint=CAPC0402(1005)60_L
Change Physical Footprint: Designator=C50B Old Footprint=CAPC0402(1005)60_L New Footprint=CAPC0402(1005)60_L
Change Physical Footprint: Designator=C51A Old Footprint=CAPC1608X87X35LL15T15 New Footprint=CAPC1608X87X35LL15T15
Change Physical Footprint: Designator=C51B Old Footprint=CAPC1608X87X35LL15T15 New Footprint=CAPC1608X87X35LL15T15
Change Physical Footprint: Designator=C56 Old Footprint=CAPC1005X55X30LL05T10 New Footprint=CAPC1005X55X30LL05T10
Change Physical Footprint: Designator=C57 Old Footprint=CAPC1005X55X30LL05T10 New Footprint=CAPC1005X55X30LL05T10
Change Physical Footprint: Designator=C58 Old Footprint=CAPC1005X55X30LL05T10 New Footprint=CAPC1005X55X30LL05T10
Change Physical Footprint: Designator=C59 Old Footprint=CAPC1005X55X30LL05T10 New Footprint=CAPC1005X55X30LL05T10
Change Physical Footprint: Designator=C60 Old Footprint=FP-CGA6P-IPC_B New Footprint=FP-CGA6P-IPC_B
Change Physical Footprint: Designator=C61A Old Footprint=CAPC1608X90X20LL10 New Footprint=CAPC1608X90X20LL10
Change Physical Footprint: Designator=C61B Old Footprint=CAPC1608X90X20LL10 New Footprint=CAPC1608X90X20LL10
Change Physical Footprint: Designator=C62A Old Footprint=CAPC1608X90X20LL10 New Footprint=CAPC1608X90X20LL10
Change Physical Footprint: Designator=C62B Old Footprint=CAPC1608X90X20LL10 New Footprint=CAPC1608X90X20LL10
Change Physical Footprint: Designator=C63 Old Footprint=CAPC1005X55X25LL05T10 New Footprint=CAPC1005X55X25LL05T10
Change Physical Footprint: Designator=C64 Old Footprint=CAPC1608X90X20LL10 New Footprint=CAPC1608X90X20LL10
Change Physical Footprint: Designator=C65 Old Footprint=CAPC1608X90X20LL10 New Footprint=CAPC1608X90X20LL10
Change Physical Footprint: Designator=C66 Old Footprint=FP-CGA6P-IPC_B New Footprint=FP-CGA6P-IPC_B
Change Physical Footprint: Designator=C67 Old Footprint=CAPC1608X90X20LL10 New Footprint=CAPC1608X90X20LL10
Change Physical Footprint: Designator=C68 Old Footprint=CAPC1005X55X25LL05T10 New Footprint=CAPC1005X55X25LL05T10
Change Physical Footprint: Designator=C69 Old Footprint=CAPC1005X55X25LL05T10 New Footprint=CAPC1005X55X25LL05T10
Change Physical Footprint: Designator=C70 Old Footprint=CAPC0402(1005)60_L New Footprint=CAPC0402(1005)60_L
Change Physical Footprint: Designator=C71 Old Footprint=CAPC1608X90X20LL10 New Footprint=CAPC1608X90X20LL10
Change Physical Footprint: Designator=C72 Old Footprint=CAPC0402(1005)60_L New Footprint=CAPC0402(1005)60_L
Change Physical Footprint: Designator=C73 Old Footprint=CAPC0402(1005)60_L New Footprint=CAPC0402(1005)60_L
Change Physical Footprint: Designator=C75 Old Footprint=CAPC0402(1005)60_L New Footprint=CAPC0402(1005)60_L
Change Physical Footprint: Designator=C76 Old Footprint=CAPC0402(1005)60_L New Footprint=CAPC0402(1005)60_L
Change Physical Footprint: Designator=C77 Old Footprint=CAPC0402(1005)60_L New Footprint=CAPC0402(1005)60_L
Change Physical Footprint: Designator=C78 Old Footprint=FP-CGA6P-IPC_B New Footprint=FP-CGA6P-IPC_B
Change Physical Footprint: Designator=C79 Old Footprint=CAPC1608X90X20LL10 New Footprint=CAPC1608X90X20LL10
Change Physical Footprint: Designator=C80 Old Footprint=CAPC1005X55X25LL05T10 New Footprint=CAPC1005X55X25LL05T10
Change Physical Footprint: Designator=C81 Old Footprint=FP-CGA6P-MFG New Footprint=FP-CGA6P-MFG
Change Physical Footprint: Designator=C82 Old Footprint=CAPC1005X55X30LL05T10 New Footprint=CAPC1005X55X30LL05T10
Change Physical Footprint: Designator=C83 Old Footprint=CAPC1005X55X25LL05T10 New Footprint=CAPC1005X55X25LL05T10
Change Physical Footprint: Designator=C84 Old Footprint=CAPC1005X55X30LL05T10 New Footprint=CAPC1005X55X30LL05T10
Change Physical Footprint: Designator=C85 Old Footprint=FP-CGA6P-IPC_B New Footprint=FP-CGA6P-IPC_B
Change Physical Footprint: Designator=C86 Old Footprint=CAPC1608X90X20LL10 New Footprint=CAPC1608X90X20LL10
Change Physical Footprint: Designator=C87 Old Footprint=CAPC1005X55X25LL05T10 New Footprint=CAPC1005X55X25LL05T10
Change Physical Footprint: Designator=C88 Old Footprint=CAPC1005X55X25LL05T10 New Footprint=CAPC1005X55X25LL05T10
Change Physical Footprint: Designator=C89 Old Footprint=CAPC0402(1005)60_L New Footprint=CAPC0402(1005)60_L
Change Physical Footprint: Designator=C90 Old Footprint=CAPC0402(1005)60_L New Footprint=CAPC0402(1005)60_L
Change Physical Footprint: Designator=C91 Old Footprint=CAPC0402(1005)60_L New Footprint=CAPC0402(1005)60_L
Change Physical Footprint: Designator=C92 Old Footprint=CAPC0402(1005)60_L New Footprint=CAPC0402(1005)60_L
Change Physical Footprint: Designator=C93 Old Footprint=CAPC1608X90X35NL10T15 New Footprint=CAPC1608X90X35NL10T15
Change Physical Footprint: Designator=C94 Old Footprint=CAPC0402(1005)60_L New Footprint=CAPC0402(1005)60_L
Change Physical Footprint: Designator=C95 Old Footprint=CAPC0402(1005)60_L New Footprint=CAPC0402(1005)60_L
Change Physical Footprint: Designator=C96 Old Footprint=FP-CGA6P-IPC_B New Footprint=FP-CGA6P-IPC_B
Change Physical Footprint: Designator=C97 Old Footprint=CAPC1608X90X20LL10 New Footprint=CAPC1608X90X20LL10
Change Physical Footprint: Designator=C98 Old Footprint=CAPC1005X55X25LL05T10 New Footprint=CAPC1005X55X25LL05T10
Change Physical Footprint: Designator=C99 Old Footprint=FP-CGA6P-IPC_B New Footprint=FP-CGA6P-IPC_B
Change Physical Footprint: Designator=C100 Old Footprint=CAPC1608X90X20LL10 New Footprint=CAPC1608X90X20LL10
Change Physical Footprint: Designator=C101 Old Footprint=CAPC1005X55X25LL05T10 New Footprint=CAPC1005X55X25LL05T10
Change Physical Footprint: Designator=C102 Old Footprint=CAPC1005X60X30NL05T10 New Footprint=CAPC1005X60X30NL05T10
Change Physical Footprint: Designator=C103 Old Footprint=CAPC1005X60X30NL05T10 New Footprint=CAPC1005X60X30NL05T10
Change Physical Footprint: Designator=C104 Old Footprint=CAPC1005X60X30NL05T10 New Footprint=CAPC1005X60X30NL05T10
Change Physical Footprint: Designator=C105 Old Footprint=CAPC0402(1005)60_L New Footprint=CAPC0402(1005)60_L
Change Physical Footprint: Designator=C106 Old Footprint=CAPC1005X55X25LL05T10 New Footprint=CAPC1005X55X25LL05T10
Change Physical Footprint: Designator=C107 Old Footprint=CAPC1005X55X25LL05T10 New Footprint=CAPC1005X55X25LL05T10
Change Physical Footprint: Designator=C108 Old Footprint=CAPC1005X55X25LL05T10 New Footprint=CAPC1005X55X25LL05T10
Change Physical Footprint: Designator=C109 Old Footprint=FP-CGA6P-IPC_B New Footprint=FP-CGA6P-IPC_B
Change Physical Footprint: Designator=C110A Old Footprint=CAPC1005X55X25LL05T10 New Footprint=CAPC1005X55X25LL05T10
Change Physical Footprint: Designator=C110B Old Footprint=CAPC1005X55X25LL05T10 New Footprint=CAPC1005X55X25LL05T10
Change Physical Footprint: Designator=C110C Old Footprint=CAPC1005X55X25LL05T10 New Footprint=CAPC1005X55X25LL05T10
Change Physical Footprint: Designator=C110D Old Footprint=CAPC1005X55X25LL05T10 New Footprint=CAPC1005X55X25LL05T10
Change Physical Footprint: Designator=C110E Old Footprint=CAPC1005X55X25LL05T10 New Footprint=CAPC1005X55X25LL05T10
Change Physical Footprint: Designator=C110F Old Footprint=CAPC1005X55X25LL05T10 New Footprint=CAPC1005X55X25LL05T10
Change Physical Footprint: Designator=C110G Old Footprint=CAPC1005X55X25LL05T10 New Footprint=CAPC1005X55X25LL05T10
Change Physical Footprint: Designator=C110H Old Footprint=CAPC1005X55X25LL05T10 New Footprint=CAPC1005X55X25LL05T10
Change Physical Footprint: Designator=C111A Old Footprint=CAPC0402(1005)60_L New Footprint=CAPC0402(1005)60_L
Change Physical Footprint: Designator=C111B Old Footprint=CAPC0402(1005)60_L New Footprint=CAPC0402(1005)60_L
Change Physical Footprint: Designator=C111C Old Footprint=CAPC0402(1005)60_L New Footprint=CAPC0402(1005)60_L
Change Physical Footprint: Designator=C111D Old Footprint=CAPC0402(1005)60_L New Footprint=CAPC0402(1005)60_L
Change Physical Footprint: Designator=C111E Old Footprint=CAPC0402(1005)60_L New Footprint=CAPC0402(1005)60_L
Change Physical Footprint: Designator=C111F Old Footprint=CAPC0402(1005)60_L New Footprint=CAPC0402(1005)60_L
Change Physical Footprint: Designator=C111G Old Footprint=CAPC0402(1005)60_L New Footprint=CAPC0402(1005)60_L
Change Physical Footprint: Designator=C111H Old Footprint=CAPC0402(1005)60_L New Footprint=CAPC0402(1005)60_L
Change Physical Footprint: Designator=C112A Old Footprint=CAPC0402(1005)60_L New Footprint=CAPC0402(1005)60_L
Change Physical Footprint: Designator=C112B Old Footprint=CAPC0402(1005)60_L New Footprint=CAPC0402(1005)60_L
Change Physical Footprint: Designator=C112C Old Footprint=CAPC0402(1005)60_L New Footprint=CAPC0402(1005)60_L
Change Physical Footprint: Designator=C112D Old Footprint=CAPC0402(1005)60_L New Footprint=CAPC0402(1005)60_L
Change Physical Footprint: Designator=C112E Old Footprint=CAPC0402(1005)60_L New Footprint=CAPC0402(1005)60_L
Change Physical Footprint: Designator=C112F Old Footprint=CAPC0402(1005)60_L New Footprint=CAPC0402(1005)60_L
Change Physical Footprint: Designator=C112G Old Footprint=CAPC0402(1005)60_L New Footprint=CAPC0402(1005)60_L
Change Physical Footprint: Designator=C112H Old Footprint=CAPC0402(1005)60_L New Footprint=CAPC0402(1005)60_L
Change Physical Footprint: Designator=C116 Old Footprint=CAPC1608X90X20LL10 New Footprint=CAPC1608X90X20LL10
Change Physical Footprint: Designator=C117 Old Footprint=CAPC1005X55X25LL05T10 New Footprint=CAPC1005X55X25LL05T10
Change Physical Footprint: Designator=D1 Old Footprint=ONSC-SMA-2-403D-02_F_V New Footprint=ONSC-SMA-2-403D-02_F_V
Change Physical Footprint: Designator=D2 Old Footprint=FP-SMB-MFG New Footprint=FP-SMB-MFG
Change Physical Footprint: Designator=D3 Old Footprint=ONSC-SMA-2-403D-02_F_V New Footprint=ONSC-SMA-2-403D-02_F_V
Change Physical Footprint: Designator=D4 Old Footprint=FP-502-01-MFG New Footprint=FP-502-01-MFG
Change Physical Footprint: Designator=D5 Old Footprint=FP-SMB-MFG New Footprint=FP-SMB-MFG
Change Physical Footprint: Designator=D6 Old Footprint=ONSC-SMA-2-403D-02_F_V New Footprint=ONSC-SMA-2-403D-02_F_V
Change Physical Footprint: Designator=D7 Old Footprint=ONSC-SOD-923-2-514AB-01_V New Footprint=ONSC-SOD-923-2-514AB-01_V
Change Physical Footprint: Designator=D8 Old Footprint=ONSC-SOD-923-2-514AB-01_V New Footprint=ONSC-SOD-923-2-514AB-01_V
Change Physical Footprint: Designator=D9 Old Footprint=ONSC-SOD-923-2-514AB-01_V New Footprint=ONSC-SOD-923-2-514AB-01_V
Change Physical Footprint: Designator=D10 Old Footprint=ONSC-SOD-923-2-514AB-01_V New Footprint=ONSC-SOD-923-2-514AB-01_V
Change Physical Footprint: Designator=D15 Old Footprint=FP-6_541-5056_01-4-MFG New Footprint=FP-6_541-5056_01-4-MFG
Change Physical Footprint: Designator=D16 Old Footprint=FP-6_541-5056_01-4-MFG New Footprint=FP-6_541-5056_01-4-MFG
Change Physical Footprint: Designator=FB2 Old Footprint=FP-BLM18-0_15-t0_8-IPC_C New Footprint=FP-BLM18-0_15-t0_8-IPC_C
Change Physical Footprint: Designator=FB3 Old Footprint=FP-BLM18-0_15-t0_8-IPC_C New Footprint=FP-BLM18-0_15-t0_8-IPC_C
Change Physical Footprint: Designator=FB4 Old Footprint=FP-BLM18-0_15-t0_8-IPC_C New Footprint=FP-BLM18-0_15-t0_8-IPC_C
Change Physical Footprint: Designator=FB5 Old Footprint=FP-BLM18-0_15-t0_8-IPC_C New Footprint=FP-BLM18-0_15-t0_8-IPC_C
Change Physical Footprint: Designator=FB6 Old Footprint=FP-BLM18-0_15-t0_8-IPC_C New Footprint=FP-BLM18-0_15-t0_8-IPC_C
Change Physical Footprint: Designator=FB7 Old Footprint=FP-BLM18-0_15-t0_8-IPC_C New Footprint=FP-BLM18-0_15-t0_8-IPC_C
Change Physical Footprint: Designator=FB8 Old Footprint=FP-BLM18-0_15-t0_8-IPC_C New Footprint=FP-BLM18-0_15-t0_8-IPC_C
Change Physical Footprint: Designator=FL1 Old Footprint=FIL_BNX028-01L - small New Footprint=FIL_BNX028-01L - small
Change Physical Footprint: Designator=J1 Old Footprint=DIP40 New Footprint=DIP40
Change Physical Footprint: Designator=J2 Old Footprint=GECK16 New Footprint=GECK16
Change Physical Footprint: Designator=J3 Old Footprint=GECK6_M New Footprint=GECK6_M
Change Physical Footprint: Designator=J4 Old Footprint=GECK6_F New Footprint=GECK6_F
Change Physical Footprint: Designator=J5 Old Footprint=GECK10-dup New Footprint=GECK10-dup
Change Physical Footprint: Designator=J6 Old Footprint=GECK12 New Footprint=GECK12
Change Physical Footprint: Designator=L1 Old Footprint=78438357022 New Footprint=78438357022
Change Physical Footprint: Designator=L2 Old Footprint=WE-TPC-4828-MH New Footprint=WE-TPC-4828-MH
Change Physical Footprint: Designator=P1 Old Footprint=MOLX-53398-1071_V New Footprint=MOLX-53398-1071_V
Change Physical Footprint: Designator=P2 Old Footprint=MOLX-53398-1071_V New Footprint=MOLX-53398-1071_V
Change Physical Footprint: Designator=P3 Old Footprint=MOLX-53398-1071_V New Footprint=MOLX-53398-1071_V
Change Physical Footprint: Designator=P4A Old Footprint=MOLX-53398-1071_V New Footprint=MOLX-53398-1071_V
Change Physical Footprint: Designator=P4B Old Footprint=MOLX-53398-1071_V New Footprint=MOLX-53398-1071_V
Change Physical Footprint: Designator=P6 Old Footprint=MOLX-53398-1071_V New Footprint=MOLX-53398-1071_V
Change Physical Footprint: Designator=Q1 Old Footprint=ONSC-SOT-23-3-318-08_V New Footprint=ONSC-SOT-23-3-318-08_V
Change Physical Footprint: Designator=Q2A Old Footprint=ONSC-TSOP-6-318G-02_V New Footprint=ONSC-TSOP-6-318G-02_V
Change Physical Footprint: Designator=Q2B Old Footprint=ONSC-TSOP-6-318G-02_V New Footprint=ONSC-TSOP-6-318G-02_V
Change Physical Footprint: Designator=Q3A Old Footprint=ONSC-TSOP-6-318G-02_V New Footprint=ONSC-TSOP-6-318G-02_V
Change Physical Footprint: Designator=Q3B Old Footprint=ONSC-TSOP-6-318G-02_V New Footprint=ONSC-TSOP-6-318G-02_V
Change Physical Footprint: Designator=R1 Old Footprint=RESC1005X40X25LL05T05 New Footprint=RESC1005X40X25LL05T05
Change Physical Footprint: Designator=R2 Old Footprint=RESC1005X40X25LL05T05 New Footprint=RESC1005X40X25LL05T05
Change Physical Footprint: Designator=R3 Old Footprint=RESC1005X40X25LL05T05 New Footprint=RESC1005X40X25LL05T05
Change Physical Footprint: Designator=R4 Old Footprint=RESC1005X40X25LL05T05 New Footprint=RESC1005X40X25LL05T05
Change Physical Footprint: Designator=R5 Old Footprint=RESC1005X40X25LL05T05 New Footprint=RESC1005X40X25LL05T05
Change Physical Footprint: Designator=R6 Old Footprint=RESC1005X40X25LL05T05 New Footprint=RESC1005X40X25LL05T05
Change Physical Footprint: Designator=R7 Old Footprint=RESC1005X40X25LL05T05 New Footprint=RESC1005X40X25LL05T05
Change Physical Footprint: Designator=R8 Old Footprint=RESC1005X40X25LL05T05 New Footprint=RESC1005X40X25LL05T05
Change Physical Footprint: Designator=R9 Old Footprint=RESC1005X40X25LL05T05 New Footprint=RESC1005X40X25LL05T05
Change Physical Footprint: Designator=R10 Old Footprint=RESC1005X40X25LL05T05 New Footprint=RESC1005X40X25LL05T05
Change Physical Footprint: Designator=R11 Old Footprint=RESC1005X40X25LL05T05 New Footprint=RESC1005X40X25LL05T05
Change Physical Footprint: Designator=R12 Old Footprint=RESC1005X40X25LL05T05 New Footprint=RESC1005X40X25LL05T05
Change Physical Footprint: Designator=R13 Old Footprint=RESC1005X40X25LL05T05 New Footprint=RESC1005X40X25LL05T05
Change Physical Footprint: Designator=R14 Old Footprint=RESC1005X40X25LL05T05 New Footprint=RESC1005X40X25LL05T05
Change Physical Footprint: Designator=R15 Old Footprint=RESC1005X40X25LL05T05 New Footprint=RESC1005X40X25LL05T05
Change Physical Footprint: Designator=R16 Old Footprint=RESC1005X40X25LL05T05 New Footprint=RESC1005X40X25LL05T05
Change Physical Footprint: Designator=R17 Old Footprint=RESC1005X40X25LL05T05 New Footprint=RESC1005X40X25LL05T05
Change Physical Footprint: Designator=R18 Old Footprint=RESC1005X40X25LL05T05 New Footprint=RESC1005X40X25LL05T05
Change Physical Footprint: Designator=R19 Old Footprint=RESC1005X40X25LL05T05 New Footprint=RESC1005X40X25LL05T05
Change Physical Footprint: Designator=R20 Old Footprint=RESC1005X40X25LL05T05 New Footprint=RESC1005X40X25LL05T05
Change Physical Footprint: Designator=R21 Old Footprint=RESC1005X40X25LL05T05 New Footprint=RESC1005X40X25LL05T05
Change Physical Footprint: Designator=R22 Old Footprint=RESC1005X40X25LL05T05 New Footprint=RESC1005X40X25LL05T05
Change Physical Footprint: Designator=R23 Old Footprint=RESC1005X40X25LL05T05 New Footprint=RESC1005X40X25LL05T05
Change Physical Footprint: Designator=R24 Old Footprint=RESC1005X40X25LL05T05 New Footprint=RESC1005X40X25LL05T05
Change Physical Footprint: Designator=R25 Old Footprint=RESC1005X40X25LL05T05 New Footprint=RESC1005X40X25LL05T05
Change Physical Footprint: Designator=R26 Old Footprint=RESC1005X40X25LL05T05 New Footprint=RESC1005X40X25LL05T05
Change Physical Footprint: Designator=R27 Old Footprint=RESC1005X40X25LL05T05 New Footprint=RESC1005X40X25LL05T05
Change Physical Footprint: Designator=R28 Old Footprint=RESC1005X40X25LL05T05 New Footprint=RESC1005X40X25LL05T05
Change Physical Footprint: Designator=R29 Old Footprint=RESC1005X40X25LL05T05 New Footprint=RESC1005X40X25LL05T05
Change Physical Footprint: Designator=R30 Old Footprint=RESC1005X40X25LL05T05 New Footprint=RESC1005X40X25LL05T05
Change Physical Footprint: Designator=R31 Old Footprint=RESC1005X40X25LL05T05 New Footprint=RESC1005X40X25LL05T05
Change Physical Footprint: Designator=R32 Old Footprint=RESC1005X40X25LL05T05 New Footprint=RESC1005X40X25LL05T05
Change Physical Footprint: Designator=R33 Old Footprint=RESC1005X40X25LL05T05 New Footprint=RESC1005X40X25LL05T05
Change Physical Footprint: Designator=R34 Old Footprint=RESC1005X40X25LL05T05 New Footprint=RESC1005X40X25LL05T05
Change Physical Footprint: Designator=R35 Old Footprint=RESC1005X40X25LL05T05 New Footprint=RESC1005X40X25LL05T05
Change Physical Footprint: Designator=R36 Old Footprint=RESC1005X40X25LL05T05 New Footprint=RESC1005X40X25LL05T05
Change Physical Footprint: Designator=R37 Old Footprint=RESC1005X40X25LL05T05 New Footprint=RESC1005X40X25LL05T05
Change Physical Footprint: Designator=R38 Old Footprint=RESC1005X40X25LL05T05 New Footprint=RESC1005X40X25LL05T05
Change Physical Footprint: Designator=R39 Old Footprint=RESC1005X40X25LL05T05 New Footprint=RESC1005X40X25LL05T05
Change Physical Footprint: Designator=R40 Old Footprint=RESC1005X40X25LL05T05 New Footprint=RESC1005X40X25LL05T05
Change Physical Footprint: Designator=R41 Old Footprint=RESC1005X40X25LL05T05 New Footprint=RESC1005X40X25LL05T05
Change Physical Footprint: Designator=R42 Old Footprint=RESC1005X40X25LL05T05 New Footprint=RESC1005X40X25LL05T05
Change Physical Footprint: Designator=R43 Old Footprint=RESC1005X40X25LL05T05 New Footprint=RESC1005X40X25LL05T05
Change Physical Footprint: Designator=R44 Old Footprint=RESC1005X40X25LL05T05 New Footprint=RESC1005X40X25LL05T05
Change Physical Footprint: Designator=R45 Old Footprint=RESC1005X40X25LL05T05 New Footprint=RESC1005X40X25LL05T05
Change Physical Footprint: Designator=R46 Old Footprint=RESC1005X40X25LL05T05 New Footprint=RESC1005X40X25LL05T05
Change Physical Footprint: Designator=R47 Old Footprint=RESC1005X40X25LL05T05 New Footprint=RESC1005X40X25LL05T05
Change Physical Footprint: Designator=R48 Old Footprint=RESC1005X40X25LL05T05 New Footprint=RESC1005X40X25LL05T05
Change Physical Footprint: Designator=R49 Old Footprint=RESC1005X40X25LL05T05 New Footprint=RESC1005X40X25LL05T05
Change Physical Footprint: Designator=R50 Old Footprint=RESC1005X40X25LL05T05 New Footprint=RESC1005X40X25LL05T05
Change Physical Footprint: Designator=R51 Old Footprint=RESC1005X40X25LL05T05 New Footprint=RESC1005X40X25LL05T05
Change Physical Footprint: Designator=R52 Old Footprint=RESC1005X40X25LL05T05 New Footprint=RESC1005X40X25LL05T05
Change Physical Footprint: Designator=R53 Old Footprint=RESC1005X40X25LL05T05 New Footprint=RESC1005X40X25LL05T05
Change Physical Footprint: Designator=R54 Old Footprint=RESC1005X40X25LL05T05 New Footprint=RESC1005X40X25LL05T05
Change Physical Footprint: Designator=R55 Old Footprint=RESC1005X40X25LL05T05 New Footprint=RESC1005X40X25LL05T05
Change Physical Footprint: Designator=R56 Old Footprint=RESC1005X40X25LL05T05 New Footprint=RESC1005X40X25LL05T05
Change Physical Footprint: Designator=R57 Old Footprint=RESC0402(1005)_L New Footprint=RESC0402(1005)_L
Change Physical Footprint: Designator=R58 Old Footprint=RESC0402(1005)_L New Footprint=RESC0402(1005)_L
Change Physical Footprint: Designator=R59 Old Footprint=RESC1005X40X25LL05T05 New Footprint=RESC1005X40X25LL05T05
Change Physical Footprint: Designator=R60 Old Footprint=RESC1608X55X25LL10T15 New Footprint=RESC1608X55X25LL10T15
Change Physical Footprint: Designator=R61 Old Footprint=RESC1005X40X25LL05T05 New Footprint=RESC1005X40X25LL05T05
Change Physical Footprint: Designator=R62 Old Footprint=RESC1005X40X25NL05T05 New Footprint=RESC1005X40X25NL05T05
Change Physical Footprint: Designator=R63 Old Footprint=RESC1005X40X25LL10T10 New Footprint=RESC1005X40X25LL10T10
Change Physical Footprint: Designator=R64 Old Footprint=RESC1005X40X25LL05T05 New Footprint=RESC1005X40X25LL05T05
Change Physical Footprint: Designator=R65 Old Footprint=RESC1005X40X25LL05T05 New Footprint=RESC1005X40X25LL05T05
Change Physical Footprint: Designator=R66 Old Footprint=RESC1005X40X25LL10T10 New Footprint=RESC1005X40X25LL10T10
Change Physical Footprint: Designator=R67 Old Footprint=RESC1005X40X25LL05T05 New Footprint=RESC1005X40X25LL05T05
Change Physical Footprint: Designator=R68 Old Footprint=RESC1005X40X25NL05T10 New Footprint=RESC1005X40X25NL05T10
Change Physical Footprint: Designator=R69 Old Footprint=RESC1005X40X25LL05T05 New Footprint=RESC1005X40X25LL05T05
Change Physical Footprint: Designator=R70 Old Footprint=RESC1005X40X25NL05T05 New Footprint=RESC1005X40X25NL05T05
Change Physical Footprint: Designator=R71 Old Footprint=RESC0402(1005)_L New Footprint=RESC0402(1005)_L
Change Physical Footprint: Designator=R72 Old Footprint=RESC0402(1005)_L New Footprint=RESC0402(1005)_L
Change Physical Footprint: Designator=R73 Old Footprint=RESC1005X40X25LL05T05 New Footprint=RESC1005X40X25LL05T05
Change Physical Footprint: Designator=R74 Old Footprint=RESC1608X55X25LL10T15 New Footprint=RESC1608X55X25LL10T15
Change Physical Footprint: Designator=R75 Old Footprint=RESC1005X40X25LL10T10 New Footprint=RESC1005X40X25LL10T10
Change Physical Footprint: Designator=R76 Old Footprint=RESC1005X40X25LL10T10 New Footprint=RESC1005X40X25LL10T10
Change Physical Footprint: Designator=R77 Old Footprint=RESC1005X40X25NL10T10 New Footprint=RESC1005X40X25NL10T10
Change Physical Footprint: Designator=R78 Old Footprint=RESC1005X40X25LL05T05 New Footprint=RESC1005X40X25LL05T05
Change Physical Footprint: Designator=R79 Old Footprint=RESC1005X40X25NL05T05 New Footprint=RESC1005X40X25NL05T05
Change Physical Footprint: Designator=R80 Old Footprint=RESC1608X55X25LL10T15 New Footprint=RESC1608X55X25LL10T15
Change Physical Footprint: Designator=R81A Old Footprint=RESC1608X55X30LL15T15 New Footprint=RESC1608X55X30LL15T15
Change Physical Footprint: Designator=R81B Old Footprint=RESC1608X55X30LL15T15 New Footprint=RESC1608X55X30LL15T15
Change Physical Footprint: Designator=R82A Old Footprint=RESC1005X40X25LL10T10 New Footprint=RESC1005X40X25LL10T10
Change Physical Footprint: Designator=R82B Old Footprint=RESC1005X40X25LL10T10 New Footprint=RESC1005X40X25LL10T10
Change Physical Footprint: Designator=R83A Old Footprint=RESC1608X55X25NL10T15 New Footprint=RESC1608X55X25NL10T15
Change Physical Footprint: Designator=R83B Old Footprint=RESC1608X55X25NL10T15 New Footprint=RESC1608X55X25NL10T15
Change Physical Footprint: Designator=R84A Old Footprint=RESC1608X55X25NL10T15 New Footprint=RESC1608X55X25NL10T15
Change Physical Footprint: Designator=R84B Old Footprint=RESC1608X55X25NL10T15 New Footprint=RESC1608X55X25NL10T15
Change Physical Footprint: Designator=R85A Old Footprint=RESC1609X55X30LL10T20 New Footprint=RESC1609X55X30LL10T20
Change Physical Footprint: Designator=R85B Old Footprint=RESC1609X55X30LL10T20 New Footprint=RESC1609X55X30LL10T20
Change Physical Footprint: Designator=R86A Old Footprint=RESC1609X55X30LL10T20 New Footprint=RESC1609X55X30LL10T20
Change Physical Footprint: Designator=R86B Old Footprint=RESC1609X55X30LL10T20 New Footprint=RESC1609X55X30LL10T20
Change Physical Footprint: Designator=R87A Old Footprint=RESC1609X55X30LL10T20 New Footprint=RESC1609X55X30LL10T20
Change Physical Footprint: Designator=R87B Old Footprint=RESC1609X55X30LL10T20 New Footprint=RESC1609X55X30LL10T20
Change Physical Footprint: Designator=R88A Old Footprint=RESC1608X55X30LL20T20 New Footprint=RESC1608X55X30LL20T20
Change Physical Footprint: Designator=R88B Old Footprint=RESC1608X55X30LL20T20 New Footprint=RESC1608X55X30LL20T20
Change Physical Footprint: Designator=R89A Old Footprint=FP-RT0603-MFG New Footprint=FP-RT0603-MFG
Change Physical Footprint: Designator=R89B Old Footprint=FP-RT0603-MFG New Footprint=FP-RT0603-MFG
Change Physical Footprint: Designator=R90A Old Footprint=FP-RT0603-IPC_B New Footprint=FP-RT0603-IPC_B
Change Physical Footprint: Designator=R90B Old Footprint=FP-RT0603-IPC_B New Footprint=FP-RT0603-IPC_B
Change Physical Footprint: Designator=R91A Old Footprint=FP-RT0603-IPC_B New Footprint=FP-RT0603-IPC_B
Change Physical Footprint: Designator=R91B Old Footprint=FP-RT0603-IPC_B New Footprint=FP-RT0603-IPC_B
Change Physical Footprint: Designator=R92A Old Footprint=FP-RT0603-IPC_B New Footprint=FP-RT0603-IPC_B
Change Physical Footprint: Designator=R92B Old Footprint=FP-RT0603-IPC_B New Footprint=FP-RT0603-IPC_B
Change Physical Footprint: Designator=R93A Old Footprint=FP-RT0603-IPC_B New Footprint=FP-RT0603-IPC_B
Change Physical Footprint: Designator=R93B Old Footprint=FP-RT0603-IPC_B New Footprint=FP-RT0603-IPC_B
Change Physical Footprint: Designator=R94A Old Footprint=FP-RT0603-IPC_B New Footprint=FP-RT0603-IPC_B
Change Physical Footprint: Designator=R94B Old Footprint=FP-RT0603-IPC_B New Footprint=FP-RT0603-IPC_B
Change Physical Footprint: Designator=R95A Old Footprint=RESC1608X55X30LL20T20 New Footprint=RESC1608X55X30LL20T20
Change Physical Footprint: Designator=R95B Old Footprint=RESC1608X55X30LL20T20 New Footprint=RESC1608X55X30LL20T20
Change Physical Footprint: Designator=R96A Old Footprint=RESC1609X55X30LL10T20 New Footprint=RESC1609X55X30LL10T20
Change Physical Footprint: Designator=R96B Old Footprint=RESC1609X55X30LL10T20 New Footprint=RESC1609X55X30LL10T20
Change Physical Footprint: Designator=R97A Old Footprint=RESC1609X55X30LL10T20 New Footprint=RESC1609X55X30LL10T20
Change Physical Footprint: Designator=R97B Old Footprint=RESC1609X55X30LL10T20 New Footprint=RESC1609X55X30LL10T20
Change Physical Footprint: Designator=R98A Old Footprint=RESC1609X55X30LL10T20 New Footprint=RESC1609X55X30LL10T20
Change Physical Footprint: Designator=R98B Old Footprint=RESC1609X55X30LL10T20 New Footprint=RESC1609X55X30LL10T20
Change Physical Footprint: Designator=R99 Old Footprint=RESC1005X40X25LL05T05 New Footprint=RESC1005X40X25LL05T05
Change Physical Footprint: Designator=R100 Old Footprint=RESC1005X40X25LL05T05 New Footprint=RESC1005X40X25LL05T05
Change Physical Footprint: Designator=R101 Old Footprint=RESC1005X40X25NL05T05 New Footprint=RESC1005X40X25NL05T05
Change Physical Footprint: Designator=R102 Old Footprint=RESC1608X55X30NL15T15 New Footprint=RESC1608X55X30NL15T15
Change Physical Footprint: Designator=R103 Old Footprint=RESC1005X40X25LL05T05 New Footprint=RESC1005X40X25LL05T05
Change Physical Footprint: Designator=R104 Old Footprint=RESC1005X40X25LL05T05 New Footprint=RESC1005X40X25LL05T05
Change Physical Footprint: Designator=R106 Old Footprint=RESC1005X40X25LL05T05 New Footprint=RESC1005X40X25LL05T05
Change Physical Footprint: Designator=R107 Old Footprint=RESC1609X50X30NL10T20 New Footprint=RESC1609X50X30NL10T20
Change Physical Footprint: Designator=R108 Old Footprint=RESC1005X40X25NL05T05 New Footprint=RESC1005X40X25NL05T05
Change Physical Footprint: Designator=R109 Old Footprint=RESC1609X50X30NL10T20 New Footprint=RESC1609X50X30NL10T20
Change Physical Footprint: Designator=R111 Old Footprint=RESC1005X40X25NL05T05 New Footprint=RESC1005X40X25NL05T05
Change Physical Footprint: Designator=R112 Old Footprint=RESC1005X40X25NL05T05 New Footprint=RESC1005X40X25NL05T05
Change Physical Footprint: Designator=R113 Old Footprint=RESC1609X50X30NL10T20 New Footprint=RESC1609X50X30NL10T20
Change Physical Footprint: Designator=R114 Old Footprint=RESC1609X50X30NL10T20 New Footprint=RESC1609X50X30NL10T20
Change Physical Footprint: Designator=R115 Old Footprint=RESC1005X40X25NL05T05 New Footprint=RESC1005X40X25NL05T05
Change Physical Footprint: Designator=R116 Old Footprint=RESC1005X40X25NL05T05 New Footprint=RESC1005X40X25NL05T05
Change Physical Footprint: Designator=R117 Old Footprint=RESC1005X40X25NL05T05 New Footprint=RESC1005X40X25NL05T05
Change Physical Footprint: Designator=R118 Old Footprint=RESC1005X40X25NL05T05 New Footprint=RESC1005X40X25NL05T05
Change Physical Footprint: Designator=R119 Old Footprint=RESC1005X40X25LL05T05 New Footprint=RESC1005X40X25LL05T05
Change Physical Footprint: Designator=R121 Old Footprint=RESC1005X40X25LL05T05 New Footprint=RESC1005X40X25LL05T05
Change Physical Footprint: Designator=R122 Old Footprint=RESC1005X40X25LL05T05 New Footprint=RESC1005X40X25LL05T05
Change Physical Footprint: Designator=R123 Old Footprint=RESC1005X40X25LL05T05 New Footprint=RESC1005X40X25LL05T05
Change Physical Footprint: Designator=R124 Old Footprint=RESC1005X40X25LL05T05 New Footprint=RESC1005X40X25LL05T05
Change Physical Footprint: Designator=R125 Old Footprint=RESC1005X40X25LL05T05 New Footprint=RESC1005X40X25LL05T05
Change Physical Footprint: Designator=R126 Old Footprint=RESC1005X40X25LL05T05 New Footprint=RESC1005X40X25LL05T05
Change Physical Footprint: Designator=R127 Old Footprint=RESC1005X40X25NL05T05 New Footprint=RESC1005X40X25NL05T05
Change Physical Footprint: Designator=R128 Old Footprint=RESC1005X40X25NL05T05 New Footprint=RESC1005X40X25NL05T05
Change Physical Footprint: Designator=R129 Old Footprint=RESC1005X40X25LL05T05 New Footprint=RESC1005X40X25LL05T05
Change Physical Footprint: Designator=R130 Old Footprint=RESC1005X40X25LL05T05 New Footprint=RESC1005X40X25LL05T05
Change Physical Footprint: Designator=R131 Old Footprint=RESC1005X40X25LL05T05 New Footprint=RESC1005X40X25LL05T05
Change Physical Footprint: Designator=R132 Old Footprint=RESC1005X40X25NL05T05 New Footprint=RESC1005X40X25NL05T05
Change Physical Footprint: Designator=R133A Old Footprint=RESC1005X40X25LL05T05 New Footprint=RESC1005X40X25LL05T05
Change Physical Footprint: Designator=R133B Old Footprint=RESC1005X40X25LL05T05 New Footprint=RESC1005X40X25LL05T05
Change Physical Footprint: Designator=R133C Old Footprint=RESC1005X40X25LL05T05 New Footprint=RESC1005X40X25LL05T05
Change Physical Footprint: Designator=R133D Old Footprint=RESC1005X40X25LL05T05 New Footprint=RESC1005X40X25LL05T05
Change Physical Footprint: Designator=R133E Old Footprint=RESC1005X40X25LL05T05 New Footprint=RESC1005X40X25LL05T05
Change Physical Footprint: Designator=R133F Old Footprint=RESC1005X40X25LL05T05 New Footprint=RESC1005X40X25LL05T05
Change Physical Footprint: Designator=R133G Old Footprint=RESC1005X40X25LL05T05 New Footprint=RESC1005X40X25LL05T05
Change Physical Footprint: Designator=R133H Old Footprint=RESC1005X40X25LL05T05 New Footprint=RESC1005X40X25LL05T05
Change Physical Footprint: Designator=R134A Old Footprint=RESC1005X40X25LL05T05 New Footprint=RESC1005X40X25LL05T05
Change Physical Footprint: Designator=R134B Old Footprint=RESC1005X40X25LL05T05 New Footprint=RESC1005X40X25LL05T05
Change Physical Footprint: Designator=R134C Old Footprint=RESC1005X40X25LL05T05 New Footprint=RESC1005X40X25LL05T05
Change Physical Footprint: Designator=R134D Old Footprint=RESC1005X40X25LL05T05 New Footprint=RESC1005X40X25LL05T05
Change Physical Footprint: Designator=R134E Old Footprint=RESC1005X40X25LL05T05 New Footprint=RESC1005X40X25LL05T05
Change Physical Footprint: Designator=R134F Old Footprint=RESC1005X40X25LL05T05 New Footprint=RESC1005X40X25LL05T05
Change Physical Footprint: Designator=R134G Old Footprint=RESC1005X40X25LL05T05 New Footprint=RESC1005X40X25LL05T05
Change Physical Footprint: Designator=R134H Old Footprint=RESC1005X40X25LL05T05 New Footprint=RESC1005X40X25LL05T05
Change Physical Footprint: Designator=U1 Old Footprint=CP-20-8_M New Footprint=CP-20-8_M
Change Physical Footprint: Designator=U2 Old Footprint=LT6105 New Footprint=LT6105
Change Physical Footprint: Designator=U3 Old Footprint=FP-511DD-MFG New Footprint=FP-511DD-MFG
Change Physical Footprint: Designator=U4 Old Footprint=DFN260P300X75-4N New Footprint=DFN260P300X75-4N
Change Physical Footprint: Designator=U5 Old Footprint=LT-S8-8_L New Footprint=LT-S8-8_L
Change Physical Footprint: Designator=U6 Old Footprint=LT6105 New Footprint=LT6105
Change Physical Footprint: Designator=U7 Old Footprint=DFN260P300X75-4N New Footprint=DFN260P300X75-4N
Change Physical Footprint: Designator=U8 Old Footprint=FP-511DD-MFG New Footprint=FP-511DD-MFG
Change Physical Footprint: Designator=U9A Old Footprint=DBZ0003A_N New Footprint=DBZ0003A_N
Change Physical Footprint: Designator=U9B Old Footprint=DBZ0003A_N New Footprint=DBZ0003A_N
Change Physical Footprint: Designator=U10A Old Footprint=LCC16 New Footprint=LCC16
Change Physical Footprint: Designator=U10B Old Footprint=LCC16 New Footprint=LCC16
Change Physical Footprint: Designator=U11A Old Footprint=2-FLATPAK New Footprint=2-FLATPAK
Change Physical Footprint: Designator=U11B Old Footprint=2-FLATPAK New Footprint=2-FLATPAK
Change Physical Footprint: Designator=U12A Old Footprint=DBV0005A_M New Footprint=DBV0005A_M
Change Physical Footprint: Designator=U12B Old Footprint=DBV0005A_M New Footprint=DBV0005A_M
Change Physical Footprint: Designator=U13A Old Footprint=DGK0008A_L New Footprint=DGK0008A_L
Change Physical Footprint: Designator=U13B Old Footprint=DGK0008A_L New Footprint=DGK0008A_L
Change Physical Footprint: Designator=U14A Old Footprint=DGK0008A_L New Footprint=DGK0008A_L
Change Physical Footprint: Designator=U14B Old Footprint=DGK0008A_L New Footprint=DGK0008A_L
Change Physical Footprint: Designator=U15 Old Footprint=DBV0005A_N New Footprint=DBV0005A_N
Change Physical Footprint: Designator=U16 Old Footprint=DBV0005A_N New Footprint=DBV0005A_N
Change Physical Footprint: Designator=U17 Old Footprint=DBV0005A_N New Footprint=DBV0005A_N
Change Physical Footprint: Designator=U18 Old Footprint=FP-RSE0010A-MFG New Footprint=FP-RSE0010A-MFG
Change Physical Footprint: Designator=U21 Old Footprint=QFN-ML28_N New Footprint=QFN-ML28_N
Change Physical Footprint: Designator=U22 Old Footprint=PULS-HX1188FNL-SMT-16_V New Footprint=PULS-HX1188FNL-SMT-16_V
Change Physical Footprint: Designator=U23 Old Footprint=ONSC-SOT23-6-527AJ_V New Footprint=ONSC-SOT23-6-527AJ_V
Change Physical Footprint: Designator=U24 Old Footprint=QFN-ML20_N New Footprint=QFN-ML20_N
Change Physical Footprint: Designator=U25 Old Footprint=D0008A_L New Footprint=D0008A_L
Change Physical Footprint: Designator=U26 Old Footprint=AD7779 New Footprint=AD7779
Change Physical Footprint: Designator=U27 Old Footprint=FP-511DD-MFG New Footprint=FP-511DD-MFG
Change Physical Footprint: Designator=U28 Old Footprint=DBV0005A_N New Footprint=DBV0005A_N
Change Physical Footprint: Designator=X1 Old Footprint=ABRA-ABM8G_V New Footprint=ABRA-ABM8G_V
Change Physical Footprint: Designator=X2 Old Footprint=ABRA-ABM8G_V New Footprint=ABRA-ABM8G_V
