Removed Parameter Case-EIA:0402 from Part C40
Removed Parameter Case-EIA:0402 from Part C47
Removed Parameter Case-EIA:0402 from Part C51
Removed Parameter Case-EIA:0402 from Part C52
Removed Parameter Case-Metric:1005 from Part C40
Removed Parameter Case-Metric:1005 from Part C47
Removed Parameter Case-Metric:1005 from Part C51
Removed Parameter Case-Metric:1005 from Part C52
Removed Parameter Max Thickness:0.6 mm from Part C40
Removed Parameter Max Thickness:0.6 mm from Part C47
Removed Parameter Max Thickness:0.6 mm from Part C51
Removed Parameter Max Thickness:0.6 mm from Part C52
Removed Parameter Rated Voltage:16 V from Part C40
Removed Parameter Rated Voltage:16 V from Part C47
Removed Parameter Rated Voltage:16 V from Part C51
Removed Parameter Rated Voltage:16 V from Part C52
Removed Parameter Technology:SMT from Part C40
Removed Parameter Technology:SMT from Part C47
Removed Parameter Technology:SMT from Part C51
Removed Parameter Technology:SMT from Part C52
Change Value of Parameter Tolerance in Part C52 Old=Â±5% New=20%
Change Value of Parameter Tolerance in Part C51 Old=Â±5% New=20%
Change Value of Parameter Tolerance in Part C47 Old=Â±5% New=20%
Change Value of Parameter Tolerance in Part C40 Old=Â±5% New=20%
Added Parameter Case/Package=0402 to Part C40
Added Parameter Case/Package=0402 to Part C47
Added Parameter Case/Package=0402 to Part C51
Added Parameter Case/Package=0402 to Part C52
Added Parameter Max Operating Temperature=85°C to Part C40
Added Parameter Max Operating Temperature=85°C to Part C47
Added Parameter Max Operating Temperature=85°C to Part C51
Added Parameter Max Operating Temperature=85°C to Part C52
Added Parameter Min Operating Temperature=-55°C to Part C40
Added Parameter Min Operating Temperature=-55°C to Part C47
Added Parameter Min Operating Temperature=-55°C to Part C51
Added Parameter Min Operating Temperature=-55°C to Part C52
Added Parameter Mounting Technology=SMT to Part C40
Added Parameter Mounting Technology=SMT to Part C47
Added Parameter Mounting Technology=SMT to Part C51
Added Parameter Mounting Technology=SMT to Part C52
Added Parameter Pins=2 to Part C40
Added Parameter Pins=2 to Part C47
Added Parameter Pins=2 to Part C51
Added Parameter Pins=2 to Part C52
Added Parameter Voltage Rating=10V to Part C40
Added Parameter Voltage Rating=10V to Part C47
Added Parameter Voltage Rating=10V to Part C51
Added Parameter Voltage Rating=10V to Part C52
Update Managed Component C40 From CMP-001-00061-2[0.1 uF] To CMP-001-00061-2[Capacitor 100nF +/-20% 10V 0402] in Magnetometer_Channel.SchDoc
Update Managed Component C47 From CMP-001-00061-2[0.1 uF] To CMP-001-00061-2[Capacitor 100nF +/-20% 10V 0402] in Magnetometer_Channel.SchDoc
Update Managed Component C51 From CMP-001-00061-2[0.1 uF] To CMP-001-00061-2[Capacitor 100nF +/-20% 10V 0402] in Magnetometer_Channel.SchDoc
Update Managed Component C52 From CMP-001-00061-2[0.1 uF] To CMP-001-00061-2[Capacitor 100nF +/-20% 10V 0402] in Magnetometer_Channel.SchDoc
