Removed Parameter Case-EIA:0402 from Part C47
Removed Parameter Case-EIA:0402 from Part C51
Removed Parameter Case-Metric:1005 from Part C47
Removed Parameter Case-Metric:1005 from Part C51
Removed Parameter Max Thickness:0.6 mm from Part C47
Removed Parameter Max Thickness:0.6 mm from Part C51
Removed Parameter Rated Voltage:16 V from Part C47
Removed Parameter Rated Voltage:16 V from Part C51
Removed Parameter Technology:SMT from Part C47
Removed Parameter Technology:SMT from Part C51
Change Component Parameter Description in C51 Old=CAP 100nF 16V ±5% 0402 (1005 Metric) Thickness 0.6mm SMD New=C0402 0.10 µF X7R 5.00% 16 V
Change Component Parameter Description in C47 Old=CAP 100nF 16V ±5% 0402 (1005 Metric) Thickness 0.6mm SMD New=C0402 0.10 µF X7R 5.00% 16 V
Change Value of Parameter Tolerance in Part C51 Old=Â±5% New=0.05
Change Value of Parameter Tolerance in Part C47 Old=Â±5% New=0.05
Change Value of Parameter Value in Part C51 Old=100nF New=0.10 µF
Change Value of Parameter Value in Part C47 Old=100nF New=0.10 µF
Added Parameter Automotive=No to Part C47
Added Parameter Automotive=No to Part C51
Added Parameter Capacitance=0.10 µF to Part C47
Added Parameter Capacitance=0.10 µF to Part C51
Added Parameter Category=Cap to Part C47
Added Parameter Category=Cap to Part C51
Added Parameter ComponentLink2Description=Datasheet to Part C47
Added Parameter ComponentLink2Description=Datasheet to Part C51
Added Parameter ComponentLink2URL=https://content.kemet.com/datasheets/KEM_C1002_X7R_SMD.pdf to Part C47
Added Parameter ComponentLink2URL=https://content.kemet.com/datasheets/KEM_C1002_X7R_SMD.pdf to Part C51
Added Parameter Device Class L1=Passive Components to Part C47
Added Parameter Device Class L1=Passive Components to Part C51
Added Parameter Device Class L2=Capacitors to Part C47
Added Parameter Device Class L2=Capacitors to Part C51
Added Parameter Device Class L3=Ceramic Capacitors to Part C47
Added Parameter Device Class L3=Ceramic Capacitors to Part C51
Added Parameter Digikey Description=CAP CER 0.1UF 16V 5% X7R 0402 to Part C47
Added Parameter Digikey Description=CAP CER 0.1UF 16V 5% X7R 0402 to Part C51
Added Parameter Height=0.55mm to Part C47
Added Parameter Height=0.55mm to Part C51
Added Parameter Ipc Land Pattern Name=CAPC10050X50 to Part C47
Added Parameter Ipc Land Pattern Name=CAPC10050X50 to Part C51
Added Parameter Lead Free=Yes to Part C47
Added Parameter Lead Free=Yes to Part C51
Added Parameter Manufacturer=Kemet to Part C47
Added Parameter Manufacturer=Kemet to Part C51
Added Parameter Manufacturer Part Number=C0402C104J4RACTU to Part C47
Added Parameter Manufacturer Part Number=C0402C104J4RACTU to Part C51
Added Parameter Material=Ceramic to Part C47
Added Parameter Material=Ceramic to Part C51
Added Parameter Mouser Description=CAP CER 0.1UF 16V X7R 0402 to Part C47
Added Parameter Mouser Description=CAP CER 0.1UF 16V X7R 0402 to Part C51
Added Parameter Octopart=https://octopart.com/c0402c104j4ractu-kemet-12573893 to Part C47
Added Parameter Octopart=https://octopart.com/c0402c104j4ractu-kemet-12573893 to Part C51
Added Parameter Package=C0402-BB to Part C47
Added Parameter Package=C0402-BB to Part C51
Added Parameter RoHS=TRUE to Part C47
Added Parameter RoHS=TRUE to Part C51
Added Parameter Temperature=-55°C to +125°C to Part C47
Added Parameter Temperature=-55°C to +125°C to Part C51
Added Parameter Temperature Characteristic=X7R to Part C47
Added Parameter Temperature Characteristic=X7R to Part C51
Added Parameter Temperature Coefficient=15% to Part C47
Added Parameter Temperature Coefficient=15% to Part C51
Added Parameter Temperature Range High=+125°C to Part C47
Added Parameter Temperature Range High=+125°C to Part C51
Added Parameter Temperature Range Low=-55°C to Part C47
Added Parameter Temperature Range Low=-55°C to Part C51
Added Parameter Voltage Rating=16 V to Part C47
Added Parameter Voltage Rating=16 V to Part C51
Update Managed Component C47 From CMP-1034-02068-3[0.1 uF] To CMP-1034-02068-3[C0402C104J4RACTU] in Magnetometer_Channel.SchDoc
Update Managed Component C51 From CMP-1034-02068-3[0.1 uF] To CMP-1034-02068-3[C0402C104J4RACTU] in Magnetometer_Channel.SchDoc
