Removed Parameter Applications:GeneralPurpose from Part C7
Removed Parameter Applications:GeneralPurpose from Part C14
Removed Parameter Applications:GeneralPurpose from Part C16
Removed Parameter Applications:GeneralPurpose from Part C22
Removed Parameter Applications:GeneralPurpose from Part C26
Removed Parameter Applications:GeneralPurpose from Part C28
Removed Parameter Applications:GeneralPurpose from Part C38
Removed Parameter Datasheet URL:http://download.siliconexpert.com/pdfs/2015/4/21/15/54/45/779/tdk_/manual/37024850441143360mlcc_commercial_general_en.pdf from Part C7
Removed Parameter Datasheet URL:http://download.siliconexpert.com/pdfs/2015/4/21/15/54/45/779/tdk_/manual/37024850441143360mlcc_commercial_general_en.pdf from Part C14
Removed Parameter Datasheet URL:http://download.siliconexpert.com/pdfs/2015/4/21/15/54/45/779/tdk_/manual/37024850441143360mlcc_commercial_general_en.pdf from Part C16
Removed Parameter Datasheet URL:http://download.siliconexpert.com/pdfs/2015/4/21/15/54/45/779/tdk_/manual/37024850441143360mlcc_commercial_general_en.pdf from Part C22
Removed Parameter Datasheet URL:http://download.siliconexpert.com/pdfs/2015/4/21/15/54/45/779/tdk_/manual/37024850441143360mlcc_commercial_general_en.pdf from Part C26
Removed Parameter Datasheet URL:http://download.siliconexpert.com/pdfs/2015/4/21/15/54/45/779/tdk_/manual/37024850441143360mlcc_commercial_general_en.pdf from Part C28
Removed Parameter Datasheet URL:http://download.siliconexpert.com/pdfs/2015/4/21/15/54/45/779/tdk_/manual/37024850441143360mlcc_commercial_general_en.pdf from Part C38
Removed Parameter Datasheet Version:Mar-15 from Part C7
Removed Parameter Datasheet Version:Mar-15 from Part C14
Removed Parameter Datasheet Version:Mar-15 from Part C16
Removed Parameter Datasheet Version:Mar-15 from Part C22
Removed Parameter Datasheet Version:Mar-15 from Part C26
Removed Parameter Datasheet Version:Mar-15 from Part C28
Removed Parameter Datasheet Version:Mar-15 from Part C38
Removed Parameter Design Resources:20WNon-IsolatedBuckLEDDriverUsingPLLNK460KG from Part C7
Removed Parameter Design Resources:20WNon-IsolatedBuckLEDDriverUsingPLLNK460KG from Part C14
Removed Parameter Design Resources:20WNon-IsolatedBuckLEDDriverUsingPLLNK460KG from Part C16
Removed Parameter Design Resources:20WNon-IsolatedBuckLEDDriverUsingPLLNK460KG from Part C22
Removed Parameter Design Resources:20WNon-IsolatedBuckLEDDriverUsingPLLNK460KG from Part C26
Removed Parameter Design Resources:20WNon-IsolatedBuckLEDDriverUsingPLLNK460KG from Part C28
Removed Parameter Design Resources:20WNon-IsolatedBuckLEDDriverUsingPLLNK460KG from Part C38
Removed Parameter Family:CeramicCapacitors from Part C7
Removed Parameter Family:CeramicCapacitors from Part C14
Removed Parameter Family:CeramicCapacitors from Part C16
Removed Parameter Family:CeramicCapacitors from Part C22
Removed Parameter Family:CeramicCapacitors from Part C26
Removed Parameter Family:CeramicCapacitors from Part C28
Removed Parameter Family:CeramicCapacitors from Part C38
Removed Parameter Features:- from Part C7
Removed Parameter Features:- from Part C14
Removed Parameter Features:- from Part C16
Removed Parameter Features:- from Part C22
Removed Parameter Features:- from Part C26
Removed Parameter Features:- from Part C28
Removed Parameter Features:- from Part C38
Removed Parameter Height - Seated (Max):- from Part C7
Removed Parameter Height - Seated (Max):- from Part C14
Removed Parameter Height - Seated (Max):- from Part C16
Removed Parameter Height - Seated (Max):- from Part C22
Removed Parameter Height - Seated (Max):- from Part C26
Removed Parameter Height - Seated (Max):- from Part C28
Removed Parameter Height - Seated (Max):- from Part C38
Removed Parameter Kits:445-9003-KIT-ND-KITCAPCERHICAPMLCCSMD from Part C7
Removed Parameter Kits:445-9003-KIT-ND-KITCAPCERHICAPMLCCSMD from Part C14
Removed Parameter Kits:445-9003-KIT-ND-KITCAPCERHICAPMLCCSMD from Part C16
Removed Parameter Kits:445-9003-KIT-ND-KITCAPCERHICAPMLCCSMD from Part C22
Removed Parameter Kits:445-9003-KIT-ND-KITCAPCERHICAPMLCCSMD from Part C26
Removed Parameter Kits:445-9003-KIT-ND-KITCAPCERHICAPMLCCSMD from Part C28
Removed Parameter Kits:445-9003-KIT-ND-KITCAPCERHICAPMLCCSMD from Part C38
Removed Parameter Lead Spacing:- from Part C7
Removed Parameter Lead Spacing:- from Part C14
Removed Parameter Lead Spacing:- from Part C16
Removed Parameter Lead Spacing:- from Part C22
Removed Parameter Lead Spacing:- from Part C26
Removed Parameter Lead Spacing:- from Part C28
Removed Parameter Lead Spacing:- from Part C38
Removed Parameter Lead Style:- from Part C7
Removed Parameter Lead Style:- from Part C14
Removed Parameter Lead Style:- from Part C16
Removed Parameter Lead Style:- from Part C22
Removed Parameter Lead Style:- from Part C26
Removed Parameter Lead Style:- from Part C28
Removed Parameter Lead Style:- from Part C38
Removed Parameter Manufacturer URL:http://www.tdk.com/ from Part C7
Removed Parameter Manufacturer URL:http://www.tdk.com/ from Part C14
Removed Parameter Manufacturer URL:http://www.tdk.com/ from Part C16
Removed Parameter Manufacturer URL:http://www.tdk.com/ from Part C22
Removed Parameter Manufacturer URL:http://www.tdk.com/ from Part C26
Removed Parameter Manufacturer URL:http://www.tdk.com/ from Part C28
Removed Parameter Manufacturer URL:http://www.tdk.com/ from Part C38
Removed Parameter Mounting Type:SurfaceMount,MLCC from Part C7
Removed Parameter Mounting Type:SurfaceMount,MLCC from Part C14
Removed Parameter Mounting Type:SurfaceMount,MLCC from Part C16
Removed Parameter Mounting Type:SurfaceMount,MLCC from Part C22
Removed Parameter Mounting Type:SurfaceMount,MLCC from Part C26
Removed Parameter Mounting Type:SurfaceMount,MLCC from Part C28
Removed Parameter Mounting Type:SurfaceMount,MLCC from Part C38
Removed Parameter Online Catalog:CSeries,GeneralPurpose from Part C7
Removed Parameter Online Catalog:CSeries,GeneralPurpose from Part C14
Removed Parameter Online Catalog:CSeries,GeneralPurpose from Part C16
Removed Parameter Online Catalog:CSeries,GeneralPurpose from Part C22
Removed Parameter Online Catalog:CSeries,GeneralPurpose from Part C26
Removed Parameter Online Catalog:CSeries,GeneralPurpose from Part C28
Removed Parameter Online Catalog:CSeries,GeneralPurpose from Part C38
Removed Parameter Operating Temperature:-55degC~85degC from Part C7
Removed Parameter Operating Temperature:-55degC~85degC from Part C14
Removed Parameter Operating Temperature:-55degC~85degC from Part C16
Removed Parameter Operating Temperature:-55degC~85degC from Part C22
Removed Parameter Operating Temperature:-55degC~85degC from Part C26
Removed Parameter Operating Temperature:-55degC~85degC from Part C28
Removed Parameter Operating Temperature:-55degC~85degC from Part C38
Removed Parameter Other Names:445-7486-1 from Part C7
Removed Parameter Other Names:445-7486-1 from Part C14
Removed Parameter Other Names:445-7486-1 from Part C16
Removed Parameter Other Names:445-7486-1 from Part C22
Removed Parameter Other Names:445-7486-1 from Part C26
Removed Parameter Other Names:445-7486-1 from Part C28
Removed Parameter Other Names:445-7486-1 from Part C38
Removed Parameter Package / Case:0603(1608Metric) from Part C7
Removed Parameter Package / Case:0603(1608Metric) from Part C14
Removed Parameter Package / Case:0603(1608Metric) from Part C16
Removed Parameter Package / Case:0603(1608Metric) from Part C22
Removed Parameter Package / Case:0603(1608Metric) from Part C26
Removed Parameter Package / Case:0603(1608Metric) from Part C28
Removed Parameter Package / Case:0603(1608Metric) from Part C38
Removed Parameter Package Description:2-Pin Surface Mount Device, Body 1.6 x 0.8 mm from Part C7
Removed Parameter Package Description:2-Pin Surface Mount Device, Body 1.6 x 0.8 mm from Part C14
Removed Parameter Package Description:2-Pin Surface Mount Device, Body 1.6 x 0.8 mm from Part C16
Removed Parameter Package Description:2-Pin Surface Mount Device, Body 1.6 x 0.8 mm from Part C22
Removed Parameter Package Description:2-Pin Surface Mount Device, Body 1.6 x 0.8 mm from Part C26
Removed Parameter Package Description:2-Pin Surface Mount Device, Body 1.6 x 0.8 mm from Part C28
Removed Parameter Package Description:2-Pin Surface Mount Device, Body 1.6 x 0.8 mm from Part C38
Removed Parameter Package Reference:603 from Part C7
Removed Parameter Package Reference:603 from Part C14
Removed Parameter Package Reference:603 from Part C16
Removed Parameter Package Reference:603 from Part C22
Removed Parameter Package Reference:603 from Part C26
Removed Parameter Package Reference:603 from Part C28
Removed Parameter Package Reference:603 from Part C38
Removed Parameter Packaging:CutTape(CT) from Part C7
Removed Parameter Packaging:CutTape(CT) from Part C14
Removed Parameter Packaging:CutTape(CT) from Part C16
Removed Parameter Packaging:CutTape(CT) from Part C22
Removed Parameter Packaging:CutTape(CT) from Part C26
Removed Parameter Packaging:CutTape(CT) from Part C28
Removed Parameter Packaging:CutTape(CT) from Part C38
Removed Parameter PCN Part Number:MLCCPartNumberChange30/Nov/2012 from Part C7
Removed Parameter PCN Part Number:MLCCPartNumberChange30/Nov/2012 from Part C14
Removed Parameter PCN Part Number:MLCCPartNumberChange30/Nov/2012 from Part C16
Removed Parameter PCN Part Number:MLCCPartNumberChange30/Nov/2012 from Part C22
Removed Parameter PCN Part Number:MLCCPartNumberChange30/Nov/2012 from Part C26
Removed Parameter PCN Part Number:MLCCPartNumberChange30/Nov/2012 from Part C28
Removed Parameter PCN Part Number:MLCCPartNumberChange30/Nov/2012 from Part C38
Removed Parameter Product Training Modules:CSeriesGeneralApplicationsSEAT,CCV,andTVCLDesignToolsGuidetoReplacinganElectrolyticCapacitorwithanMLCC from Part C7
Removed Parameter Product Training Modules:CSeriesGeneralApplicationsSEAT,CCV,andTVCLDesignToolsGuidetoReplacinganElectrolyticCapacitorwithanMLCC from Part C14
Removed Parameter Product Training Modules:CSeriesGeneralApplicationsSEAT,CCV,andTVCLDesignToolsGuidetoReplacinganElectrolyticCapacitorwithanMLCC from Part C16
Removed Parameter Product Training Modules:CSeriesGeneralApplicationsSEAT,CCV,andTVCLDesignToolsGuidetoReplacinganElectrolyticCapacitorwithanMLCC from Part C22
Removed Parameter Product Training Modules:CSeriesGeneralApplicationsSEAT,CCV,andTVCLDesignToolsGuidetoReplacinganElectrolyticCapacitorwithanMLCC from Part C26
Removed Parameter Product Training Modules:CSeriesGeneralApplicationsSEAT,CCV,andTVCLDesignToolsGuidetoReplacinganElectrolyticCapacitorwithanMLCC from Part C28
Removed Parameter Product Training Modules:CSeriesGeneralApplicationsSEAT,CCV,andTVCLDesignToolsGuidetoReplacinganElectrolyticCapacitorwithanMLCC from Part C38
Removed Parameter Ratings:- from Part C7
Removed Parameter Ratings:- from Part C14
Removed Parameter Ratings:- from Part C16
Removed Parameter Ratings:- from Part C22
Removed Parameter Ratings:- from Part C26
Removed Parameter Ratings:- from Part C28
Removed Parameter Ratings:- from Part C38
Removed Parameter RoHS Information:RoHSCertificate-MLCC from Part C7
Removed Parameter RoHS Information:RoHSCertificate-MLCC from Part C14
Removed Parameter RoHS Information:RoHSCertificate-MLCC from Part C16
Removed Parameter RoHS Information:RoHSCertificate-MLCC from Part C22
Removed Parameter RoHS Information:RoHSCertificate-MLCC from Part C26
Removed Parameter RoHS Information:RoHSCertificate-MLCC from Part C28
Removed Parameter RoHS Information:RoHSCertificate-MLCC from Part C38
Removed Parameter Series:C from Part C7
Removed Parameter Series:C from Part C14
Removed Parameter Series:C from Part C16
Removed Parameter Series:C from Part C22
Removed Parameter Series:C from Part C26
Removed Parameter Series:C from Part C28
Removed Parameter Series:C from Part C38
Removed Parameter Size / Dimension:0.063"Lx0.031"W(1.60mmx0.80mm) from Part C7
Removed Parameter Size / Dimension:0.063"Lx0.031"W(1.60mmx0.80mm) from Part C14
Removed Parameter Size / Dimension:0.063"Lx0.031"W(1.60mmx0.80mm) from Part C16
Removed Parameter Size / Dimension:0.063"Lx0.031"W(1.60mmx0.80mm) from Part C22
Removed Parameter Size / Dimension:0.063"Lx0.031"W(1.60mmx0.80mm) from Part C26
Removed Parameter Size / Dimension:0.063"Lx0.031"W(1.60mmx0.80mm) from Part C28
Removed Parameter Size / Dimension:0.063"Lx0.031"W(1.60mmx0.80mm) from Part C38
Removed Parameter Standard Package:1 from Part C7
Removed Parameter Standard Package:1 from Part C14
Removed Parameter Standard Package:1 from Part C16
Removed Parameter Standard Package:1 from Part C22
Removed Parameter Standard Package:1 from Part C26
Removed Parameter Standard Package:1 from Part C28
Removed Parameter Standard Package:1 from Part C38
Removed Parameter Thickness (Max):0.035"(0.90mm) from Part C7
Removed Parameter Thickness (Max):0.035"(0.90mm) from Part C14
Removed Parameter Thickness (Max):0.035"(0.90mm) from Part C16
Removed Parameter Thickness (Max):0.035"(0.90mm) from Part C22
Removed Parameter Thickness (Max):0.035"(0.90mm) from Part C26
Removed Parameter Thickness (Max):0.035"(0.90mm) from Part C28
Removed Parameter Thickness (Max):0.035"(0.90mm) from Part C38
Removed Parameter Voltage - Rated:10V from Part C7
Removed Parameter Voltage - Rated:10V from Part C14
Removed Parameter Voltage - Rated:10V from Part C16
Removed Parameter Voltage - Rated:10V from Part C22
Removed Parameter Voltage - Rated:10V from Part C26
Removed Parameter Voltage - Rated:10V from Part C28
Removed Parameter Voltage - Rated:10V from Part C38
Change Value of Parameter Capacitance in Part C38 Old=10µF New=10uF
Change Value of Parameter Capacitance in Part C28 Old=10µF New=10uF
Change Value of Parameter Capacitance in Part C26 Old=10µF New=10uF
Change Value of Parameter Capacitance in Part C22 Old=10µF New=10uF
Change Value of Parameter Capacitance in Part C16 Old=10µF New=10uF
Change Value of Parameter Capacitance in Part C14 Old=10µF New=10uF
Change Value of Parameter Capacitance in Part C7 Old=10µF New=10uF
Change Value of Parameter Category in Part C38 Old=Capacitors New=Cap
Change Value of Parameter Category in Part C28 Old=Capacitors New=Cap
Change Value of Parameter Category in Part C26 Old=Capacitors New=Cap
Change Value of Parameter Category in Part C22 Old=Capacitors New=Cap
Change Value of Parameter Category in Part C16 Old=Capacitors New=Cap
Change Value of Parameter Category in Part C14 Old=Capacitors New=Cap
Change Value of Parameter Category in Part C7 Old=Capacitors New=Cap
Change Component Parameter Description in C38 Old=Chip Capacitor, 10 uF, +/- 10%, 10 V, -55 to 85 degC, 0603 (1608 Metric), RoHS, Tape and Reel New=10µF ±10% 10V Ceramic Capacitor X5R 0603 (1608 Metric)
Change Component Parameter Description in C28 Old=Chip Capacitor, 10 uF, +/- 10%, 10 V, -55 to 85 degC, 0603 (1608 Metric), RoHS, Tape and Reel New=10µF ±10% 10V Ceramic Capacitor X5R 0603 (1608 Metric)
Change Component Parameter Description in C26 Old=Chip Capacitor, 10 uF, +/- 10%, 10 V, -55 to 85 degC, 0603 (1608 Metric), RoHS, Tape and Reel New=10µF ±10% 10V Ceramic Capacitor X5R 0603 (1608 Metric)
Change Component Parameter Description in C22 Old=Chip Capacitor, 10 uF, +/- 10%, 10 V, -55 to 85 degC, 0603 (1608 Metric), RoHS, Tape and Reel New=10µF ±10% 10V Ceramic Capacitor X5R 0603 (1608 Metric)
Change Component Parameter Description in C16 Old=Chip Capacitor, 10 uF, +/- 10%, 10 V, -55 to 85 degC, 0603 (1608 Metric), RoHS, Tape and Reel New=10µF ±10% 10V Ceramic Capacitor X5R 0603 (1608 Metric)
Change Component Parameter Description in C14 Old=Chip Capacitor, 10 uF, +/- 10%, 10 V, -55 to 85 degC, 0603 (1608 Metric), RoHS, Tape and Reel New=10µF ±10% 10V Ceramic Capacitor X5R 0603 (1608 Metric)
Change Component Parameter Description in C7 Old=Chip Capacitor, 10 uF, +/- 10%, 10 V, -55 to 85 degC, 0603 (1608 Metric), RoHS, Tape and Reel New=10µF ±10% 10V Ceramic Capacitor X5R 0603 (1608 Metric)
Change Value of Parameter Temperature Coefficient in Part C38 Old=X5R New=15%
Change Value of Parameter Temperature Coefficient in Part C28 Old=X5R New=15%
Change Value of Parameter Temperature Coefficient in Part C26 Old=X5R New=15%
Change Value of Parameter Temperature Coefficient in Part C22 Old=X5R New=15%
Change Value of Parameter Temperature Coefficient in Part C16 Old=X5R New=15%
Change Value of Parameter Temperature Coefficient in Part C14 Old=X5R New=15%
Change Value of Parameter Temperature Coefficient in Part C7 Old=X5R New=15%
Change Value of Parameter Tolerance in Part C38 Old=±10% New=10%
Change Value of Parameter Tolerance in Part C28 Old=±10% New=10%
Change Value of Parameter Tolerance in Part C26 Old=±10% New=10%
Change Value of Parameter Tolerance in Part C22 Old=±10% New=10%
Change Value of Parameter Tolerance in Part C16 Old=±10% New=10%
Change Value of Parameter Tolerance in Part C14 Old=±10% New=10%
Change Value of Parameter Tolerance in Part C7 Old=±10% New=10%
Added Parameter Automotive=No to Part C7
Added Parameter Automotive=No to Part C14
Added Parameter Automotive=No to Part C16
Added Parameter Automotive=No to Part C22
Added Parameter Automotive=No to Part C26
Added Parameter Automotive=No to Part C28
Added Parameter Automotive=No to Part C38
Added Parameter ComponentLink2Description=Datasheet to Part C7
Added Parameter ComponentLink2Description=Datasheet to Part C14
Added Parameter ComponentLink2Description=Datasheet to Part C16
Added Parameter ComponentLink2Description=Datasheet to Part C22
Added Parameter ComponentLink2Description=Datasheet to Part C26
Added Parameter ComponentLink2Description=Datasheet to Part C28
Added Parameter ComponentLink2Description=Datasheet to Part C38
Added Parameter ComponentLink2URL=https://product.tdk.com/info/en/documents/chara_sheet/C1608X5R1A106K080AC.pdf to Part C7
Added Parameter ComponentLink2URL=https://product.tdk.com/info/en/documents/chara_sheet/C1608X5R1A106K080AC.pdf to Part C14
Added Parameter ComponentLink2URL=https://product.tdk.com/info/en/documents/chara_sheet/C1608X5R1A106K080AC.pdf to Part C16
Added Parameter ComponentLink2URL=https://product.tdk.com/info/en/documents/chara_sheet/C1608X5R1A106K080AC.pdf to Part C22
Added Parameter ComponentLink2URL=https://product.tdk.com/info/en/documents/chara_sheet/C1608X5R1A106K080AC.pdf to Part C26
Added Parameter ComponentLink2URL=https://product.tdk.com/info/en/documents/chara_sheet/C1608X5R1A106K080AC.pdf to Part C28
Added Parameter ComponentLink2URL=https://product.tdk.com/info/en/documents/chara_sheet/C1608X5R1A106K080AC.pdf to Part C38
Added Parameter Device Class L1=Passive Components to Part C7
Added Parameter Device Class L1=Passive Components to Part C14
Added Parameter Device Class L1=Passive Components to Part C16
Added Parameter Device Class L1=Passive Components to Part C22
Added Parameter Device Class L1=Passive Components to Part C26
Added Parameter Device Class L1=Passive Components to Part C28
Added Parameter Device Class L1=Passive Components to Part C38
Added Parameter Device Class L2=Capacitors to Part C7
Added Parameter Device Class L2=Capacitors to Part C14
Added Parameter Device Class L2=Capacitors to Part C16
Added Parameter Device Class L2=Capacitors to Part C22
Added Parameter Device Class L2=Capacitors to Part C26
Added Parameter Device Class L2=Capacitors to Part C28
Added Parameter Device Class L2=Capacitors to Part C38
Added Parameter Device Class L3=Ceramic Capacitors to Part C7
Added Parameter Device Class L3=Ceramic Capacitors to Part C14
Added Parameter Device Class L3=Ceramic Capacitors to Part C16
Added Parameter Device Class L3=Ceramic Capacitors to Part C22
Added Parameter Device Class L3=Ceramic Capacitors to Part C26
Added Parameter Device Class L3=Ceramic Capacitors to Part C28
Added Parameter Device Class L3=Ceramic Capacitors to Part C38
Added Parameter Digikey Description=CAP CER 10UF 10V X5R 0603 to Part C7
Added Parameter Digikey Description=CAP CER 10UF 10V X5R 0603 to Part C14
Added Parameter Digikey Description=CAP CER 10UF 10V X5R 0603 to Part C16
Added Parameter Digikey Description=CAP CER 10UF 10V X5R 0603 to Part C22
Added Parameter Digikey Description=CAP CER 10UF 10V X5R 0603 to Part C26
Added Parameter Digikey Description=CAP CER 10UF 10V X5R 0603 to Part C28
Added Parameter Digikey Description=CAP CER 10UF 10V X5R 0603 to Part C38
Added Parameter Footprint Url=https://product.tdk.com/info/en/catalog/spec/mlccspec_commercial_general_midvoltage_en.pdf to Part C7
Added Parameter Footprint Url=https://product.tdk.com/info/en/catalog/spec/mlccspec_commercial_general_midvoltage_en.pdf to Part C14
Added Parameter Footprint Url=https://product.tdk.com/info/en/catalog/spec/mlccspec_commercial_general_midvoltage_en.pdf to Part C16
Added Parameter Footprint Url=https://product.tdk.com/info/en/catalog/spec/mlccspec_commercial_general_midvoltage_en.pdf to Part C22
Added Parameter Footprint Url=https://product.tdk.com/info/en/catalog/spec/mlccspec_commercial_general_midvoltage_en.pdf to Part C26
Added Parameter Footprint Url=https://product.tdk.com/info/en/catalog/spec/mlccspec_commercial_general_midvoltage_en.pdf to Part C28
Added Parameter Footprint Url=https://product.tdk.com/info/en/catalog/spec/mlccspec_commercial_general_midvoltage_en.pdf to Part C38
Added Parameter Height=0.9mm to Part C7
Added Parameter Height=0.9mm to Part C14
Added Parameter Height=0.9mm to Part C16
Added Parameter Height=0.9mm to Part C22
Added Parameter Height=0.9mm to Part C26
Added Parameter Height=0.9mm to Part C28
Added Parameter Height=0.9mm to Part C38
Added Parameter Ipc Land Pattern Name=CAPC16080X80 to Part C7
Added Parameter Ipc Land Pattern Name=CAPC16080X80 to Part C14
Added Parameter Ipc Land Pattern Name=CAPC16080X80 to Part C16
Added Parameter Ipc Land Pattern Name=CAPC16080X80 to Part C22
Added Parameter Ipc Land Pattern Name=CAPC16080X80 to Part C26
Added Parameter Ipc Land Pattern Name=CAPC16080X80 to Part C28
Added Parameter Ipc Land Pattern Name=CAPC16080X80 to Part C38
Added Parameter Lead Free=Yes to Part C7
Added Parameter Lead Free=Yes to Part C14
Added Parameter Lead Free=Yes to Part C16
Added Parameter Lead Free=Yes to Part C22
Added Parameter Lead Free=Yes to Part C26
Added Parameter Lead Free=Yes to Part C28
Added Parameter Lead Free=Yes to Part C38
Added Parameter Manufacturer Part Number=C1608X5R1A106K080AC to Part C7
Added Parameter Manufacturer Part Number=C1608X5R1A106K080AC to Part C14
Added Parameter Manufacturer Part Number=C1608X5R1A106K080AC to Part C16
Added Parameter Manufacturer Part Number=C1608X5R1A106K080AC to Part C22
Added Parameter Manufacturer Part Number=C1608X5R1A106K080AC to Part C26
Added Parameter Manufacturer Part Number=C1608X5R1A106K080AC to Part C28
Added Parameter Manufacturer Part Number=C1608X5R1A106K080AC to Part C38
Added Parameter Material=Ceramic to Part C7
Added Parameter Material=Ceramic to Part C14
Added Parameter Material=Ceramic to Part C16
Added Parameter Material=Ceramic to Part C22
Added Parameter Material=Ceramic to Part C26
Added Parameter Material=Ceramic to Part C28
Added Parameter Material=Ceramic to Part C38
Added Parameter Mouser Description=CAP CER 10UF 10V X5R 0603 to Part C7
Added Parameter Mouser Description=CAP CER 10UF 10V X5R 0603 to Part C14
Added Parameter Mouser Description=CAP CER 10UF 10V X5R 0603 to Part C16
Added Parameter Mouser Description=CAP CER 10UF 10V X5R 0603 to Part C22
Added Parameter Mouser Description=CAP CER 10UF 10V X5R 0603 to Part C26
Added Parameter Mouser Description=CAP CER 10UF 10V X5R 0603 to Part C28
Added Parameter Mouser Description=CAP CER 10UF 10V X5R 0603 to Part C38
Added Parameter Octopart=https://octopart.com/c1608x5r1a106k080ac-tdk-26013468 to Part C7
Added Parameter Octopart=https://octopart.com/c1608x5r1a106k080ac-tdk-26013468 to Part C14
Added Parameter Octopart=https://octopart.com/c1608x5r1a106k080ac-tdk-26013468 to Part C16
Added Parameter Octopart=https://octopart.com/c1608x5r1a106k080ac-tdk-26013468 to Part C22
Added Parameter Octopart=https://octopart.com/c1608x5r1a106k080ac-tdk-26013468 to Part C26
Added Parameter Octopart=https://octopart.com/c1608x5r1a106k080ac-tdk-26013468 to Part C28
Added Parameter Octopart=https://octopart.com/c1608x5r1a106k080ac-tdk-26013468 to Part C38
Added Parameter Package=C1608-080 to Part C7
Added Parameter Package=C1608-080 to Part C14
Added Parameter Package=C1608-080 to Part C16
Added Parameter Package=C1608-080 to Part C22
Added Parameter Package=C1608-080 to Part C26
Added Parameter Package=C1608-080 to Part C28
Added Parameter Package=C1608-080 to Part C38
Added Parameter RoHS=TRUE to Part C7
Added Parameter RoHS=TRUE to Part C14
Added Parameter RoHS=TRUE to Part C16
Added Parameter RoHS=TRUE to Part C22
Added Parameter RoHS=TRUE to Part C26
Added Parameter RoHS=TRUE to Part C28
Added Parameter RoHS=TRUE to Part C38
Added Parameter Temperature=-55°C to +85°C to Part C7
Added Parameter Temperature=-55°C to +85°C to Part C14
Added Parameter Temperature=-55°C to +85°C to Part C16
Added Parameter Temperature=-55°C to +85°C to Part C22
Added Parameter Temperature=-55°C to +85°C to Part C26
Added Parameter Temperature=-55°C to +85°C to Part C28
Added Parameter Temperature=-55°C to +85°C to Part C38
Added Parameter Temperature Characteristic=X5R to Part C7
Added Parameter Temperature Characteristic=X5R to Part C14
Added Parameter Temperature Characteristic=X5R to Part C16
Added Parameter Temperature Characteristic=X5R to Part C22
Added Parameter Temperature Characteristic=X5R to Part C26
Added Parameter Temperature Characteristic=X5R to Part C28
Added Parameter Temperature Characteristic=X5R to Part C38
Added Parameter Temperature Range High=+85°C to Part C7
Added Parameter Temperature Range High=+85°C to Part C14
Added Parameter Temperature Range High=+85°C to Part C16
Added Parameter Temperature Range High=+85°C to Part C22
Added Parameter Temperature Range High=+85°C to Part C26
Added Parameter Temperature Range High=+85°C to Part C28
Added Parameter Temperature Range High=+85°C to Part C38
Added Parameter Temperature Range Low=-55°C to Part C7
Added Parameter Temperature Range Low=-55°C to Part C14
Added Parameter Temperature Range Low=-55°C to Part C16
Added Parameter Temperature Range Low=-55°C to Part C22
Added Parameter Temperature Range Low=-55°C to Part C26
Added Parameter Temperature Range Low=-55°C to Part C28
Added Parameter Temperature Range Low=-55°C to Part C38
Added Parameter Value=10uF to Part C7
Added Parameter Value=10uF to Part C14
Added Parameter Value=10uF to Part C16
Added Parameter Value=10uF to Part C22
Added Parameter Value=10uF to Part C26
Added Parameter Value=10uF to Part C28
Added Parameter Value=10uF to Part C38
Added Parameter Voltage=10V to Part C7
Added Parameter Voltage=10V to Part C14
Added Parameter Voltage=10V to Part C16
Added Parameter Voltage=10V to Part C22
Added Parameter Voltage=10V to Part C26
Added Parameter Voltage=10V to Part C28
Added Parameter Voltage=10V to Part C38
Added Parameter Voltage Rating=10V to Part C7
Added Parameter Voltage Rating=10V to Part C14
Added Parameter Voltage Rating=10V to Part C16
Added Parameter Voltage Rating=10V to Part C22
Added Parameter Voltage Rating=10V to Part C26
Added Parameter Voltage Rating=10V to Part C28
Added Parameter Voltage Rating=10V to Part C38
Update Managed Component C7 From CMP-2000-04979-2[10 uF] To CMP-2000-04979-2[C1608X5R1A106K080AC] in Power_HK.SchDoc
Update Managed Component C14 From CMP-2000-04979-2[10 uF] To CMP-2000-04979-2[C1608X5R1A106K080AC] in Power_HK.SchDoc
Update Managed Component C16 From CMP-2000-04979-2[10 uF] To CMP-2000-04979-2[C1608X5R1A106K080AC] in Power_HK.SchDoc
Update Managed Component C22 From CMP-2000-04979-2[10 uF] To CMP-2000-04979-2[C1608X5R1A106K080AC] in Power_HK.SchDoc
Update Managed Component C26 From CMP-2000-04979-2[10 uF] To CMP-2000-04979-2[C1608X5R1A106K080AC] in Power_HK.SchDoc
Update Managed Component C28 From CMP-2000-04979-2[10 uF] To CMP-2000-04979-2[C1608X5R1A106K080AC] in Power_HK.SchDoc
Update Managed Component C38 From CMP-2000-04979-2[10 uF] To CMP-2000-04979-2[C1608X5R1A106K080AC] in Power_HK.SchDoc
