Removed Parameter Case/Package:0402 from Part C3
Removed Parameter Case/Package:0402 from Part C4
Removed Parameter Case/Package:0402 from Part C5
Removed Parameter Case/Package:0402 from Part C6
Removed Parameter Case/Package:0402 from Part C9
Removed Parameter Case/Package:0402 from Part C10
Removed Parameter Case/Package:0402 from Part C11
Removed Parameter Case/Package:0402 from Part C12
Removed Parameter Case/Package:0402 from Part C15
Removed Parameter Case/Package:0402 from Part C17
Removed Parameter Case/Package:0402 from Part C20
Removed Parameter Case/Package:0402 from Part C23
Removed Parameter Case/Package:0402 from Part C27
Removed Parameter Case/Package:0402 from Part C29
Removed Parameter Case/Package:0402 from Part C31
Removed Parameter Case/Package:0402 from Part C32
Removed Parameter Case/Package:0402 from Part C39
Removed Parameter Case Code (Imperial):0402 from Part C3
Removed Parameter Case Code (Imperial):0402 from Part C4
Removed Parameter Case Code (Imperial):0402 from Part C5
Removed Parameter Case Code (Imperial):0402 from Part C6
Removed Parameter Case Code (Imperial):0402 from Part C9
Removed Parameter Case Code (Imperial):0402 from Part C10
Removed Parameter Case Code (Imperial):0402 from Part C11
Removed Parameter Case Code (Imperial):0402 from Part C12
Removed Parameter Case Code (Imperial):0402 from Part C15
Removed Parameter Case Code (Imperial):0402 from Part C17
Removed Parameter Case Code (Imperial):0402 from Part C20
Removed Parameter Case Code (Imperial):0402 from Part C23
Removed Parameter Case Code (Imperial):0402 from Part C27
Removed Parameter Case Code (Imperial):0402 from Part C29
Removed Parameter Case Code (Imperial):0402 from Part C31
Removed Parameter Case Code (Imperial):0402 from Part C32
Removed Parameter Case Code (Imperial):0402 from Part C39
Removed Parameter Case Code (Metric):1005 from Part C3
Removed Parameter Case Code (Metric):1005 from Part C4
Removed Parameter Case Code (Metric):1005 from Part C5
Removed Parameter Case Code (Metric):1005 from Part C6
Removed Parameter Case Code (Metric):1005 from Part C9
Removed Parameter Case Code (Metric):1005 from Part C10
Removed Parameter Case Code (Metric):1005 from Part C11
Removed Parameter Case Code (Metric):1005 from Part C12
Removed Parameter Case Code (Metric):1005 from Part C15
Removed Parameter Case Code (Metric):1005 from Part C17
Removed Parameter Case Code (Metric):1005 from Part C20
Removed Parameter Case Code (Metric):1005 from Part C23
Removed Parameter Case Code (Metric):1005 from Part C27
Removed Parameter Case Code (Metric):1005 from Part C29
Removed Parameter Case Code (Metric):1005 from Part C31
Removed Parameter Case Code (Metric):1005 from Part C32
Removed Parameter Case Code (Metric):1005 from Part C39
Removed Parameter Datasheet URL:http://psearch.en.murata.com/capacitor/product/GRM155R71C104KA88%23.pdf from Part C3
Removed Parameter Datasheet URL:http://psearch.en.murata.com/capacitor/product/GRM155R71C104KA88%23.pdf from Part C4
Removed Parameter Datasheet URL:http://psearch.en.murata.com/capacitor/product/GRM155R71C104KA88%23.pdf from Part C5
Removed Parameter Datasheet URL:http://psearch.en.murata.com/capacitor/product/GRM155R71C104KA88%23.pdf from Part C6
Removed Parameter Datasheet URL:http://psearch.en.murata.com/capacitor/product/GRM155R71C104KA88%23.pdf from Part C9
Removed Parameter Datasheet URL:http://psearch.en.murata.com/capacitor/product/GRM155R71C104KA88%23.pdf from Part C10
Removed Parameter Datasheet URL:http://psearch.en.murata.com/capacitor/product/GRM155R71C104KA88%23.pdf from Part C11
Removed Parameter Datasheet URL:http://psearch.en.murata.com/capacitor/product/GRM155R71C104KA88%23.pdf from Part C12
Removed Parameter Datasheet URL:http://psearch.en.murata.com/capacitor/product/GRM155R71C104KA88%23.pdf from Part C15
Removed Parameter Datasheet URL:http://psearch.en.murata.com/capacitor/product/GRM155R71C104KA88%23.pdf from Part C17
Removed Parameter Datasheet URL:http://psearch.en.murata.com/capacitor/product/GRM155R71C104KA88%23.pdf from Part C20
Removed Parameter Datasheet URL:http://psearch.en.murata.com/capacitor/product/GRM155R71C104KA88%23.pdf from Part C23
Removed Parameter Datasheet URL:http://psearch.en.murata.com/capacitor/product/GRM155R71C104KA88%23.pdf from Part C27
Removed Parameter Datasheet URL:http://psearch.en.murata.com/capacitor/product/GRM155R71C104KA88%23.pdf from Part C29
Removed Parameter Datasheet URL:http://psearch.en.murata.com/capacitor/product/GRM155R71C104KA88%23.pdf from Part C31
Removed Parameter Datasheet URL:http://psearch.en.murata.com/capacitor/product/GRM155R71C104KA88%23.pdf from Part C32
Removed Parameter Datasheet URL:http://psearch.en.murata.com/capacitor/product/GRM155R71C104KA88%23.pdf from Part C39
Removed Parameter Datasheet Version:42675.0 from Part C3
Removed Parameter Datasheet Version:42675.0 from Part C4
Removed Parameter Datasheet Version:42675.0 from Part C5
Removed Parameter Datasheet Version:42675.0 from Part C6
Removed Parameter Datasheet Version:42675.0 from Part C9
Removed Parameter Datasheet Version:42675.0 from Part C10
Removed Parameter Datasheet Version:42675.0 from Part C11
Removed Parameter Datasheet Version:42675.0 from Part C12
Removed Parameter Datasheet Version:42675.0 from Part C15
Removed Parameter Datasheet Version:42675.0 from Part C17
Removed Parameter Datasheet Version:42675.0 from Part C20
Removed Parameter Datasheet Version:42675.0 from Part C23
Removed Parameter Datasheet Version:42675.0 from Part C27
Removed Parameter Datasheet Version:42675.0 from Part C29
Removed Parameter Datasheet Version:42675.0 from Part C31
Removed Parameter Datasheet Version:42675.0 from Part C32
Removed Parameter Datasheet Version:42675.0 from Part C39
Removed Parameter Depth:0.5mm from Part C3
Removed Parameter Depth:0.5mm from Part C4
Removed Parameter Depth:0.5mm from Part C5
Removed Parameter Depth:0.5mm from Part C6
Removed Parameter Depth:0.5mm from Part C9
Removed Parameter Depth:0.5mm from Part C10
Removed Parameter Depth:0.5mm from Part C11
Removed Parameter Depth:0.5mm from Part C12
Removed Parameter Depth:0.5mm from Part C15
Removed Parameter Depth:0.5mm from Part C17
Removed Parameter Depth:0.5mm from Part C20
Removed Parameter Depth:0.5mm from Part C23
Removed Parameter Depth:0.5mm from Part C27
Removed Parameter Depth:0.5mm from Part C29
Removed Parameter Depth:0.5mm from Part C31
Removed Parameter Depth:0.5mm from Part C32
Removed Parameter Depth:0.5mm from Part C39
Removed Parameter Dielectric:X7R from Part C3
Removed Parameter Dielectric:X7R from Part C4
Removed Parameter Dielectric:X7R from Part C5
Removed Parameter Dielectric:X7R from Part C6
Removed Parameter Dielectric:X7R from Part C9
Removed Parameter Dielectric:X7R from Part C10
Removed Parameter Dielectric:X7R from Part C11
Removed Parameter Dielectric:X7R from Part C12
Removed Parameter Dielectric:X7R from Part C15
Removed Parameter Dielectric:X7R from Part C17
Removed Parameter Dielectric:X7R from Part C20
Removed Parameter Dielectric:X7R from Part C23
Removed Parameter Dielectric:X7R from Part C27
Removed Parameter Dielectric:X7R from Part C29
Removed Parameter Dielectric:X7R from Part C31
Removed Parameter Dielectric:X7R from Part C32
Removed Parameter Dielectric:X7R from Part C39
Removed Parameter Dielectric Material:Ceramic from Part C3
Removed Parameter Dielectric Material:Ceramic from Part C4
Removed Parameter Dielectric Material:Ceramic from Part C5
Removed Parameter Dielectric Material:Ceramic from Part C6
Removed Parameter Dielectric Material:Ceramic from Part C9
Removed Parameter Dielectric Material:Ceramic from Part C10
Removed Parameter Dielectric Material:Ceramic from Part C11
Removed Parameter Dielectric Material:Ceramic from Part C12
Removed Parameter Dielectric Material:Ceramic from Part C15
Removed Parameter Dielectric Material:Ceramic from Part C17
Removed Parameter Dielectric Material:Ceramic from Part C20
Removed Parameter Dielectric Material:Ceramic from Part C23
Removed Parameter Dielectric Material:Ceramic from Part C27
Removed Parameter Dielectric Material:Ceramic from Part C29
Removed Parameter Dielectric Material:Ceramic from Part C31
Removed Parameter Dielectric Material:Ceramic from Part C32
Removed Parameter Dielectric Material:Ceramic from Part C39
Removed Parameter Insulation Resistance:10GR from Part C3
Removed Parameter Insulation Resistance:10GR from Part C4
Removed Parameter Insulation Resistance:10GR from Part C5
Removed Parameter Insulation Resistance:10GR from Part C6
Removed Parameter Insulation Resistance:10GR from Part C9
Removed Parameter Insulation Resistance:10GR from Part C10
Removed Parameter Insulation Resistance:10GR from Part C11
Removed Parameter Insulation Resistance:10GR from Part C12
Removed Parameter Insulation Resistance:10GR from Part C15
Removed Parameter Insulation Resistance:10GR from Part C17
Removed Parameter Insulation Resistance:10GR from Part C20
Removed Parameter Insulation Resistance:10GR from Part C23
Removed Parameter Insulation Resistance:10GR from Part C27
Removed Parameter Insulation Resistance:10GR from Part C29
Removed Parameter Insulation Resistance:10GR from Part C31
Removed Parameter Insulation Resistance:10GR from Part C32
Removed Parameter Insulation Resistance:10GR from Part C39
Removed Parameter Length:1mm from Part C3
Removed Parameter Length:1mm from Part C4
Removed Parameter Length:1mm from Part C5
Removed Parameter Length:1mm from Part C6
Removed Parameter Length:1mm from Part C9
Removed Parameter Length:1mm from Part C10
Removed Parameter Length:1mm from Part C11
Removed Parameter Length:1mm from Part C12
Removed Parameter Length:1mm from Part C15
Removed Parameter Length:1mm from Part C17
Removed Parameter Length:1mm from Part C20
Removed Parameter Length:1mm from Part C23
Removed Parameter Length:1mm from Part C27
Removed Parameter Length:1mm from Part C29
Removed Parameter Length:1mm from Part C31
Removed Parameter Length:1mm from Part C32
Removed Parameter Length:1mm from Part C39
Removed Parameter Manufacturer URL:http://www.murata.com/ from Part C3
Removed Parameter Manufacturer URL:http://www.murata.com/ from Part C4
Removed Parameter Manufacturer URL:http://www.murata.com/ from Part C5
Removed Parameter Manufacturer URL:http://www.murata.com/ from Part C6
Removed Parameter Manufacturer URL:http://www.murata.com/ from Part C9
Removed Parameter Manufacturer URL:http://www.murata.com/ from Part C10
Removed Parameter Manufacturer URL:http://www.murata.com/ from Part C11
Removed Parameter Manufacturer URL:http://www.murata.com/ from Part C12
Removed Parameter Manufacturer URL:http://www.murata.com/ from Part C15
Removed Parameter Manufacturer URL:http://www.murata.com/ from Part C17
Removed Parameter Manufacturer URL:http://www.murata.com/ from Part C20
Removed Parameter Manufacturer URL:http://www.murata.com/ from Part C23
Removed Parameter Manufacturer URL:http://www.murata.com/ from Part C27
Removed Parameter Manufacturer URL:http://www.murata.com/ from Part C29
Removed Parameter Manufacturer URL:http://www.murata.com/ from Part C31
Removed Parameter Manufacturer URL:http://www.murata.com/ from Part C32
Removed Parameter Manufacturer URL:http://www.murata.com/ from Part C39
Removed Parameter Max Operating Temperature:125degC from Part C3
Removed Parameter Max Operating Temperature:125degC from Part C4
Removed Parameter Max Operating Temperature:125degC from Part C5
Removed Parameter Max Operating Temperature:125degC from Part C6
Removed Parameter Max Operating Temperature:125degC from Part C9
Removed Parameter Max Operating Temperature:125degC from Part C10
Removed Parameter Max Operating Temperature:125degC from Part C11
Removed Parameter Max Operating Temperature:125degC from Part C12
Removed Parameter Max Operating Temperature:125degC from Part C15
Removed Parameter Max Operating Temperature:125degC from Part C17
Removed Parameter Max Operating Temperature:125degC from Part C20
Removed Parameter Max Operating Temperature:125degC from Part C23
Removed Parameter Max Operating Temperature:125degC from Part C27
Removed Parameter Max Operating Temperature:125degC from Part C29
Removed Parameter Max Operating Temperature:125degC from Part C31
Removed Parameter Max Operating Temperature:125degC from Part C32
Removed Parameter Max Operating Temperature:125degC from Part C39
Removed Parameter Min Operating Temperature:-55degC from Part C3
Removed Parameter Min Operating Temperature:-55degC from Part C4
Removed Parameter Min Operating Temperature:-55degC from Part C5
Removed Parameter Min Operating Temperature:-55degC from Part C6
Removed Parameter Min Operating Temperature:-55degC from Part C9
Removed Parameter Min Operating Temperature:-55degC from Part C10
Removed Parameter Min Operating Temperature:-55degC from Part C11
Removed Parameter Min Operating Temperature:-55degC from Part C12
Removed Parameter Min Operating Temperature:-55degC from Part C15
Removed Parameter Min Operating Temperature:-55degC from Part C17
Removed Parameter Min Operating Temperature:-55degC from Part C20
Removed Parameter Min Operating Temperature:-55degC from Part C23
Removed Parameter Min Operating Temperature:-55degC from Part C27
Removed Parameter Min Operating Temperature:-55degC from Part C29
Removed Parameter Min Operating Temperature:-55degC from Part C31
Removed Parameter Min Operating Temperature:-55degC from Part C32
Removed Parameter Min Operating Temperature:-55degC from Part C39
Removed Parameter Mount:SurfaceMount from Part C3
Removed Parameter Mount:SurfaceMount from Part C4
Removed Parameter Mount:SurfaceMount from Part C5
Removed Parameter Mount:SurfaceMount from Part C6
Removed Parameter Mount:SurfaceMount from Part C9
Removed Parameter Mount:SurfaceMount from Part C10
Removed Parameter Mount:SurfaceMount from Part C11
Removed Parameter Mount:SurfaceMount from Part C12
Removed Parameter Mount:SurfaceMount from Part C15
Removed Parameter Mount:SurfaceMount from Part C17
Removed Parameter Mount:SurfaceMount from Part C20
Removed Parameter Mount:SurfaceMount from Part C23
Removed Parameter Mount:SurfaceMount from Part C27
Removed Parameter Mount:SurfaceMount from Part C29
Removed Parameter Mount:SurfaceMount from Part C31
Removed Parameter Mount:SurfaceMount from Part C32
Removed Parameter Mount:SurfaceMount from Part C39
Removed Parameter Number of Pins:2 from Part C3
Removed Parameter Number of Pins:2 from Part C4
Removed Parameter Number of Pins:2 from Part C5
Removed Parameter Number of Pins:2 from Part C6
Removed Parameter Number of Pins:2 from Part C9
Removed Parameter Number of Pins:2 from Part C10
Removed Parameter Number of Pins:2 from Part C11
Removed Parameter Number of Pins:2 from Part C12
Removed Parameter Number of Pins:2 from Part C15
Removed Parameter Number of Pins:2 from Part C17
Removed Parameter Number of Pins:2 from Part C20
Removed Parameter Number of Pins:2 from Part C23
Removed Parameter Number of Pins:2 from Part C27
Removed Parameter Number of Pins:2 from Part C29
Removed Parameter Number of Pins:2 from Part C31
Removed Parameter Number of Pins:2 from Part C32
Removed Parameter Number of Pins:2 from Part C39
Removed Parameter Package Description:2-Pin Surface Mount Device, Body 1 x 0.5 mm from Part C3
Removed Parameter Package Description:2-Pin Surface Mount Device, Body 1 x 0.5 mm from Part C4
Removed Parameter Package Description:2-Pin Surface Mount Device, Body 1 x 0.5 mm from Part C5
Removed Parameter Package Description:2-Pin Surface Mount Device, Body 1 x 0.5 mm from Part C6
Removed Parameter Package Description:2-Pin Surface Mount Device, Body 1 x 0.5 mm from Part C9
Removed Parameter Package Description:2-Pin Surface Mount Device, Body 1 x 0.5 mm from Part C10
Removed Parameter Package Description:2-Pin Surface Mount Device, Body 1 x 0.5 mm from Part C11
Removed Parameter Package Description:2-Pin Surface Mount Device, Body 1 x 0.5 mm from Part C12
Removed Parameter Package Description:2-Pin Surface Mount Device, Body 1 x 0.5 mm from Part C15
Removed Parameter Package Description:2-Pin Surface Mount Device, Body 1 x 0.5 mm from Part C17
Removed Parameter Package Description:2-Pin Surface Mount Device, Body 1 x 0.5 mm from Part C20
Removed Parameter Package Description:2-Pin Surface Mount Device, Body 1 x 0.5 mm from Part C23
Removed Parameter Package Description:2-Pin Surface Mount Device, Body 1 x 0.5 mm from Part C27
Removed Parameter Package Description:2-Pin Surface Mount Device, Body 1 x 0.5 mm from Part C29
Removed Parameter Package Description:2-Pin Surface Mount Device, Body 1 x 0.5 mm from Part C31
Removed Parameter Package Description:2-Pin Surface Mount Device, Body 1 x 0.5 mm from Part C32
Removed Parameter Package Description:2-Pin Surface Mount Device, Body 1 x 0.5 mm from Part C39
Removed Parameter Package Quantity:1 from Part C3
Removed Parameter Package Quantity:1 from Part C4
Removed Parameter Package Quantity:1 from Part C5
Removed Parameter Package Quantity:1 from Part C6
Removed Parameter Package Quantity:1 from Part C9
Removed Parameter Package Quantity:1 from Part C10
Removed Parameter Package Quantity:1 from Part C11
Removed Parameter Package Quantity:1 from Part C12
Removed Parameter Package Quantity:1 from Part C15
Removed Parameter Package Quantity:1 from Part C17
Removed Parameter Package Quantity:1 from Part C20
Removed Parameter Package Quantity:1 from Part C23
Removed Parameter Package Quantity:1 from Part C27
Removed Parameter Package Quantity:1 from Part C29
Removed Parameter Package Quantity:1 from Part C31
Removed Parameter Package Quantity:1 from Part C32
Removed Parameter Package Quantity:1 from Part C39
Removed Parameter Package Reference:0402 from Part C3
Removed Parameter Package Reference:0402 from Part C4
Removed Parameter Package Reference:0402 from Part C5
Removed Parameter Package Reference:0402 from Part C6
Removed Parameter Package Reference:0402 from Part C9
Removed Parameter Package Reference:0402 from Part C10
Removed Parameter Package Reference:0402 from Part C11
Removed Parameter Package Reference:0402 from Part C12
Removed Parameter Package Reference:0402 from Part C15
Removed Parameter Package Reference:0402 from Part C17
Removed Parameter Package Reference:0402 from Part C20
Removed Parameter Package Reference:0402 from Part C23
Removed Parameter Package Reference:0402 from Part C27
Removed Parameter Package Reference:0402 from Part C29
Removed Parameter Package Reference:0402 from Part C31
Removed Parameter Package Reference:0402 from Part C32
Removed Parameter Package Reference:0402 from Part C39
Removed Parameter Packaging:TapeandReel from Part C3
Removed Parameter Packaging:TapeandReel from Part C4
Removed Parameter Packaging:TapeandReel from Part C5
Removed Parameter Packaging:TapeandReel from Part C6
Removed Parameter Packaging:TapeandReel from Part C9
Removed Parameter Packaging:TapeandReel from Part C10
Removed Parameter Packaging:TapeandReel from Part C11
Removed Parameter Packaging:TapeandReel from Part C12
Removed Parameter Packaging:TapeandReel from Part C15
Removed Parameter Packaging:TapeandReel from Part C17
Removed Parameter Packaging:TapeandReel from Part C20
Removed Parameter Packaging:TapeandReel from Part C23
Removed Parameter Packaging:TapeandReel from Part C27
Removed Parameter Packaging:TapeandReel from Part C29
Removed Parameter Packaging:TapeandReel from Part C31
Removed Parameter Packaging:TapeandReel from Part C32
Removed Parameter Packaging:TapeandReel from Part C39
Removed Parameter Radiation Hardening:No from Part C3
Removed Parameter Radiation Hardening:No from Part C4
Removed Parameter Radiation Hardening:No from Part C5
Removed Parameter Radiation Hardening:No from Part C6
Removed Parameter Radiation Hardening:No from Part C9
Removed Parameter Radiation Hardening:No from Part C10
Removed Parameter Radiation Hardening:No from Part C11
Removed Parameter Radiation Hardening:No from Part C12
Removed Parameter Radiation Hardening:No from Part C15
Removed Parameter Radiation Hardening:No from Part C17
Removed Parameter Radiation Hardening:No from Part C20
Removed Parameter Radiation Hardening:No from Part C23
Removed Parameter Radiation Hardening:No from Part C27
Removed Parameter Radiation Hardening:No from Part C29
Removed Parameter Radiation Hardening:No from Part C31
Removed Parameter Radiation Hardening:No from Part C32
Removed Parameter Radiation Hardening:No from Part C39
Removed Parameter REACH SVHC:NoSVHC from Part C3
Removed Parameter REACH SVHC:NoSVHC from Part C4
Removed Parameter REACH SVHC:NoSVHC from Part C5
Removed Parameter REACH SVHC:NoSVHC from Part C6
Removed Parameter REACH SVHC:NoSVHC from Part C9
Removed Parameter REACH SVHC:NoSVHC from Part C10
Removed Parameter REACH SVHC:NoSVHC from Part C11
Removed Parameter REACH SVHC:NoSVHC from Part C12
Removed Parameter REACH SVHC:NoSVHC from Part C15
Removed Parameter REACH SVHC:NoSVHC from Part C17
Removed Parameter REACH SVHC:NoSVHC from Part C20
Removed Parameter REACH SVHC:NoSVHC from Part C23
Removed Parameter REACH SVHC:NoSVHC from Part C27
Removed Parameter REACH SVHC:NoSVHC from Part C29
Removed Parameter REACH SVHC:NoSVHC from Part C31
Removed Parameter REACH SVHC:NoSVHC from Part C32
Removed Parameter REACH SVHC:NoSVHC from Part C39
Removed Parameter RoHSCompliant:true from Part C3
Removed Parameter RoHSCompliant:true from Part C4
Removed Parameter RoHSCompliant:true from Part C5
Removed Parameter RoHSCompliant:true from Part C6
Removed Parameter RoHSCompliant:true from Part C9
Removed Parameter RoHSCompliant:true from Part C10
Removed Parameter RoHSCompliant:true from Part C11
Removed Parameter RoHSCompliant:true from Part C12
Removed Parameter RoHSCompliant:true from Part C15
Removed Parameter RoHSCompliant:true from Part C17
Removed Parameter RoHSCompliant:true from Part C20
Removed Parameter RoHSCompliant:true from Part C23
Removed Parameter RoHSCompliant:true from Part C27
Removed Parameter RoHSCompliant:true from Part C29
Removed Parameter RoHSCompliant:true from Part C31
Removed Parameter RoHSCompliant:true from Part C32
Removed Parameter RoHSCompliant:true from Part C39
Removed Parameter Termination:SMD/SMT from Part C3
Removed Parameter Termination:SMD/SMT from Part C4
Removed Parameter Termination:SMD/SMT from Part C5
Removed Parameter Termination:SMD/SMT from Part C6
Removed Parameter Termination:SMD/SMT from Part C9
Removed Parameter Termination:SMD/SMT from Part C10
Removed Parameter Termination:SMD/SMT from Part C11
Removed Parameter Termination:SMD/SMT from Part C12
Removed Parameter Termination:SMD/SMT from Part C15
Removed Parameter Termination:SMD/SMT from Part C17
Removed Parameter Termination:SMD/SMT from Part C20
Removed Parameter Termination:SMD/SMT from Part C23
Removed Parameter Termination:SMD/SMT from Part C27
Removed Parameter Termination:SMD/SMT from Part C29
Removed Parameter Termination:SMD/SMT from Part C31
Removed Parameter Termination:SMD/SMT from Part C32
Removed Parameter Termination:SMD/SMT from Part C39
Removed Parameter Thickness:0.022inch from Part C3
Removed Parameter Thickness:0.022inch from Part C4
Removed Parameter Thickness:0.022inch from Part C5
Removed Parameter Thickness:0.022inch from Part C6
Removed Parameter Thickness:0.022inch from Part C9
Removed Parameter Thickness:0.022inch from Part C10
Removed Parameter Thickness:0.022inch from Part C11
Removed Parameter Thickness:0.022inch from Part C12
Removed Parameter Thickness:0.022inch from Part C15
Removed Parameter Thickness:0.022inch from Part C17
Removed Parameter Thickness:0.022inch from Part C20
Removed Parameter Thickness:0.022inch from Part C23
Removed Parameter Thickness:0.022inch from Part C27
Removed Parameter Thickness:0.022inch from Part C29
Removed Parameter Thickness:0.022inch from Part C31
Removed Parameter Thickness:0.022inch from Part C32
Removed Parameter Thickness:0.022inch from Part C39
Removed Parameter Voltage:16V from Part C3
Removed Parameter Voltage:16V from Part C4
Removed Parameter Voltage:16V from Part C5
Removed Parameter Voltage:16V from Part C6
Removed Parameter Voltage:16V from Part C9
Removed Parameter Voltage:16V from Part C10
Removed Parameter Voltage:16V from Part C11
Removed Parameter Voltage:16V from Part C12
Removed Parameter Voltage:16V from Part C15
Removed Parameter Voltage:16V from Part C17
Removed Parameter Voltage:16V from Part C20
Removed Parameter Voltage:16V from Part C23
Removed Parameter Voltage:16V from Part C27
Removed Parameter Voltage:16V from Part C29
Removed Parameter Voltage:16V from Part C31
Removed Parameter Voltage:16V from Part C32
Removed Parameter Voltage:16V from Part C39
Removed Parameter Voltage Rating (DC):16V from Part C3
Removed Parameter Voltage Rating (DC):16V from Part C4
Removed Parameter Voltage Rating (DC):16V from Part C5
Removed Parameter Voltage Rating (DC):16V from Part C6
Removed Parameter Voltage Rating (DC):16V from Part C9
Removed Parameter Voltage Rating (DC):16V from Part C10
Removed Parameter Voltage Rating (DC):16V from Part C11
Removed Parameter Voltage Rating (DC):16V from Part C12
Removed Parameter Voltage Rating (DC):16V from Part C15
Removed Parameter Voltage Rating (DC):16V from Part C17
Removed Parameter Voltage Rating (DC):16V from Part C20
Removed Parameter Voltage Rating (DC):16V from Part C23
Removed Parameter Voltage Rating (DC):16V from Part C27
Removed Parameter Voltage Rating (DC):16V from Part C29
Removed Parameter Voltage Rating (DC):16V from Part C31
Removed Parameter Voltage Rating (DC):16V from Part C32
Removed Parameter Voltage Rating (DC):16V from Part C39
Removed Parameter Width:0.5mm from Part C3
Removed Parameter Width:0.5mm from Part C4
Removed Parameter Width:0.5mm from Part C5
Removed Parameter Width:0.5mm from Part C6
Removed Parameter Width:0.5mm from Part C9
Removed Parameter Width:0.5mm from Part C10
Removed Parameter Width:0.5mm from Part C11
Removed Parameter Width:0.5mm from Part C12
Removed Parameter Width:0.5mm from Part C15
Removed Parameter Width:0.5mm from Part C17
Removed Parameter Width:0.5mm from Part C20
Removed Parameter Width:0.5mm from Part C23
Removed Parameter Width:0.5mm from Part C27
Removed Parameter Width:0.5mm from Part C29
Removed Parameter Width:0.5mm from Part C31
Removed Parameter Width:0.5mm from Part C32
Removed Parameter Width:0.5mm from Part C39
Change Value of Parameter Capacitance in Part C39 Old=100nF New=0.10µF
Change Value of Parameter Capacitance in Part C32 Old=100nF New=0.10µF
Change Value of Parameter Capacitance in Part C31 Old=100nF New=0.10µF
Change Value of Parameter Capacitance in Part C29 Old=100nF New=0.10µF
Change Value of Parameter Capacitance in Part C27 Old=100nF New=0.10µF
Change Value of Parameter Capacitance in Part C23 Old=100nF New=0.10µF
Change Value of Parameter Capacitance in Part C20 Old=100nF New=0.10µF
Change Value of Parameter Capacitance in Part C17 Old=100nF New=0.10µF
Change Value of Parameter Capacitance in Part C15 Old=100nF New=0.10µF
Change Value of Parameter Capacitance in Part C12 Old=100nF New=0.10µF
Change Value of Parameter Capacitance in Part C11 Old=100nF New=0.10µF
Change Value of Parameter Capacitance in Part C10 Old=100nF New=0.10µF
Change Value of Parameter Capacitance in Part C9 Old=100nF New=0.10µF
Change Value of Parameter Capacitance in Part C6 Old=100nF New=0.10µF
Change Value of Parameter Capacitance in Part C5 Old=100nF New=0.10µF
Change Value of Parameter Capacitance in Part C4 Old=100nF New=0.10µF
Change Value of Parameter Capacitance in Part C3 Old=100nF New=0.10µF
Change Component Parameter Description in C39 Old=Chip Capacitor, 0.1 uF, +/- 10%, 16 V, -55 to 125 degC, 0402 (1005 Metric), RoHS, Tape and Reel New=CAP Ceramic 0.10µF 10% X7R 16Vdc 0402 SMD
Change Component Parameter Description in C32 Old=Chip Capacitor, 0.1 uF, +/- 10%, 16 V, -55 to 125 degC, 0402 (1005 Metric), RoHS, Tape and Reel New=CAP Ceramic 0.10µF 10% X7R 16Vdc 0402 SMD
Change Component Parameter Description in C31 Old=Chip Capacitor, 0.1 uF, +/- 10%, 16 V, -55 to 125 degC, 0402 (1005 Metric), RoHS, Tape and Reel New=CAP Ceramic 0.10µF 10% X7R 16Vdc 0402 SMD
Change Component Parameter Description in C29 Old=Chip Capacitor, 0.1 uF, +/- 10%, 16 V, -55 to 125 degC, 0402 (1005 Metric), RoHS, Tape and Reel New=CAP Ceramic 0.10µF 10% X7R 16Vdc 0402 SMD
Change Component Parameter Description in C27 Old=Chip Capacitor, 0.1 uF, +/- 10%, 16 V, -55 to 125 degC, 0402 (1005 Metric), RoHS, Tape and Reel New=CAP Ceramic 0.10µF 10% X7R 16Vdc 0402 SMD
Change Component Parameter Description in C23 Old=Chip Capacitor, 0.1 uF, +/- 10%, 16 V, -55 to 125 degC, 0402 (1005 Metric), RoHS, Tape and Reel New=CAP Ceramic 0.10µF 10% X7R 16Vdc 0402 SMD
Change Component Parameter Description in C20 Old=Chip Capacitor, 0.1 uF, +/- 10%, 16 V, -55 to 125 degC, 0402 (1005 Metric), RoHS, Tape and Reel New=CAP Ceramic 0.10µF 10% X7R 16Vdc 0402 SMD
Change Component Parameter Description in C17 Old=Chip Capacitor, 0.1 uF, +/- 10%, 16 V, -55 to 125 degC, 0402 (1005 Metric), RoHS, Tape and Reel New=CAP Ceramic 0.10µF 10% X7R 16Vdc 0402 SMD
Change Component Parameter Description in C15 Old=Chip Capacitor, 0.1 uF, +/- 10%, 16 V, -55 to 125 degC, 0402 (1005 Metric), RoHS, Tape and Reel New=CAP Ceramic 0.10µF 10% X7R 16Vdc 0402 SMD
Change Component Parameter Description in C12 Old=Chip Capacitor, 0.1 uF, +/- 10%, 16 V, -55 to 125 degC, 0402 (1005 Metric), RoHS, Tape and Reel New=CAP Ceramic 0.10µF 10% X7R 16Vdc 0402 SMD
Change Component Parameter Description in C11 Old=Chip Capacitor, 0.1 uF, +/- 10%, 16 V, -55 to 125 degC, 0402 (1005 Metric), RoHS, Tape and Reel New=CAP Ceramic 0.10µF 10% X7R 16Vdc 0402 SMD
Change Component Parameter Description in C10 Old=Chip Capacitor, 0.1 uF, +/- 10%, 16 V, -55 to 125 degC, 0402 (1005 Metric), RoHS, Tape and Reel New=CAP Ceramic 0.10µF 10% X7R 16Vdc 0402 SMD
Change Component Parameter Description in C9 Old=Chip Capacitor, 0.1 uF, +/- 10%, 16 V, -55 to 125 degC, 0402 (1005 Metric), RoHS, Tape and Reel New=CAP Ceramic 0.10µF 10% X7R 16Vdc 0402 SMD
Change Component Parameter Description in C6 Old=Chip Capacitor, 0.1 uF, +/- 10%, 16 V, -55 to 125 degC, 0402 (1005 Metric), RoHS, Tape and Reel New=CAP Ceramic 0.10µF 10% X7R 16Vdc 0402 SMD
Change Component Parameter Description in C5 Old=Chip Capacitor, 0.1 uF, +/- 10%, 16 V, -55 to 125 degC, 0402 (1005 Metric), RoHS, Tape and Reel New=CAP Ceramic 0.10µF 10% X7R 16Vdc 0402 SMD
Change Component Parameter Description in C4 Old=Chip Capacitor, 0.1 uF, +/- 10%, 16 V, -55 to 125 degC, 0402 (1005 Metric), RoHS, Tape and Reel New=CAP Ceramic 0.10µF 10% X7R 16Vdc 0402 SMD
Change Component Parameter Description in C3 Old=Chip Capacitor, 0.1 uF, +/- 10%, 16 V, -55 to 125 degC, 0402 (1005 Metric), RoHS, Tape and Reel New=CAP Ceramic 0.10µF 10% X7R 16Vdc 0402 SMD
Change Value of Parameter Height in Part C39 Old=0.5mm New=0.55mm
Change Value of Parameter Height in Part C32 Old=0.5mm New=0.55mm
Change Value of Parameter Height in Part C31 Old=0.5mm New=0.55mm
Change Value of Parameter Height in Part C29 Old=0.5mm New=0.55mm
Change Value of Parameter Height in Part C27 Old=0.5mm New=0.55mm
Change Value of Parameter Height in Part C23 Old=0.5mm New=0.55mm
Change Value of Parameter Height in Part C20 Old=0.5mm New=0.55mm
Change Value of Parameter Height in Part C17 Old=0.5mm New=0.55mm
Change Value of Parameter Height in Part C15 Old=0.5mm New=0.55mm
Change Value of Parameter Height in Part C12 Old=0.5mm New=0.55mm
Change Value of Parameter Height in Part C11 Old=0.5mm New=0.55mm
Change Value of Parameter Height in Part C10 Old=0.5mm New=0.55mm
Change Value of Parameter Height in Part C9 Old=0.5mm New=0.55mm
Change Value of Parameter Height in Part C6 Old=0.5mm New=0.55mm
Change Value of Parameter Height in Part C5 Old=0.5mm New=0.55mm
Change Value of Parameter Height in Part C4 Old=0.5mm New=0.55mm
Change Value of Parameter Height in Part C3 Old=0.5mm New=0.55mm
Change Value of Parameter Lead Free in Part C39 Old=LeadFree New=yes
Change Value of Parameter Lead Free in Part C32 Old=LeadFree New=yes
Change Value of Parameter Lead Free in Part C31 Old=LeadFree New=yes
Change Value of Parameter Lead Free in Part C29 Old=LeadFree New=yes
Change Value of Parameter Lead Free in Part C27 Old=LeadFree New=yes
Change Value of Parameter Lead Free in Part C23 Old=LeadFree New=yes
Change Value of Parameter Lead Free in Part C20 Old=LeadFree New=yes
Change Value of Parameter Lead Free in Part C17 Old=LeadFree New=yes
Change Value of Parameter Lead Free in Part C15 Old=LeadFree New=yes
Change Value of Parameter Lead Free in Part C12 Old=LeadFree New=yes
Change Value of Parameter Lead Free in Part C11 Old=LeadFree New=yes
Change Value of Parameter Lead Free in Part C10 Old=LeadFree New=yes
Change Value of Parameter Lead Free in Part C9 Old=LeadFree New=yes
Change Value of Parameter Lead Free in Part C6 Old=LeadFree New=yes
Change Value of Parameter Lead Free in Part C5 Old=LeadFree New=yes
Change Value of Parameter Lead Free in Part C4 Old=LeadFree New=yes
Change Value of Parameter Lead Free in Part C3 Old=LeadFree New=yes
Change Value of Parameter Voltage Rating in Part C39 Old=16V New=16Vdc
Change Value of Parameter Voltage Rating in Part C32 Old=16V New=16Vdc
Change Value of Parameter Voltage Rating in Part C31 Old=16V New=16Vdc
Change Value of Parameter Voltage Rating in Part C29 Old=16V New=16Vdc
Change Value of Parameter Voltage Rating in Part C27 Old=16V New=16Vdc
Change Value of Parameter Voltage Rating in Part C23 Old=16V New=16Vdc
Change Value of Parameter Voltage Rating in Part C20 Old=16V New=16Vdc
Change Value of Parameter Voltage Rating in Part C17 Old=16V New=16Vdc
Change Value of Parameter Voltage Rating in Part C15 Old=16V New=16Vdc
Change Value of Parameter Voltage Rating in Part C12 Old=16V New=16Vdc
Change Value of Parameter Voltage Rating in Part C11 Old=16V New=16Vdc
Change Value of Parameter Voltage Rating in Part C10 Old=16V New=16Vdc
Change Value of Parameter Voltage Rating in Part C9 Old=16V New=16Vdc
Change Value of Parameter Voltage Rating in Part C6 Old=16V New=16Vdc
Change Value of Parameter Voltage Rating in Part C5 Old=16V New=16Vdc
Change Value of Parameter Voltage Rating in Part C4 Old=16V New=16Vdc
Change Value of Parameter Voltage Rating in Part C3 Old=16V New=16Vdc
Added Parameter Category=Cap to Part C3
Added Parameter Category=Cap to Part C4
Added Parameter Category=Cap to Part C5
Added Parameter Category=Cap to Part C6
Added Parameter Category=Cap to Part C9
Added Parameter Category=Cap to Part C10
Added Parameter Category=Cap to Part C11
Added Parameter Category=Cap to Part C12
Added Parameter Category=Cap to Part C15
Added Parameter Category=Cap to Part C17
Added Parameter Category=Cap to Part C20
Added Parameter Category=Cap to Part C23
Added Parameter Category=Cap to Part C27
Added Parameter Category=Cap to Part C29
Added Parameter Category=Cap to Part C31
Added Parameter Category=Cap to Part C32
Added Parameter Category=Cap to Part C39
Added Parameter ComponentLink2Description=Datasheet to Part C3
Added Parameter ComponentLink2Description=Datasheet to Part C4
Added Parameter ComponentLink2Description=Datasheet to Part C5
Added Parameter ComponentLink2Description=Datasheet to Part C6
Added Parameter ComponentLink2Description=Datasheet to Part C9
Added Parameter ComponentLink2Description=Datasheet to Part C10
Added Parameter ComponentLink2Description=Datasheet to Part C11
Added Parameter ComponentLink2Description=Datasheet to Part C12
Added Parameter ComponentLink2Description=Datasheet to Part C15
Added Parameter ComponentLink2Description=Datasheet to Part C17
Added Parameter ComponentLink2Description=Datasheet to Part C20
Added Parameter ComponentLink2Description=Datasheet to Part C23
Added Parameter ComponentLink2Description=Datasheet to Part C27
Added Parameter ComponentLink2Description=Datasheet to Part C29
Added Parameter ComponentLink2Description=Datasheet to Part C31
Added Parameter ComponentLink2Description=Datasheet to Part C32
Added Parameter ComponentLink2Description=Datasheet to Part C39
Added Parameter ComponentLink2URL=https://search.murata.co.jp/Ceramy/image/img/A01X/G101/ENG/GRM155R71H471KA01-01A.pdf to Part C3
Added Parameter ComponentLink2URL=https://search.murata.co.jp/Ceramy/image/img/A01X/G101/ENG/GRM155R71H471KA01-01A.pdf to Part C4
Added Parameter ComponentLink2URL=https://search.murata.co.jp/Ceramy/image/img/A01X/G101/ENG/GRM155R71H471KA01-01A.pdf to Part C5
Added Parameter ComponentLink2URL=https://search.murata.co.jp/Ceramy/image/img/A01X/G101/ENG/GRM155R71H471KA01-01A.pdf to Part C6
Added Parameter ComponentLink2URL=https://search.murata.co.jp/Ceramy/image/img/A01X/G101/ENG/GRM155R71H471KA01-01A.pdf to Part C9
Added Parameter ComponentLink2URL=https://search.murata.co.jp/Ceramy/image/img/A01X/G101/ENG/GRM155R71H471KA01-01A.pdf to Part C10
Added Parameter ComponentLink2URL=https://search.murata.co.jp/Ceramy/image/img/A01X/G101/ENG/GRM155R71H471KA01-01A.pdf to Part C11
Added Parameter ComponentLink2URL=https://search.murata.co.jp/Ceramy/image/img/A01X/G101/ENG/GRM155R71H471KA01-01A.pdf to Part C12
Added Parameter ComponentLink2URL=https://search.murata.co.jp/Ceramy/image/img/A01X/G101/ENG/GRM155R71H471KA01-01A.pdf to Part C15
Added Parameter ComponentLink2URL=https://search.murata.co.jp/Ceramy/image/img/A01X/G101/ENG/GRM155R71H471KA01-01A.pdf to Part C17
Added Parameter ComponentLink2URL=https://search.murata.co.jp/Ceramy/image/img/A01X/G101/ENG/GRM155R71H471KA01-01A.pdf to Part C20
Added Parameter ComponentLink2URL=https://search.murata.co.jp/Ceramy/image/img/A01X/G101/ENG/GRM155R71H471KA01-01A.pdf to Part C23
Added Parameter ComponentLink2URL=https://search.murata.co.jp/Ceramy/image/img/A01X/G101/ENG/GRM155R71H471KA01-01A.pdf to Part C27
Added Parameter ComponentLink2URL=https://search.murata.co.jp/Ceramy/image/img/A01X/G101/ENG/GRM155R71H471KA01-01A.pdf to Part C29
Added Parameter ComponentLink2URL=https://search.murata.co.jp/Ceramy/image/img/A01X/G101/ENG/GRM155R71H471KA01-01A.pdf to Part C31
Added Parameter ComponentLink2URL=https://search.murata.co.jp/Ceramy/image/img/A01X/G101/ENG/GRM155R71H471KA01-01A.pdf to Part C32
Added Parameter ComponentLink2URL=https://search.murata.co.jp/Ceramy/image/img/A01X/G101/ENG/GRM155R71H471KA01-01A.pdf to Part C39
Added Parameter Device Class L1=Passive Components to Part C3
Added Parameter Device Class L1=Passive Components to Part C4
Added Parameter Device Class L1=Passive Components to Part C5
Added Parameter Device Class L1=Passive Components to Part C6
Added Parameter Device Class L1=Passive Components to Part C9
Added Parameter Device Class L1=Passive Components to Part C10
Added Parameter Device Class L1=Passive Components to Part C11
Added Parameter Device Class L1=Passive Components to Part C12
Added Parameter Device Class L1=Passive Components to Part C15
Added Parameter Device Class L1=Passive Components to Part C17
Added Parameter Device Class L1=Passive Components to Part C20
Added Parameter Device Class L1=Passive Components to Part C23
Added Parameter Device Class L1=Passive Components to Part C27
Added Parameter Device Class L1=Passive Components to Part C29
Added Parameter Device Class L1=Passive Components to Part C31
Added Parameter Device Class L1=Passive Components to Part C32
Added Parameter Device Class L1=Passive Components to Part C39
Added Parameter Device Class L2=Capacitors to Part C3
Added Parameter Device Class L2=Capacitors to Part C4
Added Parameter Device Class L2=Capacitors to Part C5
Added Parameter Device Class L2=Capacitors to Part C6
Added Parameter Device Class L2=Capacitors to Part C9
Added Parameter Device Class L2=Capacitors to Part C10
Added Parameter Device Class L2=Capacitors to Part C11
Added Parameter Device Class L2=Capacitors to Part C12
Added Parameter Device Class L2=Capacitors to Part C15
Added Parameter Device Class L2=Capacitors to Part C17
Added Parameter Device Class L2=Capacitors to Part C20
Added Parameter Device Class L2=Capacitors to Part C23
Added Parameter Device Class L2=Capacitors to Part C27
Added Parameter Device Class L2=Capacitors to Part C29
Added Parameter Device Class L2=Capacitors to Part C31
Added Parameter Device Class L2=Capacitors to Part C32
Added Parameter Device Class L2=Capacitors to Part C39
Added Parameter Device Class L3=Ceramic Capacitors to Part C3
Added Parameter Device Class L3=Ceramic Capacitors to Part C4
Added Parameter Device Class L3=Ceramic Capacitors to Part C5
Added Parameter Device Class L3=Ceramic Capacitors to Part C6
Added Parameter Device Class L3=Ceramic Capacitors to Part C9
Added Parameter Device Class L3=Ceramic Capacitors to Part C10
Added Parameter Device Class L3=Ceramic Capacitors to Part C11
Added Parameter Device Class L3=Ceramic Capacitors to Part C12
Added Parameter Device Class L3=Ceramic Capacitors to Part C15
Added Parameter Device Class L3=Ceramic Capacitors to Part C17
Added Parameter Device Class L3=Ceramic Capacitors to Part C20
Added Parameter Device Class L3=Ceramic Capacitors to Part C23
Added Parameter Device Class L3=Ceramic Capacitors to Part C27
Added Parameter Device Class L3=Ceramic Capacitors to Part C29
Added Parameter Device Class L3=Ceramic Capacitors to Part C31
Added Parameter Device Class L3=Ceramic Capacitors to Part C32
Added Parameter Device Class L3=Ceramic Capacitors to Part C39
Added Parameter Digikey Description=CAP CER 0.1UF 16V X7R 0402 to Part C3
Added Parameter Digikey Description=CAP CER 0.1UF 16V X7R 0402 to Part C4
Added Parameter Digikey Description=CAP CER 0.1UF 16V X7R 0402 to Part C5
Added Parameter Digikey Description=CAP CER 0.1UF 16V X7R 0402 to Part C6
Added Parameter Digikey Description=CAP CER 0.1UF 16V X7R 0402 to Part C9
Added Parameter Digikey Description=CAP CER 0.1UF 16V X7R 0402 to Part C10
Added Parameter Digikey Description=CAP CER 0.1UF 16V X7R 0402 to Part C11
Added Parameter Digikey Description=CAP CER 0.1UF 16V X7R 0402 to Part C12
Added Parameter Digikey Description=CAP CER 0.1UF 16V X7R 0402 to Part C15
Added Parameter Digikey Description=CAP CER 0.1UF 16V X7R 0402 to Part C17
Added Parameter Digikey Description=CAP CER 0.1UF 16V X7R 0402 to Part C20
Added Parameter Digikey Description=CAP CER 0.1UF 16V X7R 0402 to Part C23
Added Parameter Digikey Description=CAP CER 0.1UF 16V X7R 0402 to Part C27
Added Parameter Digikey Description=CAP CER 0.1UF 16V X7R 0402 to Part C29
Added Parameter Digikey Description=CAP CER 0.1UF 16V X7R 0402 to Part C31
Added Parameter Digikey Description=CAP CER 0.1UF 16V X7R 0402 to Part C32
Added Parameter Digikey Description=CAP CER 0.1UF 16V X7R 0402 to Part C39
Added Parameter Ipc Land Pattern Name=CAPC10050X219 to Part C3
Added Parameter Ipc Land Pattern Name=CAPC10050X219 to Part C4
Added Parameter Ipc Land Pattern Name=CAPC10050X219 to Part C5
Added Parameter Ipc Land Pattern Name=CAPC10050X219 to Part C6
Added Parameter Ipc Land Pattern Name=CAPC10050X219 to Part C9
Added Parameter Ipc Land Pattern Name=CAPC10050X219 to Part C10
Added Parameter Ipc Land Pattern Name=CAPC10050X219 to Part C11
Added Parameter Ipc Land Pattern Name=CAPC10050X219 to Part C12
Added Parameter Ipc Land Pattern Name=CAPC10050X219 to Part C15
Added Parameter Ipc Land Pattern Name=CAPC10050X219 to Part C17
Added Parameter Ipc Land Pattern Name=CAPC10050X219 to Part C20
Added Parameter Ipc Land Pattern Name=CAPC10050X219 to Part C23
Added Parameter Ipc Land Pattern Name=CAPC10050X219 to Part C27
Added Parameter Ipc Land Pattern Name=CAPC10050X219 to Part C29
Added Parameter Ipc Land Pattern Name=CAPC10050X219 to Part C31
Added Parameter Ipc Land Pattern Name=CAPC10050X219 to Part C32
Added Parameter Ipc Land Pattern Name=CAPC10050X219 to Part C39
Added Parameter Manufacturer Part Number=GRM155R71C104KA88D to Part C3
Added Parameter Manufacturer Part Number=GRM155R71C104KA88D to Part C4
Added Parameter Manufacturer Part Number=GRM155R71C104KA88D to Part C5
Added Parameter Manufacturer Part Number=GRM155R71C104KA88D to Part C6
Added Parameter Manufacturer Part Number=GRM155R71C104KA88D to Part C9
Added Parameter Manufacturer Part Number=GRM155R71C104KA88D to Part C10
Added Parameter Manufacturer Part Number=GRM155R71C104KA88D to Part C11
Added Parameter Manufacturer Part Number=GRM155R71C104KA88D to Part C12
Added Parameter Manufacturer Part Number=GRM155R71C104KA88D to Part C15
Added Parameter Manufacturer Part Number=GRM155R71C104KA88D to Part C17
Added Parameter Manufacturer Part Number=GRM155R71C104KA88D to Part C20
Added Parameter Manufacturer Part Number=GRM155R71C104KA88D to Part C23
Added Parameter Manufacturer Part Number=GRM155R71C104KA88D to Part C27
Added Parameter Manufacturer Part Number=GRM155R71C104KA88D to Part C29
Added Parameter Manufacturer Part Number=GRM155R71C104KA88D to Part C31
Added Parameter Manufacturer Part Number=GRM155R71C104KA88D to Part C32
Added Parameter Manufacturer Part Number=GRM155R71C104KA88D to Part C39
Added Parameter Mouser Description=0402 0.1 uF 16V ±10 % Tolerance X7R SMT Multilayer Ceramic Capacitor to Part C3
Added Parameter Mouser Description=0402 0.1 uF 16V ±10 % Tolerance X7R SMT Multilayer Ceramic Capacitor to Part C4
Added Parameter Mouser Description=0402 0.1 uF 16V ±10 % Tolerance X7R SMT Multilayer Ceramic Capacitor to Part C5
Added Parameter Mouser Description=0402 0.1 uF 16V ±10 % Tolerance X7R SMT Multilayer Ceramic Capacitor to Part C6
Added Parameter Mouser Description=0402 0.1 uF 16V ±10 % Tolerance X7R SMT Multilayer Ceramic Capacitor to Part C9
Added Parameter Mouser Description=0402 0.1 uF 16V ±10 % Tolerance X7R SMT Multilayer Ceramic Capacitor to Part C10
Added Parameter Mouser Description=0402 0.1 uF 16V ±10 % Tolerance X7R SMT Multilayer Ceramic Capacitor to Part C11
Added Parameter Mouser Description=0402 0.1 uF 16V ±10 % Tolerance X7R SMT Multilayer Ceramic Capacitor to Part C12
Added Parameter Mouser Description=0402 0.1 uF 16V ±10 % Tolerance X7R SMT Multilayer Ceramic Capacitor to Part C15
Added Parameter Mouser Description=0402 0.1 uF 16V ±10 % Tolerance X7R SMT Multilayer Ceramic Capacitor to Part C17
Added Parameter Mouser Description=0402 0.1 uF 16V ±10 % Tolerance X7R SMT Multilayer Ceramic Capacitor to Part C20
Added Parameter Mouser Description=0402 0.1 uF 16V ±10 % Tolerance X7R SMT Multilayer Ceramic Capacitor to Part C23
Added Parameter Mouser Description=0402 0.1 uF 16V ±10 % Tolerance X7R SMT Multilayer Ceramic Capacitor to Part C27
Added Parameter Mouser Description=0402 0.1 uF 16V ±10 % Tolerance X7R SMT Multilayer Ceramic Capacitor to Part C29
Added Parameter Mouser Description=0402 0.1 uF 16V ±10 % Tolerance X7R SMT Multilayer Ceramic Capacitor to Part C31
Added Parameter Mouser Description=0402 0.1 uF 16V ±10 % Tolerance X7R SMT Multilayer Ceramic Capacitor to Part C32
Added Parameter Mouser Description=0402 0.1 uF 16V ±10 % Tolerance X7R SMT Multilayer Ceramic Capacitor to Part C39
Added Parameter Octopart=https://octopart.com/grm155r71c104ka88d-murata-196880 to Part C3
Added Parameter Octopart=https://octopart.com/grm155r71c104ka88d-murata-196880 to Part C4
Added Parameter Octopart=https://octopart.com/grm155r71c104ka88d-murata-196880 to Part C5
Added Parameter Octopart=https://octopart.com/grm155r71c104ka88d-murata-196880 to Part C6
Added Parameter Octopart=https://octopart.com/grm155r71c104ka88d-murata-196880 to Part C9
Added Parameter Octopart=https://octopart.com/grm155r71c104ka88d-murata-196880 to Part C10
Added Parameter Octopart=https://octopart.com/grm155r71c104ka88d-murata-196880 to Part C11
Added Parameter Octopart=https://octopart.com/grm155r71c104ka88d-murata-196880 to Part C12
Added Parameter Octopart=https://octopart.com/grm155r71c104ka88d-murata-196880 to Part C15
Added Parameter Octopart=https://octopart.com/grm155r71c104ka88d-murata-196880 to Part C17
Added Parameter Octopart=https://octopart.com/grm155r71c104ka88d-murata-196880 to Part C20
Added Parameter Octopart=https://octopart.com/grm155r71c104ka88d-murata-196880 to Part C23
Added Parameter Octopart=https://octopart.com/grm155r71c104ka88d-murata-196880 to Part C27
Added Parameter Octopart=https://octopart.com/grm155r71c104ka88d-murata-196880 to Part C29
Added Parameter Octopart=https://octopart.com/grm155r71c104ka88d-murata-196880 to Part C31
Added Parameter Octopart=https://octopart.com/grm155r71c104ka88d-murata-196880 to Part C32
Added Parameter Octopart=https://octopart.com/grm155r71c104ka88d-murata-196880 to Part C39
Added Parameter Package=GRM15 to Part C3
Added Parameter Package=GRM15 to Part C4
Added Parameter Package=GRM15 to Part C5
Added Parameter Package=GRM15 to Part C6
Added Parameter Package=GRM15 to Part C9
Added Parameter Package=GRM15 to Part C10
Added Parameter Package=GRM15 to Part C11
Added Parameter Package=GRM15 to Part C12
Added Parameter Package=GRM15 to Part C15
Added Parameter Package=GRM15 to Part C17
Added Parameter Package=GRM15 to Part C20
Added Parameter Package=GRM15 to Part C23
Added Parameter Package=GRM15 to Part C27
Added Parameter Package=GRM15 to Part C29
Added Parameter Package=GRM15 to Part C31
Added Parameter Package=GRM15 to Part C32
Added Parameter Package=GRM15 to Part C39
Added Parameter RoHS=TRUE to Part C3
Added Parameter RoHS=TRUE to Part C4
Added Parameter RoHS=TRUE to Part C5
Added Parameter RoHS=TRUE to Part C6
Added Parameter RoHS=TRUE to Part C9
Added Parameter RoHS=TRUE to Part C10
Added Parameter RoHS=TRUE to Part C11
Added Parameter RoHS=TRUE to Part C12
Added Parameter RoHS=TRUE to Part C15
Added Parameter RoHS=TRUE to Part C17
Added Parameter RoHS=TRUE to Part C20
Added Parameter RoHS=TRUE to Part C23
Added Parameter RoHS=TRUE to Part C27
Added Parameter RoHS=TRUE to Part C29
Added Parameter RoHS=TRUE to Part C31
Added Parameter RoHS=TRUE to Part C32
Added Parameter RoHS=TRUE to Part C39
Added Parameter Standoff Height=0mm to Part C3
Added Parameter Standoff Height=0mm to Part C4
Added Parameter Standoff Height=0mm to Part C5
Added Parameter Standoff Height=0mm to Part C6
Added Parameter Standoff Height=0mm to Part C9
Added Parameter Standoff Height=0mm to Part C10
Added Parameter Standoff Height=0mm to Part C11
Added Parameter Standoff Height=0mm to Part C12
Added Parameter Standoff Height=0mm to Part C15
Added Parameter Standoff Height=0mm to Part C17
Added Parameter Standoff Height=0mm to Part C20
Added Parameter Standoff Height=0mm to Part C23
Added Parameter Standoff Height=0mm to Part C27
Added Parameter Standoff Height=0mm to Part C29
Added Parameter Standoff Height=0mm to Part C31
Added Parameter Standoff Height=0mm to Part C32
Added Parameter Standoff Height=0mm to Part C39
Added Parameter Temperature=-55°C to +125°C to Part C3
Added Parameter Temperature=-55°C to +125°C to Part C4
Added Parameter Temperature=-55°C to +125°C to Part C5
Added Parameter Temperature=-55°C to +125°C to Part C6
Added Parameter Temperature=-55°C to +125°C to Part C9
Added Parameter Temperature=-55°C to +125°C to Part C10
Added Parameter Temperature=-55°C to +125°C to Part C11
Added Parameter Temperature=-55°C to +125°C to Part C12
Added Parameter Temperature=-55°C to +125°C to Part C15
Added Parameter Temperature=-55°C to +125°C to Part C17
Added Parameter Temperature=-55°C to +125°C to Part C20
Added Parameter Temperature=-55°C to +125°C to Part C23
Added Parameter Temperature=-55°C to +125°C to Part C27
Added Parameter Temperature=-55°C to +125°C to Part C29
Added Parameter Temperature=-55°C to +125°C to Part C31
Added Parameter Temperature=-55°C to +125°C to Part C32
Added Parameter Temperature=-55°C to +125°C to Part C39
Added Parameter Temperature Characteristic=X7R to Part C3
Added Parameter Temperature Characteristic=X7R to Part C4
Added Parameter Temperature Characteristic=X7R to Part C5
Added Parameter Temperature Characteristic=X7R to Part C6
Added Parameter Temperature Characteristic=X7R to Part C9
Added Parameter Temperature Characteristic=X7R to Part C10
Added Parameter Temperature Characteristic=X7R to Part C11
Added Parameter Temperature Characteristic=X7R to Part C12
Added Parameter Temperature Characteristic=X7R to Part C15
Added Parameter Temperature Characteristic=X7R to Part C17
Added Parameter Temperature Characteristic=X7R to Part C20
Added Parameter Temperature Characteristic=X7R to Part C23
Added Parameter Temperature Characteristic=X7R to Part C27
Added Parameter Temperature Characteristic=X7R to Part C29
Added Parameter Temperature Characteristic=X7R to Part C31
Added Parameter Temperature Characteristic=X7R to Part C32
Added Parameter Temperature Characteristic=X7R to Part C39
Added Parameter Temperature Range High=+125°C to Part C3
Added Parameter Temperature Range High=+125°C to Part C4
Added Parameter Temperature Range High=+125°C to Part C5
Added Parameter Temperature Range High=+125°C to Part C6
Added Parameter Temperature Range High=+125°C to Part C9
Added Parameter Temperature Range High=+125°C to Part C10
Added Parameter Temperature Range High=+125°C to Part C11
Added Parameter Temperature Range High=+125°C to Part C12
Added Parameter Temperature Range High=+125°C to Part C15
Added Parameter Temperature Range High=+125°C to Part C17
Added Parameter Temperature Range High=+125°C to Part C20
Added Parameter Temperature Range High=+125°C to Part C23
Added Parameter Temperature Range High=+125°C to Part C27
Added Parameter Temperature Range High=+125°C to Part C29
Added Parameter Temperature Range High=+125°C to Part C31
Added Parameter Temperature Range High=+125°C to Part C32
Added Parameter Temperature Range High=+125°C to Part C39
Added Parameter Temperature Range Low=-55°C to Part C3
Added Parameter Temperature Range Low=-55°C to Part C4
Added Parameter Temperature Range Low=-55°C to Part C5
Added Parameter Temperature Range Low=-55°C to Part C6
Added Parameter Temperature Range Low=-55°C to Part C9
Added Parameter Temperature Range Low=-55°C to Part C10
Added Parameter Temperature Range Low=-55°C to Part C11
Added Parameter Temperature Range Low=-55°C to Part C12
Added Parameter Temperature Range Low=-55°C to Part C15
Added Parameter Temperature Range Low=-55°C to Part C17
Added Parameter Temperature Range Low=-55°C to Part C20
Added Parameter Temperature Range Low=-55°C to Part C23
Added Parameter Temperature Range Low=-55°C to Part C27
Added Parameter Temperature Range Low=-55°C to Part C29
Added Parameter Temperature Range Low=-55°C to Part C31
Added Parameter Temperature Range Low=-55°C to Part C32
Added Parameter Temperature Range Low=-55°C to Part C39
Added Parameter Value=0.10µF to Part C3
Added Parameter Value=0.10µF to Part C4
Added Parameter Value=0.10µF to Part C5
Added Parameter Value=0.10µF to Part C6
Added Parameter Value=0.10µF to Part C9
Added Parameter Value=0.10µF to Part C10
Added Parameter Value=0.10µF to Part C11
Added Parameter Value=0.10µF to Part C12
Added Parameter Value=0.10µF to Part C15
Added Parameter Value=0.10µF to Part C17
Added Parameter Value=0.10µF to Part C20
Added Parameter Value=0.10µF to Part C23
Added Parameter Value=0.10µF to Part C27
Added Parameter Value=0.10µF to Part C29
Added Parameter Value=0.10µF to Part C31
Added Parameter Value=0.10µF to Part C32
Added Parameter Value=0.10µF to Part C39
Update Managed Component C3 From CMP-2100-03641-2[0.1 uF] To CMP-2100-03641-2[GRM155R71C104KA88D] in Power_HK.SchDoc
Update Managed Component C4 From CMP-2100-03641-2[0.1 uF] To CMP-2100-03641-2[GRM155R71C104KA88D] in Power_HK.SchDoc
Update Managed Component C5 From CMP-2100-03641-2[0.1 uF] To CMP-2100-03641-2[GRM155R71C104KA88D] in Power_HK.SchDoc
Update Managed Component C6 From CMP-2100-03641-2[0.1 uF] To CMP-2100-03641-2[GRM155R71C104KA88D] in Power_HK.SchDoc
Update Managed Component C9 From CMP-2100-03641-2[0.1 uF] To CMP-2100-03641-2[GRM155R71C104KA88D] in Power_HK.SchDoc
Update Managed Component C10 From CMP-2100-03641-2[0.1 uF] To CMP-2100-03641-2[GRM155R71C104KA88D] in Power_HK.SchDoc
Update Managed Component C11 From CMP-2100-03641-2[0.1 uF] To CMP-2100-03641-2[GRM155R71C104KA88D] in Power_HK.SchDoc
Update Managed Component C12 From CMP-2100-03641-2[0.1 uF] To CMP-2100-03641-2[GRM155R71C104KA88D] in Power_HK.SchDoc
Update Managed Component C15 From CMP-2100-03641-2[0.1 uF] To CMP-2100-03641-2[GRM155R71C104KA88D] in Power_HK.SchDoc
Update Managed Component C17 From CMP-2100-03641-2[0.1 uF] To CMP-2100-03641-2[GRM155R71C104KA88D] in Power_HK.SchDoc
Update Managed Component C20 From CMP-2100-03641-2[0.1 uF] To CMP-2100-03641-2[GRM155R71C104KA88D] in Power_HK.SchDoc
Update Managed Component C23 From CMP-2100-03641-2[0.1 uF] To CMP-2100-03641-2[GRM155R71C104KA88D] in Power_HK.SchDoc
Update Managed Component C27 From CMP-2100-03641-2[0.1 uF] To CMP-2100-03641-2[GRM155R71C104KA88D] in Power_HK.SchDoc
Update Managed Component C29 From CMP-2100-03641-2[0.1 uF] To CMP-2100-03641-2[GRM155R71C104KA88D] in Power_HK.SchDoc
Update Managed Component C31 From CMP-2100-03641-2[0.1 uF] To CMP-2100-03641-2[GRM155R71C104KA88D] in Power_HK.SchDoc
Update Managed Component C32 From CMP-2100-03641-2[0.1 uF] To CMP-2100-03641-2[GRM155R71C104KA88D] in Power_HK.SchDoc
Update Managed Component C39 From CMP-2100-03641-2[0.1 uF] To CMP-2100-03641-2[GRM155R71C104KA88D] in Power_HK.SchDoc
